[8.869s] Invoking command in '/home/r1/r1_ws/build/voice': PYTHONPATH=/home/r1/r1_ws/build/voice/prefix_override:/home/r1/r1_ws/install/voice/lib/python3.10/site-packages:${PYTHONPATH} /usr/bin/python3 setup.py develop --uninstall --editable --build-directory /home/r1/r1_ws/build/voice/build
[10.831s] running develop
[10.834s] /usr/lib/python3/dist-packages/setuptools/command/easy_install.py:158: EasyInstallDeprecationWarning: easy_install command is deprecated. Use build and pip and other standards-based tools.
[10.834s]   warnings.warn(
[10.842s] /usr/lib/python3/dist-packages/setuptools/command/install.py:34: SetuptoolsDeprecationWarning: setup.py install is deprecated. Use build and pip and other standards-based tools.
[10.843s]   warnings.warn(
[11.357s] /usr/lib/python3/dist-packages/pkg_resources/__init__.py:116: PkgResourcesDeprecationWarning: 1.1build1 is an invalid version and will not be supported in a future release
[11.359s]   warnings.warn(
[11.362s] /usr/lib/python3/dist-packages/pkg_resources/__init__.py:116: PkgResourcesDeprecationWarning: 0.1.43ubuntu1 is an invalid version and will not be supported in a future release
[11.365s]   warnings.warn(
[13.042s] Invoked command in '/home/r1/r1_ws/build/voice' returned '0': PYTHONPATH=/home/r1/r1_ws/build/voice/prefix_override:/home/r1/r1_ws/install/voice/lib/python3.10/site-packages:${PYTHONPATH} /usr/bin/python3 setup.py develop --uninstall --editable --build-directory /home/r1/r1_ws/build/voice/build
[13.064s] Invoking command in '/home/r1/r1_ws/src/voice': PYTHONPATH=/home/r1/r1_ws/build/voice/prefix_override:/home/r1/r1_ws/install/voice/lib/python3.10/site-packages:${PYTHONPATH} /usr/bin/python3 setup.py egg_info --egg-base ../../build/voice build --build-base /home/r1/r1_ws/build/voice/build install --record /home/r1/r1_ws/build/voice/install.log --single-version-externally-managed
[15.957s] running egg_info
[15.983s] writing ../../build/voice/voice.egg-info/PKG-INFO
[15.986s] writing dependency_links to ../../build/voice/voice.egg-info/dependency_links.txt
[15.987s] writing entry points to ../../build/voice/voice.egg-info/entry_points.txt
[15.991s] writing requirements to ../../build/voice/voice.egg-info/requires.txt
[15.991s] writing top-level names to ../../build/voice/voice.egg-info/top_level.txt
[16.008s] reading manifest file '../../build/voice/voice.egg-info/SOURCES.txt'
[16.013s] writing manifest file '../../build/voice/voice.egg-info/SOURCES.txt'
[16.015s] running build
[16.016s] running build_py
[16.025s] running install
[16.025s] /usr/lib/python3/dist-packages/setuptools/command/install.py:34: SetuptoolsDeprecationWarning: setup.py install is deprecated. Use build and pip and other standards-based tools.
[16.026s]   warnings.warn(
[16.027s] running install_lib
[16.039s] running install_data
[16.045s] running install_egg_info
[16.050s] removing '/home/r1/r1_ws/install/voice/lib/python3.10/site-packages/voice-0.0.0-py3.10.egg-info' (and everything under it)
[16.051s] Copying ../../build/voice/voice.egg-info to /home/r1/r1_ws/install/voice/lib/python3.10/site-packages/voice-0.0.0-py3.10.egg-info
[16.052s] running install_scripts
[16.165s] Installing voice_sub script to /home/r1/r1_ws/install/voice/lib/voice
[16.166s] writing list of installed files to '/home/r1/r1_ws/build/voice/install.log'
[16.416s] Invoked command in '/home/r1/r1_ws/src/voice' returned '0': PYTHONPATH=/home/r1/r1_ws/build/voice/prefix_override:/home/r1/r1_ws/install/voice/lib/python3.10/site-packages:${PYTHONPATH} /usr/bin/python3 setup.py egg_info --egg-base ../../build/voice build --build-base /home/r1/r1_ws/build/voice/build install --record /home/r1/r1_ws/build/voice/install.log --single-version-externally-managed
