[7.429s] Invoking command in '/home/r1/r1_ws/src/control': PYTHONPATH=/home/r1/r1_ws/build/control/prefix_override:/home/r1/r1_ws/install/control/lib/python3.10/site-packages:${PYTHONPATH} /usr/bin/python3 setup.py egg_info --egg-base ../../build/control build --build-base /home/r1/r1_ws/build/control/build install --record /home/r1/r1_ws/build/control/install.log --single-version-externally-managed
[9.695s] running egg_info
[9.699s] writing ../../build/control/control.egg-info/PKG-INFO
[9.701s] writing dependency_links to ../../build/control/control.egg-info/dependency_links.txt
[9.703s] writing entry points to ../../build/control/control.egg-info/entry_points.txt
[9.704s] writing requirements to ../../build/control/control.egg-info/requires.txt
[9.708s] writing top-level names to ../../build/control/control.egg-info/top_level.txt
[9.713s] reading manifest file '../../build/control/control.egg-info/SOURCES.txt'
[9.718s] writing manifest file '../../build/control/control.egg-info/SOURCES.txt'
[9.718s] running build
[9.719s] running build_py
[9.723s] running install
[9.724s] /usr/lib/python3/dist-packages/setuptools/command/install.py:34: SetuptoolsDeprecationWarning: setup.py install is deprecated. Use build and pip and other standards-based tools.
[9.725s]   warnings.warn(
[9.725s] running install_lib
[9.733s] running install_data
[9.736s] running install_egg_info
[9.745s] removing '/home/r1/r1_ws/install/control/lib/python3.10/site-packages/control-0.0.0-py3.10.egg-info' (and everything under it)
[9.747s] Copying ../../build/control/control.egg-info to /home/r1/r1_ws/install/control/lib/python3.10/site-packages/control-0.0.0-py3.10.egg-info
[9.758s] running install_scripts
[9.854s] Installing ir_left_pub script to /home/r1/r1_ws/install/control/lib/control
[9.856s] Installing ir_right_pub script to /home/r1/r1_ws/install/control/lib/control
[9.857s] Installing sensors_sub script to /home/r1/r1_ws/install/control/lib/control
[9.860s] Installing us_pub script to /home/r1/r1_ws/install/control/lib/control
[9.868s] writing list of installed files to '/home/r1/r1_ws/build/control/install.log'
[10.031s] Invoked command in '/home/r1/r1_ws/src/control' returned '0': PYTHONPATH=/home/r1/r1_ws/build/control/prefix_override:/home/r1/r1_ws/install/control/lib/python3.10/site-packages:${PYTHONPATH} /usr/bin/python3 setup.py egg_info --egg-base ../../build/control build --build-base /home/r1/r1_ws/build/control/build install --record /home/r1/r1_ws/build/control/install.log --single-version-externally-managed
