[6.873s] Invoking command in '/home/r1/r1_ws/src/camera': PYTHONPATH=/home/r1/r1_ws/build/camera/prefix_override:/home/r1/r1_ws/install/camera/lib/python3.10/site-packages:${PYTHONPATH} /usr/bin/python3 setup.py egg_info --egg-base ../../build/camera build --build-base /home/r1/r1_ws/build/camera/build install --record /home/r1/r1_ws/build/camera/install.log --single-version-externally-managed
[8.454s] running egg_info
[8.458s] writing ../../build/camera/camera.egg-info/PKG-INFO
[8.458s] writing dependency_links to ../../build/camera/camera.egg-info/dependency_links.txt
[8.463s] writing entry points to ../../build/camera/camera.egg-info/entry_points.txt
[8.467s] writing requirements to ../../build/camera/camera.egg-info/requires.txt
[8.468s] writing top-level names to ../../build/camera/camera.egg-info/top_level.txt
[8.480s] reading manifest file '../../build/camera/camera.egg-info/SOURCES.txt'
[8.485s] writing manifest file '../../build/camera/camera.egg-info/SOURCES.txt'
[8.487s] running build
[8.487s] running build_py
[8.492s] running install
[8.493s] /usr/lib/python3/dist-packages/setuptools/command/install.py:34: SetuptoolsDeprecationWarning: setup.py install is deprecated. Use build and pip and other standards-based tools.
[8.503s]   warnings.warn(
[8.503s] running install_lib
[8.506s] running install_data
[8.507s] running install_egg_info
[8.523s] removing '/home/r1/r1_ws/install/camera/lib/python3.10/site-packages/camera-0.0.0-py3.10.egg-info' (and everything under it)
[8.523s] Copying ../../build/camera/camera.egg-info to /home/r1/r1_ws/install/camera/lib/python3.10/site-packages/camera-0.0.0-py3.10.egg-info
[8.525s] running install_scripts
[8.644s] Installing frames_sub script to /home/r1/r1_ws/install/camera/lib/camera
[8.649s] Installing img_pub script to /home/r1/r1_ws/install/camera/lib/camera
[8.655s] writing list of installed files to '/home/r1/r1_ws/build/camera/install.log'
[9.088s] Invoked command in '/home/r1/r1_ws/src/camera' returned '0': PYTHONPATH=/home/r1/r1_ws/build/camera/prefix_override:/home/r1/r1_ws/install/camera/lib/python3.10/site-packages:${PYTHONPATH} /usr/bin/python3 setup.py egg_info --egg-base ../../build/camera build --build-base /home/r1/r1_ws/build/camera/build install --record /home/r1/r1_ws/build/camera/install.log --single-version-externally-managed
