[4.578s] Invoking command in '/home/r1/r1_ws/src/camera': PYTHONPATH=/home/r1/r1_ws/build/camera/prefix_override:/home/r1/r1_ws/install/camera/lib/python3.10/site-packages:${PYTHONPATH} /usr/bin/python3 setup.py egg_info --egg-base ../../build/camera build --build-base /home/r1/r1_ws/build/camera/build install --record /home/r1/r1_ws/build/camera/install.log --single-version-externally-managed
[5.852s] running egg_info
[5.855s] writing ../../build/camera/camera.egg-info/PKG-INFO
[5.856s] writing dependency_links to ../../build/camera/camera.egg-info/dependency_links.txt
[5.858s] writing entry points to ../../build/camera/camera.egg-info/entry_points.txt
[5.860s] writing requirements to ../../build/camera/camera.egg-info/requires.txt
[5.860s] writing top-level names to ../../build/camera/camera.egg-info/top_level.txt
[5.869s] reading manifest file '../../build/camera/camera.egg-info/SOURCES.txt'
[5.872s] writing manifest file '../../build/camera/camera.egg-info/SOURCES.txt'
[5.873s] running build
[5.874s] running build_py
[5.875s] copying camera/detection_subcriber.py -> /home/r1/r1_ws/build/camera/build/lib/camera
[5.876s] copying camera/frame_subscriber.py -> /home/r1/r1_ws/build/camera/build/lib/camera
[5.879s] running install
[5.880s] /usr/lib/python3/dist-packages/setuptools/command/install.py:34: SetuptoolsDeprecationWarning: setup.py install is deprecated. Use build and pip and other standards-based tools.
[5.880s]   warnings.warn(
[5.882s] running install_lib
[5.884s] copying /home/r1/r1_ws/build/camera/build/lib/camera/detection_subcriber.py -> /home/r1/r1_ws/install/camera/lib/python3.10/site-packages/camera
[5.886s] copying /home/r1/r1_ws/build/camera/build/lib/camera/frame_subscriber.py -> /home/r1/r1_ws/install/camera/lib/python3.10/site-packages/camera
[5.889s] byte-compiling /home/r1/r1_ws/install/camera/lib/python3.10/site-packages/camera/detection_subcriber.py to detection_subcriber.cpython-310.pyc
[5.893s] byte-compiling /home/r1/r1_ws/install/camera/lib/python3.10/site-packages/camera/frame_subscriber.py to frame_subscriber.cpython-310.pyc
[5.895s] running install_data
[5.902s] running install_egg_info
[5.904s] removing '/home/r1/r1_ws/install/camera/lib/python3.10/site-packages/camera-0.0.0-py3.10.egg-info' (and everything under it)
[5.906s] Copying ../../build/camera/camera.egg-info to /home/r1/r1_ws/install/camera/lib/python3.10/site-packages/camera-0.0.0-py3.10.egg-info
[5.913s] running install_scripts
[6.006s] Installing detection_sub script to /home/r1/r1_ws/install/camera/lib/camera
[6.007s] Installing frames_sub script to /home/r1/r1_ws/install/camera/lib/camera
[6.008s] Installing img_pub script to /home/r1/r1_ws/install/camera/lib/camera
[6.010s] writing list of installed files to '/home/r1/r1_ws/build/camera/install.log'
[6.198s] Invoked command in '/home/r1/r1_ws/src/camera' returned '0': PYTHONPATH=/home/r1/r1_ws/build/camera/prefix_override:/home/r1/r1_ws/install/camera/lib/python3.10/site-packages:${PYTHONPATH} /usr/bin/python3 setup.py egg_info --egg-base ../../build/camera build --build-base /home/r1/r1_ws/build/camera/build install --record /home/r1/r1_ws/build/camera/install.log --single-version-externally-managed
