[7.656s] Invoking command in '/home/r1/r1_ws/build/camera': PYTHONPATH=/home/r1/r1_ws/build/camera/prefix_override:/home/r1/r1_ws/install/camera/lib/python3.10/site-packages:${PYTHONPATH} /usr/bin/python3 setup.py develop --uninstall --editable --build-directory /home/r1/r1_ws/build/camera/build
[9.629s] running develop
[9.630s] /usr/lib/python3/dist-packages/setuptools/command/easy_install.py:158: EasyInstallDeprecationWarning: easy_install command is deprecated. Use build and pip and other standards-based tools.
[9.631s]   warnings.warn(
[9.639s] /usr/lib/python3/dist-packages/setuptools/command/install.py:34: SetuptoolsDeprecationWarning: setup.py install is deprecated. Use build and pip and other standards-based tools.
[9.639s]   warnings.warn(
[10.165s] /usr/lib/python3/dist-packages/pkg_resources/__init__.py:116: PkgResourcesDeprecationWarning: 1.1build1 is an invalid version and will not be supported in a future release
[10.166s]   warnings.warn(
[10.166s] /usr/lib/python3/dist-packages/pkg_resources/__init__.py:116: PkgResourcesDeprecationWarning: 0.1.43ubuntu1 is an invalid version and will not be supported in a future release
[10.167s]   warnings.warn(
[11.499s] Invoked command in '/home/r1/r1_ws/build/camera' returned '0': PYTHONPATH=/home/r1/r1_ws/build/camera/prefix_override:/home/r1/r1_ws/install/camera/lib/python3.10/site-packages:${PYTHONPATH} /usr/bin/python3 setup.py develop --uninstall --editable --build-directory /home/r1/r1_ws/build/camera/build
[11.501s] Invoking command in '/home/r1/r1_ws/src/camera': PYTHONPATH=/home/r1/r1_ws/build/camera/prefix_override:/home/r1/r1_ws/install/camera/lib/python3.10/site-packages:${PYTHONPATH} /usr/bin/python3 setup.py egg_info --egg-base ../../build/camera build --build-base /home/r1/r1_ws/build/camera/build install --record /home/r1/r1_ws/build/camera/install.log --single-version-externally-managed
[13.468s] running egg_info
[13.472s] writing ../../build/camera/camera.egg-info/PKG-INFO
[13.473s] writing dependency_links to ../../build/camera/camera.egg-info/dependency_links.txt
[13.475s] writing entry points to ../../build/camera/camera.egg-info/entry_points.txt
[13.476s] writing requirements to ../../build/camera/camera.egg-info/requires.txt
[13.477s] writing top-level names to ../../build/camera/camera.egg-info/top_level.txt
[13.487s] reading manifest file '../../build/camera/camera.egg-info/SOURCES.txt'
[13.492s] writing manifest file '../../build/camera/camera.egg-info/SOURCES.txt'
[13.493s] running build
[13.494s] running build_py
[13.497s] running install
[13.498s] /usr/lib/python3/dist-packages/setuptools/command/install.py:34: SetuptoolsDeprecationWarning: setup.py install is deprecated. Use build and pip and other standards-based tools.
[13.498s]   warnings.warn(
[13.499s] running install_lib
[13.509s] running install_data
[13.514s] running install_egg_info
[13.522s] removing '/home/r1/r1_ws/install/camera/lib/python3.10/site-packages/camera-0.0.0-py3.10.egg-info' (and everything under it)
[13.524s] Copying ../../build/camera/camera.egg-info to /home/r1/r1_ws/install/camera/lib/python3.10/site-packages/camera-0.0.0-py3.10.egg-info
[13.531s] running install_scripts
[13.633s] Installing frames_sub script to /home/r1/r1_ws/install/camera/lib/camera
[13.634s] Installing img_pub script to /home/r1/r1_ws/install/camera/lib/camera
[13.637s] writing list of installed files to '/home/r1/r1_ws/build/camera/install.log'
[13.844s] Invoked command in '/home/r1/r1_ws/src/camera' returned '0': PYTHONPATH=/home/r1/r1_ws/build/camera/prefix_override:/home/r1/r1_ws/install/camera/lib/python3.10/site-packages:${PYTHONPATH} /usr/bin/python3 setup.py egg_info --egg-base ../../build/camera build --build-base /home/r1/r1_ws/build/camera/build install --record /home/r1/r1_ws/build/camera/install.log --single-version-externally-managed
