[6.271s] Invoking command in '/home/r1/r1_ws/src/voice': PYTHONPATH=/home/r1/r1_ws/build/voice/prefix_override:/home/r1/r1_ws/install/voice/lib/python3.10/site-packages:${PYTHONPATH} /usr/bin/python3 setup.py egg_info --egg-base ../../build/voice build --build-base /home/r1/r1_ws/build/voice/build install --record /home/r1/r1_ws/build/voice/install.log --single-version-externally-managed
[7.785s] running egg_info
[7.788s] writing ../../build/voice/voice.egg-info/PKG-INFO
[7.792s] writing dependency_links to ../../build/voice/voice.egg-info/dependency_links.txt
[7.792s] writing entry points to ../../build/voice/voice.egg-info/entry_points.txt
[7.793s] writing requirements to ../../build/voice/voice.egg-info/requires.txt
[7.797s] writing top-level names to ../../build/voice/voice.egg-info/top_level.txt
[7.805s] reading manifest file '../../build/voice/voice.egg-info/SOURCES.txt'
[7.808s] writing manifest file '../../build/voice/voice.egg-info/SOURCES.txt'
[7.811s] running build
[7.812s] running build_py
[7.818s] running install
[7.821s] running install_lib
[7.823s] /usr/lib/python3/dist-packages/setuptools/command/install.py:34: SetuptoolsDeprecationWarning: setup.py install is deprecated. Use build and pip and other standards-based tools.
[7.823s]   warnings.warn(
[7.832s] running install_data
[7.832s] running install_egg_info
[7.849s] removing '/home/r1/r1_ws/install/voice/lib/python3.10/site-packages/voice-0.0.0-py3.10.egg-info' (and everything under it)
[7.852s] Copying ../../build/voice/voice.egg-info to /home/r1/r1_ws/install/voice/lib/python3.10/site-packages/voice-0.0.0-py3.10.egg-info
[7.853s] running install_scripts
[7.975s] Installing voice_sub script to /home/r1/r1_ws/install/voice/lib/voice
[7.980s] writing list of installed files to '/home/r1/r1_ws/build/voice/install.log'
[8.370s] Invoked command in '/home/r1/r1_ws/src/voice' returned '0': PYTHONPATH=/home/r1/r1_ws/build/voice/prefix_override:/home/r1/r1_ws/install/voice/lib/python3.10/site-packages:${PYTHONPATH} /usr/bin/python3 setup.py egg_info --egg-base ../../build/voice build --build-base /home/r1/r1_ws/build/voice/build install --record /home/r1/r1_ws/build/voice/install.log --single-version-externally-managed
