[7.646s] Invoking command in '/home/r1/r1_ws/src/camera': PYTHONPATH=/home/r1/r1_ws/build/camera/prefix_override:/home/r1/r1_ws/install/camera/lib/python3.10/site-packages:${PYTHONPATH} /usr/bin/python3 setup.py egg_info --egg-base ../../build/camera build --build-base /home/r1/r1_ws/build/camera/build install --record /home/r1/r1_ws/build/camera/install.log --single-version-externally-managed
[9.404s] running egg_info
[9.408s] writing ../../build/camera/camera.egg-info/PKG-INFO
[9.411s] writing dependency_links to ../../build/camera/camera.egg-info/dependency_links.txt
[9.413s] writing entry points to ../../build/camera/camera.egg-info/entry_points.txt
[9.416s] writing requirements to ../../build/camera/camera.egg-info/requires.txt
[9.417s] writing top-level names to ../../build/camera/camera.egg-info/top_level.txt
[9.422s] reading manifest file '../../build/camera/camera.egg-info/SOURCES.txt'
[9.427s] writing manifest file '../../build/camera/camera.egg-info/SOURCES.txt'
[9.428s] running build
[9.429s] running build_py
[9.432s] running install
[9.434s] /usr/lib/python3/dist-packages/setuptools/command/install.py:34: SetuptoolsDeprecationWarning: setup.py install is deprecated. Use build and pip and other standards-based tools.
[9.436s]   warnings.warn(
[9.436s] running install_lib
[9.447s] running install_data
[9.449s] running install_egg_info
[9.454s] removing '/home/r1/r1_ws/install/camera/lib/python3.10/site-packages/camera-0.0.0-py3.10.egg-info' (and everything under it)
[9.456s] Copying ../../build/camera/camera.egg-info to /home/r1/r1_ws/install/camera/lib/python3.10/site-packages/camera-0.0.0-py3.10.egg-info
[9.465s] running install_scripts
[9.585s] Installing frames_sub script to /home/r1/r1_ws/install/camera/lib/camera
[9.586s] Installing img_pub script to /home/r1/r1_ws/install/camera/lib/camera
[9.591s] writing list of installed files to '/home/r1/r1_ws/build/camera/install.log'
[9.779s] Invoked command in '/home/r1/r1_ws/src/camera' returned '0': PYTHONPATH=/home/r1/r1_ws/build/camera/prefix_override:/home/r1/r1_ws/install/camera/lib/python3.10/site-packages:${PYTHONPATH} /usr/bin/python3 setup.py egg_info --egg-base ../../build/camera build --build-base /home/r1/r1_ws/build/camera/build install --record /home/r1/r1_ws/build/camera/install.log --single-version-externally-managed
