[3.231s] Invoking command in '/home/r1/r1_ws/build/control': PYTHONPATH=/home/r1/r1_ws/build/control/prefix_override:/home/r1/r1_ws/install/control/lib/python3.10/site-packages:${PYTHONPATH} /usr/bin/python3 setup.py develop --uninstall --editable --build-directory /home/r1/r1_ws/build/control/build
[4.596s] running develop
[4.597s] /usr/lib/python3/dist-packages/setuptools/command/easy_install.py:158: EasyInstallDeprecationWarning: easy_install command is deprecated. Use build and pip and other standards-based tools.
[4.598s]   warnings.warn(
[4.603s] /usr/lib/python3/dist-packages/setuptools/command/install.py:34: SetuptoolsDeprecationWarning: setup.py install is deprecated. Use build and pip and other standards-based tools.
[4.603s]   warnings.warn(
[4.906s] /usr/lib/python3/dist-packages/pkg_resources/__init__.py:116: PkgResourcesDeprecationWarning: 1.1build1 is an invalid version and will not be supported in a future release
[4.906s]   warnings.warn(
[4.907s] /usr/lib/python3/dist-packages/pkg_resources/__init__.py:116: PkgResourcesDeprecationWarning: 0.1.43ubuntu1 is an invalid version and will not be supported in a future release
[4.908s]   warnings.warn(
[5.599s] Invoked command in '/home/r1/r1_ws/build/control' returned '0': PYTHONPATH=/home/r1/r1_ws/build/control/prefix_override:/home/r1/r1_ws/install/control/lib/python3.10/site-packages:${PYTHONPATH} /usr/bin/python3 setup.py develop --uninstall --editable --build-directory /home/r1/r1_ws/build/control/build
[5.609s] Invoking command in '/home/r1/r1_ws/src/control': PYTHONPATH=/home/r1/r1_ws/build/control/prefix_override:/home/r1/r1_ws/install/control/lib/python3.10/site-packages:${PYTHONPATH} /usr/bin/python3 setup.py egg_info --egg-base ../../build/control build --build-base /home/r1/r1_ws/build/control/build install --record /home/r1/r1_ws/build/control/install.log --single-version-externally-managed
[6.860s] running egg_info
[6.862s] writing ../../build/control/control.egg-info/PKG-INFO
[6.864s] writing dependency_links to ../../build/control/control.egg-info/dependency_links.txt
[6.865s] writing entry points to ../../build/control/control.egg-info/entry_points.txt
[6.866s] writing requirements to ../../build/control/control.egg-info/requires.txt
[6.866s] writing top-level names to ../../build/control/control.egg-info/top_level.txt
[6.876s] reading manifest file '../../build/control/control.egg-info/SOURCES.txt'
[6.881s] writing manifest file '../../build/control/control.egg-info/SOURCES.txt'
[6.882s] running build
[6.882s] running build_py
[6.885s] copying control/head.py -> /home/r1/r1_ws/build/control/build/lib/control
[6.889s] running install
[6.890s] /usr/lib/python3/dist-packages/setuptools/command/install.py:34: SetuptoolsDeprecationWarning: setup.py install is deprecated. Use build and pip and other standards-based tools.
[6.890s]   warnings.warn(
[6.891s] running install_lib
[6.895s] copying /home/r1/r1_ws/build/control/build/lib/control/head.py -> /home/r1/r1_ws/install/control/lib/python3.10/site-packages/control
[6.900s] byte-compiling /home/r1/r1_ws/install/control/lib/python3.10/site-packages/control/head.py to head.cpython-310.pyc
[6.905s] running install_data
[6.907s] running install_egg_info
[6.914s] removing '/home/r1/r1_ws/install/control/lib/python3.10/site-packages/control-0.0.0-py3.10.egg-info' (and everything under it)
[6.916s] Copying ../../build/control/control.egg-info to /home/r1/r1_ws/install/control/lib/python3.10/site-packages/control-0.0.0-py3.10.egg-info
[6.922s] running install_scripts
[7.004s] Installing base_sub script to /home/r1/r1_ws/install/control/lib/control
[7.005s] Installing head_sub script to /home/r1/r1_ws/install/control/lib/control
[7.007s] Installing ir_left_pub script to /home/r1/r1_ws/install/control/lib/control
[7.008s] Installing ir_right_pub script to /home/r1/r1_ws/install/control/lib/control
[7.009s] Installing left_hand_sub script to /home/r1/r1_ws/install/control/lib/control
[7.010s] Installing right_hand_sub script to /home/r1/r1_ws/install/control/lib/control
[7.011s] Installing sensors_sub script to /home/r1/r1_ws/install/control/lib/control
[7.012s] Installing us_pub script to /home/r1/r1_ws/install/control/lib/control
[7.015s] writing list of installed files to '/home/r1/r1_ws/build/control/install.log'
[7.150s] Invoked command in '/home/r1/r1_ws/src/control' returned '0': PYTHONPATH=/home/r1/r1_ws/build/control/prefix_override:/home/r1/r1_ws/install/control/lib/python3.10/site-packages:${PYTHONPATH} /usr/bin/python3 setup.py egg_info --egg-base ../../build/control build --build-base /home/r1/r1_ws/build/control/build install --record /home/r1/r1_ws/build/control/install.log --single-version-externally-managed
