[5.371s] Invoking command in '/home/r1/r1_ws/build/control': PYTHONPATH=/home/r1/r1_ws/build/control/prefix_override:/home/r1/r1_ws/install/control/lib/python3.10/site-packages:${PYTHONPATH} /usr/bin/python3 setup.py develop --uninstall --editable --build-directory /home/r1/r1_ws/build/control/build
[7.326s] running develop
[7.333s] /usr/lib/python3/dist-packages/setuptools/command/easy_install.py:158: EasyInstallDeprecationWarning: easy_install command is deprecated. Use build and pip and other standards-based tools.
[7.333s]   warnings.warn(
[7.337s] /usr/lib/python3/dist-packages/setuptools/command/install.py:34: SetuptoolsDeprecationWarning: setup.py install is deprecated. Use build and pip and other standards-based tools.
[7.339s]   warnings.warn(
[7.729s] /usr/lib/python3/dist-packages/pkg_resources/__init__.py:116: PkgResourcesDeprecationWarning: 1.1build1 is an invalid version and will not be supported in a future release
[7.729s]   warnings.warn(
[7.733s] /usr/lib/python3/dist-packages/pkg_resources/__init__.py:116: PkgResourcesDeprecationWarning: 0.1.43ubuntu1 is an invalid version and will not be supported in a future release
[7.737s]   warnings.warn(
[8.894s] Invoked command in '/home/r1/r1_ws/build/control' returned '0': PYTHONPATH=/home/r1/r1_ws/build/control/prefix_override:/home/r1/r1_ws/install/control/lib/python3.10/site-packages:${PYTHONPATH} /usr/bin/python3 setup.py develop --uninstall --editable --build-directory /home/r1/r1_ws/build/control/build
[8.896s] Invoking command in '/home/r1/r1_ws/src/control': PYTHONPATH=/home/r1/r1_ws/build/control/prefix_override:/home/r1/r1_ws/install/control/lib/python3.10/site-packages:${PYTHONPATH} /usr/bin/python3 setup.py egg_info --egg-base ../../build/control build --build-base /home/r1/r1_ws/build/control/build install --record /home/r1/r1_ws/build/control/install.log --single-version-externally-managed
[10.885s] running egg_info
[10.893s] writing ../../build/control/control.egg-info/PKG-INFO
[10.897s] writing dependency_links to ../../build/control/control.egg-info/dependency_links.txt
[10.898s] writing entry points to ../../build/control/control.egg-info/entry_points.txt
[10.900s] writing requirements to ../../build/control/control.egg-info/requires.txt
[10.901s] writing top-level names to ../../build/control/control.egg-info/top_level.txt
[10.912s] reading manifest file '../../build/control/control.egg-info/SOURCES.txt'
[10.916s] writing manifest file '../../build/control/control.egg-info/SOURCES.txt'
[10.917s] running build
[10.917s] running build_py
[10.919s] copying control/left_hand_sub.py -> /home/r1/r1_ws/build/control/build/lib/control
[10.923s] running install
[10.923s] /usr/lib/python3/dist-packages/setuptools/command/install.py:34: SetuptoolsDeprecationWarning: setup.py install is deprecated. Use build and pip and other standards-based tools.
[10.924s]   warnings.warn(
[10.924s] running install_lib
[10.930s] copying /home/r1/r1_ws/build/control/build/lib/control/left_hand_sub.py -> /home/r1/r1_ws/install/control/lib/python3.10/site-packages/control
[10.939s] byte-compiling /home/r1/r1_ws/install/control/lib/python3.10/site-packages/control/left_hand_sub.py to left_hand_sub.cpython-310.pyc
[10.947s] running install_data
[10.949s] running install_egg_info
[10.960s] removing '/home/r1/r1_ws/install/control/lib/python3.10/site-packages/control-0.0.0-py3.10.egg-info' (and everything under it)
[10.963s] Copying ../../build/control/control.egg-info to /home/r1/r1_ws/install/control/lib/python3.10/site-packages/control-0.0.0-py3.10.egg-info
[10.969s] running install_scripts
[11.087s] Installing base_sub script to /home/r1/r1_ws/install/control/lib/control
[11.091s] Installing eyes_sub script to /home/r1/r1_ws/install/control/lib/control
[11.092s] Installing head_sub script to /home/r1/r1_ws/install/control/lib/control
[11.096s] Installing ir_left_pub script to /home/r1/r1_ws/install/control/lib/control
[11.097s] Installing ir_right_pub script to /home/r1/r1_ws/install/control/lib/control
[11.099s] Installing left_hand_sub script to /home/r1/r1_ws/install/control/lib/control
[11.102s] Installing right_hand_sub script to /home/r1/r1_ws/install/control/lib/control
[11.103s] Installing sensors_sub script to /home/r1/r1_ws/install/control/lib/control
[11.114s] Installing us_pub script to /home/r1/r1_ws/install/control/lib/control
[11.137s] writing list of installed files to '/home/r1/r1_ws/build/control/install.log'
[11.316s] Invoked command in '/home/r1/r1_ws/src/control' returned '0': PYTHONPATH=/home/r1/r1_ws/build/control/prefix_override:/home/r1/r1_ws/install/control/lib/python3.10/site-packages:${PYTHONPATH} /usr/bin/python3 setup.py egg_info --egg-base ../../build/control build --build-base /home/r1/r1_ws/build/control/build install --record /home/r1/r1_ws/build/control/install.log --single-version-externally-managed
