[1.618s] DEBUG:colcon:Command line arguments: ['/usr/bin/colcon', 'build']
[1.618s] DEBUG:colcon:Parsed command line arguments: Namespace(log_base=None, log_level=None, verb_name='build', build_base='build', install_base='install', merge_install=False, symlink_install=False, test_result_base=None, continue_on_error=False, executor='parallel', parallel_workers=4, event_handlers=None, ignore_user_meta=False, metas=['./colcon.meta'], base_paths=['.'], packages_ignore=None, packages_ignore_regex=None, paths=None, packages_up_to=None, packages_up_to_regex=None, packages_above=None, packages_above_and_dependencies=None, packages_above_depth=None, packages_select_by_dep=None, packages_skip_by_dep=None, packages_skip_up_to=None, packages_select_build_failed=False, packages_skip_build_finished=False, packages_select_test_failures=False, packages_skip_test_passed=False, packages_select=None, packages_skip=None, packages_select_regex=None, packages_skip_regex=None, packages_start=None, packages_end=None, allow_overriding=[], cmake_args=None, cmake_target=None, cmake_target_skip_unavailable=False, cmake_clean_cache=False, cmake_clean_first=False, cmake_force_configure=False, ament_cmake_args=None, catkin_cmake_args=None, catkin_skip_building_tests=False, verb_parser=<colcon_defaults.argument_parser.defaults.DefaultArgumentsDecorator object at 0xffffb28a3ca0>, verb_extension=<colcon_core.verb.build.BuildVerb object at 0xffffb3117d60>, main=<bound method BuildVerb.main of <colcon_core.verb.build.BuildVerb object at 0xffffb3117d60>>)
[1.825s] Level 1:colcon.colcon_core.package_discovery:discover_packages(colcon_meta) check parameters
[1.826s] Level 1:colcon.colcon_core.package_discovery:discover_packages(recursive) check parameters
[1.826s] Level 1:colcon.colcon_core.package_discovery:discover_packages(ignore) check parameters
[1.826s] Level 1:colcon.colcon_core.package_discovery:discover_packages(path) check parameters
[1.826s] Level 1:colcon.colcon_core.package_discovery:discover_packages(colcon_meta) discover
[1.826s] Level 1:colcon.colcon_core.package_discovery:discover_packages(recursive) discover
[1.827s] INFO:colcon.colcon_core.package_discovery:Crawling recursively for packages in '/home/r1/r1_ws/src'
[1.827s] Level 1:colcon.colcon_core.package_identification:_identify(.) by extensions ['ignore', 'ignore_ament_install']
[1.827s] Level 1:colcon.colcon_core.package_identification:_identify(.) by extension 'ignore'
[1.828s] Level 1:colcon.colcon_core.package_identification:_identify(.) by extension 'ignore_ament_install'
[1.828s] Level 1:colcon.colcon_core.package_identification:_identify(.) by extensions ['colcon_pkg']
[1.828s] Level 1:colcon.colcon_core.package_identification:_identify(.) by extension 'colcon_pkg'
[1.828s] Level 1:colcon.colcon_core.package_identification:_identify(.) by extensions ['colcon_meta']
[1.828s] Level 1:colcon.colcon_core.package_identification:_identify(.) by extension 'colcon_meta'
[1.829s] Level 1:colcon.colcon_core.package_identification:_identify(.) by extensions ['ros']
[1.829s] Level 1:colcon.colcon_core.package_identification:_identify(.) by extension 'ros'
[1.897s] Level 1:colcon.colcon_core.package_identification:_identify(.) by extensions ['cmake', 'python']
[1.897s] Level 1:colcon.colcon_core.package_identification:_identify(.) by extension 'cmake'
[1.898s] Level 1:colcon.colcon_core.package_identification:_identify(.) by extension 'python'
[1.898s] Level 1:colcon.colcon_core.package_identification:_identify(.) by extensions ['python_setup_py']
[1.898s] Level 1:colcon.colcon_core.package_identification:_identify(.) by extension 'python_setup_py'
[1.898s] Level 1:colcon.colcon_core.package_identification:_identify(build) by extensions ['ignore', 'ignore_ament_install']
[1.899s] Level 1:colcon.colcon_core.package_identification:_identify(build) by extension 'ignore'
[1.899s] Level 1:colcon.colcon_core.package_identification:_identify(build) ignored
[1.899s] Level 1:colcon.colcon_core.package_identification:_identify(camera) by extensions ['ignore', 'ignore_ament_install']
[1.900s] Level 1:colcon.colcon_core.package_identification:_identify(camera) by extension 'ignore'
[1.900s] Level 1:colcon.colcon_core.package_identification:_identify(camera) by extension 'ignore_ament_install'
[1.900s] Level 1:colcon.colcon_core.package_identification:_identify(camera) by extensions ['colcon_pkg']
[1.900s] Level 1:colcon.colcon_core.package_identification:_identify(camera) by extension 'colcon_pkg'
[1.901s] Level 1:colcon.colcon_core.package_identification:_identify(camera) by extensions ['colcon_meta']
[1.901s] Level 1:colcon.colcon_core.package_identification:_identify(camera) by extension 'colcon_meta'
[1.901s] Level 1:colcon.colcon_core.package_identification:_identify(camera) by extensions ['ros']
[1.901s] Level 1:colcon.colcon_core.package_identification:_identify(camera) by extension 'ros'
[1.914s] DEBUG:colcon.colcon_core.package_identification:Package 'camera' with type 'ros.ament_python' and name 'camera'
[1.915s] Level 1:colcon.colcon_core.package_identification:_identify(control) by extensions ['ignore', 'ignore_ament_install']
[1.915s] Level 1:colcon.colcon_core.package_identification:_identify(control) by extension 'ignore'
[1.915s] Level 1:colcon.colcon_core.package_identification:_identify(control) by extension 'ignore_ament_install'
[1.916s] Level 1:colcon.colcon_core.package_identification:_identify(control) by extensions ['colcon_pkg']
[1.916s] Level 1:colcon.colcon_core.package_identification:_identify(control) by extension 'colcon_pkg'
[1.916s] Level 1:colcon.colcon_core.package_identification:_identify(control) by extensions ['colcon_meta']
[1.916s] Level 1:colcon.colcon_core.package_identification:_identify(control) by extension 'colcon_meta'
[1.916s] Level 1:colcon.colcon_core.package_identification:_identify(control) by extensions ['ros']
[1.916s] Level 1:colcon.colcon_core.package_identification:_identify(control) by extension 'ros'
[1.919s] DEBUG:colcon.colcon_core.package_identification:Package 'control' with type 'ros.ament_python' and name 'control'
[1.919s] Level 1:colcon.colcon_core.package_identification:_identify(install) by extensions ['ignore', 'ignore_ament_install']
[1.920s] Level 1:colcon.colcon_core.package_identification:_identify(install) by extension 'ignore'
[1.920s] Level 1:colcon.colcon_core.package_identification:_identify(install) ignored
[1.920s] Level 1:colcon.colcon_core.package_identification:_identify(log) by extensions ['ignore', 'ignore_ament_install']
[1.921s] Level 1:colcon.colcon_core.package_identification:_identify(log) by extension 'ignore'
[1.921s] Level 1:colcon.colcon_core.package_identification:_identify(log) ignored
[1.921s] Level 1:colcon.colcon_core.package_discovery:discover_packages(recursive) using defaults
[1.921s] Level 1:colcon.colcon_core.package_discovery:discover_packages(ignore) discover
[1.921s] Level 1:colcon.colcon_core.package_discovery:discover_packages(ignore) using defaults
[1.921s] Level 1:colcon.colcon_core.package_discovery:discover_packages(path) discover
[1.921s] Level 1:colcon.colcon_core.package_discovery:discover_packages(path) using defaults
[2.034s] Level 1:colcon.colcon_core.package_discovery:discover_packages(prefix_path) check parameters
[2.035s] Level 1:colcon.colcon_core.package_discovery:discover_packages(prefix_path) discover
[2.052s] DEBUG:colcon.colcon_installed_package_information.package_discovery:Found 3 installed packages in /home/r1/r1_ws/install
[2.061s] DEBUG:colcon.colcon_installed_package_information.package_discovery:Found 183 installed packages in /opt/ros/humble
[2.066s] Level 1:colcon.colcon_core.package_discovery:discover_packages(prefix_path) using defaults
[2.234s] Level 5:colcon.colcon_core.verb:set package 'camera' build argument 'cmake_args' from command line to 'None'
[2.234s] Level 5:colcon.colcon_core.verb:set package 'camera' build argument 'cmake_target' from command line to 'None'
[2.235s] Level 5:colcon.colcon_core.verb:set package 'camera' build argument 'cmake_target_skip_unavailable' from command line to 'False'
[2.235s] Level 5:colcon.colcon_core.verb:set package 'camera' build argument 'cmake_clean_cache' from command line to 'False'
[2.235s] Level 5:colcon.colcon_core.verb:set package 'camera' build argument 'cmake_clean_first' from command line to 'False'
[2.235s] Level 5:colcon.colcon_core.verb:set package 'camera' build argument 'cmake_force_configure' from command line to 'False'
[2.235s] Level 5:colcon.colcon_core.verb:set package 'camera' build argument 'ament_cmake_args' from command line to 'None'
[2.235s] Level 5:colcon.colcon_core.verb:set package 'camera' build argument 'catkin_cmake_args' from command line to 'None'
[2.235s] Level 5:colcon.colcon_core.verb:set package 'camera' build argument 'catkin_skip_building_tests' from command line to 'False'
[2.235s] DEBUG:colcon.colcon_core.verb:Building package 'camera' with the following arguments: {'ament_cmake_args': None, 'build_base': '/home/r1/r1_ws/src/build/camera', 'catkin_cmake_args': None, 'catkin_skip_building_tests': False, 'cmake_args': None, 'cmake_clean_cache': False, 'cmake_clean_first': False, 'cmake_force_configure': False, 'cmake_target': None, 'cmake_target_skip_unavailable': False, 'install_base': '/home/r1/r1_ws/src/install/camera', 'merge_install': False, 'path': '/home/r1/r1_ws/src/camera', 'symlink_install': False, 'test_result_base': None}
[2.239s] Level 5:colcon.colcon_core.verb:set package 'control' build argument 'cmake_args' from command line to 'None'
[2.240s] Level 5:colcon.colcon_core.verb:set package 'control' build argument 'cmake_target' from command line to 'None'
[2.240s] Level 5:colcon.colcon_core.verb:set package 'control' build argument 'cmake_target_skip_unavailable' from command line to 'False'
[2.240s] Level 5:colcon.colcon_core.verb:set package 'control' build argument 'cmake_clean_cache' from command line to 'False'
[2.240s] Level 5:colcon.colcon_core.verb:set package 'control' build argument 'cmake_clean_first' from command line to 'False'
[2.240s] Level 5:colcon.colcon_core.verb:set package 'control' build argument 'cmake_force_configure' from command line to 'False'
[2.240s] Level 5:colcon.colcon_core.verb:set package 'control' build argument 'ament_cmake_args' from command line to 'None'
[2.240s] Level 5:colcon.colcon_core.verb:set package 'control' build argument 'catkin_cmake_args' from command line to 'None'
[2.240s] Level 5:colcon.colcon_core.verb:set package 'control' build argument 'catkin_skip_building_tests' from command line to 'False'
[2.240s] DEBUG:colcon.colcon_core.verb:Building package 'control' with the following arguments: {'ament_cmake_args': None, 'build_base': '/home/r1/r1_ws/src/build/control', 'catkin_cmake_args': None, 'catkin_skip_building_tests': False, 'cmake_args': None, 'cmake_clean_cache': False, 'cmake_clean_first': False, 'cmake_force_configure': False, 'cmake_target': None, 'cmake_target_skip_unavailable': False, 'install_base': '/home/r1/r1_ws/src/install/control', 'merge_install': False, 'path': '/home/r1/r1_ws/src/control', 'symlink_install': False, 'test_result_base': None}
[2.243s] INFO:colcon.colcon_core.executor:Executing jobs using 'parallel' executor
[2.255s] DEBUG:colcon.colcon_parallel_executor.executor.parallel:run_until_complete
[2.256s] INFO:colcon.colcon_ros.task.ament_python.build:Building ROS package in '/home/r1/r1_ws/src/camera' with build type 'ament_python'
[2.257s] Level 1:colcon.colcon_core.shell:create_environment_hook('camera', 'ament_prefix_path')
[2.286s] INFO:colcon.colcon_core.plugin_system:Skipping extension 'colcon_core.shell.bat': Not used on non-Windows systems
[2.287s] INFO:colcon.colcon_core.shell:Creating environment hook '/home/r1/r1_ws/src/install/camera/share/camera/hook/ament_prefix_path.ps1'
[2.291s] INFO:colcon.colcon_core.shell:Creating environment descriptor '/home/r1/r1_ws/src/install/camera/share/camera/hook/ament_prefix_path.dsv'
[2.293s] INFO:colcon.colcon_core.shell:Creating environment hook '/home/r1/r1_ws/src/install/camera/share/camera/hook/ament_prefix_path.sh'
[2.301s] INFO:colcon.colcon_core.shell:Skip shell extension 'powershell' for command environment: Not usable outside of PowerShell
[2.302s] DEBUG:colcon.colcon_core.shell:Skip shell extension 'dsv' for command environment
[2.324s] INFO:colcon.colcon_ros.task.ament_python.build:Building ROS package in '/home/r1/r1_ws/src/control' with build type 'ament_python'
[2.325s] Level 1:colcon.colcon_core.shell:create_environment_hook('control', 'ament_prefix_path')
[2.332s] INFO:colcon.colcon_core.shell:Creating environment hook '/home/r1/r1_ws/src/install/control/share/control/hook/ament_prefix_path.ps1'
[2.334s] INFO:colcon.colcon_core.shell:Creating environment descriptor '/home/r1/r1_ws/src/install/control/share/control/hook/ament_prefix_path.dsv'
[2.336s] INFO:colcon.colcon_core.shell:Creating environment hook '/home/r1/r1_ws/src/install/control/share/control/hook/ament_prefix_path.sh'
[2.342s] INFO:colcon.colcon_core.shell:Skip shell extension 'powershell' for command environment: Not usable outside of PowerShell
[2.343s] DEBUG:colcon.colcon_core.shell:Skip shell extension 'dsv' for command environment
[3.578s] INFO:colcon.colcon_core.task.python.build:Building Python package in '/home/r1/r1_ws/src/camera'
[3.583s] INFO:colcon.colcon_core.shell:Skip shell extension 'powershell' for command environment: Not usable outside of PowerShell
[3.584s] DEBUG:colcon.colcon_core.shell:Skip shell extension 'dsv' for command environment
[5.103s] INFO:colcon.colcon_core.task.python.build:Building Python package in '/home/r1/r1_ws/src/control'
[5.110s] INFO:colcon.colcon_core.shell:Skip shell extension 'powershell' for command environment: Not usable outside of PowerShell
[5.110s] DEBUG:colcon.colcon_core.shell:Skip shell extension 'dsv' for command environment
[7.721s] DEBUG:colcon.colcon_core.event_handler.log_command:Invoking command in '/home/r1/r1_ws/src/camera': PYTHONPATH=/home/r1/r1_ws/src/build/camera/prefix_override:/home/r1/r1_ws/src/install/camera/lib/python3.10/site-packages:${PYTHONPATH} /usr/bin/python3 setup.py egg_info --egg-base ../build/camera build --build-base /home/r1/r1_ws/src/build/camera/build install --record /home/r1/r1_ws/src/build/camera/install.log --single-version-externally-managed
[7.745s] DEBUG:colcon.colcon_core.event_handler.log_command:Invoking command in '/home/r1/r1_ws/src/control': PYTHONPATH=/home/r1/r1_ws/src/build/control/prefix_override:/home/r1/r1_ws/src/install/control/lib/python3.10/site-packages:${PYTHONPATH} /usr/bin/python3 setup.py egg_info --egg-base ../build/control build --build-base /home/r1/r1_ws/src/build/control/build install --record /home/r1/r1_ws/src/build/control/install.log --single-version-externally-managed
[9.366s] DEBUG:colcon.colcon_core.event_handler.log_command:Invoked command in '/home/r1/r1_ws/src/control' returned '0': PYTHONPATH=/home/r1/r1_ws/src/build/control/prefix_override:/home/r1/r1_ws/src/install/control/lib/python3.10/site-packages:${PYTHONPATH} /usr/bin/python3 setup.py egg_info --egg-base ../build/control build --build-base /home/r1/r1_ws/src/build/control/build install --record /home/r1/r1_ws/src/build/control/install.log --single-version-externally-managed
[9.419s] Level 1:colcon.colcon_core.environment:checking '/home/r1/r1_ws/src/install/control' for CMake module files
[9.422s] Level 1:colcon.colcon_core.environment:checking '/home/r1/r1_ws/src/install/control' for CMake config files
[9.427s] Level 1:colcon.colcon_core.environment:checking '/home/r1/r1_ws/src/install/control/lib'
[9.428s] Level 1:colcon.colcon_core.environment:checking '/home/r1/r1_ws/src/install/control/bin'
[9.428s] Level 1:colcon.colcon_core.environment:checking '/home/r1/r1_ws/src/install/control/lib/pkgconfig/control.pc'
[9.429s] Level 1:colcon.colcon_core.environment:checking '/home/r1/r1_ws/src/install/control/lib/python3.10/site-packages'
[9.429s] Level 1:colcon.colcon_core.shell:create_environment_hook('control', 'pythonpath')
[9.435s] INFO:colcon.colcon_core.shell:Creating environment hook '/home/r1/r1_ws/src/install/control/share/control/hook/pythonpath.ps1'
[9.437s] INFO:colcon.colcon_core.shell:Creating environment descriptor '/home/r1/r1_ws/src/install/control/share/control/hook/pythonpath.dsv'
[9.438s] INFO:colcon.colcon_core.shell:Creating environment hook '/home/r1/r1_ws/src/install/control/share/control/hook/pythonpath.sh'
[9.441s] Level 1:colcon.colcon_core.environment:checking '/home/r1/r1_ws/src/install/control/bin'
[9.441s] Level 1:colcon.colcon_core.environment:create_environment_scripts_only(control)
[9.447s] INFO:colcon.colcon_core.shell:Creating package script '/home/r1/r1_ws/src/install/control/share/control/package.ps1'
[9.451s] INFO:colcon.colcon_core.shell:Creating package descriptor '/home/r1/r1_ws/src/install/control/share/control/package.dsv'
[9.454s] INFO:colcon.colcon_core.shell:Creating package script '/home/r1/r1_ws/src/install/control/share/control/package.sh'
[9.458s] INFO:colcon.colcon_core.shell:Creating package script '/home/r1/r1_ws/src/install/control/share/control/package.bash'
[9.462s] INFO:colcon.colcon_core.shell:Creating package script '/home/r1/r1_ws/src/install/control/share/control/package.zsh'
[9.466s] Level 1:colcon.colcon_core.environment:create_file_with_runtime_dependencies(/home/r1/r1_ws/src/install/control/share/colcon-core/packages/control)
[9.479s] Level 1:colcon.colcon_core.environment:checking '/home/r1/r1_ws/src/install/camera' for CMake module files
[9.482s] DEBUG:colcon.colcon_core.event_handler.log_command:Invoked command in '/home/r1/r1_ws/src/camera' returned '0': PYTHONPATH=/home/r1/r1_ws/src/build/camera/prefix_override:/home/r1/r1_ws/src/install/camera/lib/python3.10/site-packages:${PYTHONPATH} /usr/bin/python3 setup.py egg_info --egg-base ../build/camera build --build-base /home/r1/r1_ws/src/build/camera/build install --record /home/r1/r1_ws/src/build/camera/install.log --single-version-externally-managed
[9.483s] Level 1:colcon.colcon_core.environment:checking '/home/r1/r1_ws/src/install/camera' for CMake config files
[9.486s] Level 1:colcon.colcon_core.environment:checking '/home/r1/r1_ws/src/install/camera/lib'
[9.486s] Level 1:colcon.colcon_core.environment:checking '/home/r1/r1_ws/src/install/camera/bin'
[9.487s] Level 1:colcon.colcon_core.environment:checking '/home/r1/r1_ws/src/install/camera/lib/pkgconfig/camera.pc'
[9.487s] Level 1:colcon.colcon_core.environment:checking '/home/r1/r1_ws/src/install/camera/lib/python3.10/site-packages'
[9.488s] Level 1:colcon.colcon_core.shell:create_environment_hook('camera', 'pythonpath')
[9.492s] INFO:colcon.colcon_core.shell:Creating environment hook '/home/r1/r1_ws/src/install/camera/share/camera/hook/pythonpath.ps1'
[9.494s] INFO:colcon.colcon_core.shell:Creating environment descriptor '/home/r1/r1_ws/src/install/camera/share/camera/hook/pythonpath.dsv'
[9.496s] INFO:colcon.colcon_core.shell:Creating environment hook '/home/r1/r1_ws/src/install/camera/share/camera/hook/pythonpath.sh'
[9.498s] Level 1:colcon.colcon_core.environment:checking '/home/r1/r1_ws/src/install/camera/bin'
[9.498s] Level 1:colcon.colcon_core.environment:create_environment_scripts_only(camera)
[9.504s] INFO:colcon.colcon_core.shell:Creating package script '/home/r1/r1_ws/src/install/camera/share/camera/package.ps1'
[9.507s] INFO:colcon.colcon_core.shell:Creating package descriptor '/home/r1/r1_ws/src/install/camera/share/camera/package.dsv'
[9.509s] INFO:colcon.colcon_core.shell:Creating package script '/home/r1/r1_ws/src/install/camera/share/camera/package.sh'
[9.511s] INFO:colcon.colcon_core.shell:Creating package script '/home/r1/r1_ws/src/install/camera/share/camera/package.bash'
[9.513s] INFO:colcon.colcon_core.shell:Creating package script '/home/r1/r1_ws/src/install/camera/share/camera/package.zsh'
[9.514s] Level 1:colcon.colcon_core.environment:create_file_with_runtime_dependencies(/home/r1/r1_ws/src/install/camera/share/colcon-core/packages/camera)
[9.515s] DEBUG:colcon.colcon_parallel_executor.executor.parallel:closing loop
[9.517s] DEBUG:colcon.colcon_parallel_executor.executor.parallel:loop closed
[9.517s] DEBUG:colcon.colcon_parallel_executor.executor.parallel:run_until_complete finished with '0'
[9.518s] DEBUG:colcon.colcon_core.event_reactor:joining thread
[9.548s] INFO:colcon.colcon_core.plugin_system:Skipping extension 'colcon_notification.desktop_notification.terminal_notifier': Not used on non-Darwin systems
[9.549s] INFO:colcon.colcon_core.plugin_system:Skipping extension 'colcon_notification.desktop_notification.win32': Not used on non-Windows systems
[9.549s] INFO:colcon.colcon_notification.desktop_notification:Sending desktop notification using 'notify2'
[34.570s] DEBUG:colcon.colcon_notification.desktop_notification.notify2:Failed to initialize notify2: org.freedesktop.DBus.Error.NoReply: Did not receive a reply. Possible causes include: the remote application did not send a reply, the message bus security policy blocked the reply, the reply timeout expired, or the network connection was broken.
[34.571s] DEBUG:colcon.colcon_core.event_reactor:joined thread
[34.583s] INFO:colcon.colcon_core.shell:Creating prefix script '/home/r1/r1_ws/src/install/local_setup.ps1'
[34.588s] INFO:colcon.colcon_core.shell:Creating prefix util module '/home/r1/r1_ws/src/install/_local_setup_util_ps1.py'
[34.594s] INFO:colcon.colcon_core.shell:Creating prefix chain script '/home/r1/r1_ws/src/install/setup.ps1'
[34.600s] INFO:colcon.colcon_core.shell:Creating prefix script '/home/r1/r1_ws/src/install/local_setup.sh'
[34.603s] INFO:colcon.colcon_core.shell:Creating prefix util module '/home/r1/r1_ws/src/install/_local_setup_util_sh.py'
[34.605s] INFO:colcon.colcon_core.shell:Creating prefix chain script '/home/r1/r1_ws/src/install/setup.sh'
[34.612s] INFO:colcon.colcon_core.shell:Creating prefix script '/home/r1/r1_ws/src/install/local_setup.bash'
[34.615s] INFO:colcon.colcon_core.shell:Creating prefix chain script '/home/r1/r1_ws/src/install/setup.bash'
[34.622s] INFO:colcon.colcon_core.shell:Creating prefix script '/home/r1/r1_ws/src/install/local_setup.zsh'
[34.624s] INFO:colcon.colcon_core.shell:Creating prefix chain script '/home/r1/r1_ws/src/install/setup.zsh'
