[6.970s] Invoking command in '/home/r1/r1_ws/src/control': PYTHONPATH=/home/r1/r1_ws/build/control/prefix_override:/home/r1/r1_ws/install/control/lib/python3.10/site-packages:${PYTHONPATH} /usr/bin/python3 setup.py egg_info --egg-base ../../build/control build --build-base /home/r1/r1_ws/build/control/build install --record /home/r1/r1_ws/build/control/install.log --single-version-externally-managed
[8.552s] running egg_info
[8.557s] writing ../../build/control/control.egg-info/PKG-INFO
[8.561s] writing dependency_links to ../../build/control/control.egg-info/dependency_links.txt
[8.564s] writing entry points to ../../build/control/control.egg-info/entry_points.txt
[8.566s] writing requirements to ../../build/control/control.egg-info/requires.txt
[8.570s] writing top-level names to ../../build/control/control.egg-info/top_level.txt
[8.580s] reading manifest file '../../build/control/control.egg-info/SOURCES.txt'
[8.585s] writing manifest file '../../build/control/control.egg-info/SOURCES.txt'
[8.586s] running build
[8.587s] running build_py
[8.587s] copying control/ultrasonic.py -> /home/r1/r1_ws/build/control/build/lib/control
[8.590s] running install
[8.591s] /usr/lib/python3/dist-packages/setuptools/command/install.py:34: SetuptoolsDeprecationWarning: setup.py install is deprecated. Use build and pip and other standards-based tools.
[8.592s]   warnings.warn(
[8.594s] running install_lib
[8.597s] copying /home/r1/r1_ws/build/control/build/lib/control/ultrasonic.py -> /home/r1/r1_ws/install/control/lib/python3.10/site-packages/control
[8.603s] byte-compiling /home/r1/r1_ws/install/control/lib/python3.10/site-packages/control/ultrasonic.py to ultrasonic.cpython-310.pyc
[8.609s] running install_data
[8.612s] running install_egg_info
[8.620s] removing '/home/r1/r1_ws/install/control/lib/python3.10/site-packages/control-0.0.0-py3.10.egg-info' (and everything under it)
[8.622s] Copying ../../build/control/control.egg-info to /home/r1/r1_ws/install/control/lib/python3.10/site-packages/control-0.0.0-py3.10.egg-info
[8.630s] running install_scripts
[8.771s] Installing ir_left_pub script to /home/r1/r1_ws/install/control/lib/control
[8.777s] Installing ir_right_pub script to /home/r1/r1_ws/install/control/lib/control
[8.782s] Installing sensors_sub script to /home/r1/r1_ws/install/control/lib/control
[8.784s] Installing us_pub script to /home/r1/r1_ws/install/control/lib/control
[8.793s] writing list of installed files to '/home/r1/r1_ws/build/control/install.log'
[9.162s] Invoked command in '/home/r1/r1_ws/src/control' returned '0': PYTHONPATH=/home/r1/r1_ws/build/control/prefix_override:/home/r1/r1_ws/install/control/lib/python3.10/site-packages:${PYTHONPATH} /usr/bin/python3 setup.py egg_info --egg-base ../../build/control build --build-base /home/r1/r1_ws/build/control/build install --record /home/r1/r1_ws/build/control/install.log --single-version-externally-managed
