[3.244s] Invoking command in '/home/r1/r1_ws/build/control': PYTHONPATH=/home/r1/r1_ws/build/control/prefix_override:/home/r1/r1_ws/install/control/lib/python3.10/site-packages:${PYTHONPATH} /usr/bin/python3 setup.py develop --uninstall --editable --build-directory /home/r1/r1_ws/build/control/build
[4.608s] running develop
[4.609s] /usr/lib/python3/dist-packages/setuptools/command/easy_install.py:158: EasyInstallDeprecationWarning: easy_install command is deprecated. Use build and pip and other standards-based tools.
[4.609s]   warnings.warn(
[4.614s] /usr/lib/python3/dist-packages/setuptools/command/install.py:34: SetuptoolsDeprecationWarning: setup.py install is deprecated. Use build and pip and other standards-based tools.
[4.615s]   warnings.warn(
[4.915s] /usr/lib/python3/dist-packages/pkg_resources/__init__.py:116: PkgResourcesDeprecationWarning: 1.1build1 is an invalid version and will not be supported in a future release
[4.915s]   warnings.warn(
[4.916s] /usr/lib/python3/dist-packages/pkg_resources/__init__.py:116: PkgResourcesDeprecationWarning: 0.1.43ubuntu1 is an invalid version and will not be supported in a future release
[4.917s]   warnings.warn(
[5.592s] Invoked command in '/home/r1/r1_ws/build/control' returned '0': PYTHONPATH=/home/r1/r1_ws/build/control/prefix_override:/home/r1/r1_ws/install/control/lib/python3.10/site-packages:${PYTHONPATH} /usr/bin/python3 setup.py develop --uninstall --editable --build-directory /home/r1/r1_ws/build/control/build
[5.600s] Invoking command in '/home/r1/r1_ws/src/control': PYTHONPATH=/home/r1/r1_ws/build/control/prefix_override:/home/r1/r1_ws/install/control/lib/python3.10/site-packages:${PYTHONPATH} /usr/bin/python3 setup.py egg_info --egg-base ../../build/control build --build-base /home/r1/r1_ws/build/control/build install --record /home/r1/r1_ws/build/control/install.log --single-version-externally-managed
[6.807s] running egg_info
[6.809s] writing ../../build/control/control.egg-info/PKG-INFO
[6.811s] writing dependency_links to ../../build/control/control.egg-info/dependency_links.txt
[6.812s] writing entry points to ../../build/control/control.egg-info/entry_points.txt
[6.813s] writing requirements to ../../build/control/control.egg-info/requires.txt
[6.814s] writing top-level names to ../../build/control/control.egg-info/top_level.txt
[6.822s] reading manifest file '../../build/control/control.egg-info/SOURCES.txt'
[6.827s] writing manifest file '../../build/control/control.egg-info/SOURCES.txt'
[6.828s] running build
[6.828s] running build_py
[6.830s] copying control/head.py -> /home/r1/r1_ws/build/control/build/lib/control
[6.835s] running install
[6.835s] /usr/lib/python3/dist-packages/setuptools/command/install.py:34: SetuptoolsDeprecationWarning: setup.py install is deprecated. Use build and pip and other standards-based tools.
[6.836s]   warnings.warn(
[6.836s] running install_lib
[6.841s] copying /home/r1/r1_ws/build/control/build/lib/control/head.py -> /home/r1/r1_ws/install/control/lib/python3.10/site-packages/control
[6.846s] byte-compiling /home/r1/r1_ws/install/control/lib/python3.10/site-packages/control/head.py to head.cpython-310.pyc
[6.850s] running install_data
[6.852s] running install_egg_info
[6.858s] removing '/home/r1/r1_ws/install/control/lib/python3.10/site-packages/control-0.0.0-py3.10.egg-info' (and everything under it)
[6.860s] Copying ../../build/control/control.egg-info to /home/r1/r1_ws/install/control/lib/python3.10/site-packages/control-0.0.0-py3.10.egg-info
[6.866s] running install_scripts
[6.948s] Installing base_sub script to /home/r1/r1_ws/install/control/lib/control
[6.949s] Installing head_sub script to /home/r1/r1_ws/install/control/lib/control
[6.950s] Installing ir_left_pub script to /home/r1/r1_ws/install/control/lib/control
[6.951s] Installing ir_right_pub script to /home/r1/r1_ws/install/control/lib/control
[6.952s] Installing left_hand_sub script to /home/r1/r1_ws/install/control/lib/control
[6.953s] Installing right_hand_sub script to /home/r1/r1_ws/install/control/lib/control
[6.954s] Installing sensors_sub script to /home/r1/r1_ws/install/control/lib/control
[6.955s] Installing us_pub script to /home/r1/r1_ws/install/control/lib/control
[6.958s] writing list of installed files to '/home/r1/r1_ws/build/control/install.log'
[7.085s] Invoked command in '/home/r1/r1_ws/src/control' returned '0': PYTHONPATH=/home/r1/r1_ws/build/control/prefix_override:/home/r1/r1_ws/install/control/lib/python3.10/site-packages:${PYTHONPATH} /usr/bin/python3 setup.py egg_info --egg-base ../../build/control build --build-base /home/r1/r1_ws/build/control/build install --record /home/r1/r1_ws/build/control/install.log --single-version-externally-managed
