[0.059s] Invoking command in '/home/r1/r1_ws/build/turtlesim': CMAKE_PREFIX_PATH=/opt/ros/humble /usr/bin/cmake --build /home/r1/r1_ws/build/turtlesim -- -j4 -l4
[0.238s] [35m[1mConsolidate compiler generated dependencies of target turtlesim__rosidl_generator_c[0m
[0.271s] [  1%] Built target turtlesim__cpp
[0.299s] [ 11%] Built target turtlesim__rosidl_generator_c
[0.321s] [35m[1mConsolidate compiler generated dependencies of target turtlesim__rosidl_typesupport_cpp[0m
[0.327s] [35m[1mConsolidate compiler generated dependencies of target turtlesim__rosidl_typesupport_fastrtps_cpp[0m
[0.341s] [ 11%] Built target ament_cmake_python_copy_turtlesim
[0.362s] [35m[1mConsolidate compiler generated dependencies of target turtlesim__rosidl_typesupport_introspection_cpp[0m
[0.397s] [35m[1mConsolidate compiler generated dependencies of target turtlesim__rosidl_typesupport_fastrtps_c[0m
[0.405s] [ 21%] Built target turtlesim__rosidl_typesupport_cpp
[0.426s] [ 31%] Built target turtlesim__rosidl_typesupport_fastrtps_cpp
[0.457s] [ 41%] Built target turtlesim__rosidl_typesupport_introspection_cpp
[0.459s] [35m[1mConsolidate compiler generated dependencies of target turtlesim__rosidl_typesupport_introspection_c[0m
[0.475s] [35m[1mConsolidate compiler generated dependencies of target turtlesim__rosidl_typesupport_c[0m
[0.497s] [ 51%] Built target turtlesim__rosidl_typesupport_fastrtps_c
[0.534s] [ 61%] Built target turtlesim__rosidl_typesupport_introspection_c
[0.539s] [ 71%] Built target turtlesim__rosidl_typesupport_c
[0.554s] [35m[1mConsolidate compiler generated dependencies of target turtlesim_node[0m
[0.584s] [35m[1mConsolidate compiler generated dependencies of target turtle_teleop_key[0m
[0.585s] [35m[1mConsolidate compiler generated dependencies of target draw_square[0m
[0.683s] [ 73%] Built target draw_square
[0.687s] [ 75%] Built target turtle_teleop_key
[0.727s] [ 81%] Built target turtlesim_node
[0.730s] [35m[1mConsolidate compiler generated dependencies of target mimic[0m
[0.779s] [ 81%] Built target turtlesim
[0.820s] [ 83%] Built target mimic
[0.864s] [ 84%] Built target turtlesim__py
[0.908s] [35m[1mConsolidate compiler generated dependencies of target turtlesim__rosidl_generator_py[0m
[0.993s] [ 93%] Built target turtlesim__rosidl_generator_py
[1.037s] [35m[1mConsolidate compiler generated dependencies of target turtlesim__rosidl_typesupport_fastrtps_c__pyext[0m
[1.038s] [35m[1mConsolidate compiler generated dependencies of target turtlesim__rosidl_typesupport_introspection_c__pyext[0m
[1.040s] [35m[1mConsolidate compiler generated dependencies of target turtlesim__rosidl_typesupport_c__pyext[0m
[1.102s] [ 95%] Built target turtlesim__rosidl_typesupport_introspection_c__pyext
[1.105s] [ 97%] Built target turtlesim__rosidl_typesupport_fastrtps_c__pyext
[1.108s] [100%] Built target turtlesim__rosidl_typesupport_c__pyext
[1.685s] running egg_info
[1.688s] writing turtlesim.egg-info/PKG-INFO
[1.689s] writing dependency_links to turtlesim.egg-info/dependency_links.txt
[1.690s] writing top-level names to turtlesim.egg-info/top_level.txt
[1.701s] reading manifest file 'turtlesim.egg-info/SOURCES.txt'
[1.703s] writing manifest file 'turtlesim.egg-info/SOURCES.txt'
[1.830s] [100%] Built target ament_cmake_python_build_turtlesim_egg
[1.889s] Invoked command in '/home/r1/r1_ws/build/turtlesim' returned '0': CMAKE_PREFIX_PATH=/opt/ros/humble /usr/bin/cmake --build /home/r1/r1_ws/build/turtlesim -- -j4 -l4
[3.062s] Invoking command in '/home/r1/r1_ws/build/turtlesim': CMAKE_PREFIX_PATH=/opt/ros/humble /usr/bin/cmake --install /home/r1/r1_ws/build/turtlesim
[3.089s] -- Install configuration: ""
[3.090s] -- Up-to-date: /home/r1/r1_ws/install/turtlesim/share/ament_index/resource_index/rosidl_interfaces/turtlesim
[3.091s] -- Up-to-date: /home/r1/r1_ws/install/turtlesim/include/turtlesim/turtlesim
[3.091s] -- Up-to-date: /home/r1/r1_ws/install/turtlesim/include/turtlesim/turtlesim/msg
[3.092s] -- Up-to-date: /home/r1/r1_ws/install/turtlesim/include/turtlesim/turtlesim/msg/detail
[3.092s] -- Up-to-date: /home/r1/r1_ws/install/turtlesim/include/turtlesim/turtlesim/msg/detail/pose__struct.h
[3.092s] -- Up-to-date: /home/r1/r1_ws/install/turtlesim/include/turtlesim/turtlesim/msg/detail/color__functions.h
[3.093s] -- Up-to-date: /home/r1/r1_ws/install/turtlesim/include/turtlesim/turtlesim/msg/detail/color__struct.h
[3.094s] -- Up-to-date: /home/r1/r1_ws/install/turtlesim/include/turtlesim/turtlesim/msg/detail/color__type_support.h
[3.094s] -- Up-to-date: /home/r1/r1_ws/install/turtlesim/include/turtlesim/turtlesim/msg/detail/pose__type_support.h
[3.095s] -- Up-to-date: /home/r1/r1_ws/install/turtlesim/include/turtlesim/turtlesim/msg/detail/pose__functions.h
[3.095s] -- Up-to-date: /home/r1/r1_ws/install/turtlesim/include/turtlesim/turtlesim/msg/detail/pose__functions.c
[3.096s] -- Up-to-date: /home/r1/r1_ws/install/turtlesim/include/turtlesim/turtlesim/msg/detail/color__functions.c
[3.096s] -- Up-to-date: /home/r1/r1_ws/install/turtlesim/include/turtlesim/turtlesim/msg/pose.h
[3.097s] -- Up-to-date: /home/r1/r1_ws/install/turtlesim/include/turtlesim/turtlesim/msg/color.h
[3.098s] -- Up-to-date: /home/r1/r1_ws/install/turtlesim/include/turtlesim/turtlesim/msg/rosidl_generator_c__visibility_control.h
[3.098s] -- Up-to-date: /home/r1/r1_ws/install/turtlesim/include/turtlesim/turtlesim/action
[3.099s] -- Up-to-date: /home/r1/r1_ws/install/turtlesim/include/turtlesim/turtlesim/action/rotate_absolute.h
[3.100s] -- Up-to-date: /home/r1/r1_ws/install/turtlesim/include/turtlesim/turtlesim/action/detail
[3.100s] -- Up-to-date: /home/r1/r1_ws/install/turtlesim/include/turtlesim/turtlesim/action/detail/rotate_absolute__struct.h
[3.101s] -- Up-to-date: /home/r1/r1_ws/install/turtlesim/include/turtlesim/turtlesim/action/detail/rotate_absolute__functions.h
[3.101s] -- Up-to-date: /home/r1/r1_ws/install/turtlesim/include/turtlesim/turtlesim/action/detail/rotate_absolute__functions.c
[3.102s] -- Up-to-date: /home/r1/r1_ws/install/turtlesim/include/turtlesim/turtlesim/action/detail/rotate_absolute__type_support.h
[3.103s] -- Up-to-date: /home/r1/r1_ws/install/turtlesim/include/turtlesim/turtlesim/srv
[3.103s] -- Up-to-date: /home/r1/r1_ws/install/turtlesim/include/turtlesim/turtlesim/srv/kill.h
[3.103s] -- Up-to-date: /home/r1/r1_ws/install/turtlesim/include/turtlesim/turtlesim/srv/teleport_relative.h
[3.104s] -- Up-to-date: /home/r1/r1_ws/install/turtlesim/include/turtlesim/turtlesim/srv/teleport_absolute.h
[3.104s] -- Up-to-date: /home/r1/r1_ws/install/turtlesim/include/turtlesim/turtlesim/srv/spawn.h
[3.105s] -- Up-to-date: /home/r1/r1_ws/install/turtlesim/include/turtlesim/turtlesim/srv/detail
[3.105s] -- Up-to-date: /home/r1/r1_ws/install/turtlesim/include/turtlesim/turtlesim/srv/detail/teleport_absolute__struct.h
[3.106s] -- Up-to-date: /home/r1/r1_ws/install/turtlesim/include/turtlesim/turtlesim/srv/detail/set_pen__functions.c
[3.106s] -- Up-to-date: /home/r1/r1_ws/install/turtlesim/include/turtlesim/turtlesim/srv/detail/set_pen__functions.h
[3.107s] -- Up-to-date: /home/r1/r1_ws/install/turtlesim/include/turtlesim/turtlesim/srv/detail/spawn__type_support.h
[3.107s] -- Up-to-date: /home/r1/r1_ws/install/turtlesim/include/turtlesim/turtlesim/srv/detail/teleport_absolute__functions.c
[3.108s] -- Up-to-date: /home/r1/r1_ws/install/turtlesim/include/turtlesim/turtlesim/srv/detail/teleport_relative__functions.c
[3.108s] -- Up-to-date: /home/r1/r1_ws/install/turtlesim/include/turtlesim/turtlesim/srv/detail/teleport_absolute__type_support.h
[3.109s] -- Up-to-date: /home/r1/r1_ws/install/turtlesim/include/turtlesim/turtlesim/srv/detail/kill__type_support.h
[3.109s] -- Up-to-date: /home/r1/r1_ws/install/turtlesim/include/turtlesim/turtlesim/srv/detail/spawn__functions.c
[3.109s] -- Up-to-date: /home/r1/r1_ws/install/turtlesim/include/turtlesim/turtlesim/srv/detail/teleport_relative__functions.h
[3.110s] -- Up-to-date: /home/r1/r1_ws/install/turtlesim/include/turtlesim/turtlesim/srv/detail/kill__functions.h
[3.111s] -- Up-to-date: /home/r1/r1_ws/install/turtlesim/include/turtlesim/turtlesim/srv/detail/spawn__functions.h
[3.111s] -- Up-to-date: /home/r1/r1_ws/install/turtlesim/include/turtlesim/turtlesim/srv/detail/spawn__struct.h
[3.111s] -- Up-to-date: /home/r1/r1_ws/install/turtlesim/include/turtlesim/turtlesim/srv/detail/teleport_absolute__functions.h
[3.112s] -- Up-to-date: /home/r1/r1_ws/install/turtlesim/include/turtlesim/turtlesim/srv/detail/set_pen__struct.h
[3.112s] -- Up-to-date: /home/r1/r1_ws/install/turtlesim/include/turtlesim/turtlesim/srv/detail/teleport_relative__type_support.h
[3.112s] -- Up-to-date: /home/r1/r1_ws/install/turtlesim/include/turtlesim/turtlesim/srv/detail/set_pen__type_support.h
[3.113s] -- Up-to-date: /home/r1/r1_ws/install/turtlesim/include/turtlesim/turtlesim/srv/detail/kill__functions.c
[3.113s] -- Up-to-date: /home/r1/r1_ws/install/turtlesim/include/turtlesim/turtlesim/srv/detail/teleport_relative__struct.h
[3.114s] -- Up-to-date: /home/r1/r1_ws/install/turtlesim/include/turtlesim/turtlesim/srv/detail/kill__struct.h
[3.114s] -- Up-to-date: /home/r1/r1_ws/install/turtlesim/include/turtlesim/turtlesim/srv/set_pen.h
[3.115s] -- Up-to-date: /home/r1/r1_ws/install/turtlesim/share/turtlesim/environment/library_path.sh
[3.115s] -- Up-to-date: /home/r1/r1_ws/install/turtlesim/share/turtlesim/environment/library_path.dsv
[3.115s] -- Up-to-date: /home/r1/r1_ws/install/turtlesim/lib/libturtlesim__rosidl_generator_c.so
[3.116s] -- Up-to-date: /home/r1/r1_ws/install/turtlesim/include/turtlesim/turtlesim
[3.117s] -- Up-to-date: /home/r1/r1_ws/install/turtlesim/include/turtlesim/turtlesim/msg
[3.117s] -- Up-to-date: /home/r1/r1_ws/install/turtlesim/include/turtlesim/turtlesim/msg/rosidl_typesupport_fastrtps_c__visibility_control.h
[3.117s] -- Up-to-date: /home/r1/r1_ws/install/turtlesim/include/turtlesim/turtlesim/msg/detail
[3.118s] -- Up-to-date: /home/r1/r1_ws/install/turtlesim/include/turtlesim/turtlesim/msg/detail/color__rosidl_typesupport_fastrtps_c.h
[3.118s] -- Up-to-date: /home/r1/r1_ws/install/turtlesim/include/turtlesim/turtlesim/msg/detail/pose__rosidl_typesupport_fastrtps_c.h
[3.119s] -- Up-to-date: /home/r1/r1_ws/install/turtlesim/include/turtlesim/turtlesim/action
[3.120s] -- Up-to-date: /home/r1/r1_ws/install/turtlesim/include/turtlesim/turtlesim/action/detail
[3.121s] -- Up-to-date: /home/r1/r1_ws/install/turtlesim/include/turtlesim/turtlesim/action/detail/rotate_absolute__rosidl_typesupport_fastrtps_c.h
[3.121s] -- Up-to-date: /home/r1/r1_ws/install/turtlesim/include/turtlesim/turtlesim/srv
[3.122s] -- Up-to-date: /home/r1/r1_ws/install/turtlesim/include/turtlesim/turtlesim/srv/detail
[3.123s] -- Up-to-date: /home/r1/r1_ws/install/turtlesim/include/turtlesim/turtlesim/srv/detail/kill__rosidl_typesupport_fastrtps_c.h
[3.123s] -- Up-to-date: /home/r1/r1_ws/install/turtlesim/include/turtlesim/turtlesim/srv/detail/teleport_absolute__rosidl_typesupport_fastrtps_c.h
[3.124s] -- Up-to-date: /home/r1/r1_ws/install/turtlesim/include/turtlesim/turtlesim/srv/detail/teleport_relative__rosidl_typesupport_fastrtps_c.h
[3.125s] -- Up-to-date: /home/r1/r1_ws/install/turtlesim/include/turtlesim/turtlesim/srv/detail/set_pen__rosidl_typesupport_fastrtps_c.h
[3.126s] -- Up-to-date: /home/r1/r1_ws/install/turtlesim/include/turtlesim/turtlesim/srv/detail/spawn__rosidl_typesupport_fastrtps_c.h
[3.127s] -- Up-to-date: /home/r1/r1_ws/install/turtlesim/lib/libturtlesim__rosidl_typesupport_fastrtps_c.so
[3.128s] -- Up-to-date: /home/r1/r1_ws/install/turtlesim/include/turtlesim/turtlesim
[3.129s] -- Up-to-date: /home/r1/r1_ws/install/turtlesim/include/turtlesim/turtlesim/msg
[3.130s] -- Up-to-date: /home/r1/r1_ws/install/turtlesim/include/turtlesim/turtlesim/msg/detail
[3.130s] -- Up-to-date: /home/r1/r1_ws/install/turtlesim/include/turtlesim/turtlesim/msg/detail/color__traits.hpp
[3.131s] -- Up-to-date: /home/r1/r1_ws/install/turtlesim/include/turtlesim/turtlesim/msg/detail/color__builder.hpp
[3.131s] -- Up-to-date: /home/r1/r1_ws/install/turtlesim/include/turtlesim/turtlesim/msg/detail/color__struct.hpp
[3.132s] -- Up-to-date: /home/r1/r1_ws/install/turtlesim/include/turtlesim/turtlesim/msg/detail/pose__builder.hpp
[3.132s] -- Up-to-date: /home/r1/r1_ws/install/turtlesim/include/turtlesim/turtlesim/msg/detail/pose__traits.hpp
[3.133s] -- Up-to-date: /home/r1/r1_ws/install/turtlesim/include/turtlesim/turtlesim/msg/detail/pose__struct.hpp
[3.134s] -- Up-to-date: /home/r1/r1_ws/install/turtlesim/include/turtlesim/turtlesim/msg/pose.hpp
[3.135s] -- Up-to-date: /home/r1/r1_ws/install/turtlesim/include/turtlesim/turtlesim/msg/color.hpp
[3.136s] -- Up-to-date: /home/r1/r1_ws/install/turtlesim/include/turtlesim/turtlesim/action
[3.136s] -- Up-to-date: /home/r1/r1_ws/install/turtlesim/include/turtlesim/turtlesim/action/rotate_absolute.hpp
[3.137s] -- Up-to-date: /home/r1/r1_ws/install/turtlesim/include/turtlesim/turtlesim/action/detail
[3.138s] -- Up-to-date: /home/r1/r1_ws/install/turtlesim/include/turtlesim/turtlesim/action/detail/rotate_absolute__builder.hpp
[3.138s] -- Up-to-date: /home/r1/r1_ws/install/turtlesim/include/turtlesim/turtlesim/action/detail/rotate_absolute__traits.hpp
[3.139s] -- Up-to-date: /home/r1/r1_ws/install/turtlesim/include/turtlesim/turtlesim/action/detail/rotate_absolute__struct.hpp
[3.140s] -- Up-to-date: /home/r1/r1_ws/install/turtlesim/include/turtlesim/turtlesim/srv
[3.140s] -- Up-to-date: /home/r1/r1_ws/install/turtlesim/include/turtlesim/turtlesim/srv/teleport_absolute.hpp
[3.140s] -- Up-to-date: /home/r1/r1_ws/install/turtlesim/include/turtlesim/turtlesim/srv/set_pen.hpp
[3.141s] -- Up-to-date: /home/r1/r1_ws/install/turtlesim/include/turtlesim/turtlesim/srv/spawn.hpp
[3.141s] -- Up-to-date: /home/r1/r1_ws/install/turtlesim/include/turtlesim/turtlesim/srv/detail
[3.142s] -- Up-to-date: /home/r1/r1_ws/install/turtlesim/include/turtlesim/turtlesim/srv/detail/teleport_relative__builder.hpp
[3.142s] -- Up-to-date: /home/r1/r1_ws/install/turtlesim/include/turtlesim/turtlesim/srv/detail/kill__traits.hpp
[3.143s] -- Up-to-date: /home/r1/r1_ws/install/turtlesim/include/turtlesim/turtlesim/srv/detail/teleport_absolute__struct.hpp
[3.143s] -- Up-to-date: /home/r1/r1_ws/install/turtlesim/include/turtlesim/turtlesim/srv/detail/set_pen__struct.hpp
[3.144s] -- Up-to-date: /home/r1/r1_ws/install/turtlesim/include/turtlesim/turtlesim/srv/detail/spawn__builder.hpp
[3.144s] -- Up-to-date: /home/r1/r1_ws/install/turtlesim/include/turtlesim/turtlesim/srv/detail/set_pen__traits.hpp
[3.145s] -- Up-to-date: /home/r1/r1_ws/install/turtlesim/include/turtlesim/turtlesim/srv/detail/set_pen__builder.hpp
[3.146s] -- Up-to-date: /home/r1/r1_ws/install/turtlesim/include/turtlesim/turtlesim/srv/detail/spawn__struct.hpp
[3.147s] -- Up-to-date: /home/r1/r1_ws/install/turtlesim/include/turtlesim/turtlesim/srv/detail/kill__struct.hpp
[3.147s] -- Up-to-date: /home/r1/r1_ws/install/turtlesim/include/turtlesim/turtlesim/srv/detail/teleport_relative__traits.hpp
[3.148s] -- Up-to-date: /home/r1/r1_ws/install/turtlesim/include/turtlesim/turtlesim/srv/detail/spawn__traits.hpp
[3.149s] -- Up-to-date: /home/r1/r1_ws/install/turtlesim/include/turtlesim/turtlesim/srv/detail/teleport_absolute__traits.hpp
[3.150s] -- Up-to-date: /home/r1/r1_ws/install/turtlesim/include/turtlesim/turtlesim/srv/detail/teleport_relative__struct.hpp
[3.151s] -- Up-to-date: /home/r1/r1_ws/install/turtlesim/include/turtlesim/turtlesim/srv/detail/kill__builder.hpp
[3.151s] -- Up-to-date: /home/r1/r1_ws/install/turtlesim/include/turtlesim/turtlesim/srv/detail/teleport_absolute__builder.hpp
[3.152s] -- Up-to-date: /home/r1/r1_ws/install/turtlesim/include/turtlesim/turtlesim/srv/kill.hpp
[3.152s] -- Up-to-date: /home/r1/r1_ws/install/turtlesim/include/turtlesim/turtlesim/srv/teleport_relative.hpp
[3.152s] -- Up-to-date: /home/r1/r1_ws/install/turtlesim/include/turtlesim/turtlesim
[3.153s] -- Up-to-date: /home/r1/r1_ws/install/turtlesim/include/turtlesim/turtlesim/msg
[3.153s] -- Up-to-date: /home/r1/r1_ws/install/turtlesim/include/turtlesim/turtlesim/msg/detail
[3.153s] -- Up-to-date: /home/r1/r1_ws/install/turtlesim/include/turtlesim/turtlesim/msg/detail/dds_fastrtps
[3.154s] -- Up-to-date: /home/r1/r1_ws/install/turtlesim/include/turtlesim/turtlesim/msg/detail/color__rosidl_typesupport_fastrtps_cpp.hpp
[3.154s] -- Up-to-date: /home/r1/r1_ws/install/turtlesim/include/turtlesim/turtlesim/msg/detail/pose__rosidl_typesupport_fastrtps_cpp.hpp
[3.154s] -- Up-to-date: /home/r1/r1_ws/install/turtlesim/include/turtlesim/turtlesim/msg/rosidl_typesupport_fastrtps_cpp__visibility_control.h
[3.155s] -- Up-to-date: /home/r1/r1_ws/install/turtlesim/include/turtlesim/turtlesim/action
[3.155s] -- Up-to-date: /home/r1/r1_ws/install/turtlesim/include/turtlesim/turtlesim/action/detail
[3.156s] -- Up-to-date: /home/r1/r1_ws/install/turtlesim/include/turtlesim/turtlesim/action/detail/dds_fastrtps
[3.156s] -- Up-to-date: /home/r1/r1_ws/install/turtlesim/include/turtlesim/turtlesim/action/detail/rotate_absolute__rosidl_typesupport_fastrtps_cpp.hpp
[3.156s] -- Up-to-date: /home/r1/r1_ws/install/turtlesim/include/turtlesim/turtlesim/srv
[3.157s] -- Up-to-date: /home/r1/r1_ws/install/turtlesim/include/turtlesim/turtlesim/srv/detail
[3.157s] -- Up-to-date: /home/r1/r1_ws/install/turtlesim/include/turtlesim/turtlesim/srv/detail/dds_fastrtps
[3.157s] -- Up-to-date: /home/r1/r1_ws/install/turtlesim/include/turtlesim/turtlesim/srv/detail/kill__rosidl_typesupport_fastrtps_cpp.hpp
[3.158s] -- Up-to-date: /home/r1/r1_ws/install/turtlesim/include/turtlesim/turtlesim/srv/detail/teleport_absolute__rosidl_typesupport_fastrtps_cpp.hpp
[3.158s] -- Up-to-date: /home/r1/r1_ws/install/turtlesim/include/turtlesim/turtlesim/srv/detail/set_pen__rosidl_typesupport_fastrtps_cpp.hpp
[3.159s] -- Up-to-date: /home/r1/r1_ws/install/turtlesim/include/turtlesim/turtlesim/srv/detail/teleport_relative__rosidl_typesupport_fastrtps_cpp.hpp
[3.159s] -- Up-to-date: /home/r1/r1_ws/install/turtlesim/include/turtlesim/turtlesim/srv/detail/spawn__rosidl_typesupport_fastrtps_cpp.hpp
[3.159s] -- Up-to-date: /home/r1/r1_ws/install/turtlesim/lib/libturtlesim__rosidl_typesupport_fastrtps_cpp.so
[3.160s] -- Up-to-date: /home/r1/r1_ws/install/turtlesim/include/turtlesim/turtlesim
[3.160s] -- Up-to-date: /home/r1/r1_ws/install/turtlesim/include/turtlesim/turtlesim/msg
[3.160s] -- Up-to-date: /home/r1/r1_ws/install/turtlesim/include/turtlesim/turtlesim/msg/detail
[3.161s] -- Up-to-date: /home/r1/r1_ws/install/turtlesim/include/turtlesim/turtlesim/msg/detail/pose__rosidl_typesupport_introspection_c.h
[3.161s] -- Up-to-date: /home/r1/r1_ws/install/turtlesim/include/turtlesim/turtlesim/msg/detail/pose__type_support.c
[3.162s] -- Up-to-date: /home/r1/r1_ws/install/turtlesim/include/turtlesim/turtlesim/msg/detail/color__rosidl_typesupport_introspection_c.h
[3.162s] -- Up-to-date: /home/r1/r1_ws/install/turtlesim/include/turtlesim/turtlesim/msg/detail/color__type_support.c
[3.163s] -- Up-to-date: /home/r1/r1_ws/install/turtlesim/include/turtlesim/turtlesim/msg/rosidl_typesupport_introspection_c__visibility_control.h
[3.164s] -- Up-to-date: /home/r1/r1_ws/install/turtlesim/include/turtlesim/turtlesim/action
[3.164s] -- Up-to-date: /home/r1/r1_ws/install/turtlesim/include/turtlesim/turtlesim/action/detail
[3.165s] -- Up-to-date: /home/r1/r1_ws/install/turtlesim/include/turtlesim/turtlesim/action/detail/rotate_absolute__type_support.c
[3.165s] -- Up-to-date: /home/r1/r1_ws/install/turtlesim/include/turtlesim/turtlesim/action/detail/rotate_absolute__rosidl_typesupport_introspection_c.h
[3.166s] -- Up-to-date: /home/r1/r1_ws/install/turtlesim/include/turtlesim/turtlesim/srv
[3.166s] -- Up-to-date: /home/r1/r1_ws/install/turtlesim/include/turtlesim/turtlesim/srv/detail
[3.167s] -- Up-to-date: /home/r1/r1_ws/install/turtlesim/include/turtlesim/turtlesim/srv/detail/kill__rosidl_typesupport_introspection_c.h
[3.167s] -- Up-to-date: /home/r1/r1_ws/install/turtlesim/include/turtlesim/turtlesim/srv/detail/spawn__rosidl_typesupport_introspection_c.h
[3.167s] -- Up-to-date: /home/r1/r1_ws/install/turtlesim/include/turtlesim/turtlesim/srv/detail/set_pen__rosidl_typesupport_introspection_c.h
[3.168s] -- Up-to-date: /home/r1/r1_ws/install/turtlesim/include/turtlesim/turtlesim/srv/detail/set_pen__type_support.c
[3.168s] -- Up-to-date: /home/r1/r1_ws/install/turtlesim/include/turtlesim/turtlesim/srv/detail/teleport_absolute__type_support.c
[3.169s] -- Up-to-date: /home/r1/r1_ws/install/turtlesim/include/turtlesim/turtlesim/srv/detail/teleport_relative__type_support.c
[3.169s] -- Up-to-date: /home/r1/r1_ws/install/turtlesim/include/turtlesim/turtlesim/srv/detail/teleport_relative__rosidl_typesupport_introspection_c.h
[3.169s] -- Up-to-date: /home/r1/r1_ws/install/turtlesim/include/turtlesim/turtlesim/srv/detail/spawn__type_support.c
[3.170s] -- Up-to-date: /home/r1/r1_ws/install/turtlesim/include/turtlesim/turtlesim/srv/detail/teleport_absolute__rosidl_typesupport_introspection_c.h
[3.170s] -- Up-to-date: /home/r1/r1_ws/install/turtlesim/include/turtlesim/turtlesim/srv/detail/kill__type_support.c
[3.170s] -- Up-to-date: /home/r1/r1_ws/install/turtlesim/lib/libturtlesim__rosidl_typesupport_introspection_c.so
[3.170s] -- Up-to-date: /home/r1/r1_ws/install/turtlesim/lib/libturtlesim__rosidl_typesupport_c.so
[3.171s] -- Up-to-date: /home/r1/r1_ws/install/turtlesim/include/turtlesim/turtlesim
[3.171s] -- Up-to-date: /home/r1/r1_ws/install/turtlesim/include/turtlesim/turtlesim/msg
[3.171s] -- Up-to-date: /home/r1/r1_ws/install/turtlesim/include/turtlesim/turtlesim/msg/detail
[3.172s] -- Up-to-date: /home/r1/r1_ws/install/turtlesim/include/turtlesim/turtlesim/msg/detail/color__rosidl_typesupport_introspection_cpp.hpp
[3.172s] -- Up-to-date: /home/r1/r1_ws/install/turtlesim/include/turtlesim/turtlesim/msg/detail/pose__type_support.cpp
[3.172s] -- Up-to-date: /home/r1/r1_ws/install/turtlesim/include/turtlesim/turtlesim/msg/detail/pose__rosidl_typesupport_introspection_cpp.hpp
[3.172s] -- Up-to-date: /home/r1/r1_ws/install/turtlesim/include/turtlesim/turtlesim/msg/detail/color__type_support.cpp
[3.173s] -- Up-to-date: /home/r1/r1_ws/install/turtlesim/include/turtlesim/turtlesim/action
[3.173s] -- Up-to-date: /home/r1/r1_ws/install/turtlesim/include/turtlesim/turtlesim/action/detail
[3.173s] -- Up-to-date: /home/r1/r1_ws/install/turtlesim/include/turtlesim/turtlesim/action/detail/rotate_absolute__rosidl_typesupport_introspection_cpp.hpp
[3.174s] -- Up-to-date: /home/r1/r1_ws/install/turtlesim/include/turtlesim/turtlesim/action/detail/rotate_absolute__type_support.cpp
[3.174s] -- Up-to-date: /home/r1/r1_ws/install/turtlesim/include/turtlesim/turtlesim/srv
[3.175s] -- Up-to-date: /home/r1/r1_ws/install/turtlesim/include/turtlesim/turtlesim/srv/detail
[3.176s] -- Up-to-date: /home/r1/r1_ws/install/turtlesim/include/turtlesim/turtlesim/srv/detail/teleport_absolute__type_support.cpp
[3.176s] -- Up-to-date: /home/r1/r1_ws/install/turtlesim/include/turtlesim/turtlesim/srv/detail/teleport_absolute__rosidl_typesupport_introspection_cpp.hpp
[3.176s] -- Up-to-date: /home/r1/r1_ws/install/turtlesim/include/turtlesim/turtlesim/srv/detail/spawn__type_support.cpp
[3.177s] -- Up-to-date: /home/r1/r1_ws/install/turtlesim/include/turtlesim/turtlesim/srv/detail/teleport_relative__type_support.cpp
[3.177s] -- Up-to-date: /home/r1/r1_ws/install/turtlesim/include/turtlesim/turtlesim/srv/detail/set_pen__rosidl_typesupport_introspection_cpp.hpp
[3.177s] -- Up-to-date: /home/r1/r1_ws/install/turtlesim/include/turtlesim/turtlesim/srv/detail/kill__type_support.cpp
[3.178s] -- Up-to-date: /home/r1/r1_ws/install/turtlesim/include/turtlesim/turtlesim/srv/detail/set_pen__type_support.cpp
[3.178s] -- Up-to-date: /home/r1/r1_ws/install/turtlesim/include/turtlesim/turtlesim/srv/detail/spawn__rosidl_typesupport_introspection_cpp.hpp
[3.178s] -- Up-to-date: /home/r1/r1_ws/install/turtlesim/include/turtlesim/turtlesim/srv/detail/kill__rosidl_typesupport_introspection_cpp.hpp
[3.179s] -- Up-to-date: /home/r1/r1_ws/install/turtlesim/include/turtlesim/turtlesim/srv/detail/teleport_relative__rosidl_typesupport_introspection_cpp.hpp
[3.180s] -- Up-to-date: /home/r1/r1_ws/install/turtlesim/lib/libturtlesim__rosidl_typesupport_introspection_cpp.so
[3.180s] -- Up-to-date: /home/r1/r1_ws/install/turtlesim/lib/libturtlesim__rosidl_typesupport_cpp.so
[3.181s] -- Up-to-date: /home/r1/r1_ws/install/turtlesim/share/turtlesim/environment/pythonpath.sh
[3.181s] -- Up-to-date: /home/r1/r1_ws/install/turtlesim/share/turtlesim/environment/pythonpath.dsv
[3.181s] -- Up-to-date: /home/r1/r1_ws/install/turtlesim/local/lib/python3.10/dist-packages/turtlesim-1.4.2-py3.10.egg-info
[3.182s] -- Installing: /home/r1/r1_ws/install/turtlesim/local/lib/python3.10/dist-packages/turtlesim-1.4.2-py3.10.egg-info/dependency_links.txt
[3.182s] -- Installing: /home/r1/r1_ws/install/turtlesim/local/lib/python3.10/dist-packages/turtlesim-1.4.2-py3.10.egg-info/top_level.txt
[3.183s] -- Installing: /home/r1/r1_ws/install/turtlesim/local/lib/python3.10/dist-packages/turtlesim-1.4.2-py3.10.egg-info/SOURCES.txt
[3.183s] -- Installing: /home/r1/r1_ws/install/turtlesim/local/lib/python3.10/dist-packages/turtlesim-1.4.2-py3.10.egg-info/PKG-INFO
[3.183s] -- Up-to-date: /home/r1/r1_ws/install/turtlesim/local/lib/python3.10/dist-packages/turtlesim
[3.184s] -- Up-to-date: /home/r1/r1_ws/install/turtlesim/local/lib/python3.10/dist-packages/turtlesim/libturtlesim__rosidl_generator_py.so
[3.184s] -- Up-to-date: /home/r1/r1_ws/install/turtlesim/local/lib/python3.10/dist-packages/turtlesim/_turtlesim_s.ep.rosidl_typesupport_introspection_c.c
[3.184s] -- Up-to-date: /home/r1/r1_ws/install/turtlesim/local/lib/python3.10/dist-packages/turtlesim/turtlesim_s__rosidl_typesupport_introspection_c.cpython-310-aarch64-linux-gnu.so
[3.185s] -- Up-to-date: /home/r1/r1_ws/install/turtlesim/local/lib/python3.10/dist-packages/turtlesim/msg
[3.185s] -- Up-to-date: /home/r1/r1_ws/install/turtlesim/local/lib/python3.10/dist-packages/turtlesim/msg/_color_s.c
[3.185s] -- Up-to-date: /home/r1/r1_ws/install/turtlesim/local/lib/python3.10/dist-packages/turtlesim/msg/_pose_s.c
[3.186s] -- Up-to-date: /home/r1/r1_ws/install/turtlesim/local/lib/python3.10/dist-packages/turtlesim/msg/__init__.py
[3.186s] -- Up-to-date: /home/r1/r1_ws/install/turtlesim/local/lib/python3.10/dist-packages/turtlesim/msg/_pose.py
[3.186s] -- Up-to-date: /home/r1/r1_ws/install/turtlesim/local/lib/python3.10/dist-packages/turtlesim/msg/_color.py
[3.186s] -- Up-to-date: /home/r1/r1_ws/install/turtlesim/local/lib/python3.10/dist-packages/turtlesim/turtlesim_s__rosidl_typesupport_fastrtps_c.cpython-310-aarch64-linux-gnu.so
[3.187s] -- Up-to-date: /home/r1/r1_ws/install/turtlesim/local/lib/python3.10/dist-packages/turtlesim/_turtlesim_s.ep.rosidl_typesupport_c.c
[3.187s] -- Up-to-date: /home/r1/r1_ws/install/turtlesim/local/lib/python3.10/dist-packages/turtlesim/__init__.py
[3.187s] -- Up-to-date: /home/r1/r1_ws/install/turtlesim/local/lib/python3.10/dist-packages/turtlesim/_turtlesim_s.ep.rosidl_typesupport_fastrtps_c.c
[3.188s] -- Up-to-date: /home/r1/r1_ws/install/turtlesim/local/lib/python3.10/dist-packages/turtlesim/action
[3.188s] -- Up-to-date: /home/r1/r1_ws/install/turtlesim/local/lib/python3.10/dist-packages/turtlesim/action/_rotate_absolute_s.c
[3.188s] -- Up-to-date: /home/r1/r1_ws/install/turtlesim/local/lib/python3.10/dist-packages/turtlesim/action/__init__.py
[3.188s] -- Up-to-date: /home/r1/r1_ws/install/turtlesim/local/lib/python3.10/dist-packages/turtlesim/action/_rotate_absolute.py
[3.189s] -- Up-to-date: /home/r1/r1_ws/install/turtlesim/local/lib/python3.10/dist-packages/turtlesim/turtlesim_s__rosidl_typesupport_c.cpython-310-aarch64-linux-gnu.so
[3.189s] -- Up-to-date: /home/r1/r1_ws/install/turtlesim/local/lib/python3.10/dist-packages/turtlesim/srv
[3.189s] -- Up-to-date: /home/r1/r1_ws/install/turtlesim/local/lib/python3.10/dist-packages/turtlesim/srv/_teleport_relative_s.c
[3.189s] -- Up-to-date: /home/r1/r1_ws/install/turtlesim/local/lib/python3.10/dist-packages/turtlesim/srv/_teleport_relative.py
[3.190s] -- Up-to-date: /home/r1/r1_ws/install/turtlesim/local/lib/python3.10/dist-packages/turtlesim/srv/_set_pen_s.c
[3.190s] -- Up-to-date: /home/r1/r1_ws/install/turtlesim/local/lib/python3.10/dist-packages/turtlesim/srv/_teleport_absolute_s.c
[3.190s] -- Up-to-date: /home/r1/r1_ws/install/turtlesim/local/lib/python3.10/dist-packages/turtlesim/srv/_kill.py
[3.190s] -- Up-to-date: /home/r1/r1_ws/install/turtlesim/local/lib/python3.10/dist-packages/turtlesim/srv/_spawn.py
[3.191s] -- Up-to-date: /home/r1/r1_ws/install/turtlesim/local/lib/python3.10/dist-packages/turtlesim/srv/_teleport_absolute.py
[3.191s] -- Up-to-date: /home/r1/r1_ws/install/turtlesim/local/lib/python3.10/dist-packages/turtlesim/srv/_set_pen.py
[3.191s] -- Up-to-date: /home/r1/r1_ws/install/turtlesim/local/lib/python3.10/dist-packages/turtlesim/srv/__init__.py
[3.192s] -- Up-to-date: /home/r1/r1_ws/install/turtlesim/local/lib/python3.10/dist-packages/turtlesim/srv/_kill_s.c
[3.192s] -- Up-to-date: /home/r1/r1_ws/install/turtlesim/local/lib/python3.10/dist-packages/turtlesim/srv/_spawn_s.c
[3.317s] Listing '/home/r1/r1_ws/install/turtlesim/local/lib/python3.10/dist-packages/turtlesim'...
[3.320s] Listing '/home/r1/r1_ws/install/turtlesim/local/lib/python3.10/dist-packages/turtlesim/action'...
[3.321s] Listing '/home/r1/r1_ws/install/turtlesim/local/lib/python3.10/dist-packages/turtlesim/msg'...
[3.322s] Listing '/home/r1/r1_ws/install/turtlesim/local/lib/python3.10/dist-packages/turtlesim/srv'...
[3.344s] -- Up-to-date: /home/r1/r1_ws/install/turtlesim/local/lib/python3.10/dist-packages/turtlesim/turtlesim_s__rosidl_typesupport_fastrtps_c.cpython-310-aarch64-linux-gnu.so
[3.347s] -- Up-to-date: /home/r1/r1_ws/install/turtlesim/local/lib/python3.10/dist-packages/turtlesim/turtlesim_s__rosidl_typesupport_introspection_c.cpython-310-aarch64-linux-gnu.so
[3.349s] -- Up-to-date: /home/r1/r1_ws/install/turtlesim/local/lib/python3.10/dist-packages/turtlesim/turtlesim_s__rosidl_typesupport_c.cpython-310-aarch64-linux-gnu.so
[3.351s] -- Up-to-date: /home/r1/r1_ws/install/turtlesim/lib/libturtlesim__rosidl_generator_py.so
[3.352s] -- Up-to-date: /home/r1/r1_ws/install/turtlesim/share/turtlesim/action/RotateAbsolute.idl
[3.353s] -- Up-to-date: /home/r1/r1_ws/install/turtlesim/share/turtlesim/msg/Color.idl
[3.353s] -- Up-to-date: /home/r1/r1_ws/install/turtlesim/share/turtlesim/msg/Pose.idl
[3.354s] -- Up-to-date: /home/r1/r1_ws/install/turtlesim/share/turtlesim/srv/Kill.idl
[3.354s] -- Up-to-date: /home/r1/r1_ws/install/turtlesim/share/turtlesim/srv/SetPen.idl
[3.355s] -- Up-to-date: /home/r1/r1_ws/install/turtlesim/share/turtlesim/srv/Spawn.idl
[3.355s] -- Up-to-date: /home/r1/r1_ws/install/turtlesim/share/turtlesim/srv/TeleportAbsolute.idl
[3.355s] -- Up-to-date: /home/r1/r1_ws/install/turtlesim/share/turtlesim/srv/TeleportRelative.idl
[3.356s] -- Up-to-date: /home/r1/r1_ws/install/turtlesim/share/turtlesim/action/RotateAbsolute.action
[3.356s] -- Up-to-date: /home/r1/r1_ws/install/turtlesim/share/turtlesim/msg/Color.msg
[3.357s] -- Up-to-date: /home/r1/r1_ws/install/turtlesim/share/turtlesim/msg/Pose.msg
[3.357s] -- Up-to-date: /home/r1/r1_ws/install/turtlesim/share/turtlesim/srv/Kill.srv
[3.358s] -- Up-to-date: /home/r1/r1_ws/install/turtlesim/share/turtlesim/srv/Kill_Request.msg
[3.358s] -- Up-to-date: /home/r1/r1_ws/install/turtlesim/share/turtlesim/srv/Kill_Response.msg
[3.359s] -- Up-to-date: /home/r1/r1_ws/install/turtlesim/share/turtlesim/srv/SetPen.srv
[3.359s] -- Up-to-date: /home/r1/r1_ws/install/turtlesim/share/turtlesim/srv/SetPen_Request.msg
[3.359s] -- Up-to-date: /home/r1/r1_ws/install/turtlesim/share/turtlesim/srv/SetPen_Response.msg
[3.360s] -- Up-to-date: /home/r1/r1_ws/install/turtlesim/share/turtlesim/srv/Spawn.srv
[3.360s] -- Up-to-date: /home/r1/r1_ws/install/turtlesim/share/turtlesim/srv/Spawn_Request.msg
[3.360s] -- Up-to-date: /home/r1/r1_ws/install/turtlesim/share/turtlesim/srv/Spawn_Response.msg
[3.361s] -- Up-to-date: /home/r1/r1_ws/install/turtlesim/share/turtlesim/srv/TeleportAbsolute.srv
[3.361s] -- Up-to-date: /home/r1/r1_ws/install/turtlesim/share/turtlesim/srv/TeleportAbsolute_Request.msg
[3.361s] -- Up-to-date: /home/r1/r1_ws/install/turtlesim/share/turtlesim/srv/TeleportAbsolute_Response.msg
[3.362s] -- Up-to-date: /home/r1/r1_ws/install/turtlesim/share/turtlesim/srv/TeleportRelative.srv
[3.362s] -- Up-to-date: /home/r1/r1_ws/install/turtlesim/share/turtlesim/srv/TeleportRelative_Request.msg
[3.362s] -- Up-to-date: /home/r1/r1_ws/install/turtlesim/share/turtlesim/srv/TeleportRelative_Response.msg
[3.362s] -- Up-to-date: /home/r1/r1_ws/install/turtlesim/lib/turtlesim/turtlesim_node
[3.364s] -- Up-to-date: /home/r1/r1_ws/install/turtlesim/lib/turtlesim/turtle_teleop_key
[3.366s] -- Up-to-date: /home/r1/r1_ws/install/turtlesim/lib/turtlesim/draw_square
[3.368s] -- Up-to-date: /home/r1/r1_ws/install/turtlesim/lib/turtlesim/mimic
[3.369s] -- Up-to-date: /home/r1/r1_ws/install/turtlesim/share/turtlesim/images
[3.370s] -- Up-to-date: /home/r1/r1_ws/install/turtlesim/share/turtlesim/images/eloquent.png
[3.371s] -- Up-to-date: /home/r1/r1_ws/install/turtlesim/share/turtlesim/images/dashing.png
[3.371s] -- Up-to-date: /home/r1/r1_ws/install/turtlesim/share/turtlesim/images/foxy.png
[3.372s] -- Up-to-date: /home/r1/r1_ws/install/turtlesim/share/turtlesim/images/galactic.png
[3.372s] -- Up-to-date: /home/r1/r1_ws/install/turtlesim/share/turtlesim/images/ardent.png
[3.372s] -- Up-to-date: /home/r1/r1_ws/install/turtlesim/share/turtlesim/images/crystal.png
[3.373s] -- Up-to-date: /home/r1/r1_ws/install/turtlesim/share/turtlesim/images/rolling.png
[3.373s] -- Up-to-date: /home/r1/r1_ws/install/turtlesim/share/turtlesim/images/bouncy.png
[3.374s] -- Up-to-date: /home/r1/r1_ws/install/turtlesim/share/turtlesim/images/humble.png
[3.374s] -- Up-to-date: /home/r1/r1_ws/install/turtlesim/share/turtlesim/launch
[3.375s] -- Up-to-date: /home/r1/r1_ws/install/turtlesim/share/turtlesim/launch/multisim.launch.py
[3.375s] -- Up-to-date: /home/r1/r1_ws/install/turtlesim/share/ament_index/resource_index/package_run_dependencies/turtlesim
[3.376s] -- Up-to-date: /home/r1/r1_ws/install/turtlesim/share/ament_index/resource_index/parent_prefix_path/turtlesim
[3.376s] -- Up-to-date: /home/r1/r1_ws/install/turtlesim/share/turtlesim/environment/ament_prefix_path.sh
[3.376s] -- Up-to-date: /home/r1/r1_ws/install/turtlesim/share/turtlesim/environment/ament_prefix_path.dsv
[3.376s] -- Up-to-date: /home/r1/r1_ws/install/turtlesim/share/turtlesim/environment/path.sh
[3.377s] -- Up-to-date: /home/r1/r1_ws/install/turtlesim/share/turtlesim/environment/path.dsv
[3.377s] -- Up-to-date: /home/r1/r1_ws/install/turtlesim/share/turtlesim/local_setup.bash
[3.378s] -- Up-to-date: /home/r1/r1_ws/install/turtlesim/share/turtlesim/local_setup.sh
[3.378s] -- Up-to-date: /home/r1/r1_ws/install/turtlesim/share/turtlesim/local_setup.zsh
[3.378s] -- Up-to-date: /home/r1/r1_ws/install/turtlesim/share/turtlesim/local_setup.dsv
[3.379s] -- Installing: /home/r1/r1_ws/install/turtlesim/share/turtlesim/package.dsv
[3.379s] -- Up-to-date: /home/r1/r1_ws/install/turtlesim/share/ament_index/resource_index/packages/turtlesim
[3.380s] -- Up-to-date: /home/r1/r1_ws/install/turtlesim/share/turtlesim/cmake/export_turtlesim__rosidl_generator_cExport.cmake
[3.380s] -- Up-to-date: /home/r1/r1_ws/install/turtlesim/share/turtlesim/cmake/export_turtlesim__rosidl_generator_cExport-noconfig.cmake
[3.380s] -- Up-to-date: /home/r1/r1_ws/install/turtlesim/share/turtlesim/cmake/export_turtlesim__rosidl_typesupport_fastrtps_cExport.cmake
[3.381s] -- Up-to-date: /home/r1/r1_ws/install/turtlesim/share/turtlesim/cmake/export_turtlesim__rosidl_typesupport_fastrtps_cExport-noconfig.cmake
[3.381s] -- Up-to-date: /home/r1/r1_ws/install/turtlesim/share/turtlesim/cmake/export_turtlesim__rosidl_generator_cppExport.cmake
[3.381s] -- Up-to-date: /home/r1/r1_ws/install/turtlesim/share/turtlesim/cmake/export_turtlesim__rosidl_typesupport_fastrtps_cppExport.cmake
[3.382s] -- Up-to-date: /home/r1/r1_ws/install/turtlesim/share/turtlesim/cmake/export_turtlesim__rosidl_typesupport_fastrtps_cppExport-noconfig.cmake
[3.382s] -- Up-to-date: /home/r1/r1_ws/install/turtlesim/share/turtlesim/cmake/turtlesim__rosidl_typesupport_introspection_cExport.cmake
[3.383s] -- Up-to-date: /home/r1/r1_ws/install/turtlesim/share/turtlesim/cmake/turtlesim__rosidl_typesupport_introspection_cExport-noconfig.cmake
[3.383s] -- Up-to-date: /home/r1/r1_ws/install/turtlesim/share/turtlesim/cmake/turtlesim__rosidl_typesupport_cExport.cmake
[3.384s] -- Up-to-date: /home/r1/r1_ws/install/turtlesim/share/turtlesim/cmake/turtlesim__rosidl_typesupport_cExport-noconfig.cmake
[3.385s] -- Up-to-date: /home/r1/r1_ws/install/turtlesim/share/turtlesim/cmake/turtlesim__rosidl_typesupport_introspection_cppExport.cmake
[3.385s] -- Up-to-date: /home/r1/r1_ws/install/turtlesim/share/turtlesim/cmake/turtlesim__rosidl_typesupport_introspection_cppExport-noconfig.cmake
[3.386s] -- Up-to-date: /home/r1/r1_ws/install/turtlesim/share/turtlesim/cmake/turtlesim__rosidl_typesupport_cppExport.cmake
[3.387s] -- Up-to-date: /home/r1/r1_ws/install/turtlesim/share/turtlesim/cmake/turtlesim__rosidl_typesupport_cppExport-noconfig.cmake
[3.388s] -- Up-to-date: /home/r1/r1_ws/install/turtlesim/share/turtlesim/cmake/export_turtlesim__rosidl_generator_pyExport.cmake
[3.388s] -- Up-to-date: /home/r1/r1_ws/install/turtlesim/share/turtlesim/cmake/export_turtlesim__rosidl_generator_pyExport-noconfig.cmake
[3.389s] -- Up-to-date: /home/r1/r1_ws/install/turtlesim/share/turtlesim/cmake/rosidl_cmake-extras.cmake
[3.389s] -- Up-to-date: /home/r1/r1_ws/install/turtlesim/share/turtlesim/cmake/ament_cmake_export_dependencies-extras.cmake
[3.390s] -- Up-to-date: /home/r1/r1_ws/install/turtlesim/share/turtlesim/cmake/ament_cmake_export_include_directories-extras.cmake
[3.390s] -- Up-to-date: /home/r1/r1_ws/install/turtlesim/share/turtlesim/cmake/ament_cmake_export_libraries-extras.cmake
[3.391s] -- Up-to-date: /home/r1/r1_ws/install/turtlesim/share/turtlesim/cmake/ament_cmake_export_targets-extras.cmake
[3.391s] -- Up-to-date: /home/r1/r1_ws/install/turtlesim/share/turtlesim/cmake/rosidl_cmake_export_typesupport_targets-extras.cmake
[3.392s] -- Up-to-date: /home/r1/r1_ws/install/turtlesim/share/turtlesim/cmake/rosidl_cmake_export_typesupport_libraries-extras.cmake
[3.392s] -- Up-to-date: /home/r1/r1_ws/install/turtlesim/share/turtlesim/cmake/turtlesimConfig.cmake
[3.392s] -- Up-to-date: /home/r1/r1_ws/install/turtlesim/share/turtlesim/cmake/turtlesimConfig-version.cmake
[3.393s] -- Up-to-date: /home/r1/r1_ws/install/turtlesim/share/turtlesim/package.xml
[3.401s] Invoked command in '/home/r1/r1_ws/build/turtlesim' returned '0': CMAKE_PREFIX_PATH=/opt/ros/humble /usr/bin/cmake --install /home/r1/r1_ws/build/turtlesim
