[5.987s] Invoking command in '/home/r1/r1_ws/src/control': PYTHONPATH=/home/r1/r1_ws/build/control/prefix_override:/home/r1/r1_ws/install/control/lib/python3.10/site-packages:${PYTHONPATH} /usr/bin/python3 setup.py egg_info --egg-base ../../build/control build --build-base /home/r1/r1_ws/build/control/build install --record /home/r1/r1_ws/build/control/install.log --single-version-externally-managed
[7.907s] running egg_info
[7.914s] writing ../../build/control/control.egg-info/PKG-INFO
[7.919s] writing dependency_links to ../../build/control/control.egg-info/dependency_links.txt
[7.924s] writing entry points to ../../build/control/control.egg-info/entry_points.txt
[7.928s] writing requirements to ../../build/control/control.egg-info/requires.txt
[7.932s] writing top-level names to ../../build/control/control.egg-info/top_level.txt
[7.997s] reading manifest file '../../build/control/control.egg-info/SOURCES.txt'
[8.008s] writing manifest file '../../build/control/control.egg-info/SOURCES.txt'
[8.009s] running build
[8.009s] running build_py
[8.010s] copying control/ultrasonic.py -> /home/r1/r1_ws/build/control/build/lib/control
[8.010s] running install
[8.010s] /usr/lib/python3/dist-packages/setuptools/command/install.py:34: SetuptoolsDeprecationWarning: setup.py install is deprecated. Use build and pip and other standards-based tools.
[8.011s]   warnings.warn(
[8.023s] running install_lib
[8.023s] copying /home/r1/r1_ws/build/control/build/lib/control/ultrasonic.py -> /home/r1/r1_ws/install/control/lib/python3.10/site-packages/control
[8.024s] byte-compiling /home/r1/r1_ws/install/control/lib/python3.10/site-packages/control/ultrasonic.py to ultrasonic.cpython-310.pyc
[8.024s] running install_data
[8.025s] running install_egg_info
[8.030s] removing '/home/r1/r1_ws/install/control/lib/python3.10/site-packages/control-0.0.0-py3.10.egg-info' (and everything under it)
[8.030s] Copying ../../build/control/control.egg-info to /home/r1/r1_ws/install/control/lib/python3.10/site-packages/control-0.0.0-py3.10.egg-info
[8.036s] running install_scripts
[8.144s] Installing us_pub script to /home/r1/r1_ws/install/control/lib/control
[8.146s] writing list of installed files to '/home/r1/r1_ws/build/control/install.log'
[8.303s] Invoked command in '/home/r1/r1_ws/src/control' returned '0': PYTHONPATH=/home/r1/r1_ws/build/control/prefix_override:/home/r1/r1_ws/install/control/lib/python3.10/site-packages:${PYTHONPATH} /usr/bin/python3 setup.py egg_info --egg-base ../../build/control build --build-base /home/r1/r1_ws/build/control/build install --record /home/r1/r1_ws/build/control/install.log --single-version-externally-managed
