[6.294s] Invoking command in '/home/r1/r1_ws/src/control': PYTHONPATH=/home/r1/r1_ws/build/control/prefix_override:/home/r1/r1_ws/install/control/lib/python3.10/site-packages:${PYTHONPATH} /usr/bin/python3 setup.py egg_info --egg-base ../../build/control build --build-base /home/r1/r1_ws/build/control/build install --record /home/r1/r1_ws/build/control/install.log --single-version-externally-managed
[7.940s] running egg_info
[7.941s] writing ../../build/control/control.egg-info/PKG-INFO
[7.942s] writing dependency_links to ../../build/control/control.egg-info/dependency_links.txt
[7.943s] writing entry points to ../../build/control/control.egg-info/entry_points.txt
[7.943s] writing requirements to ../../build/control/control.egg-info/requires.txt
[7.944s] writing top-level names to ../../build/control/control.egg-info/top_level.txt
[7.959s] reading manifest file '../../build/control/control.egg-info/SOURCES.txt'
[7.959s] writing manifest file '../../build/control/control.egg-info/SOURCES.txt'
[7.960s] running build
[7.961s] running build_py
[7.961s] running install
[7.962s] /usr/lib/python3/dist-packages/setuptools/command/install.py:34: SetuptoolsDeprecationWarning: setup.py install is deprecated. Use build and pip and other standards-based tools.
[7.963s]   warnings.warn(
[7.963s] running install_lib
[7.967s] running install_data
[7.967s] running install_egg_info
[7.969s] removing '/home/r1/r1_ws/install/control/lib/python3.10/site-packages/control-0.0.0-py3.10.egg-info' (and everything under it)
[7.969s] Copying ../../build/control/control.egg-info to /home/r1/r1_ws/install/control/lib/python3.10/site-packages/control-0.0.0-py3.10.egg-info
[7.970s] running install_scripts
[8.154s] Installing ir_left_pub script to /home/r1/r1_ws/install/control/lib/control
[8.157s] Installing ir_right_pub script to /home/r1/r1_ws/install/control/lib/control
[8.159s] Installing sensors_sub script to /home/r1/r1_ws/install/control/lib/control
[8.163s] Installing us_pub script to /home/r1/r1_ws/install/control/lib/control
[8.167s] writing list of installed files to '/home/r1/r1_ws/build/control/install.log'
[8.463s] Invoked command in '/home/r1/r1_ws/src/control' returned '0': PYTHONPATH=/home/r1/r1_ws/build/control/prefix_override:/home/r1/r1_ws/install/control/lib/python3.10/site-packages:${PYTHONPATH} /usr/bin/python3 setup.py egg_info --egg-base ../../build/control build --build-base /home/r1/r1_ws/build/control/build install --record /home/r1/r1_ws/build/control/install.log --single-version-externally-managed
