[6.363s] Invoking command in '/home/r1/r1_ws/src/camera': PYTHONPATH=/home/r1/r1_ws/build/camera/prefix_override:/home/r1/r1_ws/install/camera/lib/python3.10/site-packages:${PYTHONPATH} /usr/bin/python3 setup.py egg_info --egg-base ../../build/camera build --build-base /home/r1/r1_ws/build/camera/build install --record /home/r1/r1_ws/build/camera/install.log --single-version-externally-managed
[7.882s] running egg_info
[7.886s] writing ../../build/camera/camera.egg-info/PKG-INFO
[7.889s] writing dependency_links to ../../build/camera/camera.egg-info/dependency_links.txt
[7.892s] writing entry points to ../../build/camera/camera.egg-info/entry_points.txt
[7.894s] writing requirements to ../../build/camera/camera.egg-info/requires.txt
[7.896s] writing top-level names to ../../build/camera/camera.egg-info/top_level.txt
[7.900s] reading manifest file '../../build/camera/camera.egg-info/SOURCES.txt'
[7.904s] writing manifest file '../../build/camera/camera.egg-info/SOURCES.txt'
[7.905s] running build
[7.909s] running build_py
[7.910s] running install
[7.911s] /usr/lib/python3/dist-packages/setuptools/command/install.py:34: SetuptoolsDeprecationWarning: setup.py install is deprecated. Use build and pip and other standards-based tools.
[7.912s]   warnings.warn(
[7.915s] running install_lib
[7.920s] running install_data
[7.922s] running install_egg_info
[7.930s] removing '/home/r1/r1_ws/install/camera/lib/python3.10/site-packages/camera-0.0.0-py3.10.egg-info' (and everything under it)
[7.932s] Copying ../../build/camera/camera.egg-info to /home/r1/r1_ws/install/camera/lib/python3.10/site-packages/camera-0.0.0-py3.10.egg-info
[7.940s] running install_scripts
[8.048s] Installing frames_sub script to /home/r1/r1_ws/install/camera/lib/camera
[8.050s] Installing img_pub script to /home/r1/r1_ws/install/camera/lib/camera
[8.052s] writing list of installed files to '/home/r1/r1_ws/build/camera/install.log'
[8.253s] Invoked command in '/home/r1/r1_ws/src/camera' returned '0': PYTHONPATH=/home/r1/r1_ws/build/camera/prefix_override:/home/r1/r1_ws/install/camera/lib/python3.10/site-packages:${PYTHONPATH} /usr/bin/python3 setup.py egg_info --egg-base ../../build/camera build --build-base /home/r1/r1_ws/build/camera/build install --record /home/r1/r1_ws/build/camera/install.log --single-version-externally-managed
