[9.171s] Invoking command in '/home/r1/r1_ws/build/voice': PYTHONPATH=/home/r1/r1_ws/build/voice/prefix_override:/home/r1/r1_ws/install/voice/lib/python3.10/site-packages:${PYTHONPATH} /usr/bin/python3 setup.py develop --uninstall --editable --build-directory /home/r1/r1_ws/build/voice/build
[13.205s] running develop
[13.209s] /usr/lib/python3/dist-packages/setuptools/command/easy_install.py:158: EasyInstallDeprecationWarning: easy_install command is deprecated. Use build and pip and other standards-based tools.
[13.211s]   warnings.warn(
[13.223s] /usr/lib/python3/dist-packages/setuptools/command/install.py:34: SetuptoolsDeprecationWarning: setup.py install is deprecated. Use build and pip and other standards-based tools.
[13.224s]   warnings.warn(
[14.158s] /usr/lib/python3/dist-packages/pkg_resources/__init__.py:116: PkgResourcesDeprecationWarning: 1.1build1 is an invalid version and will not be supported in a future release
[14.160s]   warnings.warn(
[14.161s] /usr/lib/python3/dist-packages/pkg_resources/__init__.py:116: PkgResourcesDeprecationWarning: 0.1.43ubuntu1 is an invalid version and will not be supported in a future release
[14.163s]   warnings.warn(
[16.111s] Invoked command in '/home/r1/r1_ws/build/voice' returned '0': PYTHONPATH=/home/r1/r1_ws/build/voice/prefix_override:/home/r1/r1_ws/install/voice/lib/python3.10/site-packages:${PYTHONPATH} /usr/bin/python3 setup.py develop --uninstall --editable --build-directory /home/r1/r1_ws/build/voice/build
[16.121s] Invoking command in '/home/r1/r1_ws/src/voice': PYTHONPATH=/home/r1/r1_ws/build/voice/prefix_override:/home/r1/r1_ws/install/voice/lib/python3.10/site-packages:${PYTHONPATH} /usr/bin/python3 setup.py egg_info --egg-base ../../build/voice build --build-base /home/r1/r1_ws/build/voice/build install --record /home/r1/r1_ws/build/voice/install.log --single-version-externally-managed
[19.980s] running egg_info
[19.988s] writing ../../build/voice/voice.egg-info/PKG-INFO
[19.994s] writing dependency_links to ../../build/voice/voice.egg-info/dependency_links.txt
[19.999s] writing entry points to ../../build/voice/voice.egg-info/entry_points.txt
[20.003s] writing requirements to ../../build/voice/voice.egg-info/requires.txt
[20.019s] writing top-level names to ../../build/voice/voice.egg-info/top_level.txt
[20.031s] reading manifest file '../../build/voice/voice.egg-info/SOURCES.txt'
[20.052s] writing manifest file '../../build/voice/voice.egg-info/SOURCES.txt'
[20.053s] running build
[20.055s] running build_py
[20.058s] running install
[20.060s] /usr/lib/python3/dist-packages/setuptools/command/install.py:34: SetuptoolsDeprecationWarning: setup.py install is deprecated. Use build and pip and other standards-based tools.
[20.062s]   warnings.warn(
[20.063s] running install_lib
[20.081s] running install_data
[20.082s] running install_egg_info
[20.109s] removing '/home/r1/r1_ws/install/voice/lib/python3.10/site-packages/voice-0.0.0-py3.10.egg-info' (and everything under it)
[20.116s] Copying ../../build/voice/voice.egg-info to /home/r1/r1_ws/install/voice/lib/python3.10/site-packages/voice-0.0.0-py3.10.egg-info
[20.131s] running install_scripts
[20.403s] Installing voice_sub script to /home/r1/r1_ws/install/voice/lib/voice
[20.414s] writing list of installed files to '/home/r1/r1_ws/build/voice/install.log'
[20.815s] Invoked command in '/home/r1/r1_ws/src/voice' returned '0': PYTHONPATH=/home/r1/r1_ws/build/voice/prefix_override:/home/r1/r1_ws/install/voice/lib/python3.10/site-packages:${PYTHONPATH} /usr/bin/python3 setup.py egg_info --egg-base ../../build/voice build --build-base /home/r1/r1_ws/build/voice/build install --record /home/r1/r1_ws/build/voice/install.log --single-version-externally-managed
