[6.570s] Invoking command in '/home/r1/r1_ws/src/camera': PYTHONPATH=/home/r1/r1_ws/build/camera/prefix_override:/home/r1/r1_ws/install/camera/lib/python3.10/site-packages:${PYTHONPATH} /usr/bin/python3 setup.py egg_info --egg-base ../../build/camera build --build-base /home/r1/r1_ws/build/camera/build install --record /home/r1/r1_ws/build/camera/install.log --single-version-externally-managed
[8.137s] running egg_info
[8.162s] writing ../../build/camera/camera.egg-info/PKG-INFO
[8.162s] writing dependency_links to ../../build/camera/camera.egg-info/dependency_links.txt
[8.166s] writing entry points to ../../build/camera/camera.egg-info/entry_points.txt
[8.168s] writing requirements to ../../build/camera/camera.egg-info/requires.txt
[8.173s] writing top-level names to ../../build/camera/camera.egg-info/top_level.txt
[8.188s] reading manifest file '../../build/camera/camera.egg-info/SOURCES.txt'
[8.188s] writing manifest file '../../build/camera/camera.egg-info/SOURCES.txt'
[8.189s] running build
[8.189s] running build_py
[8.191s] running install
[8.191s] /usr/lib/python3/dist-packages/setuptools/command/install.py:34: SetuptoolsDeprecationWarning: setup.py install is deprecated. Use build and pip and other standards-based tools.
[8.192s]   warnings.warn(
[8.193s] running install_lib
[8.197s] running install_data
[8.211s] running install_egg_info
[8.213s] removing '/home/r1/r1_ws/install/camera/lib/python3.10/site-packages/camera-0.0.0-py3.10.egg-info' (and everything under it)
[8.213s] Copying ../../build/camera/camera.egg-info to /home/r1/r1_ws/install/camera/lib/python3.10/site-packages/camera-0.0.0-py3.10.egg-info
[8.214s] running install_scripts
[8.334s] Installing frames_sub script to /home/r1/r1_ws/install/camera/lib/camera
[8.341s] Installing img_pub script to /home/r1/r1_ws/install/camera/lib/camera
[8.360s] writing list of installed files to '/home/r1/r1_ws/build/camera/install.log'
[8.735s] Invoked command in '/home/r1/r1_ws/src/camera' returned '0': PYTHONPATH=/home/r1/r1_ws/build/camera/prefix_override:/home/r1/r1_ws/install/camera/lib/python3.10/site-packages:${PYTHONPATH} /usr/bin/python3 setup.py egg_info --egg-base ../../build/camera build --build-base /home/r1/r1_ws/build/camera/build install --record /home/r1/r1_ws/build/camera/install.log --single-version-externally-managed
