[0.141s] Invoking command in '/home/r1/r1_ws/build/image_geometry': CMAKE_PREFIX_PATH=${CMAKE_PREFIX_PATH}:/home/r1/r1_ws/install/voice:/home/r1/r1_ws/install/control:/home/r1/r1_ws/install/camera:/opt/ros/humble /usr/bin/cmake /home/r1/r1_ws/src/vision_opencv/image_geometry -DCMAKE_INSTALL_PREFIX=/home/r1/r1_ws/install/image_geometry
[0.753s] -- The C compiler identification is GNU 11.3.0
[1.417s] -- The CXX compiler identification is GNU 11.3.0
[1.482s] -- Detecting C compiler ABI info
[1.928s] -- Detecting C compiler ABI info - done
[1.982s] -- Check for working C compiler: /usr/bin/cc - skipped
[1.982s] -- Detecting C compile features
[1.983s] -- Detecting C compile features - done
[1.992s] -- Detecting CXX compiler ABI info
[2.491s] -- Detecting CXX compiler ABI info - done
[2.523s] -- Check for working CXX compiler: /usr/bin/c++ - skipped
[2.523s] -- Detecting CXX compile features
[2.524s] -- Detecting CXX compile features - done
[2.553s] -- Found ament_cmake_python: 1.3.4 (/opt/ros/humble/share/ament_cmake_python/cmake)
[2.578s] -- Found ament_cmake_ros: 0.10.0 (/opt/ros/humble/share/ament_cmake_ros/cmake)
[3.921s] -- Found Python3: /usr/bin/python3.10 (found version "3.10.6") found components: Interpreter 
[5.024s] -- Found OpenCV: /usr (found version "4.5.4") found components: calib3d core highgui imgproc 
[5.044s] -- Found sensor_msgs: 4.2.3 (/opt/ros/humble/share/sensor_msgs/cmake)
[5.399s] -- Found rosidl_generator_c: 3.1.4 (/opt/ros/humble/share/rosidl_generator_c/cmake)
[5.453s] -- Found rosidl_adapter: 3.1.4 (/opt/ros/humble/share/rosidl_adapter/cmake)
[5.532s] -- Found rosidl_generator_cpp: 3.1.4 (/opt/ros/humble/share/rosidl_generator_cpp/cmake)
[5.644s] -- Using all available rosidl_typesupport_c: rosidl_typesupport_fastrtps_c;rosidl_typesupport_introspection_c
[5.810s] -- Using all available rosidl_typesupport_cpp: rosidl_typesupport_fastrtps_cpp;rosidl_typesupport_introspection_cpp
[6.819s] -- Found gtest sources under '/opt/ros/humble/src/gtest_vendor': C++ tests using 'Google Test' will be built
[6.829s] -- Looking for pthread.h
[7.213s] -- Looking for pthread.h - found
[7.214s] -- Performing Test CMAKE_HAVE_LIBC_PTHREAD
[7.667s] -- Performing Test CMAKE_HAVE_LIBC_PTHREAD - Success
[7.668s] -- Found Threads: TRUE  
[8.157s] -- Configuring done
[8.316s] -- Generating done
[8.335s] -- Build files have been written to: /home/r1/r1_ws/build/image_geometry
[8.414s] Invoked command in '/home/r1/r1_ws/build/image_geometry' returned '0': CMAKE_PREFIX_PATH=${CMAKE_PREFIX_PATH}:/home/r1/r1_ws/install/voice:/home/r1/r1_ws/install/control:/home/r1/r1_ws/install/camera:/opt/ros/humble /usr/bin/cmake /home/r1/r1_ws/src/vision_opencv/image_geometry -DCMAKE_INSTALL_PREFIX=/home/r1/r1_ws/install/image_geometry
[8.417s] Invoking command in '/home/r1/r1_ws/build/image_geometry': CMAKE_PREFIX_PATH=${CMAKE_PREFIX_PATH}:/home/r1/r1_ws/install/voice:/home/r1/r1_ws/install/control:/home/r1/r1_ws/install/camera:/opt/ros/humble /usr/bin/cmake --build /home/r1/r1_ws/build/image_geometry -- -j4 -l4
[8.772s] [ 11%] [32mBuilding CXX object CMakeFiles/image_geometry.dir/src/pinhole_camera_model.cpp.o[0m
[8.875s] [ 22%] [32mBuilding CXX object gtest/CMakeFiles/gtest_main.dir/src/gtest_main.cc.o[0m
[8.876s] [ 33%] [32mBuilding CXX object gtest/CMakeFiles/gtest.dir/src/gtest-all.cc.o[0m
[8.947s] [ 33%] Built target ament_cmake_python_copy_image_geometry
[14.509s] running egg_info
[14.516s] creating image_geometry.egg-info
[14.529s] writing image_geometry.egg-info/PKG-INFO
[14.532s] writing dependency_links to image_geometry.egg-info/dependency_links.txt
[14.535s] writing top-level names to image_geometry.egg-info/top_level.txt
[14.551s] writing manifest file 'image_geometry.egg-info/SOURCES.txt'
[14.583s] reading manifest file 'image_geometry.egg-info/SOURCES.txt'
[14.600s] writing manifest file 'image_geometry.egg-info/SOURCES.txt'
[15.088s] [ 33%] Built target ament_cmake_python_build_image_geometry_egg
[15.206s] [ 44%] [32mBuilding CXX object CMakeFiles/image_geometry.dir/src/stereo_camera_model.cpp.o[0m
[18.842s] [ 55%] [32m[1mLinking CXX static library libgtest_main.a[0m
[19.599s] [ 55%] Built target gtest_main
[32.710s] [ 66%] [32m[1mLinking CXX shared library libimage_geometry.so[0m
[34.433s] [ 66%] Built target image_geometry
[48.243s] [ 77%] [32m[1mLinking CXX static library libgtest.a[0m
[49.339s] [ 77%] Built target gtest
[49.620s] [ 88%] [32mBuilding CXX object CMakeFiles/image_geometry-utest.dir/test/utest.cpp.o[0m
[67.236s] [100%] [32m[1mLinking CXX executable image_geometry-utest[0m
[68.840s] [100%] Built target image_geometry-utest
