[4.872s] Invoking command in '/home/r1/r1_ws/src/control': PYTHONPATH=/home/r1/r1_ws/build/control/prefix_override:/home/r1/r1_ws/install/control/lib/python3.10/site-packages:${PYTHONPATH} /usr/bin/python3 setup.py egg_info --egg-base ../../build/control build --build-base /home/r1/r1_ws/build/control/build install --record /home/r1/r1_ws/build/control/install.log --single-version-externally-managed
[6.248s] running egg_info
[6.251s] writing ../../build/control/control.egg-info/PKG-INFO
[6.252s] writing dependency_links to ../../build/control/control.egg-info/dependency_links.txt
[6.259s] writing entry points to ../../build/control/control.egg-info/entry_points.txt
[6.263s] writing requirements to ../../build/control/control.egg-info/requires.txt
[6.266s] writing top-level names to ../../build/control/control.egg-info/top_level.txt
[6.271s] reading manifest file '../../build/control/control.egg-info/SOURCES.txt'
[6.272s] writing manifest file '../../build/control/control.egg-info/SOURCES.txt'
[6.273s] running build
[6.278s] running build_py
[6.279s] running install
[6.280s] /usr/lib/python3/dist-packages/setuptools/command/install.py:34: SetuptoolsDeprecationWarning: setup.py install is deprecated. Use build and pip and other standards-based tools.
[6.280s]   warnings.warn(
[6.281s] running install_lib
[6.283s] running install_data
[6.283s] running install_egg_info
[6.287s] removing '/home/r1/r1_ws/install/control/lib/python3.10/site-packages/control-0.0.0-py3.10.egg-info' (and everything under it)
[6.302s] Copying ../../build/control/control.egg-info to /home/r1/r1_ws/install/control/lib/python3.10/site-packages/control-0.0.0-py3.10.egg-info
[6.303s] running install_scripts
[6.421s] Installing ir_left_pub script to /home/r1/r1_ws/install/control/lib/control
[6.422s] Installing ir_right_pub script to /home/r1/r1_ws/install/control/lib/control
[6.427s] Installing sensors_sub script to /home/r1/r1_ws/install/control/lib/control
[6.433s] Installing us_pub script to /home/r1/r1_ws/install/control/lib/control
[6.440s] writing list of installed files to '/home/r1/r1_ws/build/control/install.log'
[6.702s] Invoked command in '/home/r1/r1_ws/src/control' returned '0': PYTHONPATH=/home/r1/r1_ws/build/control/prefix_override:/home/r1/r1_ws/install/control/lib/python3.10/site-packages:${PYTHONPATH} /usr/bin/python3 setup.py egg_info --egg-base ../../build/control build --build-base /home/r1/r1_ws/build/control/build install --record /home/r1/r1_ws/build/control/install.log --single-version-externally-managed
