[4.527s] Invoking command in '/home/r1/r1_ws/src/control': PYTHONPATH=/home/r1/r1_ws/build/control/prefix_override:/home/r1/r1_ws/install/control/lib/python3.10/site-packages:${PYTHONPATH} /usr/bin/python3 setup.py egg_info --egg-base ../../build/control build --build-base /home/r1/r1_ws/build/control/build install --record /home/r1/r1_ws/build/control/install.log --single-version-externally-managed
[5.783s] running egg_info
[5.785s] writing ../../build/control/control.egg-info/PKG-INFO
[5.787s] writing dependency_links to ../../build/control/control.egg-info/dependency_links.txt
[5.789s] writing entry points to ../../build/control/control.egg-info/entry_points.txt
[5.789s] writing requirements to ../../build/control/control.egg-info/requires.txt
[5.790s] writing top-level names to ../../build/control/control.egg-info/top_level.txt
[5.798s] reading manifest file '../../build/control/control.egg-info/SOURCES.txt'
[5.802s] writing manifest file '../../build/control/control.egg-info/SOURCES.txt'
[5.803s] running build
[5.804s] running build_py
[5.806s] running install
[5.809s] /usr/lib/python3/dist-packages/setuptools/command/install.py:34: SetuptoolsDeprecationWarning: setup.py install is deprecated. Use build and pip and other standards-based tools.
[5.809s]   warnings.warn(
[5.810s] running install_lib
[5.815s] running install_data
[5.818s] running install_egg_info
[5.824s] removing '/home/r1/r1_ws/install/control/lib/python3.10/site-packages/control-0.0.0-py3.10.egg-info' (and everything under it)
[5.826s] Copying ../../build/control/control.egg-info to /home/r1/r1_ws/install/control/lib/python3.10/site-packages/control-0.0.0-py3.10.egg-info
[5.834s] running install_scripts
[5.929s] Installing ir_left_pub script to /home/r1/r1_ws/install/control/lib/control
[5.930s] Installing ir_right_pub script to /home/r1/r1_ws/install/control/lib/control
[5.931s] Installing us_pub script to /home/r1/r1_ws/install/control/lib/control
[5.933s] writing list of installed files to '/home/r1/r1_ws/build/control/install.log'
[6.100s] Invoked command in '/home/r1/r1_ws/src/control' returned '0': PYTHONPATH=/home/r1/r1_ws/build/control/prefix_override:/home/r1/r1_ws/install/control/lib/python3.10/site-packages:${PYTHONPATH} /usr/bin/python3 setup.py egg_info --egg-base ../../build/control build --build-base /home/r1/r1_ws/build/control/build install --record /home/r1/r1_ws/build/control/install.log --single-version-externally-managed
