[1.552s] DEBUG:colcon:Command line arguments: ['/usr/bin/colcon', 'build']
[1.552s] DEBUG:colcon:Parsed command line arguments: Namespace(log_base=None, log_level=None, verb_name='build', build_base='build', install_base='install', merge_install=False, symlink_install=False, test_result_base=None, continue_on_error=False, executor='parallel', parallel_workers=4, event_handlers=None, ignore_user_meta=False, metas=['./colcon.meta'], base_paths=['.'], packages_ignore=None, packages_ignore_regex=None, paths=None, packages_up_to=None, packages_up_to_regex=None, packages_above=None, packages_above_and_dependencies=None, packages_above_depth=None, packages_select_by_dep=None, packages_skip_by_dep=None, packages_skip_up_to=None, packages_select_build_failed=False, packages_skip_build_finished=False, packages_select_test_failures=False, packages_skip_test_passed=False, packages_select=None, packages_skip=None, packages_select_regex=None, packages_skip_regex=None, packages_start=None, packages_end=None, allow_overriding=[], cmake_args=None, cmake_target=None, cmake_target_skip_unavailable=False, cmake_clean_cache=False, cmake_clean_first=False, cmake_force_configure=False, ament_cmake_args=None, catkin_cmake_args=None, catkin_skip_building_tests=False, verb_parser=<colcon_defaults.argument_parser.defaults.DefaultArgumentsDecorator object at 0xffff9b08baf0>, verb_extension=<colcon_core.verb.build.BuildVerb object at 0xffff9b8f5990>, main=<bound method BuildVerb.main of <colcon_core.verb.build.BuildVerb object at 0xffff9b8f5990>>)
[1.691s] Level 1:colcon.colcon_core.package_discovery:discover_packages(colcon_meta) check parameters
[1.691s] Level 1:colcon.colcon_core.package_discovery:discover_packages(recursive) check parameters
[1.692s] Level 1:colcon.colcon_core.package_discovery:discover_packages(ignore) check parameters
[1.692s] Level 1:colcon.colcon_core.package_discovery:discover_packages(path) check parameters
[1.692s] Level 1:colcon.colcon_core.package_discovery:discover_packages(colcon_meta) discover
[1.692s] Level 1:colcon.colcon_core.package_discovery:discover_packages(recursive) discover
[1.692s] INFO:colcon.colcon_core.package_discovery:Crawling recursively for packages in '/home/r1/r1_ws'
[1.693s] Level 1:colcon.colcon_core.package_identification:_identify(.) by extensions ['ignore', 'ignore_ament_install']
[1.693s] Level 1:colcon.colcon_core.package_identification:_identify(.) by extension 'ignore'
[1.693s] Level 1:colcon.colcon_core.package_identification:_identify(.) by extension 'ignore_ament_install'
[1.693s] Level 1:colcon.colcon_core.package_identification:_identify(.) by extensions ['colcon_pkg']
[1.694s] Level 1:colcon.colcon_core.package_identification:_identify(.) by extension 'colcon_pkg'
[1.694s] Level 1:colcon.colcon_core.package_identification:_identify(.) by extensions ['colcon_meta']
[1.694s] Level 1:colcon.colcon_core.package_identification:_identify(.) by extension 'colcon_meta'
[1.694s] Level 1:colcon.colcon_core.package_identification:_identify(.) by extensions ['ros']
[1.694s] Level 1:colcon.colcon_core.package_identification:_identify(.) by extension 'ros'
[1.743s] Level 1:colcon.colcon_core.package_identification:_identify(.) by extensions ['cmake', 'python']
[1.744s] Level 1:colcon.colcon_core.package_identification:_identify(.) by extension 'cmake'
[1.744s] Level 1:colcon.colcon_core.package_identification:_identify(.) by extension 'python'
[1.744s] Level 1:colcon.colcon_core.package_identification:_identify(.) by extensions ['python_setup_py']
[1.744s] Level 1:colcon.colcon_core.package_identification:_identify(.) by extension 'python_setup_py'
[1.745s] Level 1:colcon.colcon_core.package_identification:_identify(build) by extensions ['ignore', 'ignore_ament_install']
[1.745s] Level 1:colcon.colcon_core.package_identification:_identify(build) by extension 'ignore'
[1.746s] Level 1:colcon.colcon_core.package_identification:_identify(build) ignored
[1.746s] Level 1:colcon.colcon_core.package_identification:_identify(install) by extensions ['ignore', 'ignore_ament_install']
[1.747s] Level 1:colcon.colcon_core.package_identification:_identify(install) by extension 'ignore'
[1.747s] Level 1:colcon.colcon_core.package_identification:_identify(install) ignored
[1.748s] Level 1:colcon.colcon_core.package_identification:_identify(log) by extensions ['ignore', 'ignore_ament_install']
[1.748s] Level 1:colcon.colcon_core.package_identification:_identify(log) by extension 'ignore'
[1.748s] Level 1:colcon.colcon_core.package_identification:_identify(log) ignored
[1.749s] Level 1:colcon.colcon_core.package_identification:_identify(src) by extensions ['ignore', 'ignore_ament_install']
[1.749s] Level 1:colcon.colcon_core.package_identification:_identify(src) by extension 'ignore'
[1.749s] Level 1:colcon.colcon_core.package_identification:_identify(src) by extension 'ignore_ament_install'
[1.750s] Level 1:colcon.colcon_core.package_identification:_identify(src) by extensions ['colcon_pkg']
[1.750s] Level 1:colcon.colcon_core.package_identification:_identify(src) by extension 'colcon_pkg'
[1.750s] Level 1:colcon.colcon_core.package_identification:_identify(src) by extensions ['colcon_meta']
[1.750s] Level 1:colcon.colcon_core.package_identification:_identify(src) by extension 'colcon_meta'
[1.750s] Level 1:colcon.colcon_core.package_identification:_identify(src) by extensions ['ros']
[1.750s] Level 1:colcon.colcon_core.package_identification:_identify(src) by extension 'ros'
[1.751s] Level 1:colcon.colcon_core.package_identification:_identify(src) by extensions ['cmake', 'python']
[1.751s] Level 1:colcon.colcon_core.package_identification:_identify(src) by extension 'cmake'
[1.751s] Level 1:colcon.colcon_core.package_identification:_identify(src) by extension 'python'
[1.751s] Level 1:colcon.colcon_core.package_identification:_identify(src) by extensions ['python_setup_py']
[1.751s] Level 1:colcon.colcon_core.package_identification:_identify(src) by extension 'python_setup_py'
[1.752s] Level 1:colcon.colcon_core.package_identification:_identify(src/build) by extensions ['ignore', 'ignore_ament_install']
[1.752s] Level 1:colcon.colcon_core.package_identification:_identify(src/build) by extension 'ignore'
[1.753s] Level 1:colcon.colcon_core.package_identification:_identify(src/build) ignored
[1.753s] Level 1:colcon.colcon_core.package_identification:_identify(src/camera) by extensions ['ignore', 'ignore_ament_install']
[1.753s] Level 1:colcon.colcon_core.package_identification:_identify(src/camera) by extension 'ignore'
[1.754s] Level 1:colcon.colcon_core.package_identification:_identify(src/camera) by extension 'ignore_ament_install'
[1.754s] Level 1:colcon.colcon_core.package_identification:_identify(src/camera) by extensions ['colcon_pkg']
[1.754s] Level 1:colcon.colcon_core.package_identification:_identify(src/camera) by extension 'colcon_pkg'
[1.754s] Level 1:colcon.colcon_core.package_identification:_identify(src/camera) by extensions ['colcon_meta']
[1.754s] Level 1:colcon.colcon_core.package_identification:_identify(src/camera) by extension 'colcon_meta'
[1.754s] Level 1:colcon.colcon_core.package_identification:_identify(src/camera) by extensions ['ros']
[1.755s] Level 1:colcon.colcon_core.package_identification:_identify(src/camera) by extension 'ros'
[1.765s] DEBUG:colcon.colcon_core.package_identification:Package 'src/camera' with type 'ros.ament_python' and name 'camera'
[1.766s] Level 1:colcon.colcon_core.package_identification:_identify(src/control) by extensions ['ignore', 'ignore_ament_install']
[1.767s] Level 1:colcon.colcon_core.package_identification:_identify(src/control) by extension 'ignore'
[1.767s] Level 1:colcon.colcon_core.package_identification:_identify(src/control) by extension 'ignore_ament_install'
[1.767s] Level 1:colcon.colcon_core.package_identification:_identify(src/control) by extensions ['colcon_pkg']
[1.768s] Level 1:colcon.colcon_core.package_identification:_identify(src/control) by extension 'colcon_pkg'
[1.768s] Level 1:colcon.colcon_core.package_identification:_identify(src/control) by extensions ['colcon_meta']
[1.768s] Level 1:colcon.colcon_core.package_identification:_identify(src/control) by extension 'colcon_meta'
[1.768s] Level 1:colcon.colcon_core.package_identification:_identify(src/control) by extensions ['ros']
[1.768s] Level 1:colcon.colcon_core.package_identification:_identify(src/control) by extension 'ros'
[1.770s] DEBUG:colcon.colcon_core.package_identification:Package 'src/control' with type 'ros.ament_python' and name 'control'
[1.771s] Level 1:colcon.colcon_core.package_identification:_identify(src/install) by extensions ['ignore', 'ignore_ament_install']
[1.771s] Level 1:colcon.colcon_core.package_identification:_identify(src/install) by extension 'ignore'
[1.772s] Level 1:colcon.colcon_core.package_identification:_identify(src/install) ignored
[1.772s] Level 1:colcon.colcon_core.package_identification:_identify(src/log) by extensions ['ignore', 'ignore_ament_install']
[1.773s] Level 1:colcon.colcon_core.package_identification:_identify(src/log) by extension 'ignore'
[1.773s] Level 1:colcon.colcon_core.package_identification:_identify(src/log) ignored
[1.773s] Level 1:colcon.colcon_core.package_discovery:discover_packages(recursive) using defaults
[1.773s] Level 1:colcon.colcon_core.package_discovery:discover_packages(ignore) discover
[1.773s] Level 1:colcon.colcon_core.package_discovery:discover_packages(ignore) using defaults
[1.773s] Level 1:colcon.colcon_core.package_discovery:discover_packages(path) discover
[1.773s] Level 1:colcon.colcon_core.package_discovery:discover_packages(path) using defaults
[1.872s] Level 1:colcon.colcon_core.package_discovery:discover_packages(prefix_path) check parameters
[1.872s] Level 1:colcon.colcon_core.package_discovery:discover_packages(prefix_path) discover
[1.885s] DEBUG:colcon.colcon_installed_package_information.package_discovery:Found 3 installed packages in /home/r1/r1_ws/install
[1.895s] DEBUG:colcon.colcon_installed_package_information.package_discovery:Found 183 installed packages in /opt/ros/humble
[1.899s] Level 1:colcon.colcon_core.package_discovery:discover_packages(prefix_path) using defaults
[2.076s] Level 5:colcon.colcon_core.verb:set package 'camera' build argument 'cmake_args' from command line to 'None'
[2.077s] Level 5:colcon.colcon_core.verb:set package 'camera' build argument 'cmake_target' from command line to 'None'
[2.077s] Level 5:colcon.colcon_core.verb:set package 'camera' build argument 'cmake_target_skip_unavailable' from command line to 'False'
[2.077s] Level 5:colcon.colcon_core.verb:set package 'camera' build argument 'cmake_clean_cache' from command line to 'False'
[2.077s] Level 5:colcon.colcon_core.verb:set package 'camera' build argument 'cmake_clean_first' from command line to 'False'
[2.077s] Level 5:colcon.colcon_core.verb:set package 'camera' build argument 'cmake_force_configure' from command line to 'False'
[2.077s] Level 5:colcon.colcon_core.verb:set package 'camera' build argument 'ament_cmake_args' from command line to 'None'
[2.077s] Level 5:colcon.colcon_core.verb:set package 'camera' build argument 'catkin_cmake_args' from command line to 'None'
[2.077s] Level 5:colcon.colcon_core.verb:set package 'camera' build argument 'catkin_skip_building_tests' from command line to 'False'
[2.078s] DEBUG:colcon.colcon_core.verb:Building package 'camera' with the following arguments: {'ament_cmake_args': None, 'build_base': '/home/r1/r1_ws/build/camera', 'catkin_cmake_args': None, 'catkin_skip_building_tests': False, 'cmake_args': None, 'cmake_clean_cache': False, 'cmake_clean_first': False, 'cmake_force_configure': False, 'cmake_target': None, 'cmake_target_skip_unavailable': False, 'install_base': '/home/r1/r1_ws/install/camera', 'merge_install': False, 'path': '/home/r1/r1_ws/src/camera', 'symlink_install': False, 'test_result_base': None}
[2.082s] Level 5:colcon.colcon_core.verb:set package 'control' build argument 'cmake_args' from command line to 'None'
[2.082s] Level 5:colcon.colcon_core.verb:set package 'control' build argument 'cmake_target' from command line to 'None'
[2.082s] Level 5:colcon.colcon_core.verb:set package 'control' build argument 'cmake_target_skip_unavailable' from command line to 'False'
[2.082s] Level 5:colcon.colcon_core.verb:set package 'control' build argument 'cmake_clean_cache' from command line to 'False'
[2.082s] Level 5:colcon.colcon_core.verb:set package 'control' build argument 'cmake_clean_first' from command line to 'False'
[2.082s] Level 5:colcon.colcon_core.verb:set package 'control' build argument 'cmake_force_configure' from command line to 'False'
[2.082s] Level 5:colcon.colcon_core.verb:set package 'control' build argument 'ament_cmake_args' from command line to 'None'
[2.082s] Level 5:colcon.colcon_core.verb:set package 'control' build argument 'catkin_cmake_args' from command line to 'None'
[2.083s] Level 5:colcon.colcon_core.verb:set package 'control' build argument 'catkin_skip_building_tests' from command line to 'False'
[2.083s] DEBUG:colcon.colcon_core.verb:Building package 'control' with the following arguments: {'ament_cmake_args': None, 'build_base': '/home/r1/r1_ws/build/control', 'catkin_cmake_args': None, 'catkin_skip_building_tests': False, 'cmake_args': None, 'cmake_clean_cache': False, 'cmake_clean_first': False, 'cmake_force_configure': False, 'cmake_target': None, 'cmake_target_skip_unavailable': False, 'install_base': '/home/r1/r1_ws/install/control', 'merge_install': False, 'path': '/home/r1/r1_ws/src/control', 'symlink_install': False, 'test_result_base': None}
[2.085s] INFO:colcon.colcon_core.executor:Executing jobs using 'parallel' executor
[2.097s] DEBUG:colcon.colcon_parallel_executor.executor.parallel:run_until_complete
[2.098s] INFO:colcon.colcon_ros.task.ament_python.build:Building ROS package in '/home/r1/r1_ws/src/camera' with build type 'ament_python'
[2.099s] Level 1:colcon.colcon_core.shell:create_environment_hook('camera', 'ament_prefix_path')
[2.120s] INFO:colcon.colcon_core.plugin_system:Skipping extension 'colcon_core.shell.bat': Not used on non-Windows systems
[2.121s] INFO:colcon.colcon_core.shell:Creating environment hook '/home/r1/r1_ws/install/camera/share/camera/hook/ament_prefix_path.ps1'
[2.123s] INFO:colcon.colcon_core.shell:Creating environment descriptor '/home/r1/r1_ws/install/camera/share/camera/hook/ament_prefix_path.dsv'
[2.125s] INFO:colcon.colcon_core.shell:Creating environment hook '/home/r1/r1_ws/install/camera/share/camera/hook/ament_prefix_path.sh'
[2.133s] INFO:colcon.colcon_core.shell:Skip shell extension 'powershell' for command environment: Not usable outside of PowerShell
[2.133s] DEBUG:colcon.colcon_core.shell:Skip shell extension 'dsv' for command environment
[2.155s] INFO:colcon.colcon_ros.task.ament_python.build:Building ROS package in '/home/r1/r1_ws/src/control' with build type 'ament_python'
[2.156s] Level 1:colcon.colcon_core.shell:create_environment_hook('control', 'ament_prefix_path')
[2.163s] INFO:colcon.colcon_core.shell:Creating environment hook '/home/r1/r1_ws/install/control/share/control/hook/ament_prefix_path.ps1'
[2.165s] INFO:colcon.colcon_core.shell:Creating environment descriptor '/home/r1/r1_ws/install/control/share/control/hook/ament_prefix_path.dsv'
[2.167s] INFO:colcon.colcon_core.shell:Creating environment hook '/home/r1/r1_ws/install/control/share/control/hook/ament_prefix_path.sh'
[2.174s] INFO:colcon.colcon_core.shell:Skip shell extension 'powershell' for command environment: Not usable outside of PowerShell
[2.175s] DEBUG:colcon.colcon_core.shell:Skip shell extension 'dsv' for command environment
[3.510s] INFO:colcon.colcon_core.task.python.build:Building Python package in '/home/r1/r1_ws/src/camera'
[3.515s] INFO:colcon.colcon_core.shell:Skip shell extension 'powershell' for command environment: Not usable outside of PowerShell
[3.516s] DEBUG:colcon.colcon_core.shell:Skip shell extension 'dsv' for command environment
[4.839s] INFO:colcon.colcon_core.task.python.build:Building Python package in '/home/r1/r1_ws/src/control'
[4.844s] INFO:colcon.colcon_core.shell:Skip shell extension 'powershell' for command environment: Not usable outside of PowerShell
[4.844s] DEBUG:colcon.colcon_core.shell:Skip shell extension 'dsv' for command environment
[7.031s] DEBUG:colcon.colcon_core.event_handler.log_command:Invoking command in '/home/r1/r1_ws/src/control': PYTHONPATH=/home/r1/r1_ws/build/control/prefix_override:/home/r1/r1_ws/install/control/lib/python3.10/site-packages:${PYTHONPATH} /usr/bin/python3 setup.py egg_info --egg-base ../../build/control build --build-base /home/r1/r1_ws/build/control/build install --record /home/r1/r1_ws/build/control/install.log --single-version-externally-managed
[7.077s] DEBUG:colcon.colcon_core.event_handler.log_command:Invoking command in '/home/r1/r1_ws/src/camera': PYTHONPATH=/home/r1/r1_ws/build/camera/prefix_override:/home/r1/r1_ws/install/camera/lib/python3.10/site-packages:${PYTHONPATH} /usr/bin/python3 setup.py egg_info --egg-base ../../build/camera build --build-base /home/r1/r1_ws/build/camera/build install --record /home/r1/r1_ws/build/camera/install.log --single-version-externally-managed
[8.779s] DEBUG:colcon.colcon_core.event_handler.log_command:Invoked command in '/home/r1/r1_ws/src/control' returned '0': PYTHONPATH=/home/r1/r1_ws/build/control/prefix_override:/home/r1/r1_ws/install/control/lib/python3.10/site-packages:${PYTHONPATH} /usr/bin/python3 setup.py egg_info --egg-base ../../build/control build --build-base /home/r1/r1_ws/build/control/build install --record /home/r1/r1_ws/build/control/install.log --single-version-externally-managed
[8.845s] Level 1:colcon.colcon_core.environment:checking '/home/r1/r1_ws/install/control' for CMake module files
[8.852s] Level 1:colcon.colcon_core.environment:checking '/home/r1/r1_ws/install/control' for CMake config files
[8.860s] Level 1:colcon.colcon_core.environment:checking '/home/r1/r1_ws/install/control/lib'
[8.862s] Level 1:colcon.colcon_core.environment:checking '/home/r1/r1_ws/install/control/bin'
[8.864s] Level 1:colcon.colcon_core.environment:checking '/home/r1/r1_ws/install/control/lib/pkgconfig/control.pc'
[8.866s] Level 1:colcon.colcon_core.environment:checking '/home/r1/r1_ws/install/control/lib/python3.10/site-packages'
[8.868s] Level 1:colcon.colcon_core.shell:create_environment_hook('control', 'pythonpath')
[8.877s] INFO:colcon.colcon_core.shell:Creating environment hook '/home/r1/r1_ws/install/control/share/control/hook/pythonpath.ps1'
[8.882s] INFO:colcon.colcon_core.shell:Creating environment descriptor '/home/r1/r1_ws/install/control/share/control/hook/pythonpath.dsv'
[8.888s] INFO:colcon.colcon_core.shell:Creating environment hook '/home/r1/r1_ws/install/control/share/control/hook/pythonpath.sh'
[8.893s] Level 1:colcon.colcon_core.environment:checking '/home/r1/r1_ws/install/control/bin'
[8.894s] Level 1:colcon.colcon_core.environment:create_environment_scripts_only(control)
[8.901s] INFO:colcon.colcon_core.shell:Creating package script '/home/r1/r1_ws/install/control/share/control/package.ps1'
[8.905s] INFO:colcon.colcon_core.shell:Creating package descriptor '/home/r1/r1_ws/install/control/share/control/package.dsv'
[8.908s] INFO:colcon.colcon_core.shell:Creating package script '/home/r1/r1_ws/install/control/share/control/package.sh'
[8.911s] INFO:colcon.colcon_core.shell:Creating package script '/home/r1/r1_ws/install/control/share/control/package.bash'
[8.914s] INFO:colcon.colcon_core.shell:Creating package script '/home/r1/r1_ws/install/control/share/control/package.zsh'
[8.917s] Level 1:colcon.colcon_core.environment:create_file_with_runtime_dependencies(/home/r1/r1_ws/install/control/share/colcon-core/packages/control)
[8.930s] Level 1:colcon.colcon_core.environment:checking '/home/r1/r1_ws/install/camera' for CMake module files
[8.935s] DEBUG:colcon.colcon_core.event_handler.log_command:Invoked command in '/home/r1/r1_ws/src/camera' returned '0': PYTHONPATH=/home/r1/r1_ws/build/camera/prefix_override:/home/r1/r1_ws/install/camera/lib/python3.10/site-packages:${PYTHONPATH} /usr/bin/python3 setup.py egg_info --egg-base ../../build/camera build --build-base /home/r1/r1_ws/build/camera/build install --record /home/r1/r1_ws/build/camera/install.log --single-version-externally-managed
[8.937s] Level 1:colcon.colcon_core.environment:checking '/home/r1/r1_ws/install/camera' for CMake config files
[8.941s] Level 1:colcon.colcon_core.environment:checking '/home/r1/r1_ws/install/camera/lib'
[8.942s] Level 1:colcon.colcon_core.environment:checking '/home/r1/r1_ws/install/camera/bin'
[8.942s] Level 1:colcon.colcon_core.environment:checking '/home/r1/r1_ws/install/camera/lib/pkgconfig/camera.pc'
[8.943s] Level 1:colcon.colcon_core.environment:checking '/home/r1/r1_ws/install/camera/lib/python3.10/site-packages'
[8.943s] Level 1:colcon.colcon_core.shell:create_environment_hook('camera', 'pythonpath')
[8.948s] INFO:colcon.colcon_core.shell:Creating environment hook '/home/r1/r1_ws/install/camera/share/camera/hook/pythonpath.ps1'
[8.950s] INFO:colcon.colcon_core.shell:Creating environment descriptor '/home/r1/r1_ws/install/camera/share/camera/hook/pythonpath.dsv'
[8.952s] INFO:colcon.colcon_core.shell:Creating environment hook '/home/r1/r1_ws/install/camera/share/camera/hook/pythonpath.sh'
[8.955s] Level 1:colcon.colcon_core.environment:checking '/home/r1/r1_ws/install/camera/bin'
[8.956s] Level 1:colcon.colcon_core.environment:create_environment_scripts_only(camera)
[8.961s] INFO:colcon.colcon_core.shell:Creating package script '/home/r1/r1_ws/install/camera/share/camera/package.ps1'
[8.965s] INFO:colcon.colcon_core.shell:Creating package descriptor '/home/r1/r1_ws/install/camera/share/camera/package.dsv'
[8.968s] INFO:colcon.colcon_core.shell:Creating package script '/home/r1/r1_ws/install/camera/share/camera/package.sh'
[8.970s] INFO:colcon.colcon_core.shell:Creating package script '/home/r1/r1_ws/install/camera/share/camera/package.bash'
[8.972s] INFO:colcon.colcon_core.shell:Creating package script '/home/r1/r1_ws/install/camera/share/camera/package.zsh'
[8.974s] Level 1:colcon.colcon_core.environment:create_file_with_runtime_dependencies(/home/r1/r1_ws/install/camera/share/colcon-core/packages/camera)
[8.975s] DEBUG:colcon.colcon_parallel_executor.executor.parallel:closing loop
[8.977s] DEBUG:colcon.colcon_parallel_executor.executor.parallel:loop closed
[8.977s] DEBUG:colcon.colcon_parallel_executor.executor.parallel:run_until_complete finished with '0'
[8.978s] DEBUG:colcon.colcon_core.event_reactor:joining thread
[9.003s] INFO:colcon.colcon_core.plugin_system:Skipping extension 'colcon_notification.desktop_notification.terminal_notifier': Not used on non-Darwin systems
[9.003s] INFO:colcon.colcon_core.plugin_system:Skipping extension 'colcon_notification.desktop_notification.win32': Not used on non-Windows systems
[9.004s] INFO:colcon.colcon_notification.desktop_notification:Sending desktop notification using 'notify2'
[34.007s] DEBUG:colcon.colcon_notification.desktop_notification.notify2:Failed to initialize notify2: org.freedesktop.DBus.Error.NoReply: Did not receive a reply. Possible causes include: the remote application did not send a reply, the message bus security policy blocked the reply, the reply timeout expired, or the network connection was broken.
[34.008s] DEBUG:colcon.colcon_core.event_reactor:joined thread
[34.013s] INFO:colcon.colcon_core.shell:Creating prefix script '/home/r1/r1_ws/install/local_setup.ps1'
[34.017s] INFO:colcon.colcon_core.shell:Creating prefix util module '/home/r1/r1_ws/install/_local_setup_util_ps1.py'
[34.022s] INFO:colcon.colcon_core.shell:Creating prefix chain script '/home/r1/r1_ws/install/setup.ps1'
[34.029s] INFO:colcon.colcon_core.shell:Creating prefix script '/home/r1/r1_ws/install/local_setup.sh'
[34.031s] INFO:colcon.colcon_core.shell:Creating prefix util module '/home/r1/r1_ws/install/_local_setup_util_sh.py'
[34.033s] INFO:colcon.colcon_core.shell:Creating prefix chain script '/home/r1/r1_ws/install/setup.sh'
[34.040s] INFO:colcon.colcon_core.shell:Creating prefix script '/home/r1/r1_ws/install/local_setup.bash'
[34.043s] INFO:colcon.colcon_core.shell:Creating prefix chain script '/home/r1/r1_ws/install/setup.bash'
[34.049s] INFO:colcon.colcon_core.shell:Creating prefix script '/home/r1/r1_ws/install/local_setup.zsh'
[34.052s] INFO:colcon.colcon_core.shell:Creating prefix chain script '/home/r1/r1_ws/install/setup.zsh'
