[10.051s] Invoking command in '/home/r1/r1_ws/src/voice': PYTHONPATH=/home/r1/r1_ws/build/voice/prefix_override:/home/r1/r1_ws/install/voice/lib/python3.10/site-packages:${PYTHONPATH} /usr/bin/python3 setup.py egg_info --egg-base ../../build/voice build --build-base /home/r1/r1_ws/build/voice/build install --record /home/r1/r1_ws/build/voice/install.log --single-version-externally-managed
[12.446s] running egg_info
[12.449s] writing ../../build/voice/voice.egg-info/PKG-INFO
[12.451s] writing dependency_links to ../../build/voice/voice.egg-info/dependency_links.txt
[12.453s] writing entry points to ../../build/voice/voice.egg-info/entry_points.txt
[12.455s] writing requirements to ../../build/voice/voice.egg-info/requires.txt
[12.457s] writing top-level names to ../../build/voice/voice.egg-info/top_level.txt
[12.468s] reading manifest file '../../build/voice/voice.egg-info/SOURCES.txt'
[12.473s] writing manifest file '../../build/voice/voice.egg-info/SOURCES.txt'
[12.475s] running build
[12.479s] running build_py
[12.486s] running install
[12.488s] /usr/lib/python3/dist-packages/setuptools/command/install.py:34: SetuptoolsDeprecationWarning: setup.py install is deprecated. Use build and pip and other standards-based tools.
[12.489s]   warnings.warn(
[12.492s] running install_lib
[12.504s] running install_data
[12.507s] running install_egg_info
[12.540s] removing '/home/r1/r1_ws/install/voice/lib/python3.10/site-packages/voice-0.0.0-py3.10.egg-info' (and everything under it)
[12.542s] Copying ../../build/voice/voice.egg-info to /home/r1/r1_ws/install/voice/lib/python3.10/site-packages/voice-0.0.0-py3.10.egg-info
[12.562s] running install_scripts
[12.768s] Installing voice_sub script to /home/r1/r1_ws/install/voice/lib/voice
[12.774s] writing list of installed files to '/home/r1/r1_ws/build/voice/install.log'
[13.142s] Invoked command in '/home/r1/r1_ws/src/voice' returned '0': PYTHONPATH=/home/r1/r1_ws/build/voice/prefix_override:/home/r1/r1_ws/install/voice/lib/python3.10/site-packages:${PYTHONPATH} /usr/bin/python3 setup.py egg_info --egg-base ../../build/voice build --build-base /home/r1/r1_ws/build/voice/build install --record /home/r1/r1_ws/build/voice/install.log --single-version-externally-managed
