[7.686s] Invoking command in '/home/r1/r1_ws/src/control': PYTHONPATH=/home/r1/r1_ws/build/control/prefix_override:/home/r1/r1_ws/install/control/lib/python3.10/site-packages:${PYTHONPATH} /usr/bin/python3 setup.py egg_info --egg-base ../../build/control build --build-base /home/r1/r1_ws/build/control/build install --record /home/r1/r1_ws/build/control/install.log --single-version-externally-managed
[9.489s] running egg_info
[9.493s] writing ../../build/control/control.egg-info/PKG-INFO
[9.495s] writing dependency_links to ../../build/control/control.egg-info/dependency_links.txt
[9.496s] writing entry points to ../../build/control/control.egg-info/entry_points.txt
[9.497s] writing requirements to ../../build/control/control.egg-info/requires.txt
[9.498s] writing top-level names to ../../build/control/control.egg-info/top_level.txt
[9.499s] reading manifest file '../../build/control/control.egg-info/SOURCES.txt'
[9.513s] writing manifest file '../../build/control/control.egg-info/SOURCES.txt'
[9.514s] running build
[9.515s] running build_py
[9.520s] running install
[9.523s] /usr/lib/python3/dist-packages/setuptools/command/install.py:34: SetuptoolsDeprecationWarning: setup.py install is deprecated. Use build and pip and other standards-based tools.
[9.527s]   warnings.warn(
[9.528s] running install_lib
[9.540s] running install_data
[9.547s] running install_egg_info
[9.563s] removing '/home/r1/r1_ws/install/control/lib/python3.10/site-packages/control-0.0.0-py3.10.egg-info' (and everything under it)
[9.568s] Copying ../../build/control/control.egg-info to /home/r1/r1_ws/install/control/lib/python3.10/site-packages/control-0.0.0-py3.10.egg-info
[9.588s] running install_scripts
[9.769s] Installing ir_left_pub script to /home/r1/r1_ws/install/control/lib/control
[9.781s] Installing ir_right_pub script to /home/r1/r1_ws/install/control/lib/control
[9.786s] Installing sensors_sub script to /home/r1/r1_ws/install/control/lib/control
[9.790s] Installing us_pub script to /home/r1/r1_ws/install/control/lib/control
[9.794s] writing list of installed files to '/home/r1/r1_ws/build/control/install.log'
[10.020s] Invoked command in '/home/r1/r1_ws/src/control' returned '0': PYTHONPATH=/home/r1/r1_ws/build/control/prefix_override:/home/r1/r1_ws/install/control/lib/python3.10/site-packages:${PYTHONPATH} /usr/bin/python3 setup.py egg_info --egg-base ../../build/control build --build-base /home/r1/r1_ws/build/control/build install --record /home/r1/r1_ws/build/control/install.log --single-version-externally-managed
