[3.273s] Invoking command in '/home/r1/r1_ws/build/control': PYTHONPATH=/home/r1/r1_ws/build/control/prefix_override:/home/r1/r1_ws/install/control/lib/python3.10/site-packages:${PYTHONPATH} /usr/bin/python3 setup.py develop --uninstall --editable --build-directory /home/r1/r1_ws/build/control/build
[4.613s] running develop
[4.615s] /usr/lib/python3/dist-packages/setuptools/command/easy_install.py:158: EasyInstallDeprecationWarning: easy_install command is deprecated. Use build and pip and other standards-based tools.
[4.615s]   warnings.warn(
[4.620s] /usr/lib/python3/dist-packages/setuptools/command/install.py:34: SetuptoolsDeprecationWarning: setup.py install is deprecated. Use build and pip and other standards-based tools.
[4.621s]   warnings.warn(
[5.159s] /usr/lib/python3/dist-packages/pkg_resources/__init__.py:116: PkgResourcesDeprecationWarning: 1.1build1 is an invalid version and will not be supported in a future release
[5.159s]   warnings.warn(
[5.160s] /usr/lib/python3/dist-packages/pkg_resources/__init__.py:116: PkgResourcesDeprecationWarning: 0.1.43ubuntu1 is an invalid version and will not be supported in a future release
[5.160s]   warnings.warn(
[5.855s] Invoked command in '/home/r1/r1_ws/build/control' returned '0': PYTHONPATH=/home/r1/r1_ws/build/control/prefix_override:/home/r1/r1_ws/install/control/lib/python3.10/site-packages:${PYTHONPATH} /usr/bin/python3 setup.py develop --uninstall --editable --build-directory /home/r1/r1_ws/build/control/build
[5.863s] Invoking command in '/home/r1/r1_ws/src/control': PYTHONPATH=/home/r1/r1_ws/build/control/prefix_override:/home/r1/r1_ws/install/control/lib/python3.10/site-packages:${PYTHONPATH} /usr/bin/python3 setup.py egg_info --egg-base ../../build/control build --build-base /home/r1/r1_ws/build/control/build install --record /home/r1/r1_ws/build/control/install.log --single-version-externally-managed
[7.120s] running egg_info
[7.122s] writing ../../build/control/control.egg-info/PKG-INFO
[7.124s] writing dependency_links to ../../build/control/control.egg-info/dependency_links.txt
[7.125s] writing entry points to ../../build/control/control.egg-info/entry_points.txt
[7.126s] writing requirements to ../../build/control/control.egg-info/requires.txt
[7.126s] writing top-level names to ../../build/control/control.egg-info/top_level.txt
[7.135s] reading manifest file '../../build/control/control.egg-info/SOURCES.txt'
[7.139s] writing manifest file '../../build/control/control.egg-info/SOURCES.txt'
[7.140s] running build
[7.140s] running build_py
[7.143s] copying control/head.py -> /home/r1/r1_ws/build/control/build/lib/control
[7.147s] running install
[7.148s] /usr/lib/python3/dist-packages/setuptools/command/install.py:34: SetuptoolsDeprecationWarning: setup.py install is deprecated. Use build and pip and other standards-based tools.
[7.149s]   warnings.warn(
[7.149s] running install_lib
[7.154s] copying /home/r1/r1_ws/build/control/build/lib/control/head.py -> /home/r1/r1_ws/install/control/lib/python3.10/site-packages/control
[7.159s] byte-compiling /home/r1/r1_ws/install/control/lib/python3.10/site-packages/control/head.py to head.cpython-310.pyc
[7.164s] running install_data
[7.166s] running install_egg_info
[7.172s] removing '/home/r1/r1_ws/install/control/lib/python3.10/site-packages/control-0.0.0-py3.10.egg-info' (and everything under it)
[7.174s] Copying ../../build/control/control.egg-info to /home/r1/r1_ws/install/control/lib/python3.10/site-packages/control-0.0.0-py3.10.egg-info
[7.181s] running install_scripts
[7.265s] Installing base_sub script to /home/r1/r1_ws/install/control/lib/control
[7.266s] Installing head_sub script to /home/r1/r1_ws/install/control/lib/control
[7.267s] Installing ir_left_pub script to /home/r1/r1_ws/install/control/lib/control
[7.268s] Installing ir_right_pub script to /home/r1/r1_ws/install/control/lib/control
[7.269s] Installing left_hand_sub script to /home/r1/r1_ws/install/control/lib/control
[7.270s] Installing right_hand_sub script to /home/r1/r1_ws/install/control/lib/control
[7.271s] Installing sensors_sub script to /home/r1/r1_ws/install/control/lib/control
[7.271s] Installing us_pub script to /home/r1/r1_ws/install/control/lib/control
[7.274s] writing list of installed files to '/home/r1/r1_ws/build/control/install.log'
[7.403s] Invoked command in '/home/r1/r1_ws/src/control' returned '0': PYTHONPATH=/home/r1/r1_ws/build/control/prefix_override:/home/r1/r1_ws/install/control/lib/python3.10/site-packages:${PYTHONPATH} /usr/bin/python3 setup.py egg_info --egg-base ../../build/control build --build-base /home/r1/r1_ws/build/control/build install --record /home/r1/r1_ws/build/control/install.log --single-version-externally-managed
