running egg_info
writing ../build/control/control.egg-info/PKG-INFO
writing dependency_links to ../build/control/control.egg-info/dependency_links.txt
writing entry points to ../build/control/control.egg-info/entry_points.txt
writing requirements to ../build/control/control.egg-info/requires.txt
writing top-level names to ../build/control/control.egg-info/top_level.txt
reading manifest file '../build/control/control.egg-info/SOURCES.txt'
/usr/lib/python3/dist-packages/setuptools/command/install.py:34: SetuptoolsDeprecationWarning: setup.py install is deprecated. Use build and pip and other standards-based tools.
  warnings.warn(
writing manifest file '../build/control/control.egg-info/SOURCES.txt'
running build
running build_py
running install
running install_lib
running install_data
running install_egg_info
removing '/home/r1/r1_ws/src/install/control/lib/python3.10/site-packages/control-0.0.0-py3.10.egg-info' (and everything under it)
Copying ../build/control/control.egg-info to /home/r1/r1_ws/src/install/control/lib/python3.10/site-packages/control-0.0.0-py3.10.egg-info
running install_scripts
writing list of installed files to '/home/r1/r1_ws/src/build/control/install.log'
