[5.592s] Invoking command in '/home/r1/r1_ws/src/control': PYTHONPATH=/home/r1/r1_ws/src/build/control/prefix_override:/home/r1/r1_ws/src/install/control/lib/python3.10/site-packages:${PYTHONPATH} /usr/bin/python3 setup.py egg_info --egg-base ../build/control build --build-base /home/r1/r1_ws/src/build/control/build install --record /home/r1/r1_ws/src/build/control/install.log --single-version-externally-managed
[7.365s] running egg_info
[7.379s] writing ../build/control/control.egg-info/PKG-INFO
[7.380s] writing dependency_links to ../build/control/control.egg-info/dependency_links.txt
[7.380s] writing entry points to ../build/control/control.egg-info/entry_points.txt
[7.400s] writing requirements to ../build/control/control.egg-info/requires.txt
[7.400s] writing top-level names to ../build/control/control.egg-info/top_level.txt
[7.401s] reading manifest file '../build/control/control.egg-info/SOURCES.txt'
[7.402s] /usr/lib/python3/dist-packages/setuptools/command/install.py:34: SetuptoolsDeprecationWarning: setup.py install is deprecated. Use build and pip and other standards-based tools.
[7.403s]   warnings.warn(
[7.408s] writing manifest file '../build/control/control.egg-info/SOURCES.txt'
[7.410s] running build
[7.411s] running build_py
[7.411s] running install
[7.416s] running install_lib
[7.417s] running install_data
[7.417s] running install_egg_info
[7.420s] removing '/home/r1/r1_ws/src/install/control/lib/python3.10/site-packages/control-0.0.0-py3.10.egg-info' (and everything under it)
[7.423s] Copying ../build/control/control.egg-info to /home/r1/r1_ws/src/install/control/lib/python3.10/site-packages/control-0.0.0-py3.10.egg-info
[7.428s] running install_scripts
[7.599s] writing list of installed files to '/home/r1/r1_ws/src/build/control/install.log'
[7.732s] Invoked command in '/home/r1/r1_ws/src/control' returned '0': PYTHONPATH=/home/r1/r1_ws/src/build/control/prefix_override:/home/r1/r1_ws/src/install/control/lib/python3.10/site-packages:${PYTHONPATH} /usr/bin/python3 setup.py egg_info --egg-base ../build/control build --build-base /home/r1/r1_ws/src/build/control/build install --record /home/r1/r1_ws/src/build/control/install.log --single-version-externally-managed
