[3.155s] Invoking command in '/home/r1/r1_ws/build/control': PYTHONPATH=/home/r1/r1_ws/build/control/prefix_override:/home/r1/r1_ws/install/control/lib/python3.10/site-packages:${PYTHONPATH} /usr/bin/python3 setup.py develop --uninstall --editable --build-directory /home/r1/r1_ws/build/control/build
[4.530s] running develop
[4.531s] /usr/lib/python3/dist-packages/setuptools/command/easy_install.py:158: EasyInstallDeprecationWarning: easy_install command is deprecated. Use build and pip and other standards-based tools.
[4.532s]   warnings.warn(
[4.538s] /usr/lib/python3/dist-packages/setuptools/command/install.py:34: SetuptoolsDeprecationWarning: setup.py install is deprecated. Use build and pip and other standards-based tools.
[4.538s]   warnings.warn(
[4.889s] /usr/lib/python3/dist-packages/pkg_resources/__init__.py:116: PkgResourcesDeprecationWarning: 1.1build1 is an invalid version and will not be supported in a future release
[4.890s]   warnings.warn(
[4.890s] /usr/lib/python3/dist-packages/pkg_resources/__init__.py:116: PkgResourcesDeprecationWarning: 0.1.43ubuntu1 is an invalid version and will not be supported in a future release
[4.891s]   warnings.warn(
[5.668s] Invoked command in '/home/r1/r1_ws/build/control' returned '0': PYTHONPATH=/home/r1/r1_ws/build/control/prefix_override:/home/r1/r1_ws/install/control/lib/python3.10/site-packages:${PYTHONPATH} /usr/bin/python3 setup.py develop --uninstall --editable --build-directory /home/r1/r1_ws/build/control/build
[5.673s] Invoking command in '/home/r1/r1_ws/src/control': PYTHONPATH=/home/r1/r1_ws/build/control/prefix_override:/home/r1/r1_ws/install/control/lib/python3.10/site-packages:${PYTHONPATH} /usr/bin/python3 setup.py egg_info --egg-base ../../build/control build --build-base /home/r1/r1_ws/build/control/build install --record /home/r1/r1_ws/build/control/install.log --single-version-externally-managed
[6.899s] running egg_info
[6.902s] writing ../../build/control/control.egg-info/PKG-INFO
[6.903s] writing dependency_links to ../../build/control/control.egg-info/dependency_links.txt
[6.904s] writing entry points to ../../build/control/control.egg-info/entry_points.txt
[6.905s] writing requirements to ../../build/control/control.egg-info/requires.txt
[6.906s] writing top-level names to ../../build/control/control.egg-info/top_level.txt
[6.914s] reading manifest file '../../build/control/control.egg-info/SOURCES.txt'
[6.919s] writing manifest file '../../build/control/control.egg-info/SOURCES.txt'
[6.919s] running build
[6.920s] running build_py
[6.921s] copying control/sensors.py -> /home/r1/r1_ws/build/control/build/lib/control
[6.922s] copying control/eyes.py -> /home/r1/r1_ws/build/control/build/lib/control
[6.924s] copying control/base.py -> /home/r1/r1_ws/build/control/build/lib/control
[6.925s] copying control/base_test.py -> /home/r1/r1_ws/build/control/build/lib/control
[6.928s] running install
[6.929s] /usr/lib/python3/dist-packages/setuptools/command/install.py:34: SetuptoolsDeprecationWarning: setup.py install is deprecated. Use build and pip and other standards-based tools.
[6.929s]   warnings.warn(
[6.930s] running install_lib
[6.933s] copying /home/r1/r1_ws/build/control/build/lib/control/sensors.py -> /home/r1/r1_ws/install/control/lib/python3.10/site-packages/control
[6.935s] copying /home/r1/r1_ws/build/control/build/lib/control/eyes.py -> /home/r1/r1_ws/install/control/lib/python3.10/site-packages/control
[6.937s] copying /home/r1/r1_ws/build/control/build/lib/control/base.py -> /home/r1/r1_ws/install/control/lib/python3.10/site-packages/control
[6.937s] copying /home/r1/r1_ws/build/control/build/lib/control/base_test.py -> /home/r1/r1_ws/install/control/lib/python3.10/site-packages/control
[6.941s] byte-compiling /home/r1/r1_ws/install/control/lib/python3.10/site-packages/control/sensors.py to sensors.cpython-310.pyc
[6.946s] byte-compiling /home/r1/r1_ws/install/control/lib/python3.10/site-packages/control/eyes.py to eyes.cpython-310.pyc
[6.949s] byte-compiling /home/r1/r1_ws/install/control/lib/python3.10/site-packages/control/base.py to base.cpython-310.pyc
[6.953s] byte-compiling /home/r1/r1_ws/install/control/lib/python3.10/site-packages/control/base_test.py to base_test.cpython-310.pyc
[6.956s] running install_data
[6.959s] running install_egg_info
[6.965s] removing '/home/r1/r1_ws/install/control/lib/python3.10/site-packages/control-0.0.0-py3.10.egg-info' (and everything under it)
[6.967s] Copying ../../build/control/control.egg-info to /home/r1/r1_ws/install/control/lib/python3.10/site-packages/control-0.0.0-py3.10.egg-info
[6.973s] running install_scripts
[7.052s] Installing base_sub script to /home/r1/r1_ws/install/control/lib/control
[7.053s] Installing head_sub script to /home/r1/r1_ws/install/control/lib/control
[7.054s] Installing ir_left_pub script to /home/r1/r1_ws/install/control/lib/control
[7.055s] Installing ir_right_pub script to /home/r1/r1_ws/install/control/lib/control
[7.056s] Installing left_hand_sub script to /home/r1/r1_ws/install/control/lib/control
[7.057s] Installing right_hand_sub script to /home/r1/r1_ws/install/control/lib/control
[7.058s] Installing sensors_sub script to /home/r1/r1_ws/install/control/lib/control
[7.059s] Installing us_pub script to /home/r1/r1_ws/install/control/lib/control
[7.061s] writing list of installed files to '/home/r1/r1_ws/build/control/install.log'
[7.185s] Invoked command in '/home/r1/r1_ws/src/control' returned '0': PYTHONPATH=/home/r1/r1_ws/build/control/prefix_override:/home/r1/r1_ws/install/control/lib/python3.10/site-packages:${PYTHONPATH} /usr/bin/python3 setup.py egg_info --egg-base ../../build/control build --build-base /home/r1/r1_ws/build/control/build install --record /home/r1/r1_ws/build/control/install.log --single-version-externally-managed
