[6.919s] Invoking command in '/home/r1/r1_ws/build/camera': PYTHONPATH=/home/r1/r1_ws/build/camera/prefix_override:/home/r1/r1_ws/install/camera/lib/python3.10/site-packages:${PYTHONPATH} /usr/bin/python3 setup.py develop --editable --build-directory /home/r1/r1_ws/build/camera/build --no-deps install_data
[8.826s] running develop
[8.829s] /usr/lib/python3/dist-packages/setuptools/command/easy_install.py:158: EasyInstallDeprecationWarning: easy_install command is deprecated. Use build and pip and other standards-based tools.
[8.830s]   warnings.warn(
[8.835s] /usr/lib/python3/dist-packages/setuptools/command/install.py:34: SetuptoolsDeprecationWarning: setup.py install is deprecated. Use build and pip and other standards-based tools.
[8.836s]   warnings.warn(
[9.218s] /usr/lib/python3/dist-packages/pkg_resources/__init__.py:116: PkgResourcesDeprecationWarning: 1.1build1 is an invalid version and will not be supported in a future release
[9.218s]   warnings.warn(
[9.222s] /usr/lib/python3/dist-packages/pkg_resources/__init__.py:116: PkgResourcesDeprecationWarning: 0.1.43ubuntu1 is an invalid version and will not be supported in a future release
[9.223s]   warnings.warn(
[10.034s] running egg_info
[10.035s] writing camera.egg-info/PKG-INFO
[10.037s] writing dependency_links to camera.egg-info/dependency_links.txt
[10.037s] writing entry points to camera.egg-info/entry_points.txt
[10.038s] writing requirements to camera.egg-info/requires.txt
[10.038s] writing top-level names to camera.egg-info/top_level.txt
[10.048s] reading manifest file 'camera.egg-info/SOURCES.txt'
[10.055s] writing manifest file 'camera.egg-info/SOURCES.txt'
[10.064s] running build_ext
[10.067s] Creating /home/r1/r1_ws/install/camera/lib/python3.10/site-packages/camera.egg-link (link to .)
[10.079s] Installing frames_sub script to /home/r1/r1_ws/install/camera/lib/camera
[10.090s] Installing img_pub script to /home/r1/r1_ws/install/camera/lib/camera
[10.094s] 
[10.095s] Installed /home/r1/r1_ws/build/camera
[10.101s] running install_data
[10.315s] Invoked command in '/home/r1/r1_ws/build/camera' returned '0': PYTHONPATH=/home/r1/r1_ws/build/camera/prefix_override:/home/r1/r1_ws/install/camera/lib/python3.10/site-packages:${PYTHONPATH} /usr/bin/python3 setup.py develop --editable --build-directory /home/r1/r1_ws/build/camera/build --no-deps install_data
