[6.448s] Invoking command in '/home/r1/r1_ws/src/camera': PYTHONPATH=/home/r1/r1_ws/build/camera/prefix_override:/home/r1/r1_ws/install/camera/lib/python3.10/site-packages:${PYTHONPATH} /usr/bin/python3 setup.py egg_info --egg-base ../../build/camera build --build-base /home/r1/r1_ws/build/camera/build install --record /home/r1/r1_ws/build/camera/install.log --single-version-externally-managed
[7.982s] running egg_info
[7.986s] writing ../../build/camera/camera.egg-info/PKG-INFO
[7.987s] writing dependency_links to ../../build/camera/camera.egg-info/dependency_links.txt
[7.988s] writing entry points to ../../build/camera/camera.egg-info/entry_points.txt
[7.990s] writing requirements to ../../build/camera/camera.egg-info/requires.txt
[7.991s] writing top-level names to ../../build/camera/camera.egg-info/top_level.txt
[8.001s] reading manifest file '../../build/camera/camera.egg-info/SOURCES.txt'
[8.006s] writing manifest file '../../build/camera/camera.egg-info/SOURCES.txt'
[8.007s] running build
[8.008s] running build_py
[8.010s] running install
[8.011s] /usr/lib/python3/dist-packages/setuptools/command/install.py:34: SetuptoolsDeprecationWarning: setup.py install is deprecated. Use build and pip and other standards-based tools.
[8.011s]   warnings.warn(
[8.012s] running install_lib
[8.022s] running install_data
[8.025s] running install_egg_info
[8.034s] removing '/home/r1/r1_ws/install/camera/lib/python3.10/site-packages/camera-0.0.0-py3.10.egg-info' (and everything under it)
[8.037s] Copying ../../build/camera/camera.egg-info to /home/r1/r1_ws/install/camera/lib/python3.10/site-packages/camera-0.0.0-py3.10.egg-info
[8.045s] running install_scripts
[8.172s] Installing frames_sub script to /home/r1/r1_ws/install/camera/lib/camera
[8.174s] Installing img_pub script to /home/r1/r1_ws/install/camera/lib/camera
[8.178s] writing list of installed files to '/home/r1/r1_ws/build/camera/install.log'
[8.488s] Invoked command in '/home/r1/r1_ws/src/camera' returned '0': PYTHONPATH=/home/r1/r1_ws/build/camera/prefix_override:/home/r1/r1_ws/install/camera/lib/python3.10/site-packages:${PYTHONPATH} /usr/bin/python3 setup.py egg_info --egg-base ../../build/camera build --build-base /home/r1/r1_ws/build/camera/build install --record /home/r1/r1_ws/build/camera/install.log --single-version-externally-managed
