[7.581s] Invoking command in '/home/r1/r1_ws/src/control': PYTHONPATH=/home/r1/r1_ws/build/control/prefix_override:/home/r1/r1_ws/install/control/lib/python3.10/site-packages:${PYTHONPATH} /usr/bin/python3 setup.py egg_info --egg-base ../../build/control build --build-base /home/r1/r1_ws/build/control/build install --record /home/r1/r1_ws/build/control/install.log --single-version-externally-managed
[9.600s] running egg_info
[9.605s] writing ../../build/control/control.egg-info/PKG-INFO
[9.606s] writing dependency_links to ../../build/control/control.egg-info/dependency_links.txt
[9.610s] writing entry points to ../../build/control/control.egg-info/entry_points.txt
[9.610s] writing requirements to ../../build/control/control.egg-info/requires.txt
[9.612s] writing top-level names to ../../build/control/control.egg-info/top_level.txt
[9.617s] reading manifest file '../../build/control/control.egg-info/SOURCES.txt'
[9.621s] writing manifest file '../../build/control/control.egg-info/SOURCES.txt'
[9.625s] running build
[9.625s] running build_py
[9.627s] running install
[9.627s] /usr/lib/python3/dist-packages/setuptools/command/install.py:34: SetuptoolsDeprecationWarning: setup.py install is deprecated. Use build and pip and other standards-based tools.
[9.631s]   warnings.warn(
[9.631s] running install_lib
[9.641s] running install_data
[9.641s] running install_egg_info
[9.653s] removing '/home/r1/r1_ws/install/control/lib/python3.10/site-packages/control-0.0.0-py3.10.egg-info' (and everything under it)
[9.653s] Copying ../../build/control/control.egg-info to /home/r1/r1_ws/install/control/lib/python3.10/site-packages/control-0.0.0-py3.10.egg-info
[9.656s] running install_scripts
[9.754s] Installing ir_left_pub script to /home/r1/r1_ws/install/control/lib/control
[9.757s] Installing ir_right_pub script to /home/r1/r1_ws/install/control/lib/control
[9.761s] Installing sensors_sub script to /home/r1/r1_ws/install/control/lib/control
[9.762s] Installing us_pub script to /home/r1/r1_ws/install/control/lib/control
[9.766s] writing list of installed files to '/home/r1/r1_ws/build/control/install.log'
[9.992s] Invoked command in '/home/r1/r1_ws/src/control' returned '0': PYTHONPATH=/home/r1/r1_ws/build/control/prefix_override:/home/r1/r1_ws/install/control/lib/python3.10/site-packages:${PYTHONPATH} /usr/bin/python3 setup.py egg_info --egg-base ../../build/control build --build-base /home/r1/r1_ws/build/control/build install --record /home/r1/r1_ws/build/control/install.log --single-version-externally-managed
