[4.615s] Invoking command in '/home/r1/r1_ws/src/control': PYTHONPATH=/home/r1/r1_ws/build/control/prefix_override:/home/r1/r1_ws/install/control/lib/python3.10/site-packages:${PYTHONPATH} /usr/bin/python3 setup.py egg_info --egg-base ../../build/control build --build-base /home/r1/r1_ws/build/control/build install --record /home/r1/r1_ws/build/control/install.log --single-version-externally-managed
[5.969s] running egg_info
[5.972s] writing ../../build/control/control.egg-info/PKG-INFO
[5.973s] writing dependency_links to ../../build/control/control.egg-info/dependency_links.txt
[5.974s] writing entry points to ../../build/control/control.egg-info/entry_points.txt
[5.975s] writing requirements to ../../build/control/control.egg-info/requires.txt
[5.976s] writing top-level names to ../../build/control/control.egg-info/top_level.txt
[5.986s] reading manifest file '../../build/control/control.egg-info/SOURCES.txt'
[5.990s] writing manifest file '../../build/control/control.egg-info/SOURCES.txt'
[5.991s] running build
[5.991s] running build_py
[5.994s] running install
[5.995s] /usr/lib/python3/dist-packages/setuptools/command/install.py:34: SetuptoolsDeprecationWarning: setup.py install is deprecated. Use build and pip and other standards-based tools.
[5.997s]   warnings.warn(
[5.998s] running install_lib
[6.004s] running install_data
[6.007s] running install_egg_info
[6.014s] removing '/home/r1/r1_ws/install/control/lib/python3.10/site-packages/control-0.0.0-py3.10.egg-info' (and everything under it)
[6.016s] Copying ../../build/control/control.egg-info to /home/r1/r1_ws/install/control/lib/python3.10/site-packages/control-0.0.0-py3.10.egg-info
[6.023s] running install_scripts
[6.148s] writing list of installed files to '/home/r1/r1_ws/build/control/install.log'
[6.333s] Invoked command in '/home/r1/r1_ws/src/control' returned '0': PYTHONPATH=/home/r1/r1_ws/build/control/prefix_override:/home/r1/r1_ws/install/control/lib/python3.10/site-packages:${PYTHONPATH} /usr/bin/python3 setup.py egg_info --egg-base ../../build/control build --build-base /home/r1/r1_ws/build/control/build install --record /home/r1/r1_ws/build/control/install.log --single-version-externally-managed
