[12.267s] Invoking command in '/home/r1/r1_ws/build/control': PYTHONPATH=/home/r1/r1_ws/build/control/prefix_override:/home/r1/r1_ws/install/control/lib/python3.10/site-packages:${PYTHONPATH} /usr/bin/python3 setup.py develop --uninstall --editable --build-directory /home/r1/r1_ws/build/control/build
[16.947s] running develop
[16.956s] /usr/lib/python3/dist-packages/setuptools/command/easy_install.py:158: EasyInstallDeprecationWarning: easy_install command is deprecated. Use build and pip and other standards-based tools.
[16.957s]   warnings.warn(
[16.967s] /usr/lib/python3/dist-packages/setuptools/command/install.py:34: SetuptoolsDeprecationWarning: setup.py install is deprecated. Use build and pip and other standards-based tools.
[16.967s]   warnings.warn(
[18.277s] /usr/lib/python3/dist-packages/pkg_resources/__init__.py:116: PkgResourcesDeprecationWarning: 1.1build1 is an invalid version and will not be supported in a future release
[18.277s]   warnings.warn(
[18.279s] /usr/lib/python3/dist-packages/pkg_resources/__init__.py:116: PkgResourcesDeprecationWarning: 0.1.43ubuntu1 is an invalid version and will not be supported in a future release
[18.280s]   warnings.warn(
[19.533s] Invoked command in '/home/r1/r1_ws/build/control' returned '0': PYTHONPATH=/home/r1/r1_ws/build/control/prefix_override:/home/r1/r1_ws/install/control/lib/python3.10/site-packages:${PYTHONPATH} /usr/bin/python3 setup.py develop --uninstall --editable --build-directory /home/r1/r1_ws/build/control/build
[19.535s] Invoking command in '/home/r1/r1_ws/src/control': PYTHONPATH=/home/r1/r1_ws/build/control/prefix_override:/home/r1/r1_ws/install/control/lib/python3.10/site-packages:${PYTHONPATH} /usr/bin/python3 setup.py egg_info --egg-base ../../build/control build --build-base /home/r1/r1_ws/build/control/build install --record /home/r1/r1_ws/build/control/install.log --single-version-externally-managed
[22.372s] running egg_info
[22.376s] writing ../../build/control/control.egg-info/PKG-INFO
[22.377s] writing dependency_links to ../../build/control/control.egg-info/dependency_links.txt
[22.379s] writing entry points to ../../build/control/control.egg-info/entry_points.txt
[22.380s] writing requirements to ../../build/control/control.egg-info/requires.txt
[22.381s] writing top-level names to ../../build/control/control.egg-info/top_level.txt
[22.392s] reading manifest file '../../build/control/control.egg-info/SOURCES.txt'
[22.398s] writing manifest file '../../build/control/control.egg-info/SOURCES.txt'
[22.399s] running build
[22.402s] running build_py
[22.402s] copying control/eyes.py -> /home/r1/r1_ws/build/control/build/lib/control
[22.406s] running install
[22.407s] /usr/lib/python3/dist-packages/setuptools/command/install.py:34: SetuptoolsDeprecationWarning: setup.py install is deprecated. Use build and pip and other standards-based tools.
[22.408s]   warnings.warn(
[22.408s] running install_lib
[22.425s] copying /home/r1/r1_ws/build/control/build/lib/control/eyes.py -> /home/r1/r1_ws/install/control/lib/python3.10/site-packages/control
[22.433s] byte-compiling /home/r1/r1_ws/install/control/lib/python3.10/site-packages/control/eyes.py to eyes.cpython-310.pyc
[22.439s] running install_data
[22.442s] running install_egg_info
[22.450s] removing '/home/r1/r1_ws/install/control/lib/python3.10/site-packages/control-0.0.0-py3.10.egg-info' (and everything under it)
[22.452s] Copying ../../build/control/control.egg-info to /home/r1/r1_ws/install/control/lib/python3.10/site-packages/control-0.0.0-py3.10.egg-info
[22.460s] running install_scripts
[22.572s] Installing base_sub script to /home/r1/r1_ws/install/control/lib/control
[22.575s] Installing eyes_sub script to /home/r1/r1_ws/install/control/lib/control
[22.578s] Installing head_sub script to /home/r1/r1_ws/install/control/lib/control
[22.580s] Installing ir_left_pub script to /home/r1/r1_ws/install/control/lib/control
[22.583s] Installing ir_right_pub script to /home/r1/r1_ws/install/control/lib/control
[22.585s] Installing left_hand_sub script to /home/r1/r1_ws/install/control/lib/control
[22.586s] Installing right_hand_sub script to /home/r1/r1_ws/install/control/lib/control
[22.587s] Installing sensors_sub script to /home/r1/r1_ws/install/control/lib/control
[22.593s] Installing us_pub script to /home/r1/r1_ws/install/control/lib/control
[22.598s] writing list of installed files to '/home/r1/r1_ws/build/control/install.log'
[22.826s] Invoked command in '/home/r1/r1_ws/src/control' returned '0': PYTHONPATH=/home/r1/r1_ws/build/control/prefix_override:/home/r1/r1_ws/install/control/lib/python3.10/site-packages:${PYTHONPATH} /usr/bin/python3 setup.py egg_info --egg-base ../../build/control build --build-base /home/r1/r1_ws/build/control/build install --record /home/r1/r1_ws/build/control/install.log --single-version-externally-managed
