[9.872s] Invoking command in '/home/r1/r1_ws/src/camera': PYTHONPATH=/home/r1/r1_ws/build/camera/prefix_override:/home/r1/r1_ws/install/camera/lib/python3.10/site-packages:${PYTHONPATH} /usr/bin/python3 setup.py egg_info --egg-base ../../build/camera build --build-base /home/r1/r1_ws/build/camera/build install --record /home/r1/r1_ws/build/camera/install.log --single-version-externally-managed
[12.563s] running egg_info
[12.567s] writing ../../build/camera/camera.egg-info/PKG-INFO
[12.569s] writing dependency_links to ../../build/camera/camera.egg-info/dependency_links.txt
[12.571s] writing entry points to ../../build/camera/camera.egg-info/entry_points.txt
[12.575s] writing requirements to ../../build/camera/camera.egg-info/requires.txt
[12.579s] writing top-level names to ../../build/camera/camera.egg-info/top_level.txt
[12.593s] reading manifest file '../../build/camera/camera.egg-info/SOURCES.txt'
[12.601s] writing manifest file '../../build/camera/camera.egg-info/SOURCES.txt'
[12.604s] running build
[12.605s] running build_py
[12.610s] running install
[12.612s] /usr/lib/python3/dist-packages/setuptools/command/install.py:34: SetuptoolsDeprecationWarning: setup.py install is deprecated. Use build and pip and other standards-based tools.
[12.613s]   warnings.warn(
[12.616s] running install_lib
[12.630s] running install_data
[12.635s] running install_egg_info
[12.647s] removing '/home/r1/r1_ws/install/camera/lib/python3.10/site-packages/camera-0.0.0-py3.10.egg-info' (and everything under it)
[12.653s] Copying ../../build/camera/camera.egg-info to /home/r1/r1_ws/install/camera/lib/python3.10/site-packages/camera-0.0.0-py3.10.egg-info
[12.663s] running install_scripts
[12.789s] Installing frames_sub script to /home/r1/r1_ws/install/camera/lib/camera
[12.792s] Installing img_pub script to /home/r1/r1_ws/install/camera/lib/camera
[12.795s] writing list of installed files to '/home/r1/r1_ws/build/camera/install.log'
[13.051s] Invoked command in '/home/r1/r1_ws/src/camera' returned '0': PYTHONPATH=/home/r1/r1_ws/build/camera/prefix_override:/home/r1/r1_ws/install/camera/lib/python3.10/site-packages:${PYTHONPATH} /usr/bin/python3 setup.py egg_info --egg-base ../../build/camera build --build-base /home/r1/r1_ws/build/camera/build install --record /home/r1/r1_ws/build/camera/install.log --single-version-externally-managed
