[9.094s] Invoking command in '/home/r1/r1_ws/build/control': PYTHONPATH=/home/r1/r1_ws/build/control/prefix_override:/home/r1/r1_ws/install/control/lib/python3.10/site-packages:${PYTHONPATH} /usr/bin/python3 setup.py develop --uninstall --editable --build-directory /home/r1/r1_ws/build/control/build
[10.957s] running develop
[10.960s] /usr/lib/python3/dist-packages/setuptools/command/easy_install.py:158: EasyInstallDeprecationWarning: easy_install command is deprecated. Use build and pip and other standards-based tools.
[10.961s]   warnings.warn(
[10.964s] /usr/lib/python3/dist-packages/setuptools/command/install.py:34: SetuptoolsDeprecationWarning: setup.py install is deprecated. Use build and pip and other standards-based tools.
[10.965s]   warnings.warn(
[11.525s] /usr/lib/python3/dist-packages/pkg_resources/__init__.py:116: PkgResourcesDeprecationWarning: 1.1build1 is an invalid version and will not be supported in a future release
[11.525s]   warnings.warn(
[11.528s] /usr/lib/python3/dist-packages/pkg_resources/__init__.py:116: PkgResourcesDeprecationWarning: 0.1.43ubuntu1 is an invalid version and will not be supported in a future release
[11.529s]   warnings.warn(
[13.575s] Invoked command in '/home/r1/r1_ws/build/control' returned '0': PYTHONPATH=/home/r1/r1_ws/build/control/prefix_override:/home/r1/r1_ws/install/control/lib/python3.10/site-packages:${PYTHONPATH} /usr/bin/python3 setup.py develop --uninstall --editable --build-directory /home/r1/r1_ws/build/control/build
[13.579s] Invoking command in '/home/r1/r1_ws/src/control': PYTHONPATH=/home/r1/r1_ws/build/control/prefix_override:/home/r1/r1_ws/install/control/lib/python3.10/site-packages:${PYTHONPATH} /usr/bin/python3 setup.py egg_info --egg-base ../../build/control build --build-base /home/r1/r1_ws/build/control/build install --record /home/r1/r1_ws/build/control/install.log --single-version-externally-managed
[16.116s] running egg_info
[16.119s] writing ../../build/control/control.egg-info/PKG-INFO
[16.121s] writing dependency_links to ../../build/control/control.egg-info/dependency_links.txt
[16.123s] writing entry points to ../../build/control/control.egg-info/entry_points.txt
[16.125s] writing requirements to ../../build/control/control.egg-info/requires.txt
[16.128s] writing top-level names to ../../build/control/control.egg-info/top_level.txt
[16.135s] reading manifest file '../../build/control/control.egg-info/SOURCES.txt'
[16.142s] writing manifest file '../../build/control/control.egg-info/SOURCES.txt'
[16.145s] running build
[16.145s] running build_py
[16.148s] copying control/arms.py -> /home/r1/r1_ws/build/control/build/lib/control
[16.150s] running install
[16.151s] /usr/lib/python3/dist-packages/setuptools/command/install.py:34: SetuptoolsDeprecationWarning: setup.py install is deprecated. Use build and pip and other standards-based tools.
[16.152s]   warnings.warn(
[16.152s] running install_lib
[16.156s] copying /home/r1/r1_ws/build/control/build/lib/control/arms.py -> /home/r1/r1_ws/install/control/lib/python3.10/site-packages/control
[16.162s] byte-compiling /home/r1/r1_ws/install/control/lib/python3.10/site-packages/control/arms.py to arms.cpython-310.pyc
[16.175s] running install_data
[16.175s] running install_egg_info
[16.185s] removing '/home/r1/r1_ws/install/control/lib/python3.10/site-packages/control-1.0.0-py3.10.egg-info' (and everything under it)
[16.185s] Copying ../../build/control/control.egg-info to /home/r1/r1_ws/install/control/lib/python3.10/site-packages/control-1.0.0-py3.10.egg-info
[16.206s] running install_scripts
[16.360s] Installing arms_sub script to /home/r1/r1_ws/install/control/lib/control
[16.364s] Installing base_sub script to /home/r1/r1_ws/install/control/lib/control
[16.368s] Installing eyes_sub script to /home/r1/r1_ws/install/control/lib/control
[16.369s] Installing head_sub script to /home/r1/r1_ws/install/control/lib/control
[16.371s] Installing ir_left_pub script to /home/r1/r1_ws/install/control/lib/control
[16.372s] Installing ir_right_pub script to /home/r1/r1_ws/install/control/lib/control
[16.373s] Installing left_hand_sub script to /home/r1/r1_ws/install/control/lib/control
[16.375s] Installing right_hand_sub script to /home/r1/r1_ws/install/control/lib/control
[16.380s] Installing sensors_sub script to /home/r1/r1_ws/install/control/lib/control
[16.392s] Installing us_pub script to /home/r1/r1_ws/install/control/lib/control
[16.402s] writing list of installed files to '/home/r1/r1_ws/build/control/install.log'
[16.693s] Invoked command in '/home/r1/r1_ws/src/control' returned '0': PYTHONPATH=/home/r1/r1_ws/build/control/prefix_override:/home/r1/r1_ws/install/control/lib/python3.10/site-packages:${PYTHONPATH} /usr/bin/python3 setup.py egg_info --egg-base ../../build/control build --build-base /home/r1/r1_ws/build/control/build install --record /home/r1/r1_ws/build/control/install.log --single-version-externally-managed
