[9.571s] Invoking command in '/home/r1/r1_ws/src/voice': PYTHONPATH=/home/r1/r1_ws/build/voice/prefix_override:/home/r1/r1_ws/install/voice/lib/python3.10/site-packages:${PYTHONPATH} /usr/bin/python3 setup.py egg_info --egg-base ../../build/voice build --build-base /home/r1/r1_ws/build/voice/build install --record /home/r1/r1_ws/build/voice/install.log --single-version-externally-managed
[12.615s] running egg_info
[12.623s] writing ../../build/voice/voice.egg-info/PKG-INFO
[12.627s] writing dependency_links to ../../build/voice/voice.egg-info/dependency_links.txt
[12.635s] writing entry points to ../../build/voice/voice.egg-info/entry_points.txt
[12.636s] writing requirements to ../../build/voice/voice.egg-info/requires.txt
[12.636s] writing top-level names to ../../build/voice/voice.egg-info/top_level.txt
[12.637s] reading manifest file '../../build/voice/voice.egg-info/SOURCES.txt'
[12.637s] writing manifest file '../../build/voice/voice.egg-info/SOURCES.txt'
[12.638s] running build
[12.644s] running build_py
[12.647s] /usr/lib/python3/dist-packages/setuptools/command/install.py:34: SetuptoolsDeprecationWarning: setup.py install is deprecated. Use build and pip and other standards-based tools.
[12.648s]   warnings.warn(
[12.657s] running install
[12.658s] running install_lib
[12.659s] running install_data
[12.660s] running install_egg_info
[12.698s] removing '/home/r1/r1_ws/install/voice/lib/python3.10/site-packages/voice-0.0.0-py3.10.egg-info' (and everything under it)
[12.699s] Copying ../../build/voice/voice.egg-info to /home/r1/r1_ws/install/voice/lib/python3.10/site-packages/voice-0.0.0-py3.10.egg-info
[12.709s] running install_scripts
[12.820s] Installing voice_sub script to /home/r1/r1_ws/install/voice/lib/voice
[12.822s] writing list of installed files to '/home/r1/r1_ws/build/voice/install.log'
[13.004s] Invoked command in '/home/r1/r1_ws/src/voice' returned '0': PYTHONPATH=/home/r1/r1_ws/build/voice/prefix_override:/home/r1/r1_ws/install/voice/lib/python3.10/site-packages:${PYTHONPATH} /usr/bin/python3 setup.py egg_info --egg-base ../../build/voice build --build-base /home/r1/r1_ws/build/voice/build install --record /home/r1/r1_ws/build/voice/install.log --single-version-externally-managed
