[11.096s] Invoking command in '/home/r1/r1_ws/build/camera': PYTHONPATH=/home/r1/r1_ws/build/camera/prefix_override:/home/r1/r1_ws/install/camera/lib/python3.10/site-packages:${PYTHONPATH} /usr/bin/python3 setup.py develop --uninstall --editable --build-directory /home/r1/r1_ws/build/camera/build
[13.287s] running develop
[13.288s] /usr/lib/python3/dist-packages/setuptools/command/easy_install.py:158: EasyInstallDeprecationWarning: easy_install command is deprecated. Use build and pip and other standards-based tools.
[13.290s]   warnings.warn(
[13.297s] /usr/lib/python3/dist-packages/setuptools/command/install.py:34: SetuptoolsDeprecationWarning: setup.py install is deprecated. Use build and pip and other standards-based tools.
[13.297s]   warnings.warn(
[14.018s] /usr/lib/python3/dist-packages/pkg_resources/__init__.py:116: PkgResourcesDeprecationWarning: 1.1build1 is an invalid version and will not be supported in a future release
[14.019s]   warnings.warn(
[14.020s] /usr/lib/python3/dist-packages/pkg_resources/__init__.py:116: PkgResourcesDeprecationWarning: 0.1.43ubuntu1 is an invalid version and will not be supported in a future release
[14.021s]   warnings.warn(
[15.298s] Invoked command in '/home/r1/r1_ws/build/camera' returned '0': PYTHONPATH=/home/r1/r1_ws/build/camera/prefix_override:/home/r1/r1_ws/install/camera/lib/python3.10/site-packages:${PYTHONPATH} /usr/bin/python3 setup.py develop --uninstall --editable --build-directory /home/r1/r1_ws/build/camera/build
[15.308s] Invoking command in '/home/r1/r1_ws/src/camera': PYTHONPATH=/home/r1/r1_ws/build/camera/prefix_override:/home/r1/r1_ws/install/camera/lib/python3.10/site-packages:${PYTHONPATH} /usr/bin/python3 setup.py egg_info --egg-base ../../build/camera build --build-base /home/r1/r1_ws/build/camera/build install --record /home/r1/r1_ws/build/camera/install.log --single-version-externally-managed
[17.126s] running egg_info
[17.130s] writing ../../build/camera/camera.egg-info/PKG-INFO
[17.131s] writing dependency_links to ../../build/camera/camera.egg-info/dependency_links.txt
[17.133s] writing entry points to ../../build/camera/camera.egg-info/entry_points.txt
[17.134s] writing requirements to ../../build/camera/camera.egg-info/requires.txt
[17.135s] writing top-level names to ../../build/camera/camera.egg-info/top_level.txt
[17.146s] reading manifest file '../../build/camera/camera.egg-info/SOURCES.txt'
[17.152s] writing manifest file '../../build/camera/camera.egg-info/SOURCES.txt'
[17.152s] running build
[17.153s] running build_py
[17.156s] running install
[17.156s] /usr/lib/python3/dist-packages/setuptools/command/install.py:34: SetuptoolsDeprecationWarning: setup.py install is deprecated. Use build and pip and other standards-based tools.
[17.158s]   warnings.warn(
[17.158s] running install_lib
[17.169s] running install_data
[17.172s] running install_egg_info
[17.180s] removing '/home/r1/r1_ws/install/camera/lib/python3.10/site-packages/camera-0.0.0-py3.10.egg-info' (and everything under it)
[17.182s] Copying ../../build/camera/camera.egg-info to /home/r1/r1_ws/install/camera/lib/python3.10/site-packages/camera-0.0.0-py3.10.egg-info
[17.189s] running install_scripts
[17.308s] Installing camera_node script to /home/r1/r1_ws/install/camera/lib/camera
[17.309s] Installing frames_sub script to /home/r1/r1_ws/install/camera/lib/camera
[17.310s] Installing img_pub script to /home/r1/r1_ws/install/camera/lib/camera
[17.311s] Installing path_planning_node script to /home/r1/r1_ws/install/camera/lib/camera
[17.314s] writing list of installed files to '/home/r1/r1_ws/build/camera/install.log'
[17.541s] Invoked command in '/home/r1/r1_ws/src/camera' returned '0': PYTHONPATH=/home/r1/r1_ws/build/camera/prefix_override:/home/r1/r1_ws/install/camera/lib/python3.10/site-packages:${PYTHONPATH} /usr/bin/python3 setup.py egg_info --egg-base ../../build/camera build --build-base /home/r1/r1_ws/build/camera/build install --record /home/r1/r1_ws/build/camera/install.log --single-version-externally-managed
