[9.108s] Invoking command in '/home/r1/r1_ws/src/camera': PYTHONPATH=/home/r1/r1_ws/build/camera/prefix_override:/home/r1/r1_ws/install/camera/lib/python3.10/site-packages:${PYTHONPATH} /usr/bin/python3 setup.py egg_info --egg-base ../../build/camera build --build-base /home/r1/r1_ws/build/camera/build install --record /home/r1/r1_ws/build/camera/install.log --single-version-externally-managed
[11.965s] running egg_info
[11.970s] writing ../../build/camera/camera.egg-info/PKG-INFO
[11.977s] writing dependency_links to ../../build/camera/camera.egg-info/dependency_links.txt
[11.980s] writing entry points to ../../build/camera/camera.egg-info/entry_points.txt
[11.984s] writing requirements to ../../build/camera/camera.egg-info/requires.txt
[11.985s] writing top-level names to ../../build/camera/camera.egg-info/top_level.txt
[11.994s] reading manifest file '../../build/camera/camera.egg-info/SOURCES.txt'
[11.999s] writing manifest file '../../build/camera/camera.egg-info/SOURCES.txt'
[12.001s] running build
[12.003s] running build_py
[12.005s] /usr/lib/python3/dist-packages/setuptools/command/install.py:34: SetuptoolsDeprecationWarning: setup.py install is deprecated. Use build and pip and other standards-based tools.
[12.007s]   warnings.warn(
[12.010s] running install
[12.011s] running install_lib
[12.031s] running install_data
[12.037s] running install_egg_info
[12.045s] removing '/home/r1/r1_ws/install/camera/lib/python3.10/site-packages/camera-0.0.0-py3.10.egg-info' (and everything under it)
[12.048s] Copying ../../build/camera/camera.egg-info to /home/r1/r1_ws/install/camera/lib/python3.10/site-packages/camera-0.0.0-py3.10.egg-info
[12.057s] running install_scripts
[12.214s] Installing frames_sub script to /home/r1/r1_ws/install/camera/lib/camera
[12.218s] Installing img_pub script to /home/r1/r1_ws/install/camera/lib/camera
[12.239s] writing list of installed files to '/home/r1/r1_ws/build/camera/install.log'
[12.543s] Invoked command in '/home/r1/r1_ws/src/camera' returned '0': PYTHONPATH=/home/r1/r1_ws/build/camera/prefix_override:/home/r1/r1_ws/install/camera/lib/python3.10/site-packages:${PYTHONPATH} /usr/bin/python3 setup.py egg_info --egg-base ../../build/camera build --build-base /home/r1/r1_ws/build/camera/build install --record /home/r1/r1_ws/build/camera/install.log --single-version-externally-managed
