[6.421s] Invoking command in '/home/r1/r1_ws/src/camera': PYTHONPATH=/home/r1/r1_ws/build/camera/prefix_override:/home/r1/r1_ws/install/camera/lib/python3.10/site-packages:${PYTHONPATH} /usr/bin/python3 setup.py egg_info --egg-base ../../build/camera build --build-base /home/r1/r1_ws/build/camera/build install --record /home/r1/r1_ws/build/camera/install.log --single-version-externally-managed
[7.965s] running egg_info
[7.969s] writing ../../build/camera/camera.egg-info/PKG-INFO
[7.970s] writing dependency_links to ../../build/camera/camera.egg-info/dependency_links.txt
[7.972s] writing entry points to ../../build/camera/camera.egg-info/entry_points.txt
[7.973s] writing requirements to ../../build/camera/camera.egg-info/requires.txt
[7.975s] writing top-level names to ../../build/camera/camera.egg-info/top_level.txt
[7.986s] reading manifest file '../../build/camera/camera.egg-info/SOURCES.txt'
[7.993s] writing manifest file '../../build/camera/camera.egg-info/SOURCES.txt'
[7.995s] running build
[7.995s] running build_py
[7.997s] running install
[7.998s] /usr/lib/python3/dist-packages/setuptools/command/install.py:34: SetuptoolsDeprecationWarning: setup.py install is deprecated. Use build and pip and other standards-based tools.
[7.999s]   warnings.warn(
[8.000s] running install_lib
[8.011s] running install_data
[8.013s] running install_egg_info
[8.021s] removing '/home/r1/r1_ws/install/camera/lib/python3.10/site-packages/camera-0.0.0-py3.10.egg-info' (and everything under it)
[8.023s] Copying ../../build/camera/camera.egg-info to /home/r1/r1_ws/install/camera/lib/python3.10/site-packages/camera-0.0.0-py3.10.egg-info
[8.032s] running install_scripts
[8.207s] Installing frames_sub script to /home/r1/r1_ws/install/camera/lib/camera
[8.212s] Installing img_pub script to /home/r1/r1_ws/install/camera/lib/camera
[8.217s] writing list of installed files to '/home/r1/r1_ws/build/camera/install.log'
[8.523s] Invoked command in '/home/r1/r1_ws/src/camera' returned '0': PYTHONPATH=/home/r1/r1_ws/build/camera/prefix_override:/home/r1/r1_ws/install/camera/lib/python3.10/site-packages:${PYTHONPATH} /usr/bin/python3 setup.py egg_info --egg-base ../../build/camera build --build-base /home/r1/r1_ws/build/camera/build install --record /home/r1/r1_ws/build/camera/install.log --single-version-externally-managed
