[14.607s] Invoking command in '/home/r1/r1_ws/build/voice': PYTHONPATH=/home/r1/r1_ws/build/voice/prefix_override:/home/r1/r1_ws/install/voice/lib/python3.10/site-packages:${PYTHONPATH} /usr/bin/python3 setup.py develop --uninstall --editable --build-directory /home/r1/r1_ws/build/voice/build
[18.010s] running develop
[18.012s] /usr/lib/python3/dist-packages/setuptools/command/easy_install.py:158: EasyInstallDeprecationWarning: easy_install command is deprecated. Use build and pip and other standards-based tools.
[18.014s]   warnings.warn(
[18.020s] /usr/lib/python3/dist-packages/setuptools/command/install.py:34: SetuptoolsDeprecationWarning: setup.py install is deprecated. Use build and pip and other standards-based tools.
[18.020s]   warnings.warn(
[18.652s] /usr/lib/python3/dist-packages/pkg_resources/__init__.py:116: PkgResourcesDeprecationWarning: 1.1build1 is an invalid version and will not be supported in a future release
[18.653s]   warnings.warn(
[18.653s] /usr/lib/python3/dist-packages/pkg_resources/__init__.py:116: PkgResourcesDeprecationWarning: 0.1.43ubuntu1 is an invalid version and will not be supported in a future release
[18.654s]   warnings.warn(
[20.189s] Invoked command in '/home/r1/r1_ws/build/voice' returned '0': PYTHONPATH=/home/r1/r1_ws/build/voice/prefix_override:/home/r1/r1_ws/install/voice/lib/python3.10/site-packages:${PYTHONPATH} /usr/bin/python3 setup.py develop --uninstall --editable --build-directory /home/r1/r1_ws/build/voice/build
[20.191s] Invoking command in '/home/r1/r1_ws/src/voice': PYTHONPATH=/home/r1/r1_ws/build/voice/prefix_override:/home/r1/r1_ws/install/voice/lib/python3.10/site-packages:${PYTHONPATH} /usr/bin/python3 setup.py egg_info --egg-base ../../build/voice build --build-base /home/r1/r1_ws/build/voice/build install --record /home/r1/r1_ws/build/voice/install.log --single-version-externally-managed
[22.683s] Traceback (most recent call last):
[22.685s]   File "/home/r1/r1_ws/src/voice/setup.py", line 1, in <module>
[22.688s]     from setuptools import setup
[22.691s]   File "/usr/lib/python3/dist-packages/setuptools/__init__.py", line 16, in <module>
[22.693s]     import setuptools.version
[22.695s]   File "/usr/lib/python3/dist-packages/setuptools/version.py", line 1, in <module>
[22.695s]     import pkg_resources
[22.701s]   File "/usr/lib/python3/dist-packages/pkg_resources/__init__.py", line 3267, in <module>
[22.707s]     def _initialize_master_working_set():
[22.714s]   File "/usr/lib/python3/dist-packages/pkg_resources/__init__.py", line 3241, in _call_aside
[22.715s]     f(*args, **kwargs)
[22.720s]   File "/usr/lib/python3/dist-packages/pkg_resources/__init__.py", line 3302, in _initialize_master_working_set
[22.726s]     list(map(working_set.add_entry, sys.path))
[22.734s]   File "/usr/lib/python3/dist-packages/pkg_resources/__init__.py", line 613, in add_entry
[22.736s]     for dist in find_distributions(entry, True):
[22.737s]   File "/usr/lib/python3/dist-packages/pkg_resources/__init__.py", line 2077, in find_on_path
[22.739s]     for dist in factory(fullpath):
[22.740s]   File "/usr/lib/python3/dist-packages/pkg_resources/__init__.py", line 2142, in distributions_from_metadata
[22.758s]     yield Distribution.from_location(
[22.760s]   File "/usr/lib/python3/dist-packages/pkg_resources/__init__.py", line 2606, in from_location
[22.766s]     )._reload_version()
[22.767s]   File "/usr/lib/python3/dist-packages/pkg_resources/__init__.py", line 3004, in _reload_version
[22.768s]     md_version = self._get_version()
[22.769s]   File "/usr/lib/python3/dist-packages/pkg_resources/__init__.py", line 2785, in _get_version
[22.770s]     version = _version_from_file(lines)
[22.771s]   File "/usr/lib/python3/dist-packages/pkg_resources/__init__.py", line 2569, in _version_from_file
[22.773s]     line = next(iter(version_lines), '')
[22.790s]   File "/usr/lib/python3/dist-packages/pkg_resources/__init__.py", line 2780, in _get_metadata
[22.791s]     for line in self.get_metadata_lines(name):
[22.792s]   File "/usr/lib/python3/dist-packages/pkg_resources/__init__.py", line 1422, in get_metadata_lines
[22.793s]     return yield_lines(self.get_metadata(name))
[22.794s]   File "/usr/lib/python3/dist-packages/pkg_resources/__init__.py", line 1412, in get_metadata
[22.795s]     value = self._get(path)
[22.796s]   File "/usr/lib/python3/dist-packages/pkg_resources/__init__.py", line 1616, in _get
[22.796s]     with open(path, 'rb') as stream:
[22.797s] KeyboardInterrupt
