[5.285s] Invoking command in '/home/r1/r1_ws/build/control': PYTHONPATH=/home/r1/r1_ws/build/control/prefix_override:/home/r1/r1_ws/install/control/lib/python3.10/site-packages:${PYTHONPATH} /usr/bin/python3 setup.py develop --uninstall --editable --build-directory /home/r1/r1_ws/build/control/build
[7.455s] running develop
[7.459s] /usr/lib/python3/dist-packages/setuptools/command/easy_install.py:158: EasyInstallDeprecationWarning: easy_install command is deprecated. Use build and pip and other standards-based tools.
[7.460s]   warnings.warn(
[7.472s] /usr/lib/python3/dist-packages/setuptools/command/install.py:34: SetuptoolsDeprecationWarning: setup.py install is deprecated. Use build and pip and other standards-based tools.
[7.473s]   warnings.warn(
[7.939s] /usr/lib/python3/dist-packages/pkg_resources/__init__.py:116: PkgResourcesDeprecationWarning: 1.1build1 is an invalid version and will not be supported in a future release
[7.941s]   warnings.warn(
[7.943s] /usr/lib/python3/dist-packages/pkg_resources/__init__.py:116: PkgResourcesDeprecationWarning: 0.1.43ubuntu1 is an invalid version and will not be supported in a future release
[7.943s]   warnings.warn(
[9.264s] Invoked command in '/home/r1/r1_ws/build/control' returned '0': PYTHONPATH=/home/r1/r1_ws/build/control/prefix_override:/home/r1/r1_ws/install/control/lib/python3.10/site-packages:${PYTHONPATH} /usr/bin/python3 setup.py develop --uninstall --editable --build-directory /home/r1/r1_ws/build/control/build
[9.277s] Invoking command in '/home/r1/r1_ws/src/control': PYTHONPATH=/home/r1/r1_ws/build/control/prefix_override:/home/r1/r1_ws/install/control/lib/python3.10/site-packages:${PYTHONPATH} /usr/bin/python3 setup.py egg_info --egg-base ../../build/control build --build-base /home/r1/r1_ws/build/control/build install --record /home/r1/r1_ws/build/control/install.log --single-version-externally-managed
[11.049s] running egg_info
[11.052s] writing ../../build/control/control.egg-info/PKG-INFO
[11.053s] writing dependency_links to ../../build/control/control.egg-info/dependency_links.txt
[11.055s] writing entry points to ../../build/control/control.egg-info/entry_points.txt
[11.057s] writing requirements to ../../build/control/control.egg-info/requires.txt
[11.058s] writing top-level names to ../../build/control/control.egg-info/top_level.txt
[11.065s] reading manifest file '../../build/control/control.egg-info/SOURCES.txt'
[11.069s] writing manifest file '../../build/control/control.egg-info/SOURCES.txt'
[11.070s] running build
[11.070s] running build_py
[11.072s] copying control/right_hand_sub.py -> /home/r1/r1_ws/build/control/build/lib/control
[11.076s] running install
[11.077s] /usr/lib/python3/dist-packages/setuptools/command/install.py:34: SetuptoolsDeprecationWarning: setup.py install is deprecated. Use build and pip and other standards-based tools.
[11.077s]   warnings.warn(
[11.078s] running install_lib
[11.083s] copying /home/r1/r1_ws/build/control/build/lib/control/right_hand_sub.py -> /home/r1/r1_ws/install/control/lib/python3.10/site-packages/control
[11.088s] byte-compiling /home/r1/r1_ws/install/control/lib/python3.10/site-packages/control/right_hand_sub.py to right_hand_sub.cpython-310.pyc
[11.095s] running install_data
[11.096s] running install_egg_info
[11.108s] removing '/home/r1/r1_ws/install/control/lib/python3.10/site-packages/control-0.0.0-py3.10.egg-info' (and everything under it)
[11.111s] Copying ../../build/control/control.egg-info to /home/r1/r1_ws/install/control/lib/python3.10/site-packages/control-0.0.0-py3.10.egg-info
[11.123s] running install_scripts
[11.218s] Installing base_sub script to /home/r1/r1_ws/install/control/lib/control
[11.220s] Installing eyes_sub script to /home/r1/r1_ws/install/control/lib/control
[11.224s] Installing head_sub script to /home/r1/r1_ws/install/control/lib/control
[11.227s] Installing ir_left_pub script to /home/r1/r1_ws/install/control/lib/control
[11.227s] Installing ir_right_pub script to /home/r1/r1_ws/install/control/lib/control
[11.235s] Installing left_hand_sub script to /home/r1/r1_ws/install/control/lib/control
[11.237s] Installing right_hand_sub script to /home/r1/r1_ws/install/control/lib/control
[11.238s] Installing sensors_sub script to /home/r1/r1_ws/install/control/lib/control
[11.240s] Installing us_pub script to /home/r1/r1_ws/install/control/lib/control
[11.241s] writing list of installed files to '/home/r1/r1_ws/build/control/install.log'
[11.395s] Invoked command in '/home/r1/r1_ws/src/control' returned '0': PYTHONPATH=/home/r1/r1_ws/build/control/prefix_override:/home/r1/r1_ws/install/control/lib/python3.10/site-packages:${PYTHONPATH} /usr/bin/python3 setup.py egg_info --egg-base ../../build/control build --build-base /home/r1/r1_ws/build/control/build install --record /home/r1/r1_ws/build/control/install.log --single-version-externally-managed
