[10.740s] Invoking command in '/home/r1/r1_ws/build/voice': PYTHONPATH=/home/r1/r1_ws/build/voice/prefix_override:/home/r1/r1_ws/install/voice/lib/python3.10/site-packages:${PYTHONPATH} /usr/bin/python3 setup.py develop --uninstall --editable --build-directory /home/r1/r1_ws/build/voice/build
[14.634s] running develop
[14.638s] /usr/lib/python3/dist-packages/setuptools/command/easy_install.py:158: EasyInstallDeprecationWarning: easy_install command is deprecated. Use build and pip and other standards-based tools.
[14.639s]   warnings.warn(
[14.652s] /usr/lib/python3/dist-packages/setuptools/command/install.py:34: SetuptoolsDeprecationWarning: setup.py install is deprecated. Use build and pip and other standards-based tools.
[14.652s]   warnings.warn(
[15.685s] /usr/lib/python3/dist-packages/pkg_resources/__init__.py:116: PkgResourcesDeprecationWarning: 1.1build1 is an invalid version and will not be supported in a future release
[15.686s]   warnings.warn(
[15.694s] /usr/lib/python3/dist-packages/pkg_resources/__init__.py:116: PkgResourcesDeprecationWarning: 0.1.43ubuntu1 is an invalid version and will not be supported in a future release
[15.695s]   warnings.warn(
[17.156s] Invoked command in '/home/r1/r1_ws/build/voice' returned '0': PYTHONPATH=/home/r1/r1_ws/build/voice/prefix_override:/home/r1/r1_ws/install/voice/lib/python3.10/site-packages:${PYTHONPATH} /usr/bin/python3 setup.py develop --uninstall --editable --build-directory /home/r1/r1_ws/build/voice/build
[17.158s] Invoking command in '/home/r1/r1_ws/src/voice': PYTHONPATH=/home/r1/r1_ws/build/voice/prefix_override:/home/r1/r1_ws/install/voice/lib/python3.10/site-packages:${PYTHONPATH} /usr/bin/python3 setup.py egg_info --egg-base ../../build/voice build --build-base /home/r1/r1_ws/build/voice/build install --record /home/r1/r1_ws/build/voice/install.log --single-version-externally-managed
[21.243s] running egg_info
[21.243s] writing ../../build/voice/voice.egg-info/PKG-INFO
[21.250s] writing dependency_links to ../../build/voice/voice.egg-info/dependency_links.txt
[21.267s] writing entry points to ../../build/voice/voice.egg-info/entry_points.txt
[21.277s] writing requirements to ../../build/voice/voice.egg-info/requires.txt
[21.278s] writing top-level names to ../../build/voice/voice.egg-info/top_level.txt
[21.311s] reading manifest file '../../build/voice/voice.egg-info/SOURCES.txt'
[21.315s] writing manifest file '../../build/voice/voice.egg-info/SOURCES.txt'
[21.318s] running build
[21.333s] running build_py
[21.334s] running install
[21.335s] running install_lib
[21.335s] /usr/lib/python3/dist-packages/setuptools/command/install.py:34: SetuptoolsDeprecationWarning: setup.py install is deprecated. Use build and pip and other standards-based tools.
[21.336s]   warnings.warn(
[21.343s] running install_data
[21.354s] running install_egg_info
[21.381s] removing '/home/r1/r1_ws/install/voice/lib/python3.10/site-packages/voice-0.0.0-py3.10.egg-info' (and everything under it)
[21.487s] Copying ../../build/voice/voice.egg-info to /home/r1/r1_ws/install/voice/lib/python3.10/site-packages/voice-0.0.0-py3.10.egg-info
[21.518s] running install_scripts
[21.861s] Installing main script to /home/r1/r1_ws/install/voice/lib/voice
[21.863s] Installing voice_sub script to /home/r1/r1_ws/install/voice/lib/voice
[21.867s] writing list of installed files to '/home/r1/r1_ws/build/voice/install.log'
[22.105s] Invoked command in '/home/r1/r1_ws/src/voice' returned '0': PYTHONPATH=/home/r1/r1_ws/build/voice/prefix_override:/home/r1/r1_ws/install/voice/lib/python3.10/site-packages:${PYTHONPATH} /usr/bin/python3 setup.py egg_info --egg-base ../../build/voice build --build-base /home/r1/r1_ws/build/voice/build install --record /home/r1/r1_ws/build/voice/install.log --single-version-externally-managed
