[35m[1mConsolidate compiler generated dependencies of target lex_common_msgs__rosidl_generator_c[0m
[  2%] Built target lex_common_msgs__cpp
[ 12%] Built target lex_common_msgs__rosidl_generator_c
[35m[1mConsolidate compiler generated dependencies of target lex_common_msgs__rosidl_typesupport_fastrtps_cpp[0m
[ 12%] Built target ament_cmake_python_copy_lex_common_msgs
[35m[1mConsolidate compiler generated dependencies of target lex_common_msgs__rosidl_typesupport_cpp[0m
[35m[1mConsolidate compiler generated dependencies of target lex_common_msgs__rosidl_typesupport_introspection_cpp[0m
[ 23%] Built target lex_common_msgs__rosidl_typesupport_fastrtps_cpp
[35m[1mConsolidate compiler generated dependencies of target lex_common_msgs__rosidl_typesupport_fastrtps_c[0m
[ 33%] Built target lex_common_msgs__rosidl_typesupport_introspection_cpp
[ 43%] Built target lex_common_msgs__rosidl_typesupport_cpp
[35m[1mConsolidate compiler generated dependencies of target lex_common_msgs__rosidl_typesupport_introspection_c[0m
[35m[1mConsolidate compiler generated dependencies of target lex_common_msgs__rosidl_typesupport_c[0m
[ 53%] Built target lex_common_msgs__rosidl_typesupport_fastrtps_c
[ 64%] Built target lex_common_msgs__rosidl_typesupport_introspection_c
[ 74%] Built target lex_common_msgs__rosidl_typesupport_c
[ 74%] Built target lex_common_msgs
[ 76%] Built target lex_common_msgs__py
[35m[1mConsolidate compiler generated dependencies of target lex_common_msgs__rosidl_generator_py[0m
[ 84%] Built target lex_common_msgs__rosidl_generator_py
[35m[1mConsolidate compiler generated dependencies of target lex_common_msgs__rosidl_typesupport_fastrtps_c__pyext[0m
[35m[1mConsolidate compiler generated dependencies of target lex_common_msgs__rosidl_typesupport_introspection_c__pyext[0m
[35m[1mConsolidate compiler generated dependencies of target lex_common_msgs__rosidl_typesupport_c__pyext[0m
[ 89%] Built target lex_common_msgs__rosidl_typesupport_introspection_c__pyext
[ 94%] Built target lex_common_msgs__rosidl_typesupport_fastrtps_c__pyext
[100%] Built target lex_common_msgs__rosidl_typesupport_c__pyext
running egg_info
writing lex_common_msgs.egg-info/PKG-INFO
writing dependency_links to lex_common_msgs.egg-info/dependency_links.txt
writing top-level names to lex_common_msgs.egg-info/top_level.txt
reading manifest file 'lex_common_msgs.egg-info/SOURCES.txt'
writing manifest file 'lex_common_msgs.egg-info/SOURCES.txt'
[100%] Built target ament_cmake_python_build_lex_common_msgs_egg
-- Install configuration: ""
-- Installing: /home/r1/r1_ws/install/lex_common_msgs/share/ament_index/resource_index/rosidl_interfaces/lex_common_msgs
-- Installing: /home/r1/r1_ws/install/lex_common_msgs/include/lex_common_msgs/lex_common_msgs
-- Installing: /home/r1/r1_ws/install/lex_common_msgs/include/lex_common_msgs/lex_common_msgs/msg
-- Installing: /home/r1/r1_ws/install/lex_common_msgs/include/lex_common_msgs/lex_common_msgs/msg/key_value.h
-- Installing: /home/r1/r1_ws/install/lex_common_msgs/include/lex_common_msgs/lex_common_msgs/msg/detail
-- Installing: /home/r1/r1_ws/install/lex_common_msgs/include/lex_common_msgs/lex_common_msgs/msg/detail/key_value__functions.c
-- Installing: /home/r1/r1_ws/install/lex_common_msgs/include/lex_common_msgs/lex_common_msgs/msg/detail/key_value__struct.h
-- Installing: /home/r1/r1_ws/install/lex_common_msgs/include/lex_common_msgs/lex_common_msgs/msg/detail/key_value__type_support.h
-- Installing: /home/r1/r1_ws/install/lex_common_msgs/include/lex_common_msgs/lex_common_msgs/msg/detail/key_value__functions.h
-- Installing: /home/r1/r1_ws/install/lex_common_msgs/include/lex_common_msgs/lex_common_msgs/msg/rosidl_generator_c__visibility_control.h
-- Installing: /home/r1/r1_ws/install/lex_common_msgs/include/lex_common_msgs/lex_common_msgs/srv
-- Installing: /home/r1/r1_ws/install/lex_common_msgs/include/lex_common_msgs/lex_common_msgs/srv/detail
-- Installing: /home/r1/r1_ws/install/lex_common_msgs/include/lex_common_msgs/lex_common_msgs/srv/detail/audio_text_conversation__type_support.h
-- Installing: /home/r1/r1_ws/install/lex_common_msgs/include/lex_common_msgs/lex_common_msgs/srv/detail/audio_text_conversation__functions.c
-- Installing: /home/r1/r1_ws/install/lex_common_msgs/include/lex_common_msgs/lex_common_msgs/srv/detail/audio_text_conversation__functions.h
-- Installing: /home/r1/r1_ws/install/lex_common_msgs/include/lex_common_msgs/lex_common_msgs/srv/detail/audio_text_conversation__struct.h
-- Installing: /home/r1/r1_ws/install/lex_common_msgs/include/lex_common_msgs/lex_common_msgs/srv/audio_text_conversation.h
-- Installing: /home/r1/r1_ws/install/lex_common_msgs/share/lex_common_msgs/environment/library_path.sh
-- Installing: /home/r1/r1_ws/install/lex_common_msgs/share/lex_common_msgs/environment/library_path.dsv
-- Installing: /home/r1/r1_ws/install/lex_common_msgs/lib/liblex_common_msgs__rosidl_generator_c.so
-- Set runtime path of "/home/r1/r1_ws/install/lex_common_msgs/lib/liblex_common_msgs__rosidl_generator_c.so" to ""
-- Up-to-date: /home/r1/r1_ws/install/lex_common_msgs/include/lex_common_msgs/lex_common_msgs
-- Up-to-date: /home/r1/r1_ws/install/lex_common_msgs/include/lex_common_msgs/lex_common_msgs/msg
-- Installing: /home/r1/r1_ws/install/lex_common_msgs/include/lex_common_msgs/lex_common_msgs/msg/rosidl_typesupport_fastrtps_c__visibility_control.h
-- Up-to-date: /home/r1/r1_ws/install/lex_common_msgs/include/lex_common_msgs/lex_common_msgs/msg/detail
-- Installing: /home/r1/r1_ws/install/lex_common_msgs/include/lex_common_msgs/lex_common_msgs/msg/detail/key_value__rosidl_typesupport_fastrtps_c.h
-- Up-to-date: /home/r1/r1_ws/install/lex_common_msgs/include/lex_common_msgs/lex_common_msgs/srv
-- Up-to-date: /home/r1/r1_ws/install/lex_common_msgs/include/lex_common_msgs/lex_common_msgs/srv/detail
-- Installing: /home/r1/r1_ws/install/lex_common_msgs/include/lex_common_msgs/lex_common_msgs/srv/detail/audio_text_conversation__rosidl_typesupport_fastrtps_c.h
-- Installing: /home/r1/r1_ws/install/lex_common_msgs/lib/liblex_common_msgs__rosidl_typesupport_fastrtps_c.so
-- Set runtime path of "/home/r1/r1_ws/install/lex_common_msgs/lib/liblex_common_msgs__rosidl_typesupport_fastrtps_c.so" to ""
-- Up-to-date: /home/r1/r1_ws/install/lex_common_msgs/include/lex_common_msgs/lex_common_msgs
-- Up-to-date: /home/r1/r1_ws/install/lex_common_msgs/include/lex_common_msgs/lex_common_msgs/msg
-- Installing: /home/r1/r1_ws/install/lex_common_msgs/include/lex_common_msgs/lex_common_msgs/msg/key_value.hpp
-- Up-to-date: /home/r1/r1_ws/install/lex_common_msgs/include/lex_common_msgs/lex_common_msgs/msg/detail
-- Installing: /home/r1/r1_ws/install/lex_common_msgs/include/lex_common_msgs/lex_common_msgs/msg/detail/key_value__traits.hpp
-- Installing: /home/r1/r1_ws/install/lex_common_msgs/include/lex_common_msgs/lex_common_msgs/msg/detail/key_value__builder.hpp
-- Installing: /home/r1/r1_ws/install/lex_common_msgs/include/lex_common_msgs/lex_common_msgs/msg/detail/key_value__struct.hpp
-- Up-to-date: /home/r1/r1_ws/install/lex_common_msgs/include/lex_common_msgs/lex_common_msgs/srv
-- Installing: /home/r1/r1_ws/install/lex_common_msgs/include/lex_common_msgs/lex_common_msgs/srv/audio_text_conversation.hpp
-- Up-to-date: /home/r1/r1_ws/install/lex_common_msgs/include/lex_common_msgs/lex_common_msgs/srv/detail
-- Installing: /home/r1/r1_ws/install/lex_common_msgs/include/lex_common_msgs/lex_common_msgs/srv/detail/audio_text_conversation__traits.hpp
-- Installing: /home/r1/r1_ws/install/lex_common_msgs/include/lex_common_msgs/lex_common_msgs/srv/detail/audio_text_conversation__builder.hpp
-- Installing: /home/r1/r1_ws/install/lex_common_msgs/include/lex_common_msgs/lex_common_msgs/srv/detail/audio_text_conversation__struct.hpp
-- Up-to-date: /home/r1/r1_ws/install/lex_common_msgs/include/lex_common_msgs/lex_common_msgs
-- Up-to-date: /home/r1/r1_ws/install/lex_common_msgs/include/lex_common_msgs/lex_common_msgs/msg
-- Up-to-date: /home/r1/r1_ws/install/lex_common_msgs/include/lex_common_msgs/lex_common_msgs/msg/detail
-- Installing: /home/r1/r1_ws/install/lex_common_msgs/include/lex_common_msgs/lex_common_msgs/msg/detail/dds_fastrtps
-- Installing: /home/r1/r1_ws/install/lex_common_msgs/include/lex_common_msgs/lex_common_msgs/msg/detail/key_value__rosidl_typesupport_fastrtps_cpp.hpp
-- Installing: /home/r1/r1_ws/install/lex_common_msgs/include/lex_common_msgs/lex_common_msgs/msg/rosidl_typesupport_fastrtps_cpp__visibility_control.h
-- Up-to-date: /home/r1/r1_ws/install/lex_common_msgs/include/lex_common_msgs/lex_common_msgs/srv
-- Up-to-date: /home/r1/r1_ws/install/lex_common_msgs/include/lex_common_msgs/lex_common_msgs/srv/detail
-- Installing: /home/r1/r1_ws/install/lex_common_msgs/include/lex_common_msgs/lex_common_msgs/srv/detail/audio_text_conversation__rosidl_typesupport_fastrtps_cpp.hpp
-- Installing: /home/r1/r1_ws/install/lex_common_msgs/include/lex_common_msgs/lex_common_msgs/srv/detail/dds_fastrtps
-- Installing: /home/r1/r1_ws/install/lex_common_msgs/lib/liblex_common_msgs__rosidl_typesupport_fastrtps_cpp.so
-- Set runtime path of "/home/r1/r1_ws/install/lex_common_msgs/lib/liblex_common_msgs__rosidl_typesupport_fastrtps_cpp.so" to ""
-- Up-to-date: /home/r1/r1_ws/install/lex_common_msgs/include/lex_common_msgs/lex_common_msgs
-- Up-to-date: /home/r1/r1_ws/install/lex_common_msgs/include/lex_common_msgs/lex_common_msgs/msg
-- Up-to-date: /home/r1/r1_ws/install/lex_common_msgs/include/lex_common_msgs/lex_common_msgs/msg/detail
-- Installing: /home/r1/r1_ws/install/lex_common_msgs/include/lex_common_msgs/lex_common_msgs/msg/detail/key_value__rosidl_typesupport_introspection_c.h
-- Installing: /home/r1/r1_ws/install/lex_common_msgs/include/lex_common_msgs/lex_common_msgs/msg/detail/key_value__type_support.c
-- Installing: /home/r1/r1_ws/install/lex_common_msgs/include/lex_common_msgs/lex_common_msgs/msg/rosidl_typesupport_introspection_c__visibility_control.h
-- Up-to-date: /home/r1/r1_ws/install/lex_common_msgs/include/lex_common_msgs/lex_common_msgs/srv
-- Up-to-date: /home/r1/r1_ws/install/lex_common_msgs/include/lex_common_msgs/lex_common_msgs/srv/detail
-- Installing: /home/r1/r1_ws/install/lex_common_msgs/include/lex_common_msgs/lex_common_msgs/srv/detail/audio_text_conversation__rosidl_typesupport_introspection_c.h
-- Installing: /home/r1/r1_ws/install/lex_common_msgs/include/lex_common_msgs/lex_common_msgs/srv/detail/audio_text_conversation__type_support.c
-- Installing: /home/r1/r1_ws/install/lex_common_msgs/lib/liblex_common_msgs__rosidl_typesupport_introspection_c.so
-- Set runtime path of "/home/r1/r1_ws/install/lex_common_msgs/lib/liblex_common_msgs__rosidl_typesupport_introspection_c.so" to ""
-- Installing: /home/r1/r1_ws/install/lex_common_msgs/lib/liblex_common_msgs__rosidl_typesupport_c.so
-- Set runtime path of "/home/r1/r1_ws/install/lex_common_msgs/lib/liblex_common_msgs__rosidl_typesupport_c.so" to ""
-- Up-to-date: /home/r1/r1_ws/install/lex_common_msgs/include/lex_common_msgs/lex_common_msgs
-- Up-to-date: /home/r1/r1_ws/install/lex_common_msgs/include/lex_common_msgs/lex_common_msgs/msg
-- Up-to-date: /home/r1/r1_ws/install/lex_common_msgs/include/lex_common_msgs/lex_common_msgs/msg/detail
-- Installing: /home/r1/r1_ws/install/lex_common_msgs/include/lex_common_msgs/lex_common_msgs/msg/detail/key_value__rosidl_typesupport_introspection_cpp.hpp
-- Installing: /home/r1/r1_ws/install/lex_common_msgs/include/lex_common_msgs/lex_common_msgs/msg/detail/key_value__type_support.cpp
-- Up-to-date: /home/r1/r1_ws/install/lex_common_msgs/include/lex_common_msgs/lex_common_msgs/srv
-- Up-to-date: /home/r1/r1_ws/install/lex_common_msgs/include/lex_common_msgs/lex_common_msgs/srv/detail
-- Installing: /home/r1/r1_ws/install/lex_common_msgs/include/lex_common_msgs/lex_common_msgs/srv/detail/audio_text_conversation__rosidl_typesupport_introspection_cpp.hpp
-- Installing: /home/r1/r1_ws/install/lex_common_msgs/include/lex_common_msgs/lex_common_msgs/srv/detail/audio_text_conversation__type_support.cpp
-- Installing: /home/r1/r1_ws/install/lex_common_msgs/lib/liblex_common_msgs__rosidl_typesupport_introspection_cpp.so
-- Set runtime path of "/home/r1/r1_ws/install/lex_common_msgs/lib/liblex_common_msgs__rosidl_typesupport_introspection_cpp.so" to ""
-- Installing: /home/r1/r1_ws/install/lex_common_msgs/lib/liblex_common_msgs__rosidl_typesupport_cpp.so
-- Set runtime path of "/home/r1/r1_ws/install/lex_common_msgs/lib/liblex_common_msgs__rosidl_typesupport_cpp.so" to ""
-- Installing: /home/r1/r1_ws/install/lex_common_msgs/share/lex_common_msgs/environment/pythonpath.sh
-- Installing: /home/r1/r1_ws/install/lex_common_msgs/share/lex_common_msgs/environment/pythonpath.dsv
-- Installing: /home/r1/r1_ws/install/lex_common_msgs/local/lib/python3.10/dist-packages/lex_common_msgs-3.1.0-py3.10.egg-info
-- Installing: /home/r1/r1_ws/install/lex_common_msgs/local/lib/python3.10/dist-packages/lex_common_msgs-3.1.0-py3.10.egg-info/dependency_links.txt
-- Installing: /home/r1/r1_ws/install/lex_common_msgs/local/lib/python3.10/dist-packages/lex_common_msgs-3.1.0-py3.10.egg-info/top_level.txt
-- Installing: /home/r1/r1_ws/install/lex_common_msgs/local/lib/python3.10/dist-packages/lex_common_msgs-3.1.0-py3.10.egg-info/SOURCES.txt
-- Installing: /home/r1/r1_ws/install/lex_common_msgs/local/lib/python3.10/dist-packages/lex_common_msgs-3.1.0-py3.10.egg-info/PKG-INFO
-- Installing: /home/r1/r1_ws/install/lex_common_msgs/local/lib/python3.10/dist-packages/lex_common_msgs
-- Installing: /home/r1/r1_ws/install/lex_common_msgs/local/lib/python3.10/dist-packages/lex_common_msgs/_lex_common_msgs_s.ep.rosidl_typesupport_introspection_c.c
-- Installing: /home/r1/r1_ws/install/lex_common_msgs/local/lib/python3.10/dist-packages/lex_common_msgs/msg
-- Installing: /home/r1/r1_ws/install/lex_common_msgs/local/lib/python3.10/dist-packages/lex_common_msgs/msg/_key_value.py
-- Installing: /home/r1/r1_ws/install/lex_common_msgs/local/lib/python3.10/dist-packages/lex_common_msgs/msg/__init__.py
-- Installing: /home/r1/r1_ws/install/lex_common_msgs/local/lib/python3.10/dist-packages/lex_common_msgs/msg/_key_value_s.c
-- Installing: /home/r1/r1_ws/install/lex_common_msgs/local/lib/python3.10/dist-packages/lex_common_msgs/lex_common_msgs_s__rosidl_typesupport_c.cpython-310-aarch64-linux-gnu.so
-- Installing: /home/r1/r1_ws/install/lex_common_msgs/local/lib/python3.10/dist-packages/lex_common_msgs/_lex_common_msgs_s.ep.rosidl_typesupport_fastrtps_c.c
-- Installing: /home/r1/r1_ws/install/lex_common_msgs/local/lib/python3.10/dist-packages/lex_common_msgs/lex_common_msgs_s__rosidl_typesupport_introspection_c.cpython-310-aarch64-linux-gnu.so
-- Installing: /home/r1/r1_ws/install/lex_common_msgs/local/lib/python3.10/dist-packages/lex_common_msgs/__init__.py
-- Installing: /home/r1/r1_ws/install/lex_common_msgs/local/lib/python3.10/dist-packages/lex_common_msgs/_lex_common_msgs_s.ep.rosidl_typesupport_c.c
-- Installing: /home/r1/r1_ws/install/lex_common_msgs/local/lib/python3.10/dist-packages/lex_common_msgs/liblex_common_msgs__rosidl_generator_py.so
-- Installing: /home/r1/r1_ws/install/lex_common_msgs/local/lib/python3.10/dist-packages/lex_common_msgs/lex_common_msgs_s__rosidl_typesupport_fastrtps_c.cpython-310-aarch64-linux-gnu.so
-- Installing: /home/r1/r1_ws/install/lex_common_msgs/local/lib/python3.10/dist-packages/lex_common_msgs/srv
-- Installing: /home/r1/r1_ws/install/lex_common_msgs/local/lib/python3.10/dist-packages/lex_common_msgs/srv/__init__.py
-- Installing: /home/r1/r1_ws/install/lex_common_msgs/local/lib/python3.10/dist-packages/lex_common_msgs/srv/_audio_text_conversation_s.c
-- Installing: /home/r1/r1_ws/install/lex_common_msgs/local/lib/python3.10/dist-packages/lex_common_msgs/srv/_audio_text_conversation.py
Listing '/home/r1/r1_ws/install/lex_common_msgs/local/lib/python3.10/dist-packages/lex_common_msgs'...
Compiling '/home/r1/r1_ws/install/lex_common_msgs/local/lib/python3.10/dist-packages/lex_common_msgs/__init__.py'...
Listing '/home/r1/r1_ws/install/lex_common_msgs/local/lib/python3.10/dist-packages/lex_common_msgs/msg'...
Compiling '/home/r1/r1_ws/install/lex_common_msgs/local/lib/python3.10/dist-packages/lex_common_msgs/msg/__init__.py'...
Compiling '/home/r1/r1_ws/install/lex_common_msgs/local/lib/python3.10/dist-packages/lex_common_msgs/msg/_key_value.py'...
Listing '/home/r1/r1_ws/install/lex_common_msgs/local/lib/python3.10/dist-packages/lex_common_msgs/srv'...
Compiling '/home/r1/r1_ws/install/lex_common_msgs/local/lib/python3.10/dist-packages/lex_common_msgs/srv/__init__.py'...
Compiling '/home/r1/r1_ws/install/lex_common_msgs/local/lib/python3.10/dist-packages/lex_common_msgs/srv/_audio_text_conversation.py'...
-- Installing: /home/r1/r1_ws/install/lex_common_msgs/local/lib/python3.10/dist-packages/lex_common_msgs/lex_common_msgs_s__rosidl_typesupport_fastrtps_c.cpython-310-aarch64-linux-gnu.so
-- Set runtime path of "/home/r1/r1_ws/install/lex_common_msgs/local/lib/python3.10/dist-packages/lex_common_msgs/lex_common_msgs_s__rosidl_typesupport_fastrtps_c.cpython-310-aarch64-linux-gnu.so" to ""
-- Installing: /home/r1/r1_ws/install/lex_common_msgs/local/lib/python3.10/dist-packages/lex_common_msgs/lex_common_msgs_s__rosidl_typesupport_introspection_c.cpython-310-aarch64-linux-gnu.so
-- Set runtime path of "/home/r1/r1_ws/install/lex_common_msgs/local/lib/python3.10/dist-packages/lex_common_msgs/lex_common_msgs_s__rosidl_typesupport_introspection_c.cpython-310-aarch64-linux-gnu.so" to ""
-- Installing: /home/r1/r1_ws/install/lex_common_msgs/local/lib/python3.10/dist-packages/lex_common_msgs/lex_common_msgs_s__rosidl_typesupport_c.cpython-310-aarch64-linux-gnu.so
-- Set runtime path of "/home/r1/r1_ws/install/lex_common_msgs/local/lib/python3.10/dist-packages/lex_common_msgs/lex_common_msgs_s__rosidl_typesupport_c.cpython-310-aarch64-linux-gnu.so" to ""
-- Installing: /home/r1/r1_ws/install/lex_common_msgs/lib/liblex_common_msgs__rosidl_generator_py.so
-- Set runtime path of "/home/r1/r1_ws/install/lex_common_msgs/lib/liblex_common_msgs__rosidl_generator_py.so" to ""
-- Installing: /home/r1/r1_ws/install/lex_common_msgs/share/lex_common_msgs/msg/KeyValue.idl
-- Installing: /home/r1/r1_ws/install/lex_common_msgs/share/lex_common_msgs/srv/AudioTextConversation.idl
-- Installing: /home/r1/r1_ws/install/lex_common_msgs/share/lex_common_msgs/msg/KeyValue.msg
-- Installing: /home/r1/r1_ws/install/lex_common_msgs/share/lex_common_msgs/srv/AudioTextConversation.srv
-- Installing: /home/r1/r1_ws/install/lex_common_msgs/share/lex_common_msgs/srv/AudioTextConversation_Request.msg
-- Installing: /home/r1/r1_ws/install/lex_common_msgs/share/lex_common_msgs/srv/AudioTextConversation_Response.msg
-- Installing: /home/r1/r1_ws/install/lex_common_msgs/share/ament_index/resource_index/package_run_dependencies/lex_common_msgs
-- Installing: /home/r1/r1_ws/install/lex_common_msgs/share/ament_index/resource_index/parent_prefix_path/lex_common_msgs
-- Installing: /home/r1/r1_ws/install/lex_common_msgs/share/lex_common_msgs/environment/ament_prefix_path.sh
-- Installing: /home/r1/r1_ws/install/lex_common_msgs/share/lex_common_msgs/environment/ament_prefix_path.dsv
-- Installing: /home/r1/r1_ws/install/lex_common_msgs/share/lex_common_msgs/environment/path.sh
-- Installing: /home/r1/r1_ws/install/lex_common_msgs/share/lex_common_msgs/environment/path.dsv
-- Installing: /home/r1/r1_ws/install/lex_common_msgs/share/lex_common_msgs/local_setup.bash
-- Installing: /home/r1/r1_ws/install/lex_common_msgs/share/lex_common_msgs/local_setup.sh
-- Installing: /home/r1/r1_ws/install/lex_common_msgs/share/lex_common_msgs/local_setup.zsh
-- Installing: /home/r1/r1_ws/install/lex_common_msgs/share/lex_common_msgs/local_setup.dsv
-- Installing: /home/r1/r1_ws/install/lex_common_msgs/share/lex_common_msgs/package.dsv
-- Installing: /home/r1/r1_ws/install/lex_common_msgs/share/ament_index/resource_index/packages/lex_common_msgs
-- Installing: /home/r1/r1_ws/install/lex_common_msgs/share/lex_common_msgs/cmake/export_lex_common_msgs__rosidl_generator_cExport.cmake
-- Installing: /home/r1/r1_ws/install/lex_common_msgs/share/lex_common_msgs/cmake/export_lex_common_msgs__rosidl_generator_cExport-noconfig.cmake
-- Installing: /home/r1/r1_ws/install/lex_common_msgs/share/lex_common_msgs/cmake/export_lex_common_msgs__rosidl_typesupport_fastrtps_cExport.cmake
-- Installing: /home/r1/r1_ws/install/lex_common_msgs/share/lex_common_msgs/cmake/export_lex_common_msgs__rosidl_typesupport_fastrtps_cExport-noconfig.cmake
-- Installing: /home/r1/r1_ws/install/lex_common_msgs/share/lex_common_msgs/cmake/export_lex_common_msgs__rosidl_generator_cppExport.cmake
-- Installing: /home/r1/r1_ws/install/lex_common_msgs/share/lex_common_msgs/cmake/export_lex_common_msgs__rosidl_typesupport_fastrtps_cppExport.cmake
-- Installing: /home/r1/r1_ws/install/lex_common_msgs/share/lex_common_msgs/cmake/export_lex_common_msgs__rosidl_typesupport_fastrtps_cppExport-noconfig.cmake
-- Installing: /home/r1/r1_ws/install/lex_common_msgs/share/lex_common_msgs/cmake/lex_common_msgs__rosidl_typesupport_introspection_cExport.cmake
-- Installing: /home/r1/r1_ws/install/lex_common_msgs/share/lex_common_msgs/cmake/lex_common_msgs__rosidl_typesupport_introspection_cExport-noconfig.cmake
-- Installing: /home/r1/r1_ws/install/lex_common_msgs/share/lex_common_msgs/cmake/lex_common_msgs__rosidl_typesupport_cExport.cmake
-- Installing: /home/r1/r1_ws/install/lex_common_msgs/share/lex_common_msgs/cmake/lex_common_msgs__rosidl_typesupport_cExport-noconfig.cmake
-- Installing: /home/r1/r1_ws/install/lex_common_msgs/share/lex_common_msgs/cmake/lex_common_msgs__rosidl_typesupport_introspection_cppExport.cmake
-- Installing: /home/r1/r1_ws/install/lex_common_msgs/share/lex_common_msgs/cmake/lex_common_msgs__rosidl_typesupport_introspection_cppExport-noconfig.cmake
-- Installing: /home/r1/r1_ws/install/lex_common_msgs/share/lex_common_msgs/cmake/lex_common_msgs__rosidl_typesupport_cppExport.cmake
-- Installing: /home/r1/r1_ws/install/lex_common_msgs/share/lex_common_msgs/cmake/lex_common_msgs__rosidl_typesupport_cppExport-noconfig.cmake
-- Installing: /home/r1/r1_ws/install/lex_common_msgs/share/lex_common_msgs/cmake/export_lex_common_msgs__rosidl_generator_pyExport.cmake
-- Installing: /home/r1/r1_ws/install/lex_common_msgs/share/lex_common_msgs/cmake/export_lex_common_msgs__rosidl_generator_pyExport-noconfig.cmake
-- Installing: /home/r1/r1_ws/install/lex_common_msgs/share/lex_common_msgs/cmake/rosidl_cmake-extras.cmake
-- Installing: /home/r1/r1_ws/install/lex_common_msgs/share/lex_common_msgs/cmake/ament_cmake_export_include_directories-extras.cmake
-- Installing: /home/r1/r1_ws/install/lex_common_msgs/share/lex_common_msgs/cmake/ament_cmake_export_libraries-extras.cmake
-- Installing: /home/r1/r1_ws/install/lex_common_msgs/share/lex_common_msgs/cmake/ament_cmake_export_targets-extras.cmake
-- Installing: /home/r1/r1_ws/install/lex_common_msgs/share/lex_common_msgs/cmake/rosidl_cmake_export_typesupport_targets-extras.cmake
-- Installing: /home/r1/r1_ws/install/lex_common_msgs/share/lex_common_msgs/cmake/ament_cmake_export_dependencies-extras.cmake
-- Installing: /home/r1/r1_ws/install/lex_common_msgs/share/lex_common_msgs/cmake/rosidl_cmake_export_typesupport_libraries-extras.cmake
-- Installing: /home/r1/r1_ws/install/lex_common_msgs/share/lex_common_msgs/cmake/lex_common_msgsConfig.cmake
-- Installing: /home/r1/r1_ws/install/lex_common_msgs/share/lex_common_msgs/cmake/lex_common_msgsConfig-version.cmake
-- Installing: /home/r1/r1_ws/install/lex_common_msgs/share/lex_common_msgs/package.xml
