[3.642s] Invoking command in '/home/r1/r1_ws/build/control': PYTHONPATH=/home/r1/r1_ws/build/control/prefix_override:/home/r1/r1_ws/install/control/lib/python3.10/site-packages:${PYTHONPATH} /usr/bin/python3 setup.py develop --uninstall --editable --build-directory /home/r1/r1_ws/build/control/build
[5.258s] running develop
[5.262s] /usr/lib/python3/dist-packages/setuptools/command/easy_install.py:158: EasyInstallDeprecationWarning: easy_install command is deprecated. Use build and pip and other standards-based tools.
[5.268s]   warnings.warn(
[5.274s] /usr/lib/python3/dist-packages/setuptools/command/install.py:34: SetuptoolsDeprecationWarning: setup.py install is deprecated. Use build and pip and other standards-based tools.
[5.276s]   warnings.warn(
[5.662s] /usr/lib/python3/dist-packages/pkg_resources/__init__.py:116: PkgResourcesDeprecationWarning: 1.1build1 is an invalid version and will not be supported in a future release
[5.663s]   warnings.warn(
[5.664s] /usr/lib/python3/dist-packages/pkg_resources/__init__.py:116: PkgResourcesDeprecationWarning: 0.1.43ubuntu1 is an invalid version and will not be supported in a future release
[5.664s]   warnings.warn(
[6.544s] Invoked command in '/home/r1/r1_ws/build/control' returned '0': PYTHONPATH=/home/r1/r1_ws/build/control/prefix_override:/home/r1/r1_ws/install/control/lib/python3.10/site-packages:${PYTHONPATH} /usr/bin/python3 setup.py develop --uninstall --editable --build-directory /home/r1/r1_ws/build/control/build
[6.553s] Invoking command in '/home/r1/r1_ws/src/control': PYTHONPATH=/home/r1/r1_ws/build/control/prefix_override:/home/r1/r1_ws/install/control/lib/python3.10/site-packages:${PYTHONPATH} /usr/bin/python3 setup.py egg_info --egg-base ../../build/control build --build-base /home/r1/r1_ws/build/control/build install --record /home/r1/r1_ws/build/control/install.log --single-version-externally-managed
[7.970s] running egg_info
[7.972s] writing ../../build/control/control.egg-info/PKG-INFO
[7.974s] writing dependency_links to ../../build/control/control.egg-info/dependency_links.txt
[7.975s] writing entry points to ../../build/control/control.egg-info/entry_points.txt
[7.976s] writing requirements to ../../build/control/control.egg-info/requires.txt
[7.977s] writing top-level names to ../../build/control/control.egg-info/top_level.txt
[7.986s] reading manifest file '../../build/control/control.egg-info/SOURCES.txt'
[7.990s] writing manifest file '../../build/control/control.egg-info/SOURCES.txt'
[7.990s] running build
[7.991s] running build_py
[7.995s] running install
[7.995s] /usr/lib/python3/dist-packages/setuptools/command/install.py:34: SetuptoolsDeprecationWarning: setup.py install is deprecated. Use build and pip and other standards-based tools.
[7.996s]   warnings.warn(
[7.996s] running install_lib
[8.008s] running install_data
[8.010s] running install_egg_info
[8.016s] removing '/home/r1/r1_ws/install/control/lib/python3.10/site-packages/control-1.0.0-py3.10.egg-info' (and everything under it)
[8.018s] Copying ../../build/control/control.egg-info to /home/r1/r1_ws/install/control/lib/python3.10/site-packages/control-1.0.0-py3.10.egg-info
[8.024s] running install_scripts
[8.107s] Installing arms_sub script to /home/r1/r1_ws/install/control/lib/control
[8.108s] Installing base_sub script to /home/r1/r1_ws/install/control/lib/control
[8.109s] Installing eyes_sub script to /home/r1/r1_ws/install/control/lib/control
[8.110s] Installing head_sub script to /home/r1/r1_ws/install/control/lib/control
[8.111s] Installing ir_left_pub script to /home/r1/r1_ws/install/control/lib/control
[8.112s] Installing ir_right_pub script to /home/r1/r1_ws/install/control/lib/control
[8.113s] Installing left_hand_sub script to /home/r1/r1_ws/install/control/lib/control
[8.114s] Installing right_hand_sub script to /home/r1/r1_ws/install/control/lib/control
[8.114s] Installing sensors_sub script to /home/r1/r1_ws/install/control/lib/control
[8.115s] Installing us_pub script to /home/r1/r1_ws/install/control/lib/control
[8.118s] writing list of installed files to '/home/r1/r1_ws/build/control/install.log'
[8.239s] Invoked command in '/home/r1/r1_ws/src/control' returned '0': PYTHONPATH=/home/r1/r1_ws/build/control/prefix_override:/home/r1/r1_ws/install/control/lib/python3.10/site-packages:${PYTHONPATH} /usr/bin/python3 setup.py egg_info --egg-base ../../build/control build --build-base /home/r1/r1_ws/build/control/build install --record /home/r1/r1_ws/build/control/install.log --single-version-externally-managed
