[5.590s] Invoking command in '/home/r1/r1_ws/src/camera': PYTHONPATH=/home/r1/r1_ws/build/camera/prefix_override:/home/r1/r1_ws/install/camera/lib/python3.10/site-packages:${PYTHONPATH} /usr/bin/python3 setup.py egg_info --egg-base ../../build/camera build --build-base /home/r1/r1_ws/build/camera/build install --record /home/r1/r1_ws/build/camera/install.log --single-version-externally-managed
[7.342s] running egg_info
[7.344s] writing ../../build/camera/camera.egg-info/PKG-INFO
[7.346s] writing dependency_links to ../../build/camera/camera.egg-info/dependency_links.txt
[7.347s] writing entry points to ../../build/camera/camera.egg-info/entry_points.txt
[7.348s] writing requirements to ../../build/camera/camera.egg-info/requires.txt
[7.349s] writing top-level names to ../../build/camera/camera.egg-info/top_level.txt
[7.357s] reading manifest file '../../build/camera/camera.egg-info/SOURCES.txt'
[7.362s] writing manifest file '../../build/camera/camera.egg-info/SOURCES.txt'
[7.362s] running build
[7.363s] running build_py
[7.364s] copying camera/camera_publisher.py -> /home/r1/r1_ws/build/camera/build/lib/camera
[7.365s] running install
[7.367s] /usr/lib/python3/dist-packages/setuptools/command/install.py:34: SetuptoolsDeprecationWarning: setup.py install is deprecated. Use build and pip and other standards-based tools.
[7.367s]   warnings.warn(
[7.368s] running install_lib
[7.373s] copying /home/r1/r1_ws/build/camera/build/lib/camera/camera_publisher.py -> /home/r1/r1_ws/install/camera/lib/python3.10/site-packages/camera
[7.376s] byte-compiling /home/r1/r1_ws/install/camera/lib/python3.10/site-packages/camera/camera_publisher.py to camera_publisher.cpython-310.pyc
[7.379s] running install_data
[7.381s] running install_egg_info
[7.389s] removing '/home/r1/r1_ws/install/camera/lib/python3.10/site-packages/camera-0.0.0-py3.10.egg-info' (and everything under it)
[7.390s] Copying ../../build/camera/camera.egg-info to /home/r1/r1_ws/install/camera/lib/python3.10/site-packages/camera-0.0.0-py3.10.egg-info
[7.398s] running install_scripts
[7.581s] Installing img_publisher script to /home/r1/r1_ws/install/camera/lib/camera
[7.596s] Installing img_subscriber script to /home/r1/r1_ws/install/camera/lib/camera
[7.603s] writing list of installed files to '/home/r1/r1_ws/build/camera/install.log'
[7.855s] Invoked command in '/home/r1/r1_ws/src/camera' returned '0': PYTHONPATH=/home/r1/r1_ws/build/camera/prefix_override:/home/r1/r1_ws/install/camera/lib/python3.10/site-packages:${PYTHONPATH} /usr/bin/python3 setup.py egg_info --egg-base ../../build/camera build --build-base /home/r1/r1_ws/build/camera/build install --record /home/r1/r1_ws/build/camera/install.log --single-version-externally-managed
