[4.558s] Invoking command in '/home/r1/r1_ws/src/camera': PYTHONPATH=/home/r1/r1_ws/build/camera/prefix_override:/home/r1/r1_ws/install/camera/lib/python3.10/site-packages:${PYTHONPATH} /usr/bin/python3 setup.py egg_info --egg-base ../../build/camera build --build-base /home/r1/r1_ws/build/camera/build install --record /home/r1/r1_ws/build/camera/install.log --single-version-externally-managed
[5.823s] running egg_info
[5.826s] writing ../../build/camera/camera.egg-info/PKG-INFO
[5.827s] writing dependency_links to ../../build/camera/camera.egg-info/dependency_links.txt
[5.829s] writing entry points to ../../build/camera/camera.egg-info/entry_points.txt
[5.831s] writing requirements to ../../build/camera/camera.egg-info/requires.txt
[5.831s] writing top-level names to ../../build/camera/camera.egg-info/top_level.txt
[5.841s] reading manifest file '../../build/camera/camera.egg-info/SOURCES.txt'
[5.850s] writing manifest file '../../build/camera/camera.egg-info/SOURCES.txt'
[5.851s] running build
[5.851s] running build_py
[5.857s] running install
[5.859s] running install_lib
[5.860s] /usr/lib/python3/dist-packages/setuptools/command/install.py:34: SetuptoolsDeprecationWarning: setup.py install is deprecated. Use build and pip and other standards-based tools.
[5.861s]   warnings.warn(
[5.870s] running install_data
[5.875s] running install_egg_info
[5.877s] removing '/home/r1/r1_ws/install/camera/lib/python3.10/site-packages/camera-0.0.0-py3.10.egg-info' (and everything under it)
[5.879s] Copying ../../build/camera/camera.egg-info to /home/r1/r1_ws/install/camera/lib/python3.10/site-packages/camera-0.0.0-py3.10.egg-info
[5.881s] running install_scripts
[5.972s] Installing detection_sub script to /home/r1/r1_ws/install/camera/lib/camera
[5.973s] Installing frames_sub script to /home/r1/r1_ws/install/camera/lib/camera
[5.974s] Installing img_pub script to /home/r1/r1_ws/install/camera/lib/camera
[5.977s] writing list of installed files to '/home/r1/r1_ws/build/camera/install.log'
[6.158s] Invoked command in '/home/r1/r1_ws/src/camera' returned '0': PYTHONPATH=/home/r1/r1_ws/build/camera/prefix_override:/home/r1/r1_ws/install/camera/lib/python3.10/site-packages:${PYTHONPATH} /usr/bin/python3 setup.py egg_info --egg-base ../../build/camera build --build-base /home/r1/r1_ws/build/camera/build install --record /home/r1/r1_ws/build/camera/install.log --single-version-externally-managed
