[3.204s] Invoking command in '/home/r1/r1_ws/build/control': PYTHONPATH=/home/r1/r1_ws/build/control/prefix_override:/home/r1/r1_ws/install/control/lib/python3.10/site-packages:${PYTHONPATH} /usr/bin/python3 setup.py develop --uninstall --editable --build-directory /home/r1/r1_ws/build/control/build
[4.497s] running develop
[4.498s] /usr/lib/python3/dist-packages/setuptools/command/easy_install.py:158: EasyInstallDeprecationWarning: easy_install command is deprecated. Use build and pip and other standards-based tools.
[4.498s]   warnings.warn(
[4.503s] /usr/lib/python3/dist-packages/setuptools/command/install.py:34: SetuptoolsDeprecationWarning: setup.py install is deprecated. Use build and pip and other standards-based tools.
[4.504s]   warnings.warn(
[4.798s] /usr/lib/python3/dist-packages/pkg_resources/__init__.py:116: PkgResourcesDeprecationWarning: 1.1build1 is an invalid version and will not be supported in a future release
[4.798s]   warnings.warn(
[4.799s] /usr/lib/python3/dist-packages/pkg_resources/__init__.py:116: PkgResourcesDeprecationWarning: 0.1.43ubuntu1 is an invalid version and will not be supported in a future release
[4.800s]   warnings.warn(
[5.506s] Invoked command in '/home/r1/r1_ws/build/control' returned '0': PYTHONPATH=/home/r1/r1_ws/build/control/prefix_override:/home/r1/r1_ws/install/control/lib/python3.10/site-packages:${PYTHONPATH} /usr/bin/python3 setup.py develop --uninstall --editable --build-directory /home/r1/r1_ws/build/control/build
[5.514s] Invoking command in '/home/r1/r1_ws/src/control': PYTHONPATH=/home/r1/r1_ws/build/control/prefix_override:/home/r1/r1_ws/install/control/lib/python3.10/site-packages:${PYTHONPATH} /usr/bin/python3 setup.py egg_info --egg-base ../../build/control build --build-base /home/r1/r1_ws/build/control/build install --record /home/r1/r1_ws/build/control/install.log --single-version-externally-managed
[6.719s] running egg_info
[6.722s] writing ../../build/control/control.egg-info/PKG-INFO
[6.723s] writing dependency_links to ../../build/control/control.egg-info/dependency_links.txt
[6.724s] writing entry points to ../../build/control/control.egg-info/entry_points.txt
[6.725s] writing requirements to ../../build/control/control.egg-info/requires.txt
[6.725s] writing top-level names to ../../build/control/control.egg-info/top_level.txt
[6.734s] reading manifest file '../../build/control/control.egg-info/SOURCES.txt'
[6.738s] writing manifest file '../../build/control/control.egg-info/SOURCES.txt'
[6.739s] running build
[6.739s] running build_py
[6.741s] copying control/left_hand_sub.py -> /home/r1/r1_ws/build/control/build/lib/control
[6.745s] running install
[6.745s] /usr/lib/python3/dist-packages/setuptools/command/install.py:34: SetuptoolsDeprecationWarning: setup.py install is deprecated. Use build and pip and other standards-based tools.
[6.746s]   warnings.warn(
[6.747s] running install_lib
[6.751s] copying /home/r1/r1_ws/build/control/build/lib/control/left_hand_sub.py -> /home/r1/r1_ws/install/control/lib/python3.10/site-packages/control
[6.756s] byte-compiling /home/r1/r1_ws/install/control/lib/python3.10/site-packages/control/left_hand_sub.py to left_hand_sub.cpython-310.pyc
[6.759s] running install_data
[6.762s] running install_egg_info
[6.768s] removing '/home/r1/r1_ws/install/control/lib/python3.10/site-packages/control-0.0.0-py3.10.egg-info' (and everything under it)
[6.770s] Copying ../../build/control/control.egg-info to /home/r1/r1_ws/install/control/lib/python3.10/site-packages/control-0.0.0-py3.10.egg-info
[6.777s] running install_scripts
[6.858s] Installing base_sub script to /home/r1/r1_ws/install/control/lib/control
[6.859s] Installing ir_left_pub script to /home/r1/r1_ws/install/control/lib/control
[6.861s] Installing ir_right_pub script to /home/r1/r1_ws/install/control/lib/control
[6.863s] Installing left_hand_sub script to /home/r1/r1_ws/install/control/lib/control
[6.863s] Installing sensors_sub script to /home/r1/r1_ws/install/control/lib/control
[6.864s] Installing us_pub script to /home/r1/r1_ws/install/control/lib/control
[6.866s] writing list of installed files to '/home/r1/r1_ws/build/control/install.log'
[6.991s] Invoked command in '/home/r1/r1_ws/src/control' returned '0': PYTHONPATH=/home/r1/r1_ws/build/control/prefix_override:/home/r1/r1_ws/install/control/lib/python3.10/site-packages:${PYTHONPATH} /usr/bin/python3 setup.py egg_info --egg-base ../../build/control build --build-base /home/r1/r1_ws/build/control/build install --record /home/r1/r1_ws/build/control/install.log --single-version-externally-managed
