[5.779s] Invoking command in '/home/r1/r1_ws/src/control': PYTHONPATH=/home/r1/r1_ws/src/build/control/prefix_override:/home/r1/r1_ws/src/install/control/lib/python3.10/site-packages:${PYTHONPATH} /usr/bin/python3 setup.py egg_info --egg-base ../build/control build --build-base /home/r1/r1_ws/src/build/control/build install --record /home/r1/r1_ws/src/build/control/install.log --single-version-externally-managed
[7.452s] running egg_info
[7.467s] writing ../build/control/control.egg-info/PKG-INFO
[7.469s] writing dependency_links to ../build/control/control.egg-info/dependency_links.txt
[7.470s] writing entry points to ../build/control/control.egg-info/entry_points.txt
[7.471s] writing requirements to ../build/control/control.egg-info/requires.txt
[7.472s] writing top-level names to ../build/control/control.egg-info/top_level.txt
[7.489s] reading manifest file '../build/control/control.egg-info/SOURCES.txt'
[7.496s] writing manifest file '../build/control/control.egg-info/SOURCES.txt'
[7.498s] running build
[7.499s] running build_py
[7.503s] running install
[7.505s] /usr/lib/python3/dist-packages/setuptools/command/install.py:34: SetuptoolsDeprecationWarning: setup.py install is deprecated. Use build and pip and other standards-based tools.
[7.505s]   warnings.warn(
[7.508s] running install_lib
[7.515s] running install_data
[7.519s] running install_egg_info
[7.530s] removing '/home/r1/r1_ws/src/install/control/lib/python3.10/site-packages/control-0.0.0-py3.10.egg-info' (and everything under it)
[7.539s] Copying ../build/control/control.egg-info to /home/r1/r1_ws/src/install/control/lib/python3.10/site-packages/control-0.0.0-py3.10.egg-info
[7.552s] running install_scripts
[7.665s] writing list of installed files to '/home/r1/r1_ws/src/build/control/install.log'
[7.876s] Invoked command in '/home/r1/r1_ws/src/control' returned '0': PYTHONPATH=/home/r1/r1_ws/src/build/control/prefix_override:/home/r1/r1_ws/src/install/control/lib/python3.10/site-packages:${PYTHONPATH} /usr/bin/python3 setup.py egg_info --egg-base ../build/control build --build-base /home/r1/r1_ws/src/build/control/build install --record /home/r1/r1_ws/src/build/control/install.log --single-version-externally-managed
