[3.608s] Invoking command in '/home/r1/r1_ws/build/control': PYTHONPATH=/home/r1/r1_ws/build/control/prefix_override:/home/r1/r1_ws/install/control/lib/python3.10/site-packages:${PYTHONPATH} /usr/bin/python3 setup.py develop --uninstall --editable --build-directory /home/r1/r1_ws/build/control/build
[5.105s] running develop
[5.106s] /usr/lib/python3/dist-packages/setuptools/command/easy_install.py:158: EasyInstallDeprecationWarning: easy_install command is deprecated. Use build and pip and other standards-based tools.
[5.107s]   warnings.warn(
[5.112s] /usr/lib/python3/dist-packages/setuptools/command/install.py:34: SetuptoolsDeprecationWarning: setup.py install is deprecated. Use build and pip and other standards-based tools.
[5.112s]   warnings.warn(
[5.480s] /usr/lib/python3/dist-packages/pkg_resources/__init__.py:116: PkgResourcesDeprecationWarning: 1.1build1 is an invalid version and will not be supported in a future release
[5.480s]   warnings.warn(
[5.482s] /usr/lib/python3/dist-packages/pkg_resources/__init__.py:116: PkgResourcesDeprecationWarning: 0.1.43ubuntu1 is an invalid version and will not be supported in a future release
[5.482s]   warnings.warn(
[6.333s] Invoked command in '/home/r1/r1_ws/build/control' returned '0': PYTHONPATH=/home/r1/r1_ws/build/control/prefix_override:/home/r1/r1_ws/install/control/lib/python3.10/site-packages:${PYTHONPATH} /usr/bin/python3 setup.py develop --uninstall --editable --build-directory /home/r1/r1_ws/build/control/build
[6.342s] Invoking command in '/home/r1/r1_ws/src/control': PYTHONPATH=/home/r1/r1_ws/build/control/prefix_override:/home/r1/r1_ws/install/control/lib/python3.10/site-packages:${PYTHONPATH} /usr/bin/python3 setup.py egg_info --egg-base ../../build/control build --build-base /home/r1/r1_ws/build/control/build install --record /home/r1/r1_ws/build/control/install.log --single-version-externally-managed
[7.753s] running egg_info
[7.757s] writing ../../build/control/control.egg-info/PKG-INFO
[7.759s] writing dependency_links to ../../build/control/control.egg-info/dependency_links.txt
[7.761s] writing entry points to ../../build/control/control.egg-info/entry_points.txt
[7.764s] writing requirements to ../../build/control/control.egg-info/requires.txt
[7.764s] writing top-level names to ../../build/control/control.egg-info/top_level.txt
[7.772s] reading manifest file '../../build/control/control.egg-info/SOURCES.txt'
[7.777s] writing manifest file '../../build/control/control.egg-info/SOURCES.txt'
[7.777s] running build
[7.778s] running build_py
[7.782s] copying control/infrared_left.py -> /home/r1/r1_ws/build/control/build/lib/control
[7.783s] running install
[7.784s] /usr/lib/python3/dist-packages/setuptools/command/install.py:34: SetuptoolsDeprecationWarning: setup.py install is deprecated. Use build and pip and other standards-based tools.
[7.785s]   warnings.warn(
[7.785s] running install_lib
[7.793s] copying /home/r1/r1_ws/build/control/build/lib/control/infrared_left.py -> /home/r1/r1_ws/install/control/lib/python3.10/site-packages/control
[7.798s] byte-compiling /home/r1/r1_ws/install/control/lib/python3.10/site-packages/control/infrared_left.py to infrared_left.cpython-310.pyc
[7.801s] running install_data
[7.804s] running install_egg_info
[7.812s] removing '/home/r1/r1_ws/install/control/lib/python3.10/site-packages/control-1.0.0-py3.10.egg-info' (and everything under it)
[7.819s] Copying ../../build/control/control.egg-info to /home/r1/r1_ws/install/control/lib/python3.10/site-packages/control-1.0.0-py3.10.egg-info
[7.823s] running install_scripts
[7.908s] Installing arms_sub script to /home/r1/r1_ws/install/control/lib/control
[7.909s] Installing base_sub script to /home/r1/r1_ws/install/control/lib/control
[7.910s] Installing eyes_sub script to /home/r1/r1_ws/install/control/lib/control
[7.911s] Installing head_sub script to /home/r1/r1_ws/install/control/lib/control
[7.912s] Installing ir_left_pub script to /home/r1/r1_ws/install/control/lib/control
[7.912s] Installing ir_right_pub script to /home/r1/r1_ws/install/control/lib/control
[7.913s] Installing left_hand_sub script to /home/r1/r1_ws/install/control/lib/control
[7.914s] Installing right_hand_sub script to /home/r1/r1_ws/install/control/lib/control
[7.915s] Installing sensors_sub script to /home/r1/r1_ws/install/control/lib/control
[7.916s] Installing us_pub script to /home/r1/r1_ws/install/control/lib/control
[7.918s] writing list of installed files to '/home/r1/r1_ws/build/control/install.log'
[8.039s] Invoked command in '/home/r1/r1_ws/src/control' returned '0': PYTHONPATH=/home/r1/r1_ws/build/control/prefix_override:/home/r1/r1_ws/install/control/lib/python3.10/site-packages:${PYTHONPATH} /usr/bin/python3 setup.py egg_info --egg-base ../../build/control build --build-base /home/r1/r1_ws/build/control/build install --record /home/r1/r1_ws/build/control/install.log --single-version-externally-managed
