[8.987s] Invoking command in '/home/r1/r1_ws/src/voice': PYTHONPATH=/home/r1/r1_ws/build/voice/prefix_override:/home/r1/r1_ws/install/voice/lib/python3.10/site-packages:${PYTHONPATH} /usr/bin/python3 setup.py egg_info --egg-base ../../build/voice build --build-base /home/r1/r1_ws/build/voice/build install --record /home/r1/r1_ws/build/voice/install.log --single-version-externally-managed
[11.130s] running egg_info
[11.134s] writing ../../build/voice/voice.egg-info/PKG-INFO
[11.135s] writing dependency_links to ../../build/voice/voice.egg-info/dependency_links.txt
[11.137s] writing entry points to ../../build/voice/voice.egg-info/entry_points.txt
[11.139s] writing requirements to ../../build/voice/voice.egg-info/requires.txt
[11.146s] writing top-level names to ../../build/voice/voice.egg-info/top_level.txt
[11.161s] reading manifest file '../../build/voice/voice.egg-info/SOURCES.txt'
[11.163s] writing manifest file '../../build/voice/voice.egg-info/SOURCES.txt'
[11.164s] running build
[11.188s] running build_py
[11.195s] copying voice/detection_subscriber.py -> /home/r1/r1_ws/build/voice/build/lib/voice
[11.196s] running install
[11.211s] running install_lib
[11.212s] copying /home/r1/r1_ws/build/voice/build/lib/voice/detection_subscriber.py -> /home/r1/r1_ws/install/voice/lib/python3.10/site-packages/voice
[11.224s] byte-compiling /home/r1/r1_ws/install/voice/lib/python3.10/site-packages/voice/detection_subscriber.py to detection_subscriber.cpython-310.pyc
[11.227s] /usr/lib/python3/dist-packages/setuptools/command/install.py:34: SetuptoolsDeprecationWarning: setup.py install is deprecated. Use build and pip and other standards-based tools.
[11.228s]   warnings.warn(
[11.229s] running install_data
[11.245s] running install_egg_info
[11.246s] removing '/home/r1/r1_ws/install/voice/lib/python3.10/site-packages/voice-0.0.0-py3.10.egg-info' (and everything under it)
[11.246s] Copying ../../build/voice/voice.egg-info to /home/r1/r1_ws/install/voice/lib/python3.10/site-packages/voice-0.0.0-py3.10.egg-info
[11.247s] running install_scripts
[11.374s] Installing voice_sub script to /home/r1/r1_ws/install/voice/lib/voice
[11.376s] writing list of installed files to '/home/r1/r1_ws/build/voice/install.log'
[11.546s] Invoked command in '/home/r1/r1_ws/src/voice' returned '0': PYTHONPATH=/home/r1/r1_ws/build/voice/prefix_override:/home/r1/r1_ws/install/voice/lib/python3.10/site-packages:${PYTHONPATH} /usr/bin/python3 setup.py egg_info --egg-base ../../build/voice build --build-base /home/r1/r1_ws/build/voice/build install --record /home/r1/r1_ws/build/voice/install.log --single-version-externally-managed
