[3.398s] DEBUG:colcon:Command line arguments: ['/usr/bin/colcon', 'build']
[3.398s] DEBUG:colcon:Parsed command line arguments: Namespace(log_base=None, log_level=None, verb_name='build', build_base='build', install_base='install', merge_install=False, symlink_install=False, test_result_base=None, continue_on_error=False, executor='parallel', parallel_workers=4, event_handlers=None, ignore_user_meta=False, metas=['./colcon.meta'], base_paths=['.'], packages_ignore=None, packages_ignore_regex=None, paths=None, packages_up_to=None, packages_up_to_regex=None, packages_above=None, packages_above_and_dependencies=None, packages_above_depth=None, packages_select_by_dep=None, packages_skip_by_dep=None, packages_skip_up_to=None, packages_select_build_failed=False, packages_skip_build_finished=False, packages_select_test_failures=False, packages_skip_test_passed=False, packages_select=None, packages_skip=None, packages_select_regex=None, packages_skip_regex=None, packages_start=None, packages_end=None, allow_overriding=[], cmake_args=None, cmake_target=None, cmake_target_skip_unavailable=False, cmake_clean_cache=False, cmake_clean_first=False, cmake_force_configure=False, ament_cmake_args=None, catkin_cmake_args=None, catkin_skip_building_tests=False, verb_parser=<colcon_defaults.argument_parser.defaults.DefaultArgumentsDecorator object at 0xffff97b49f00>, verb_extension=<colcon_core.verb.build.BuildVerb object at 0xffff983baad0>, main=<bound method BuildVerb.main of <colcon_core.verb.build.BuildVerb object at 0xffff983baad0>>)
[3.643s] Level 1:colcon.colcon_core.package_discovery:discover_packages(colcon_meta) check parameters
[3.643s] Level 1:colcon.colcon_core.package_discovery:discover_packages(recursive) check parameters
[3.643s] Level 1:colcon.colcon_core.package_discovery:discover_packages(ignore) check parameters
[3.644s] Level 1:colcon.colcon_core.package_discovery:discover_packages(path) check parameters
[3.644s] Level 1:colcon.colcon_core.package_discovery:discover_packages(colcon_meta) discover
[3.644s] Level 1:colcon.colcon_core.package_discovery:discover_packages(recursive) discover
[3.644s] INFO:colcon.colcon_core.package_discovery:Crawling recursively for packages in '/home/r1/r1_ws'
[3.645s] Level 1:colcon.colcon_core.package_identification:_identify(.) by extensions ['ignore', 'ignore_ament_install']
[3.645s] Level 1:colcon.colcon_core.package_identification:_identify(.) by extension 'ignore'
[3.645s] Level 1:colcon.colcon_core.package_identification:_identify(.) by extension 'ignore_ament_install'
[3.646s] Level 1:colcon.colcon_core.package_identification:_identify(.) by extensions ['colcon_pkg']
[3.646s] Level 1:colcon.colcon_core.package_identification:_identify(.) by extension 'colcon_pkg'
[3.646s] Level 1:colcon.colcon_core.package_identification:_identify(.) by extensions ['colcon_meta']
[3.646s] Level 1:colcon.colcon_core.package_identification:_identify(.) by extension 'colcon_meta'
[3.646s] Level 1:colcon.colcon_core.package_identification:_identify(.) by extensions ['ros']
[3.646s] Level 1:colcon.colcon_core.package_identification:_identify(.) by extension 'ros'
[3.751s] Level 1:colcon.colcon_core.package_identification:_identify(.) by extensions ['cmake', 'python']
[3.751s] Level 1:colcon.colcon_core.package_identification:_identify(.) by extension 'cmake'
[3.751s] Level 1:colcon.colcon_core.package_identification:_identify(.) by extension 'python'
[3.751s] Level 1:colcon.colcon_core.package_identification:_identify(.) by extensions ['python_setup_py']
[3.751s] Level 1:colcon.colcon_core.package_identification:_identify(.) by extension 'python_setup_py'
[3.752s] Level 1:colcon.colcon_core.package_identification:_identify(build) by extensions ['ignore', 'ignore_ament_install']
[3.752s] Level 1:colcon.colcon_core.package_identification:_identify(build) by extension 'ignore'
[3.753s] Level 1:colcon.colcon_core.package_identification:_identify(build) ignored
[3.754s] Level 1:colcon.colcon_core.package_identification:_identify(cv_basics) by extensions ['ignore', 'ignore_ament_install']
[3.754s] Level 1:colcon.colcon_core.package_identification:_identify(cv_basics) by extension 'ignore'
[3.754s] Level 1:colcon.colcon_core.package_identification:_identify(cv_basics) by extension 'ignore_ament_install'
[3.755s] Level 1:colcon.colcon_core.package_identification:_identify(cv_basics) by extensions ['colcon_pkg']
[3.755s] Level 1:colcon.colcon_core.package_identification:_identify(cv_basics) by extension 'colcon_pkg'
[3.755s] Level 1:colcon.colcon_core.package_identification:_identify(cv_basics) by extensions ['colcon_meta']
[3.755s] Level 1:colcon.colcon_core.package_identification:_identify(cv_basics) by extension 'colcon_meta'
[3.755s] Level 1:colcon.colcon_core.package_identification:_identify(cv_basics) by extensions ['ros']
[3.755s] Level 1:colcon.colcon_core.package_identification:_identify(cv_basics) by extension 'ros'
[3.769s] DEBUG:colcon.colcon_core.package_identification:Package 'cv_basics' with type 'ros.ament_python' and name 'cv_basics'
[3.770s] Level 1:colcon.colcon_core.package_identification:_identify(install) by extensions ['ignore', 'ignore_ament_install']
[3.770s] Level 1:colcon.colcon_core.package_identification:_identify(install) by extension 'ignore'
[3.770s] Level 1:colcon.colcon_core.package_identification:_identify(install) ignored
[3.773s] Level 1:colcon.colcon_core.package_identification:_identify(log) by extensions ['ignore', 'ignore_ament_install']
[3.773s] Level 1:colcon.colcon_core.package_identification:_identify(log) by extension 'ignore'
[3.774s] Level 1:colcon.colcon_core.package_identification:_identify(log) ignored
[3.775s] Level 1:colcon.colcon_core.package_identification:_identify(src) by extensions ['ignore', 'ignore_ament_install']
[3.775s] Level 1:colcon.colcon_core.package_identification:_identify(src) by extension 'ignore'
[3.775s] Level 1:colcon.colcon_core.package_identification:_identify(src) by extension 'ignore_ament_install'
[3.776s] Level 1:colcon.colcon_core.package_identification:_identify(src) by extensions ['colcon_pkg']
[3.776s] Level 1:colcon.colcon_core.package_identification:_identify(src) by extension 'colcon_pkg'
[3.776s] Level 1:colcon.colcon_core.package_identification:_identify(src) by extensions ['colcon_meta']
[3.776s] Level 1:colcon.colcon_core.package_identification:_identify(src) by extension 'colcon_meta'
[3.776s] Level 1:colcon.colcon_core.package_identification:_identify(src) by extensions ['ros']
[3.776s] Level 1:colcon.colcon_core.package_identification:_identify(src) by extension 'ros'
[3.777s] Level 1:colcon.colcon_core.package_identification:_identify(src) by extensions ['cmake', 'python']
[3.777s] Level 1:colcon.colcon_core.package_identification:_identify(src) by extension 'cmake'
[3.777s] Level 1:colcon.colcon_core.package_identification:_identify(src) by extension 'python'
[3.777s] Level 1:colcon.colcon_core.package_identification:_identify(src) by extensions ['python_setup_py']
[3.777s] Level 1:colcon.colcon_core.package_identification:_identify(src) by extension 'python_setup_py'
[3.779s] Level 1:colcon.colcon_core.package_identification:_identify(src/Adafruit_Python_PCA9685) by extensions ['ignore', 'ignore_ament_install']
[3.779s] Level 1:colcon.colcon_core.package_identification:_identify(src/Adafruit_Python_PCA9685) by extension 'ignore'
[3.779s] Level 1:colcon.colcon_core.package_identification:_identify(src/Adafruit_Python_PCA9685) by extension 'ignore_ament_install'
[3.780s] Level 1:colcon.colcon_core.package_identification:_identify(src/Adafruit_Python_PCA9685) by extensions ['colcon_pkg']
[3.780s] Level 1:colcon.colcon_core.package_identification:_identify(src/Adafruit_Python_PCA9685) by extension 'colcon_pkg'
[3.780s] Level 1:colcon.colcon_core.package_identification:_identify(src/Adafruit_Python_PCA9685) by extensions ['colcon_meta']
[3.780s] Level 1:colcon.colcon_core.package_identification:_identify(src/Adafruit_Python_PCA9685) by extension 'colcon_meta'
[3.780s] Level 1:colcon.colcon_core.package_identification:_identify(src/Adafruit_Python_PCA9685) by extensions ['ros']
[3.780s] Level 1:colcon.colcon_core.package_identification:_identify(src/Adafruit_Python_PCA9685) by extension 'ros'
[3.781s] Level 1:colcon.colcon_core.package_identification:_identify(src/Adafruit_Python_PCA9685) by extensions ['cmake', 'python']
[3.781s] Level 1:colcon.colcon_core.package_identification:_identify(src/Adafruit_Python_PCA9685) by extension 'cmake'
[3.781s] Level 1:colcon.colcon_core.package_identification:_identify(src/Adafruit_Python_PCA9685) by extension 'python'
[3.782s] Level 1:colcon.colcon_core.package_identification:_identify(src/Adafruit_Python_PCA9685) by extensions ['python_setup_py']
[3.782s] Level 1:colcon.colcon_core.package_identification:_identify(src/Adafruit_Python_PCA9685) by extension 'python_setup_py'
[5.380s] DEBUG:colcon.colcon_core.package_identification:Package 'src/Adafruit_Python_PCA9685' with type 'python' and name 'Adafruit_PCA9685'
[5.385s] Level 1:colcon.colcon_core.package_identification:_identify(src/ai_assistant) by extensions ['ignore', 'ignore_ament_install']
[5.386s] Level 1:colcon.colcon_core.package_identification:_identify(src/ai_assistant) by extension 'ignore'
[5.386s] Level 1:colcon.colcon_core.package_identification:_identify(src/ai_assistant) by extension 'ignore_ament_install'
[5.386s] Level 1:colcon.colcon_core.package_identification:_identify(src/ai_assistant) by extensions ['colcon_pkg']
[5.386s] Level 1:colcon.colcon_core.package_identification:_identify(src/ai_assistant) by extension 'colcon_pkg'
[5.387s] Level 1:colcon.colcon_core.package_identification:_identify(src/ai_assistant) by extensions ['colcon_meta']
[5.387s] Level 1:colcon.colcon_core.package_identification:_identify(src/ai_assistant) by extension 'colcon_meta'
[5.387s] Level 1:colcon.colcon_core.package_identification:_identify(src/ai_assistant) by extensions ['ros']
[5.387s] Level 1:colcon.colcon_core.package_identification:_identify(src/ai_assistant) by extension 'ros'
[5.394s] DEBUG:colcon.colcon_core.package_identification:Package 'src/ai_assistant' with type 'ros.ament_python' and name 'ai_assistant'
[5.396s] Level 1:colcon.colcon_core.package_identification:_identify(src/build) by extensions ['ignore', 'ignore_ament_install']
[5.396s] Level 1:colcon.colcon_core.package_identification:_identify(src/build) by extension 'ignore'
[5.397s] Level 1:colcon.colcon_core.package_identification:_identify(src/build) ignored
[5.398s] Level 1:colcon.colcon_core.package_identification:_identify(src/camera) by extensions ['ignore', 'ignore_ament_install']
[5.399s] Level 1:colcon.colcon_core.package_identification:_identify(src/camera) by extension 'ignore'
[5.399s] Level 1:colcon.colcon_core.package_identification:_identify(src/camera) by extension 'ignore_ament_install'
[5.400s] Level 1:colcon.colcon_core.package_identification:_identify(src/camera) by extensions ['colcon_pkg']
[5.400s] Level 1:colcon.colcon_core.package_identification:_identify(src/camera) by extension 'colcon_pkg'
[5.400s] Level 1:colcon.colcon_core.package_identification:_identify(src/camera) by extensions ['colcon_meta']
[5.400s] Level 1:colcon.colcon_core.package_identification:_identify(src/camera) by extension 'colcon_meta'
[5.401s] Level 1:colcon.colcon_core.package_identification:_identify(src/camera) by extensions ['ros']
[5.401s] Level 1:colcon.colcon_core.package_identification:_identify(src/camera) by extension 'ros'
[5.406s] DEBUG:colcon.colcon_core.package_identification:Package 'src/camera' with type 'ros.ament_python' and name 'camera'
[5.408s] Level 1:colcon.colcon_core.package_identification:_identify(src/control) by extensions ['ignore', 'ignore_ament_install']
[5.408s] Level 1:colcon.colcon_core.package_identification:_identify(src/control) by extension 'ignore'
[5.408s] Level 1:colcon.colcon_core.package_identification:_identify(src/control) by extension 'ignore_ament_install'
[5.409s] Level 1:colcon.colcon_core.package_identification:_identify(src/control) by extensions ['colcon_pkg']
[5.409s] Level 1:colcon.colcon_core.package_identification:_identify(src/control) by extension 'colcon_pkg'
[5.409s] Level 1:colcon.colcon_core.package_identification:_identify(src/control) by extensions ['colcon_meta']
[5.409s] Level 1:colcon.colcon_core.package_identification:_identify(src/control) by extension 'colcon_meta'
[5.409s] Level 1:colcon.colcon_core.package_identification:_identify(src/control) by extensions ['ros']
[5.410s] Level 1:colcon.colcon_core.package_identification:_identify(src/control) by extension 'ros'
[5.412s] DEBUG:colcon.colcon_core.package_identification:Package 'src/control' with type 'ros.ament_python' and name 'control'
[5.414s] Level 1:colcon.colcon_core.package_identification:_identify(src/install) by extensions ['ignore', 'ignore_ament_install']
[5.414s] Level 1:colcon.colcon_core.package_identification:_identify(src/install) by extension 'ignore'
[5.414s] Level 1:colcon.colcon_core.package_identification:_identify(src/install) ignored
[5.415s] Level 1:colcon.colcon_core.package_identification:_identify(src/launch) by extensions ['ignore', 'ignore_ament_install']
[5.416s] Level 1:colcon.colcon_core.package_identification:_identify(src/launch) by extension 'ignore'
[5.416s] Level 1:colcon.colcon_core.package_identification:_identify(src/launch) by extension 'ignore_ament_install'
[5.416s] Level 1:colcon.colcon_core.package_identification:_identify(src/launch) by extensions ['colcon_pkg']
[5.416s] Level 1:colcon.colcon_core.package_identification:_identify(src/launch) by extension 'colcon_pkg'
[5.417s] Level 1:colcon.colcon_core.package_identification:_identify(src/launch) by extensions ['colcon_meta']
[5.417s] Level 1:colcon.colcon_core.package_identification:_identify(src/launch) by extension 'colcon_meta'
[5.417s] Level 1:colcon.colcon_core.package_identification:_identify(src/launch) by extensions ['ros']
[5.417s] Level 1:colcon.colcon_core.package_identification:_identify(src/launch) by extension 'ros'
[5.418s] Level 1:colcon.colcon_core.package_identification:_identify(src/launch) by extensions ['cmake', 'python']
[5.418s] Level 1:colcon.colcon_core.package_identification:_identify(src/launch) by extension 'cmake'
[5.418s] Level 1:colcon.colcon_core.package_identification:_identify(src/launch) by extension 'python'
[5.418s] Level 1:colcon.colcon_core.package_identification:_identify(src/launch) by extensions ['python_setup_py']
[5.418s] Level 1:colcon.colcon_core.package_identification:_identify(src/launch) by extension 'python_setup_py'
[5.419s] Level 1:colcon.colcon_core.package_identification:_identify(src/launch/__pycache__) by extensions ['ignore', 'ignore_ament_install']
[5.419s] Level 1:colcon.colcon_core.package_identification:_identify(src/launch/__pycache__) by extension 'ignore'
[5.420s] Level 1:colcon.colcon_core.package_identification:_identify(src/launch/__pycache__) by extension 'ignore_ament_install'
[5.420s] Level 1:colcon.colcon_core.package_identification:_identify(src/launch/__pycache__) by extensions ['colcon_pkg']
[5.420s] Level 1:colcon.colcon_core.package_identification:_identify(src/launch/__pycache__) by extension 'colcon_pkg'
[5.420s] Level 1:colcon.colcon_core.package_identification:_identify(src/launch/__pycache__) by extensions ['colcon_meta']
[5.420s] Level 1:colcon.colcon_core.package_identification:_identify(src/launch/__pycache__) by extension 'colcon_meta'
[5.421s] Level 1:colcon.colcon_core.package_identification:_identify(src/launch/__pycache__) by extensions ['ros']
[5.421s] Level 1:colcon.colcon_core.package_identification:_identify(src/launch/__pycache__) by extension 'ros'
[5.421s] Level 1:colcon.colcon_core.package_identification:_identify(src/launch/__pycache__) by extensions ['cmake', 'python']
[5.421s] Level 1:colcon.colcon_core.package_identification:_identify(src/launch/__pycache__) by extension 'cmake'
[5.421s] Level 1:colcon.colcon_core.package_identification:_identify(src/launch/__pycache__) by extension 'python'
[5.422s] Level 1:colcon.colcon_core.package_identification:_identify(src/launch/__pycache__) by extensions ['python_setup_py']
[5.422s] Level 1:colcon.colcon_core.package_identification:_identify(src/launch/__pycache__) by extension 'python_setup_py'
[5.427s] Level 1:colcon.colcon_core.package_identification:_identify(src/lex-ros2) by extensions ['ignore', 'ignore_ament_install']
[5.427s] Level 1:colcon.colcon_core.package_identification:_identify(src/lex-ros2) by extension 'ignore'
[5.428s] Level 1:colcon.colcon_core.package_identification:_identify(src/lex-ros2) by extension 'ignore_ament_install'
[5.428s] Level 1:colcon.colcon_core.package_identification:_identify(src/lex-ros2) by extensions ['colcon_pkg']
[5.428s] Level 1:colcon.colcon_core.package_identification:_identify(src/lex-ros2) by extension 'colcon_pkg'
[5.428s] Level 1:colcon.colcon_core.package_identification:_identify(src/lex-ros2) by extensions ['colcon_meta']
[5.428s] Level 1:colcon.colcon_core.package_identification:_identify(src/lex-ros2) by extension 'colcon_meta'
[5.429s] Level 1:colcon.colcon_core.package_identification:_identify(src/lex-ros2) by extensions ['ros']
[5.429s] Level 1:colcon.colcon_core.package_identification:_identify(src/lex-ros2) by extension 'ros'
[5.429s] Level 1:colcon.colcon_core.package_identification:_identify(src/lex-ros2) by extensions ['cmake', 'python']
[5.429s] Level 1:colcon.colcon_core.package_identification:_identify(src/lex-ros2) by extension 'cmake'
[5.430s] Level 1:colcon.colcon_core.package_identification:_identify(src/lex-ros2) by extension 'python'
[5.430s] Level 1:colcon.colcon_core.package_identification:_identify(src/lex-ros2) by extensions ['python_setup_py']
[5.430s] Level 1:colcon.colcon_core.package_identification:_identify(src/lex-ros2) by extension 'python_setup_py'
[5.431s] Level 1:colcon.colcon_core.package_identification:_identify(src/lex-ros2/lex_common_msgs) by extensions ['ignore', 'ignore_ament_install']
[5.431s] Level 1:colcon.colcon_core.package_identification:_identify(src/lex-ros2/lex_common_msgs) by extension 'ignore'
[5.432s] Level 1:colcon.colcon_core.package_identification:_identify(src/lex-ros2/lex_common_msgs) by extension 'ignore_ament_install'
[5.432s] Level 1:colcon.colcon_core.package_identification:_identify(src/lex-ros2/lex_common_msgs) by extensions ['colcon_pkg']
[5.432s] Level 1:colcon.colcon_core.package_identification:_identify(src/lex-ros2/lex_common_msgs) by extension 'colcon_pkg'
[5.432s] Level 1:colcon.colcon_core.package_identification:_identify(src/lex-ros2/lex_common_msgs) by extensions ['colcon_meta']
[5.432s] Level 1:colcon.colcon_core.package_identification:_identify(src/lex-ros2/lex_common_msgs) by extension 'colcon_meta'
[5.433s] Level 1:colcon.colcon_core.package_identification:_identify(src/lex-ros2/lex_common_msgs) by extensions ['ros']
[5.433s] Level 1:colcon.colcon_core.package_identification:_identify(src/lex-ros2/lex_common_msgs) by extension 'ros'
[5.436s] DEBUG:colcon.colcon_core.package_identification:Package 'src/lex-ros2/lex_common_msgs' with type 'ros.ament_cmake' and name 'lex_common_msgs'
[5.438s] Level 1:colcon.colcon_core.package_identification:_identify(src/lex-ros2/lex_node) by extensions ['ignore', 'ignore_ament_install']
[5.438s] Level 1:colcon.colcon_core.package_identification:_identify(src/lex-ros2/lex_node) by extension 'ignore'
[5.438s] Level 1:colcon.colcon_core.package_identification:_identify(src/lex-ros2/lex_node) by extension 'ignore_ament_install'
[5.439s] Level 1:colcon.colcon_core.package_identification:_identify(src/lex-ros2/lex_node) by extensions ['colcon_pkg']
[5.439s] Level 1:colcon.colcon_core.package_identification:_identify(src/lex-ros2/lex_node) by extension 'colcon_pkg'
[5.439s] Level 1:colcon.colcon_core.package_identification:_identify(src/lex-ros2/lex_node) by extensions ['colcon_meta']
[5.439s] Level 1:colcon.colcon_core.package_identification:_identify(src/lex-ros2/lex_node) by extension 'colcon_meta'
[5.439s] Level 1:colcon.colcon_core.package_identification:_identify(src/lex-ros2/lex_node) by extensions ['ros']
[5.440s] Level 1:colcon.colcon_core.package_identification:_identify(src/lex-ros2/lex_node) by extension 'ros'
[5.444s] DEBUG:colcon.colcon_core.package_identification:Package 'src/lex-ros2/lex_node' with type 'ros.ament_cmake' and name 'lex_node'
[5.445s] Level 1:colcon.colcon_core.package_identification:_identify(src/log) by extensions ['ignore', 'ignore_ament_install']
[5.445s] Level 1:colcon.colcon_core.package_identification:_identify(src/log) by extension 'ignore'
[5.446s] Level 1:colcon.colcon_core.package_identification:_identify(src/log) ignored
[5.447s] Level 1:colcon.colcon_core.package_identification:_identify(src/ros2_learners) by extensions ['ignore', 'ignore_ament_install']
[5.447s] Level 1:colcon.colcon_core.package_identification:_identify(src/ros2_learners) by extension 'ignore'
[5.447s] Level 1:colcon.colcon_core.package_identification:_identify(src/ros2_learners) by extension 'ignore_ament_install'
[5.448s] Level 1:colcon.colcon_core.package_identification:_identify(src/ros2_learners) by extensions ['colcon_pkg']
[5.448s] Level 1:colcon.colcon_core.package_identification:_identify(src/ros2_learners) by extension 'colcon_pkg'
[5.448s] Level 1:colcon.colcon_core.package_identification:_identify(src/ros2_learners) by extensions ['colcon_meta']
[5.448s] Level 1:colcon.colcon_core.package_identification:_identify(src/ros2_learners) by extension 'colcon_meta'
[5.448s] Level 1:colcon.colcon_core.package_identification:_identify(src/ros2_learners) by extensions ['ros']
[5.448s] Level 1:colcon.colcon_core.package_identification:_identify(src/ros2_learners) by extension 'ros'
[5.449s] Level 1:colcon.colcon_core.package_identification:_identify(src/ros2_learners) by extensions ['cmake', 'python']
[5.449s] Level 1:colcon.colcon_core.package_identification:_identify(src/ros2_learners) by extension 'cmake'
[5.449s] Level 1:colcon.colcon_core.package_identification:_identify(src/ros2_learners) by extension 'python'
[5.450s] Level 1:colcon.colcon_core.package_identification:_identify(src/ros2_learners) by extensions ['python_setup_py']
[5.450s] Level 1:colcon.colcon_core.package_identification:_identify(src/ros2_learners) by extension 'python_setup_py'
[5.451s] Level 1:colcon.colcon_core.package_identification:_identify(src/ros2_learners/navigation_tb3) by extensions ['ignore', 'ignore_ament_install']
[5.451s] Level 1:colcon.colcon_core.package_identification:_identify(src/ros2_learners/navigation_tb3) by extension 'ignore'
[5.452s] Level 1:colcon.colcon_core.package_identification:_identify(src/ros2_learners/navigation_tb3) by extension 'ignore_ament_install'
[5.452s] Level 1:colcon.colcon_core.package_identification:_identify(src/ros2_learners/navigation_tb3) by extensions ['colcon_pkg']
[5.452s] Level 1:colcon.colcon_core.package_identification:_identify(src/ros2_learners/navigation_tb3) by extension 'colcon_pkg'
[5.452s] Level 1:colcon.colcon_core.package_identification:_identify(src/ros2_learners/navigation_tb3) by extensions ['colcon_meta']
[5.452s] Level 1:colcon.colcon_core.package_identification:_identify(src/ros2_learners/navigation_tb3) by extension 'colcon_meta'
[5.453s] Level 1:colcon.colcon_core.package_identification:_identify(src/ros2_learners/navigation_tb3) by extensions ['ros']
[5.453s] Level 1:colcon.colcon_core.package_identification:_identify(src/ros2_learners/navigation_tb3) by extension 'ros'
[5.456s] DEBUG:colcon.colcon_core.package_identification:Package 'src/ros2_learners/navigation_tb3' with type 'ros.ament_cmake' and name 'navigation_tb3'
[5.457s] Level 1:colcon.colcon_core.package_identification:_identify(src/ros2_learners/nodes) by extensions ['ignore', 'ignore_ament_install']
[5.458s] Level 1:colcon.colcon_core.package_identification:_identify(src/ros2_learners/nodes) by extension 'ignore'
[5.458s] Level 1:colcon.colcon_core.package_identification:_identify(src/ros2_learners/nodes) by extension 'ignore_ament_install'
[5.458s] Level 1:colcon.colcon_core.package_identification:_identify(src/ros2_learners/nodes) by extensions ['colcon_pkg']
[5.458s] Level 1:colcon.colcon_core.package_identification:_identify(src/ros2_learners/nodes) by extension 'colcon_pkg'
[5.459s] Level 1:colcon.colcon_core.package_identification:_identify(src/ros2_learners/nodes) by extensions ['colcon_meta']
[5.459s] Level 1:colcon.colcon_core.package_identification:_identify(src/ros2_learners/nodes) by extension 'colcon_meta'
[5.459s] Level 1:colcon.colcon_core.package_identification:_identify(src/ros2_learners/nodes) by extensions ['ros']
[5.459s] Level 1:colcon.colcon_core.package_identification:_identify(src/ros2_learners/nodes) by extension 'ros'
[5.462s] DEBUG:colcon.colcon_core.package_identification:Package 'src/ros2_learners/nodes' with type 'ros.ament_cmake' and name 'nodes'
[5.463s] Level 1:colcon.colcon_core.package_identification:_identify(src/ros2_learners/point_cloud_perception) by extensions ['ignore', 'ignore_ament_install']
[5.464s] Level 1:colcon.colcon_core.package_identification:_identify(src/ros2_learners/point_cloud_perception) by extension 'ignore'
[5.464s] Level 1:colcon.colcon_core.package_identification:_identify(src/ros2_learners/point_cloud_perception) by extension 'ignore_ament_install'
[5.464s] Level 1:colcon.colcon_core.package_identification:_identify(src/ros2_learners/point_cloud_perception) by extensions ['colcon_pkg']
[5.464s] Level 1:colcon.colcon_core.package_identification:_identify(src/ros2_learners/point_cloud_perception) by extension 'colcon_pkg'
[5.465s] Level 1:colcon.colcon_core.package_identification:_identify(src/ros2_learners/point_cloud_perception) by extensions ['colcon_meta']
[5.465s] Level 1:colcon.colcon_core.package_identification:_identify(src/ros2_learners/point_cloud_perception) by extension 'colcon_meta'
[5.465s] Level 1:colcon.colcon_core.package_identification:_identify(src/ros2_learners/point_cloud_perception) by extensions ['ros']
[5.465s] Level 1:colcon.colcon_core.package_identification:_identify(src/ros2_learners/point_cloud_perception) by extension 'ros'
[5.469s] DEBUG:colcon.colcon_core.package_identification:Package 'src/ros2_learners/point_cloud_perception' with type 'ros.ament_cmake' and name 'point_cloud_perception'
[5.471s] Level 1:colcon.colcon_core.package_identification:_identify(src/ros2_learners/resources) by extensions ['ignore', 'ignore_ament_install']
[5.471s] Level 1:colcon.colcon_core.package_identification:_identify(src/ros2_learners/resources) by extension 'ignore'
[5.471s] Level 1:colcon.colcon_core.package_identification:_identify(src/ros2_learners/resources) by extension 'ignore_ament_install'
[5.472s] Level 1:colcon.colcon_core.package_identification:_identify(src/ros2_learners/resources) by extensions ['colcon_pkg']
[5.472s] Level 1:colcon.colcon_core.package_identification:_identify(src/ros2_learners/resources) by extension 'colcon_pkg'
[5.472s] Level 1:colcon.colcon_core.package_identification:_identify(src/ros2_learners/resources) by extensions ['colcon_meta']
[5.472s] Level 1:colcon.colcon_core.package_identification:_identify(src/ros2_learners/resources) by extension 'colcon_meta'
[5.472s] Level 1:colcon.colcon_core.package_identification:_identify(src/ros2_learners/resources) by extensions ['ros']
[5.472s] Level 1:colcon.colcon_core.package_identification:_identify(src/ros2_learners/resources) by extension 'ros'
[5.473s] Level 1:colcon.colcon_core.package_identification:_identify(src/ros2_learners/resources) by extensions ['cmake', 'python']
[5.473s] Level 1:colcon.colcon_core.package_identification:_identify(src/ros2_learners/resources) by extension 'cmake'
[5.473s] Level 1:colcon.colcon_core.package_identification:_identify(src/ros2_learners/resources) by extension 'python'
[5.473s] Level 1:colcon.colcon_core.package_identification:_identify(src/ros2_learners/resources) by extensions ['python_setup_py']
[5.473s] Level 1:colcon.colcon_core.package_identification:_identify(src/ros2_learners/resources) by extension 'python_setup_py'
[5.474s] Level 1:colcon.colcon_core.package_identification:_identify(src/ros2_learners/robot_math) by extensions ['ignore', 'ignore_ament_install']
[5.475s] Level 1:colcon.colcon_core.package_identification:_identify(src/ros2_learners/robot_math) by extension 'ignore'
[5.475s] Level 1:colcon.colcon_core.package_identification:_identify(src/ros2_learners/robot_math) by extension 'ignore_ament_install'
[5.475s] Level 1:colcon.colcon_core.package_identification:_identify(src/ros2_learners/robot_math) by extensions ['colcon_pkg']
[5.475s] Level 1:colcon.colcon_core.package_identification:_identify(src/ros2_learners/robot_math) by extension 'colcon_pkg'
[5.476s] Level 1:colcon.colcon_core.package_identification:_identify(src/ros2_learners/robot_math) by extensions ['colcon_meta']
[5.476s] Level 1:colcon.colcon_core.package_identification:_identify(src/ros2_learners/robot_math) by extension 'colcon_meta'
[5.476s] Level 1:colcon.colcon_core.package_identification:_identify(src/ros2_learners/robot_math) by extensions ['ros']
[5.476s] Level 1:colcon.colcon_core.package_identification:_identify(src/ros2_learners/robot_math) by extension 'ros'
[5.479s] DEBUG:colcon.colcon_core.package_identification:Package 'src/ros2_learners/robot_math' with type 'ros.ament_python' and name 'robot_math'
[5.480s] Level 1:colcon.colcon_core.package_identification:_identify(src/ros2_learners/turtlebot3_gazebo) by extensions ['ignore', 'ignore_ament_install']
[5.480s] Level 1:colcon.colcon_core.package_identification:_identify(src/ros2_learners/turtlebot3_gazebo) by extension 'ignore'
[5.481s] Level 1:colcon.colcon_core.package_identification:_identify(src/ros2_learners/turtlebot3_gazebo) by extension 'ignore_ament_install'
[5.481s] Level 1:colcon.colcon_core.package_identification:_identify(src/ros2_learners/turtlebot3_gazebo) by extensions ['colcon_pkg']
[5.481s] Level 1:colcon.colcon_core.package_identification:_identify(src/ros2_learners/turtlebot3_gazebo) by extension 'colcon_pkg'
[5.481s] Level 1:colcon.colcon_core.package_identification:_identify(src/ros2_learners/turtlebot3_gazebo) by extensions ['colcon_meta']
[5.481s] Level 1:colcon.colcon_core.package_identification:_identify(src/ros2_learners/turtlebot3_gazebo) by extension 'colcon_meta'
[5.482s] Level 1:colcon.colcon_core.package_identification:_identify(src/ros2_learners/turtlebot3_gazebo) by extensions ['ros']
[5.482s] Level 1:colcon.colcon_core.package_identification:_identify(src/ros2_learners/turtlebot3_gazebo) by extension 'ros'
[5.486s] DEBUG:colcon.colcon_core.package_identification:Package 'src/ros2_learners/turtlebot3_gazebo' with type 'ros.ament_cmake' and name 'turtlebot3_gazebo'
[5.488s] Level 1:colcon.colcon_core.package_identification:_identify(src/ros2_learners/turtlebot3_simulations) by extensions ['ignore', 'ignore_ament_install']
[5.488s] Level 1:colcon.colcon_core.package_identification:_identify(src/ros2_learners/turtlebot3_simulations) by extension 'ignore'
[5.488s] Level 1:colcon.colcon_core.package_identification:_identify(src/ros2_learners/turtlebot3_simulations) by extension 'ignore_ament_install'
[5.489s] Level 1:colcon.colcon_core.package_identification:_identify(src/ros2_learners/turtlebot3_simulations) by extensions ['colcon_pkg']
[5.489s] Level 1:colcon.colcon_core.package_identification:_identify(src/ros2_learners/turtlebot3_simulations) by extension 'colcon_pkg'
[5.489s] Level 1:colcon.colcon_core.package_identification:_identify(src/ros2_learners/turtlebot3_simulations) by extensions ['colcon_meta']
[5.489s] Level 1:colcon.colcon_core.package_identification:_identify(src/ros2_learners/turtlebot3_simulations) by extension 'colcon_meta'
[5.489s] Level 1:colcon.colcon_core.package_identification:_identify(src/ros2_learners/turtlebot3_simulations) by extensions ['ros']
[5.489s] Level 1:colcon.colcon_core.package_identification:_identify(src/ros2_learners/turtlebot3_simulations) by extension 'ros'
[5.490s] Level 1:colcon.colcon_core.package_identification:_identify(src/ros2_learners/turtlebot3_simulations) by extensions ['cmake', 'python']
[5.490s] Level 1:colcon.colcon_core.package_identification:_identify(src/ros2_learners/turtlebot3_simulations) by extension 'cmake'
[5.490s] Level 1:colcon.colcon_core.package_identification:_identify(src/ros2_learners/turtlebot3_simulations) by extension 'python'
[5.490s] Level 1:colcon.colcon_core.package_identification:_identify(src/ros2_learners/turtlebot3_simulations) by extensions ['python_setup_py']
[5.490s] Level 1:colcon.colcon_core.package_identification:_identify(src/ros2_learners/turtlebot3_simulations) by extension 'python_setup_py'
[5.492s] Level 1:colcon.colcon_core.package_identification:_identify(src/ros2_learners/turtlebot3_simulations/turtlebot3_fake) by extensions ['ignore', 'ignore_ament_install']
[5.492s] Level 1:colcon.colcon_core.package_identification:_identify(src/ros2_learners/turtlebot3_simulations/turtlebot3_fake) by extension 'ignore'
[5.492s] Level 1:colcon.colcon_core.package_identification:_identify(src/ros2_learners/turtlebot3_simulations/turtlebot3_fake) by extension 'ignore_ament_install'
[5.492s] Level 1:colcon.colcon_core.package_identification:_identify(src/ros2_learners/turtlebot3_simulations/turtlebot3_fake) by extensions ['colcon_pkg']
[5.493s] Level 1:colcon.colcon_core.package_identification:_identify(src/ros2_learners/turtlebot3_simulations/turtlebot3_fake) by extension 'colcon_pkg'
[5.493s] Level 1:colcon.colcon_core.package_identification:_identify(src/ros2_learners/turtlebot3_simulations/turtlebot3_fake) by extensions ['colcon_meta']
[5.493s] Level 1:colcon.colcon_core.package_identification:_identify(src/ros2_learners/turtlebot3_simulations/turtlebot3_fake) by extension 'colcon_meta'
[5.493s] Level 1:colcon.colcon_core.package_identification:_identify(src/ros2_learners/turtlebot3_simulations/turtlebot3_fake) by extensions ['ros']
[5.493s] Level 1:colcon.colcon_core.package_identification:_identify(src/ros2_learners/turtlebot3_simulations/turtlebot3_fake) by extension 'ros'
[5.498s] DEBUG:colcon.colcon_core.package_identification:Package 'src/ros2_learners/turtlebot3_simulations/turtlebot3_fake' with type 'ros.catkin' and name 'turtlebot3_fake'
[5.500s] Level 1:colcon.colcon_core.package_identification:_identify(src/ros2_learners/turtlebot3_simulations/turtlebot3_gazebo) by extensions ['ignore', 'ignore_ament_install']
[5.500s] Level 1:colcon.colcon_core.package_identification:_identify(src/ros2_learners/turtlebot3_simulations/turtlebot3_gazebo) by extension 'ignore'
[5.500s] Level 1:colcon.colcon_core.package_identification:_identify(src/ros2_learners/turtlebot3_simulations/turtlebot3_gazebo) by extension 'ignore_ament_install'
[5.501s] Level 1:colcon.colcon_core.package_identification:_identify(src/ros2_learners/turtlebot3_simulations/turtlebot3_gazebo) by extensions ['colcon_pkg']
[5.501s] Level 1:colcon.colcon_core.package_identification:_identify(src/ros2_learners/turtlebot3_simulations/turtlebot3_gazebo) by extension 'colcon_pkg'
[5.501s] Level 1:colcon.colcon_core.package_identification:_identify(src/ros2_learners/turtlebot3_simulations/turtlebot3_gazebo) by extensions ['colcon_meta']
[5.501s] Level 1:colcon.colcon_core.package_identification:_identify(src/ros2_learners/turtlebot3_simulations/turtlebot3_gazebo) by extension 'colcon_meta'
[5.501s] Level 1:colcon.colcon_core.package_identification:_identify(src/ros2_learners/turtlebot3_simulations/turtlebot3_gazebo) by extensions ['ros']
[5.502s] Level 1:colcon.colcon_core.package_identification:_identify(src/ros2_learners/turtlebot3_simulations/turtlebot3_gazebo) by extension 'ros'
[5.507s] DEBUG:colcon.colcon_core.package_identification:Package 'src/ros2_learners/turtlebot3_simulations/turtlebot3_gazebo' with type 'ros.catkin' and name 'turtlebot3_gazebo'
[5.508s] Level 1:colcon.colcon_core.package_identification:_identify(src/ros2_learners/turtlebot3_simulations/turtlebot3_simulations) by extensions ['ignore', 'ignore_ament_install']
[5.508s] Level 1:colcon.colcon_core.package_identification:_identify(src/ros2_learners/turtlebot3_simulations/turtlebot3_simulations) by extension 'ignore'
[5.509s] Level 1:colcon.colcon_core.package_identification:_identify(src/ros2_learners/turtlebot3_simulations/turtlebot3_simulations) by extension 'ignore_ament_install'
[5.509s] Level 1:colcon.colcon_core.package_identification:_identify(src/ros2_learners/turtlebot3_simulations/turtlebot3_simulations) by extensions ['colcon_pkg']
[5.509s] Level 1:colcon.colcon_core.package_identification:_identify(src/ros2_learners/turtlebot3_simulations/turtlebot3_simulations) by extension 'colcon_pkg'
[5.509s] Level 1:colcon.colcon_core.package_identification:_identify(src/ros2_learners/turtlebot3_simulations/turtlebot3_simulations) by extensions ['colcon_meta']
[5.509s] Level 1:colcon.colcon_core.package_identification:_identify(src/ros2_learners/turtlebot3_simulations/turtlebot3_simulations) by extension 'colcon_meta'
[5.510s] Level 1:colcon.colcon_core.package_identification:_identify(src/ros2_learners/turtlebot3_simulations/turtlebot3_simulations) by extensions ['ros']
[5.510s] Level 1:colcon.colcon_core.package_identification:_identify(src/ros2_learners/turtlebot3_simulations/turtlebot3_simulations) by extension 'ros'
[5.513s] DEBUG:colcon.colcon_core.package_identification:Package 'src/ros2_learners/turtlebot3_simulations/turtlebot3_simulations' with type 'ros.catkin' and name 'turtlebot3_simulations'
[5.514s] Level 1:colcon.colcon_core.package_identification:_identify(src/voice) by extensions ['ignore', 'ignore_ament_install']
[5.515s] Level 1:colcon.colcon_core.package_identification:_identify(src/voice) by extension 'ignore'
[5.515s] Level 1:colcon.colcon_core.package_identification:_identify(src/voice) by extension 'ignore_ament_install'
[5.515s] Level 1:colcon.colcon_core.package_identification:_identify(src/voice) by extensions ['colcon_pkg']
[5.515s] Level 1:colcon.colcon_core.package_identification:_identify(src/voice) by extension 'colcon_pkg'
[5.515s] Level 1:colcon.colcon_core.package_identification:_identify(src/voice) by extensions ['colcon_meta']
[5.515s] Level 1:colcon.colcon_core.package_identification:_identify(src/voice) by extension 'colcon_meta'
[5.516s] Level 1:colcon.colcon_core.package_identification:_identify(src/voice) by extensions ['ros']
[5.516s] Level 1:colcon.colcon_core.package_identification:_identify(src/voice) by extension 'ros'
[5.518s] DEBUG:colcon.colcon_core.package_identification:Package 'src/voice' with type 'ros.ament_python' and name 'voice'
[5.520s] Level 1:colcon.colcon_core.package_identification:_identify(v4l2_camera) by extensions ['ignore', 'ignore_ament_install']
[5.520s] Level 1:colcon.colcon_core.package_identification:_identify(v4l2_camera) by extension 'ignore'
[5.520s] Level 1:colcon.colcon_core.package_identification:_identify(v4l2_camera) by extension 'ignore_ament_install'
[5.520s] Level 1:colcon.colcon_core.package_identification:_identify(v4l2_camera) by extensions ['colcon_pkg']
[5.521s] Level 1:colcon.colcon_core.package_identification:_identify(v4l2_camera) by extension 'colcon_pkg'
[5.521s] Level 1:colcon.colcon_core.package_identification:_identify(v4l2_camera) by extensions ['colcon_meta']
[5.521s] Level 1:colcon.colcon_core.package_identification:_identify(v4l2_camera) by extension 'colcon_meta'
[5.521s] Level 1:colcon.colcon_core.package_identification:_identify(v4l2_camera) by extensions ['ros']
[5.521s] Level 1:colcon.colcon_core.package_identification:_identify(v4l2_camera) by extension 'ros'
[5.526s] DEBUG:colcon.colcon_core.package_identification:Package 'v4l2_camera' with type 'ros.ament_cmake' and name 'v4l2_camera'
[5.527s] Level 1:colcon.colcon_core.package_identification:_identify(video_streaming) by extensions ['ignore', 'ignore_ament_install']
[5.527s] Level 1:colcon.colcon_core.package_identification:_identify(video_streaming) by extension 'ignore'
[5.527s] Level 1:colcon.colcon_core.package_identification:_identify(video_streaming) by extension 'ignore_ament_install'
[5.528s] Level 1:colcon.colcon_core.package_identification:_identify(video_streaming) by extensions ['colcon_pkg']
[5.528s] Level 1:colcon.colcon_core.package_identification:_identify(video_streaming) by extension 'colcon_pkg'
[5.528s] Level 1:colcon.colcon_core.package_identification:_identify(video_streaming) by extensions ['colcon_meta']
[5.528s] Level 1:colcon.colcon_core.package_identification:_identify(video_streaming) by extension 'colcon_meta'
[5.528s] Level 1:colcon.colcon_core.package_identification:_identify(video_streaming) by extensions ['ros']
[5.528s] Level 1:colcon.colcon_core.package_identification:_identify(video_streaming) by extension 'ros'
[5.529s] Level 1:colcon.colcon_core.package_identification:_identify(video_streaming) by extensions ['cmake', 'python']
[5.529s] Level 1:colcon.colcon_core.package_identification:_identify(video_streaming) by extension 'cmake'
[5.529s] Level 1:colcon.colcon_core.package_identification:_identify(video_streaming) by extension 'python'
[5.529s] Level 1:colcon.colcon_core.package_identification:_identify(video_streaming) by extensions ['python_setup_py']
[5.529s] Level 1:colcon.colcon_core.package_identification:_identify(video_streaming) by extension 'python_setup_py'
[5.531s] Level 1:colcon.colcon_core.package_identification:_identify(video_streaming/pyimagesearch) by extensions ['ignore', 'ignore_ament_install']
[5.531s] Level 1:colcon.colcon_core.package_identification:_identify(video_streaming/pyimagesearch) by extension 'ignore'
[5.531s] Level 1:colcon.colcon_core.package_identification:_identify(video_streaming/pyimagesearch) by extension 'ignore_ament_install'
[5.531s] Level 1:colcon.colcon_core.package_identification:_identify(video_streaming/pyimagesearch) by extensions ['colcon_pkg']
[5.532s] Level 1:colcon.colcon_core.package_identification:_identify(video_streaming/pyimagesearch) by extension 'colcon_pkg'
[5.532s] Level 1:colcon.colcon_core.package_identification:_identify(video_streaming/pyimagesearch) by extensions ['colcon_meta']
[5.532s] Level 1:colcon.colcon_core.package_identification:_identify(video_streaming/pyimagesearch) by extension 'colcon_meta'
[5.532s] Level 1:colcon.colcon_core.package_identification:_identify(video_streaming/pyimagesearch) by extensions ['ros']
[5.532s] Level 1:colcon.colcon_core.package_identification:_identify(video_streaming/pyimagesearch) by extension 'ros'
[5.533s] Level 1:colcon.colcon_core.package_identification:_identify(video_streaming/pyimagesearch) by extensions ['cmake', 'python']
[5.533s] Level 1:colcon.colcon_core.package_identification:_identify(video_streaming/pyimagesearch) by extension 'cmake'
[5.533s] Level 1:colcon.colcon_core.package_identification:_identify(video_streaming/pyimagesearch) by extension 'python'
[5.533s] Level 1:colcon.colcon_core.package_identification:_identify(video_streaming/pyimagesearch) by extensions ['python_setup_py']
[5.533s] Level 1:colcon.colcon_core.package_identification:_identify(video_streaming/pyimagesearch) by extension 'python_setup_py'
[5.534s] Level 1:colcon.colcon_core.package_identification:_identify(video_streaming/pyimagesearch/motion_detection) by extensions ['ignore', 'ignore_ament_install']
[5.535s] Level 1:colcon.colcon_core.package_identification:_identify(video_streaming/pyimagesearch/motion_detection) by extension 'ignore'
[5.535s] Level 1:colcon.colcon_core.package_identification:_identify(video_streaming/pyimagesearch/motion_detection) by extension 'ignore_ament_install'
[5.535s] Level 1:colcon.colcon_core.package_identification:_identify(video_streaming/pyimagesearch/motion_detection) by extensions ['colcon_pkg']
[5.535s] Level 1:colcon.colcon_core.package_identification:_identify(video_streaming/pyimagesearch/motion_detection) by extension 'colcon_pkg'
[5.535s] Level 1:colcon.colcon_core.package_identification:_identify(video_streaming/pyimagesearch/motion_detection) by extensions ['colcon_meta']
[5.535s] Level 1:colcon.colcon_core.package_identification:_identify(video_streaming/pyimagesearch/motion_detection) by extension 'colcon_meta'
[5.536s] Level 1:colcon.colcon_core.package_identification:_identify(video_streaming/pyimagesearch/motion_detection) by extensions ['ros']
[5.536s] Level 1:colcon.colcon_core.package_identification:_identify(video_streaming/pyimagesearch/motion_detection) by extension 'ros'
[5.536s] Level 1:colcon.colcon_core.package_identification:_identify(video_streaming/pyimagesearch/motion_detection) by extensions ['cmake', 'python']
[5.536s] Level 1:colcon.colcon_core.package_identification:_identify(video_streaming/pyimagesearch/motion_detection) by extension 'cmake'
[5.536s] Level 1:colcon.colcon_core.package_identification:_identify(video_streaming/pyimagesearch/motion_detection) by extension 'python'
[5.537s] Level 1:colcon.colcon_core.package_identification:_identify(video_streaming/pyimagesearch/motion_detection) by extensions ['python_setup_py']
[5.537s] Level 1:colcon.colcon_core.package_identification:_identify(video_streaming/pyimagesearch/motion_detection) by extension 'python_setup_py'
[5.538s] Level 1:colcon.colcon_core.package_identification:_identify(video_streaming/templates) by extensions ['ignore', 'ignore_ament_install']
[5.538s] Level 1:colcon.colcon_core.package_identification:_identify(video_streaming/templates) by extension 'ignore'
[5.538s] Level 1:colcon.colcon_core.package_identification:_identify(video_streaming/templates) by extension 'ignore_ament_install'
[5.539s] Level 1:colcon.colcon_core.package_identification:_identify(video_streaming/templates) by extensions ['colcon_pkg']
[5.539s] Level 1:colcon.colcon_core.package_identification:_identify(video_streaming/templates) by extension 'colcon_pkg'
[5.539s] Level 1:colcon.colcon_core.package_identification:_identify(video_streaming/templates) by extensions ['colcon_meta']
[5.539s] Level 1:colcon.colcon_core.package_identification:_identify(video_streaming/templates) by extension 'colcon_meta'
[5.539s] Level 1:colcon.colcon_core.package_identification:_identify(video_streaming/templates) by extensions ['ros']
[5.539s] Level 1:colcon.colcon_core.package_identification:_identify(video_streaming/templates) by extension 'ros'
[5.540s] Level 1:colcon.colcon_core.package_identification:_identify(video_streaming/templates) by extensions ['cmake', 'python']
[5.540s] Level 1:colcon.colcon_core.package_identification:_identify(video_streaming/templates) by extension 'cmake'
[5.540s] Level 1:colcon.colcon_core.package_identification:_identify(video_streaming/templates) by extension 'python'
[5.540s] Level 1:colcon.colcon_core.package_identification:_identify(video_streaming/templates) by extensions ['python_setup_py']
[5.540s] Level 1:colcon.colcon_core.package_identification:_identify(video_streaming/templates) by extension 'python_setup_py'
[5.542s] Level 1:colcon.colcon_core.package_identification:_identify(vision_opencv) by extensions ['ignore', 'ignore_ament_install']
[5.542s] Level 1:colcon.colcon_core.package_identification:_identify(vision_opencv) by extension 'ignore'
[5.542s] Level 1:colcon.colcon_core.package_identification:_identify(vision_opencv) by extension 'ignore_ament_install'
[5.542s] Level 1:colcon.colcon_core.package_identification:_identify(vision_opencv) by extensions ['colcon_pkg']
[5.542s] Level 1:colcon.colcon_core.package_identification:_identify(vision_opencv) by extension 'colcon_pkg'
[5.543s] Level 1:colcon.colcon_core.package_identification:_identify(vision_opencv) by extensions ['colcon_meta']
[5.543s] Level 1:colcon.colcon_core.package_identification:_identify(vision_opencv) by extension 'colcon_meta'
[5.543s] Level 1:colcon.colcon_core.package_identification:_identify(vision_opencv) by extensions ['ros']
[5.543s] Level 1:colcon.colcon_core.package_identification:_identify(vision_opencv) by extension 'ros'
[5.543s] Level 1:colcon.colcon_core.package_identification:_identify(vision_opencv) by extensions ['cmake', 'python']
[5.544s] Level 1:colcon.colcon_core.package_identification:_identify(vision_opencv) by extension 'cmake'
[5.544s] Level 1:colcon.colcon_core.package_identification:_identify(vision_opencv) by extension 'python'
[5.544s] Level 1:colcon.colcon_core.package_identification:_identify(vision_opencv) by extensions ['python_setup_py']
[5.544s] Level 1:colcon.colcon_core.package_identification:_identify(vision_opencv) by extension 'python_setup_py'
[5.545s] Level 1:colcon.colcon_core.package_identification:_identify(vision_opencv/cv_bridge) by extensions ['ignore', 'ignore_ament_install']
[5.546s] Level 1:colcon.colcon_core.package_identification:_identify(vision_opencv/cv_bridge) by extension 'ignore'
[5.546s] Level 1:colcon.colcon_core.package_identification:_identify(vision_opencv/cv_bridge) by extension 'ignore_ament_install'
[5.546s] Level 1:colcon.colcon_core.package_identification:_identify(vision_opencv/cv_bridge) by extensions ['colcon_pkg']
[5.546s] Level 1:colcon.colcon_core.package_identification:_identify(vision_opencv/cv_bridge) by extension 'colcon_pkg'
[5.546s] Level 1:colcon.colcon_core.package_identification:_identify(vision_opencv/cv_bridge) by extensions ['colcon_meta']
[5.546s] Level 1:colcon.colcon_core.package_identification:_identify(vision_opencv/cv_bridge) by extension 'colcon_meta'
[5.547s] Level 1:colcon.colcon_core.package_identification:_identify(vision_opencv/cv_bridge) by extensions ['ros']
[5.547s] Level 1:colcon.colcon_core.package_identification:_identify(vision_opencv/cv_bridge) by extension 'ros'
[5.551s] DEBUG:colcon.colcon_core.package_identification:Package 'vision_opencv/cv_bridge' with type 'ros.ament_cmake' and name 'cv_bridge'
[5.553s] Level 1:colcon.colcon_core.package_identification:_identify(vision_opencv/image_geometry) by extensions ['ignore', 'ignore_ament_install']
[5.553s] Level 1:colcon.colcon_core.package_identification:_identify(vision_opencv/image_geometry) by extension 'ignore'
[5.553s] Level 1:colcon.colcon_core.package_identification:_identify(vision_opencv/image_geometry) by extension 'ignore_ament_install'
[5.554s] Level 1:colcon.colcon_core.package_identification:_identify(vision_opencv/image_geometry) by extensions ['colcon_pkg']
[5.554s] Level 1:colcon.colcon_core.package_identification:_identify(vision_opencv/image_geometry) by extension 'colcon_pkg'
[5.554s] Level 1:colcon.colcon_core.package_identification:_identify(vision_opencv/image_geometry) by extensions ['colcon_meta']
[5.554s] Level 1:colcon.colcon_core.package_identification:_identify(vision_opencv/image_geometry) by extension 'colcon_meta'
[5.554s] Level 1:colcon.colcon_core.package_identification:_identify(vision_opencv/image_geometry) by extensions ['ros']
[5.555s] Level 1:colcon.colcon_core.package_identification:_identify(vision_opencv/image_geometry) by extension 'ros'
[5.558s] DEBUG:colcon.colcon_core.package_identification:Package 'vision_opencv/image_geometry' with type 'ros.ament_cmake' and name 'image_geometry'
[5.559s] Level 1:colcon.colcon_core.package_identification:_identify(vision_opencv/opencv_tests) by extensions ['ignore', 'ignore_ament_install']
[5.560s] Level 1:colcon.colcon_core.package_identification:_identify(vision_opencv/opencv_tests) by extension 'ignore'
[5.560s] Level 1:colcon.colcon_core.package_identification:_identify(vision_opencv/opencv_tests) by extension 'ignore_ament_install'
[5.560s] Level 1:colcon.colcon_core.package_identification:_identify(vision_opencv/opencv_tests) by extensions ['colcon_pkg']
[5.560s] Level 1:colcon.colcon_core.package_identification:_identify(vision_opencv/opencv_tests) by extension 'colcon_pkg'
[5.561s] Level 1:colcon.colcon_core.package_identification:_identify(vision_opencv/opencv_tests) by extensions ['colcon_meta']
[5.561s] Level 1:colcon.colcon_core.package_identification:_identify(vision_opencv/opencv_tests) by extension 'colcon_meta'
[5.561s] Level 1:colcon.colcon_core.package_identification:_identify(vision_opencv/opencv_tests) by extensions ['ros']
[5.561s] Level 1:colcon.colcon_core.package_identification:_identify(vision_opencv/opencv_tests) by extension 'ros'
[5.564s] DEBUG:colcon.colcon_core.package_identification:Package 'vision_opencv/opencv_tests' with type 'ros.ament_python' and name 'opencv_tests'
[5.565s] Level 1:colcon.colcon_core.package_identification:_identify(vision_opencv/vision_opencv) by extensions ['ignore', 'ignore_ament_install']
[5.566s] Level 1:colcon.colcon_core.package_identification:_identify(vision_opencv/vision_opencv) by extension 'ignore'
[5.566s] Level 1:colcon.colcon_core.package_identification:_identify(vision_opencv/vision_opencv) by extension 'ignore_ament_install'
[5.566s] Level 1:colcon.colcon_core.package_identification:_identify(vision_opencv/vision_opencv) by extensions ['colcon_pkg']
[5.566s] Level 1:colcon.colcon_core.package_identification:_identify(vision_opencv/vision_opencv) by extension 'colcon_pkg'
[5.567s] Level 1:colcon.colcon_core.package_identification:_identify(vision_opencv/vision_opencv) by extensions ['colcon_meta']
[5.567s] Level 1:colcon.colcon_core.package_identification:_identify(vision_opencv/vision_opencv) by extension 'colcon_meta'
[5.567s] Level 1:colcon.colcon_core.package_identification:_identify(vision_opencv/vision_opencv) by extensions ['ros']
[5.567s] Level 1:colcon.colcon_core.package_identification:_identify(vision_opencv/vision_opencv) by extension 'ros'
[5.570s] DEBUG:colcon.colcon_core.package_identification:Package 'vision_opencv/vision_opencv' with type 'ros.ament_cmake' and name 'vision_opencv'
[5.571s] Level 1:colcon.colcon_core.package_identification:_identify(voice_testing) by extensions ['ignore', 'ignore_ament_install']
[5.572s] Level 1:colcon.colcon_core.package_identification:_identify(voice_testing) by extension 'ignore'
[5.572s] Level 1:colcon.colcon_core.package_identification:_identify(voice_testing) by extension 'ignore_ament_install'
[5.572s] Level 1:colcon.colcon_core.package_identification:_identify(voice_testing) by extensions ['colcon_pkg']
[5.573s] Level 1:colcon.colcon_core.package_identification:_identify(voice_testing) by extension 'colcon_pkg'
[5.573s] Level 1:colcon.colcon_core.package_identification:_identify(voice_testing) by extensions ['colcon_meta']
[5.573s] Level 1:colcon.colcon_core.package_identification:_identify(voice_testing) by extension 'colcon_meta'
[5.573s] Level 1:colcon.colcon_core.package_identification:_identify(voice_testing) by extensions ['ros']
[5.573s] Level 1:colcon.colcon_core.package_identification:_identify(voice_testing) by extension 'ros'
[5.574s] Level 1:colcon.colcon_core.package_identification:_identify(voice_testing) by extensions ['cmake', 'python']
[5.574s] Level 1:colcon.colcon_core.package_identification:_identify(voice_testing) by extension 'cmake'
[5.574s] Level 1:colcon.colcon_core.package_identification:_identify(voice_testing) by extension 'python'
[5.574s] Level 1:colcon.colcon_core.package_identification:_identify(voice_testing) by extensions ['python_setup_py']
[5.574s] Level 1:colcon.colcon_core.package_identification:_identify(voice_testing) by extension 'python_setup_py'
[5.574s] Level 1:colcon.colcon_core.package_discovery:discover_packages(recursive) using defaults
[5.575s] Level 1:colcon.colcon_core.package_discovery:discover_packages(ignore) discover
[5.575s] Level 1:colcon.colcon_core.package_discovery:discover_packages(ignore) using defaults
[5.575s] Level 1:colcon.colcon_core.package_discovery:discover_packages(path) discover
[5.575s] Level 1:colcon.colcon_core.package_discovery:discover_packages(path) using defaults
[5.749s] Level 1:colcon.colcon_core.package_discovery:discover_packages(prefix_path) check parameters
[5.749s] Level 1:colcon.colcon_core.package_discovery:discover_packages(prefix_path) discover
[5.773s] DEBUG:colcon.colcon_installed_package_information.package_discovery:Found 14 installed packages in /home/r1/r1_ws/install
[5.786s] DEBUG:colcon.colcon_installed_package_information.package_discovery:Found 288 installed packages in /opt/ros/humble
[5.795s] Level 1:colcon.colcon_core.package_discovery:discover_packages(prefix_path) using defaults
[6.081s] WARNING:colcon.colcon_core.package_selection:Some selected packages are already built in one or more underlay workspaces:
	'cv_bridge' is in: /home/r1/r1_ws/install/cv_bridge, /opt/ros/humble
If a package in a merged underlay workspace is overridden and it installs headers, then all packages in the overlay must sort their include directories by workspace order. Failure to do so may result in build failures or undefined behavior at run time.
If the overridden package is used by another package in any underlay, then the overriding package in the overlay must be API and ABI compatible or undefined behavior at run time may occur.

If you understand the risks and want to override a package anyways, add the following to the command line:
	--allow-overriding cv_bridge

This may be promoted to an error in a future release of colcon-override-check.
[6.083s] ERROR:colcon:colcon build: Duplicate package names not supported:
- turtlebot3_gazebo:
  - src/ros2_learners/turtlebot3_gazebo
  - src/ros2_learners/turtlebot3_simulations/turtlebot3_gazebo
