[5.766s] Invoking command in '/home/r1/r1_ws/src/camera': PYTHONPATH=/home/r1/r1_ws/build/camera/prefix_override:/home/r1/r1_ws/install/camera/lib/python3.10/site-packages:${PYTHONPATH} /usr/bin/python3 setup.py egg_info --egg-base ../../build/camera build --build-base /home/r1/r1_ws/build/camera/build install --record /home/r1/r1_ws/build/camera/install.log --single-version-externally-managed
[7.499s] running egg_info
[7.502s] writing ../../build/camera/camera.egg-info/PKG-INFO
[7.505s] writing dependency_links to ../../build/camera/camera.egg-info/dependency_links.txt
[7.505s] writing entry points to ../../build/camera/camera.egg-info/entry_points.txt
[7.506s] writing requirements to ../../build/camera/camera.egg-info/requires.txt
[7.510s] writing top-level names to ../../build/camera/camera.egg-info/top_level.txt
[7.517s] reading manifest file '../../build/camera/camera.egg-info/SOURCES.txt'
[7.522s] writing manifest file '../../build/camera/camera.egg-info/SOURCES.txt'
[7.523s] running build
[7.524s] running build_py
[7.532s] copying camera/detection_subscriber.py -> /home/r1/r1_ws/build/camera/build/lib/camera
[7.533s] running install
[7.534s] /usr/lib/python3/dist-packages/setuptools/command/install.py:34: SetuptoolsDeprecationWarning: setup.py install is deprecated. Use build and pip and other standards-based tools.
[7.535s]   warnings.warn(
[7.535s] running install_lib
[7.536s] copying /home/r1/r1_ws/build/camera/build/lib/camera/detection_subscriber.py -> /home/r1/r1_ws/install/camera/lib/python3.10/site-packages/camera
[7.548s] byte-compiling /home/r1/r1_ws/install/camera/lib/python3.10/site-packages/camera/detection_subscriber.py to detection_subscriber.cpython-310.pyc
[7.552s] running install_data
[7.553s] running install_egg_info
[7.555s] removing '/home/r1/r1_ws/install/camera/lib/python3.10/site-packages/camera-0.0.0-py3.10.egg-info' (and everything under it)
[7.558s] Copying ../../build/camera/camera.egg-info to /home/r1/r1_ws/install/camera/lib/python3.10/site-packages/camera-0.0.0-py3.10.egg-info
[7.565s] running install_scripts
[7.676s] Installing detection_sub script to /home/r1/r1_ws/install/camera/lib/camera
[7.677s] Installing frames_sub script to /home/r1/r1_ws/install/camera/lib/camera
[7.679s] Installing img_pub script to /home/r1/r1_ws/install/camera/lib/camera
[7.681s] writing list of installed files to '/home/r1/r1_ws/build/camera/install.log'
[7.870s] Invoked command in '/home/r1/r1_ws/src/camera' returned '0': PYTHONPATH=/home/r1/r1_ws/build/camera/prefix_override:/home/r1/r1_ws/install/camera/lib/python3.10/site-packages:${PYTHONPATH} /usr/bin/python3 setup.py egg_info --egg-base ../../build/camera build --build-base /home/r1/r1_ws/build/camera/build install --record /home/r1/r1_ws/build/camera/install.log --single-version-externally-managed
