[1.494s] DEBUG:colcon:Command line arguments: ['/usr/bin/colcon', 'build']
[1.494s] DEBUG:colcon:Parsed command line arguments: Namespace(log_base=None, log_level=None, verb_name='build', build_base='build', install_base='install', merge_install=False, symlink_install=False, test_result_base=None, continue_on_error=False, executor='parallel', parallel_workers=4, event_handlers=None, ignore_user_meta=False, metas=['./colcon.meta'], base_paths=['.'], packages_ignore=None, packages_ignore_regex=None, paths=None, packages_up_to=None, packages_up_to_regex=None, packages_above=None, packages_above_and_dependencies=None, packages_above_depth=None, packages_select_by_dep=None, packages_skip_by_dep=None, packages_skip_up_to=None, packages_select_build_failed=False, packages_skip_build_finished=False, packages_select_test_failures=False, packages_skip_test_passed=False, packages_select=None, packages_skip=None, packages_select_regex=None, packages_skip_regex=None, packages_start=None, packages_end=None, allow_overriding=[], cmake_args=None, cmake_target=None, cmake_target_skip_unavailable=False, cmake_clean_cache=False, cmake_clean_first=False, cmake_force_configure=False, ament_cmake_args=None, catkin_cmake_args=None, catkin_skip_building_tests=False, verb_parser=<colcon_defaults.argument_parser.defaults.DefaultArgumentsDecorator object at 0xffff836bc670>, verb_extension=<colcon_core.verb.build.BuildVerb object at 0xffff83f3c550>, main=<bound method BuildVerb.main of <colcon_core.verb.build.BuildVerb object at 0xffff83f3c550>>)
[1.643s] Level 1:colcon.colcon_core.package_discovery:discover_packages(colcon_meta) check parameters
[1.644s] Level 1:colcon.colcon_core.package_discovery:discover_packages(recursive) check parameters
[1.644s] Level 1:colcon.colcon_core.package_discovery:discover_packages(ignore) check parameters
[1.644s] Level 1:colcon.colcon_core.package_discovery:discover_packages(path) check parameters
[1.644s] Level 1:colcon.colcon_core.package_discovery:discover_packages(colcon_meta) discover
[1.644s] Level 1:colcon.colcon_core.package_discovery:discover_packages(recursive) discover
[1.644s] INFO:colcon.colcon_core.package_discovery:Crawling recursively for packages in '/home/r1/r1_ws'
[1.645s] Level 1:colcon.colcon_core.package_identification:_identify(.) by extensions ['ignore', 'ignore_ament_install']
[1.645s] Level 1:colcon.colcon_core.package_identification:_identify(.) by extension 'ignore'
[1.646s] Level 1:colcon.colcon_core.package_identification:_identify(.) by extension 'ignore_ament_install'
[1.646s] Level 1:colcon.colcon_core.package_identification:_identify(.) by extensions ['colcon_pkg']
[1.646s] Level 1:colcon.colcon_core.package_identification:_identify(.) by extension 'colcon_pkg'
[1.646s] Level 1:colcon.colcon_core.package_identification:_identify(.) by extensions ['colcon_meta']
[1.646s] Level 1:colcon.colcon_core.package_identification:_identify(.) by extension 'colcon_meta'
[1.646s] Level 1:colcon.colcon_core.package_identification:_identify(.) by extensions ['ros']
[1.647s] Level 1:colcon.colcon_core.package_identification:_identify(.) by extension 'ros'
[1.697s] Level 1:colcon.colcon_core.package_identification:_identify(.) by extensions ['cmake', 'python']
[1.697s] Level 1:colcon.colcon_core.package_identification:_identify(.) by extension 'cmake'
[1.698s] Level 1:colcon.colcon_core.package_identification:_identify(.) by extension 'python'
[1.698s] Level 1:colcon.colcon_core.package_identification:_identify(.) by extensions ['python_setup_py']
[1.698s] Level 1:colcon.colcon_core.package_identification:_identify(.) by extension 'python_setup_py'
[1.699s] Level 1:colcon.colcon_core.package_identification:_identify(build) by extensions ['ignore', 'ignore_ament_install']
[1.699s] Level 1:colcon.colcon_core.package_identification:_identify(build) by extension 'ignore'
[1.699s] Level 1:colcon.colcon_core.package_identification:_identify(build) ignored
[1.700s] Level 1:colcon.colcon_core.package_identification:_identify(install) by extensions ['ignore', 'ignore_ament_install']
[1.700s] Level 1:colcon.colcon_core.package_identification:_identify(install) by extension 'ignore'
[1.700s] Level 1:colcon.colcon_core.package_identification:_identify(install) ignored
[1.701s] Level 1:colcon.colcon_core.package_identification:_identify(log) by extensions ['ignore', 'ignore_ament_install']
[1.702s] Level 1:colcon.colcon_core.package_identification:_identify(log) by extension 'ignore'
[1.702s] Level 1:colcon.colcon_core.package_identification:_identify(log) ignored
[1.702s] Level 1:colcon.colcon_core.package_identification:_identify(src) by extensions ['ignore', 'ignore_ament_install']
[1.703s] Level 1:colcon.colcon_core.package_identification:_identify(src) by extension 'ignore'
[1.703s] Level 1:colcon.colcon_core.package_identification:_identify(src) by extension 'ignore_ament_install'
[1.703s] Level 1:colcon.colcon_core.package_identification:_identify(src) by extensions ['colcon_pkg']
[1.703s] Level 1:colcon.colcon_core.package_identification:_identify(src) by extension 'colcon_pkg'
[1.704s] Level 1:colcon.colcon_core.package_identification:_identify(src) by extensions ['colcon_meta']
[1.704s] Level 1:colcon.colcon_core.package_identification:_identify(src) by extension 'colcon_meta'
[1.704s] Level 1:colcon.colcon_core.package_identification:_identify(src) by extensions ['ros']
[1.704s] Level 1:colcon.colcon_core.package_identification:_identify(src) by extension 'ros'
[1.704s] Level 1:colcon.colcon_core.package_identification:_identify(src) by extensions ['cmake', 'python']
[1.704s] Level 1:colcon.colcon_core.package_identification:_identify(src) by extension 'cmake'
[1.705s] Level 1:colcon.colcon_core.package_identification:_identify(src) by extension 'python'
[1.705s] Level 1:colcon.colcon_core.package_identification:_identify(src) by extensions ['python_setup_py']
[1.705s] Level 1:colcon.colcon_core.package_identification:_identify(src) by extension 'python_setup_py'
[1.705s] Level 1:colcon.colcon_core.package_identification:_identify(src/build) by extensions ['ignore', 'ignore_ament_install']
[1.706s] Level 1:colcon.colcon_core.package_identification:_identify(src/build) by extension 'ignore'
[1.706s] Level 1:colcon.colcon_core.package_identification:_identify(src/build) ignored
[1.706s] Level 1:colcon.colcon_core.package_identification:_identify(src/camera) by extensions ['ignore', 'ignore_ament_install']
[1.707s] Level 1:colcon.colcon_core.package_identification:_identify(src/camera) by extension 'ignore'
[1.707s] Level 1:colcon.colcon_core.package_identification:_identify(src/camera) by extension 'ignore_ament_install'
[1.707s] Level 1:colcon.colcon_core.package_identification:_identify(src/camera) by extensions ['colcon_pkg']
[1.707s] Level 1:colcon.colcon_core.package_identification:_identify(src/camera) by extension 'colcon_pkg'
[1.707s] Level 1:colcon.colcon_core.package_identification:_identify(src/camera) by extensions ['colcon_meta']
[1.708s] Level 1:colcon.colcon_core.package_identification:_identify(src/camera) by extension 'colcon_meta'
[1.708s] Level 1:colcon.colcon_core.package_identification:_identify(src/camera) by extensions ['ros']
[1.708s] Level 1:colcon.colcon_core.package_identification:_identify(src/camera) by extension 'ros'
[1.721s] DEBUG:colcon.colcon_core.package_identification:Package 'src/camera' with type 'ros.ament_python' and name 'camera'
[1.722s] Level 1:colcon.colcon_core.package_identification:_identify(src/control) by extensions ['ignore', 'ignore_ament_install']
[1.722s] Level 1:colcon.colcon_core.package_identification:_identify(src/control) by extension 'ignore'
[1.722s] Level 1:colcon.colcon_core.package_identification:_identify(src/control) by extension 'ignore_ament_install'
[1.723s] Level 1:colcon.colcon_core.package_identification:_identify(src/control) by extensions ['colcon_pkg']
[1.723s] Level 1:colcon.colcon_core.package_identification:_identify(src/control) by extension 'colcon_pkg'
[1.723s] Level 1:colcon.colcon_core.package_identification:_identify(src/control) by extensions ['colcon_meta']
[1.723s] Level 1:colcon.colcon_core.package_identification:_identify(src/control) by extension 'colcon_meta'
[1.723s] Level 1:colcon.colcon_core.package_identification:_identify(src/control) by extensions ['ros']
[1.724s] Level 1:colcon.colcon_core.package_identification:_identify(src/control) by extension 'ros'
[1.726s] DEBUG:colcon.colcon_core.package_identification:Package 'src/control' with type 'ros.ament_python' and name 'control'
[1.727s] Level 1:colcon.colcon_core.package_identification:_identify(src/install) by extensions ['ignore', 'ignore_ament_install']
[1.728s] Level 1:colcon.colcon_core.package_identification:_identify(src/install) by extension 'ignore'
[1.728s] Level 1:colcon.colcon_core.package_identification:_identify(src/install) ignored
[1.728s] Level 1:colcon.colcon_core.package_identification:_identify(src/log) by extensions ['ignore', 'ignore_ament_install']
[1.729s] Level 1:colcon.colcon_core.package_identification:_identify(src/log) by extension 'ignore'
[1.729s] Level 1:colcon.colcon_core.package_identification:_identify(src/log) ignored
[1.729s] Level 1:colcon.colcon_core.package_identification:_identify(voice_testing) by extensions ['ignore', 'ignore_ament_install']
[1.730s] Level 1:colcon.colcon_core.package_identification:_identify(voice_testing) by extension 'ignore'
[1.730s] Level 1:colcon.colcon_core.package_identification:_identify(voice_testing) by extension 'ignore_ament_install'
[1.730s] Level 1:colcon.colcon_core.package_identification:_identify(voice_testing) by extensions ['colcon_pkg']
[1.730s] Level 1:colcon.colcon_core.package_identification:_identify(voice_testing) by extension 'colcon_pkg'
[1.731s] Level 1:colcon.colcon_core.package_identification:_identify(voice_testing) by extensions ['colcon_meta']
[1.731s] Level 1:colcon.colcon_core.package_identification:_identify(voice_testing) by extension 'colcon_meta'
[1.731s] Level 1:colcon.colcon_core.package_identification:_identify(voice_testing) by extensions ['ros']
[1.731s] Level 1:colcon.colcon_core.package_identification:_identify(voice_testing) by extension 'ros'
[1.731s] Level 1:colcon.colcon_core.package_identification:_identify(voice_testing) by extensions ['cmake', 'python']
[1.732s] Level 1:colcon.colcon_core.package_identification:_identify(voice_testing) by extension 'cmake'
[1.732s] Level 1:colcon.colcon_core.package_identification:_identify(voice_testing) by extension 'python'
[1.732s] Level 1:colcon.colcon_core.package_identification:_identify(voice_testing) by extensions ['python_setup_py']
[1.732s] Level 1:colcon.colcon_core.package_identification:_identify(voice_testing) by extension 'python_setup_py'
[1.732s] Level 1:colcon.colcon_core.package_discovery:discover_packages(recursive) using defaults
[1.733s] Level 1:colcon.colcon_core.package_discovery:discover_packages(ignore) discover
[1.733s] Level 1:colcon.colcon_core.package_discovery:discover_packages(ignore) using defaults
[1.733s] Level 1:colcon.colcon_core.package_discovery:discover_packages(path) discover
[1.733s] Level 1:colcon.colcon_core.package_discovery:discover_packages(path) using defaults
[1.845s] Level 1:colcon.colcon_core.package_discovery:discover_packages(prefix_path) check parameters
[1.845s] Level 1:colcon.colcon_core.package_discovery:discover_packages(prefix_path) discover
[1.862s] DEBUG:colcon.colcon_installed_package_information.package_discovery:Found 3 installed packages in /home/r1/r1_ws/install
[1.871s] DEBUG:colcon.colcon_installed_package_information.package_discovery:Found 183 installed packages in /opt/ros/humble
[1.876s] Level 1:colcon.colcon_core.package_discovery:discover_packages(prefix_path) using defaults
[2.046s] Level 5:colcon.colcon_core.verb:set package 'camera' build argument 'cmake_args' from command line to 'None'
[2.046s] Level 5:colcon.colcon_core.verb:set package 'camera' build argument 'cmake_target' from command line to 'None'
[2.046s] Level 5:colcon.colcon_core.verb:set package 'camera' build argument 'cmake_target_skip_unavailable' from command line to 'False'
[2.046s] Level 5:colcon.colcon_core.verb:set package 'camera' build argument 'cmake_clean_cache' from command line to 'False'
[2.046s] Level 5:colcon.colcon_core.verb:set package 'camera' build argument 'cmake_clean_first' from command line to 'False'
[2.047s] Level 5:colcon.colcon_core.verb:set package 'camera' build argument 'cmake_force_configure' from command line to 'False'
[2.047s] Level 5:colcon.colcon_core.verb:set package 'camera' build argument 'ament_cmake_args' from command line to 'None'
[2.047s] Level 5:colcon.colcon_core.verb:set package 'camera' build argument 'catkin_cmake_args' from command line to 'None'
[2.047s] Level 5:colcon.colcon_core.verb:set package 'camera' build argument 'catkin_skip_building_tests' from command line to 'False'
[2.047s] DEBUG:colcon.colcon_core.verb:Building package 'camera' with the following arguments: {'ament_cmake_args': None, 'build_base': '/home/r1/r1_ws/build/camera', 'catkin_cmake_args': None, 'catkin_skip_building_tests': False, 'cmake_args': None, 'cmake_clean_cache': False, 'cmake_clean_first': False, 'cmake_force_configure': False, 'cmake_target': None, 'cmake_target_skip_unavailable': False, 'install_base': '/home/r1/r1_ws/install/camera', 'merge_install': False, 'path': '/home/r1/r1_ws/src/camera', 'symlink_install': False, 'test_result_base': None}
[2.051s] Level 5:colcon.colcon_core.verb:set package 'control' build argument 'cmake_args' from command line to 'None'
[2.051s] Level 5:colcon.colcon_core.verb:set package 'control' build argument 'cmake_target' from command line to 'None'
[2.051s] Level 5:colcon.colcon_core.verb:set package 'control' build argument 'cmake_target_skip_unavailable' from command line to 'False'
[2.052s] Level 5:colcon.colcon_core.verb:set package 'control' build argument 'cmake_clean_cache' from command line to 'False'
[2.052s] Level 5:colcon.colcon_core.verb:set package 'control' build argument 'cmake_clean_first' from command line to 'False'
[2.052s] Level 5:colcon.colcon_core.verb:set package 'control' build argument 'cmake_force_configure' from command line to 'False'
[2.052s] Level 5:colcon.colcon_core.verb:set package 'control' build argument 'ament_cmake_args' from command line to 'None'
[2.052s] Level 5:colcon.colcon_core.verb:set package 'control' build argument 'catkin_cmake_args' from command line to 'None'
[2.052s] Level 5:colcon.colcon_core.verb:set package 'control' build argument 'catkin_skip_building_tests' from command line to 'False'
[2.052s] DEBUG:colcon.colcon_core.verb:Building package 'control' with the following arguments: {'ament_cmake_args': None, 'build_base': '/home/r1/r1_ws/build/control', 'catkin_cmake_args': None, 'catkin_skip_building_tests': False, 'cmake_args': None, 'cmake_clean_cache': False, 'cmake_clean_first': False, 'cmake_force_configure': False, 'cmake_target': None, 'cmake_target_skip_unavailable': False, 'install_base': '/home/r1/r1_ws/install/control', 'merge_install': False, 'path': '/home/r1/r1_ws/src/control', 'symlink_install': False, 'test_result_base': None}
[2.055s] INFO:colcon.colcon_core.executor:Executing jobs using 'parallel' executor
[2.067s] DEBUG:colcon.colcon_parallel_executor.executor.parallel:run_until_complete
[2.068s] INFO:colcon.colcon_ros.task.ament_python.build:Building ROS package in '/home/r1/r1_ws/src/camera' with build type 'ament_python'
[2.069s] Level 1:colcon.colcon_core.shell:create_environment_hook('camera', 'ament_prefix_path')
[2.097s] INFO:colcon.colcon_core.plugin_system:Skipping extension 'colcon_core.shell.bat': Not used on non-Windows systems
[2.098s] INFO:colcon.colcon_core.shell:Creating environment hook '/home/r1/r1_ws/install/camera/share/camera/hook/ament_prefix_path.ps1'
[2.102s] INFO:colcon.colcon_core.shell:Creating environment descriptor '/home/r1/r1_ws/install/camera/share/camera/hook/ament_prefix_path.dsv'
[2.106s] INFO:colcon.colcon_core.shell:Creating environment hook '/home/r1/r1_ws/install/camera/share/camera/hook/ament_prefix_path.sh'
[2.116s] INFO:colcon.colcon_core.shell:Skip shell extension 'powershell' for command environment: Not usable outside of PowerShell
[2.117s] DEBUG:colcon.colcon_core.shell:Skip shell extension 'dsv' for command environment
[2.142s] INFO:colcon.colcon_ros.task.ament_python.build:Building ROS package in '/home/r1/r1_ws/src/control' with build type 'ament_python'
[2.142s] Level 1:colcon.colcon_core.shell:create_environment_hook('control', 'ament_prefix_path')
[2.150s] INFO:colcon.colcon_core.shell:Creating environment hook '/home/r1/r1_ws/install/control/share/control/hook/ament_prefix_path.ps1'
[2.153s] INFO:colcon.colcon_core.shell:Creating environment descriptor '/home/r1/r1_ws/install/control/share/control/hook/ament_prefix_path.dsv'
[2.155s] INFO:colcon.colcon_core.shell:Creating environment hook '/home/r1/r1_ws/install/control/share/control/hook/ament_prefix_path.sh'
[2.164s] INFO:colcon.colcon_core.shell:Skip shell extension 'powershell' for command environment: Not usable outside of PowerShell
[2.165s] DEBUG:colcon.colcon_core.shell:Skip shell extension 'dsv' for command environment
[3.422s] INFO:colcon.colcon_core.task.python.build:Building Python package in '/home/r1/r1_ws/src/camera'
[3.427s] INFO:colcon.colcon_core.shell:Skip shell extension 'powershell' for command environment: Not usable outside of PowerShell
[3.427s] DEBUG:colcon.colcon_core.shell:Skip shell extension 'dsv' for command environment
[4.656s] INFO:colcon.colcon_core.task.python.build:Building Python package in '/home/r1/r1_ws/src/control'
[4.662s] INFO:colcon.colcon_core.shell:Skip shell extension 'powershell' for command environment: Not usable outside of PowerShell
[4.662s] DEBUG:colcon.colcon_core.shell:Skip shell extension 'dsv' for command environment
[7.161s] DEBUG:colcon.colcon_core.event_handler.log_command:Invoking command in '/home/r1/r1_ws/src/camera': PYTHONPATH=/home/r1/r1_ws/build/camera/prefix_override:/home/r1/r1_ws/install/camera/lib/python3.10/site-packages:${PYTHONPATH} /usr/bin/python3 setup.py egg_info --egg-base ../../build/camera build --build-base /home/r1/r1_ws/build/camera/build install --record /home/r1/r1_ws/build/camera/install.log --single-version-externally-managed
[7.185s] DEBUG:colcon.colcon_core.event_handler.log_command:Invoking command in '/home/r1/r1_ws/src/control': PYTHONPATH=/home/r1/r1_ws/build/control/prefix_override:/home/r1/r1_ws/install/control/lib/python3.10/site-packages:${PYTHONPATH} /usr/bin/python3 setup.py egg_info --egg-base ../../build/control build --build-base /home/r1/r1_ws/build/control/build install --record /home/r1/r1_ws/build/control/install.log --single-version-externally-managed
[8.841s] DEBUG:colcon.colcon_core.event_handler.log_command:Invoked command in '/home/r1/r1_ws/src/camera' returned '0': PYTHONPATH=/home/r1/r1_ws/build/camera/prefix_override:/home/r1/r1_ws/install/camera/lib/python3.10/site-packages:${PYTHONPATH} /usr/bin/python3 setup.py egg_info --egg-base ../../build/camera build --build-base /home/r1/r1_ws/build/camera/build install --record /home/r1/r1_ws/build/camera/install.log --single-version-externally-managed
[8.869s] Level 1:colcon.colcon_core.environment:checking '/home/r1/r1_ws/install/camera' for CMake module files
[8.872s] Level 1:colcon.colcon_core.environment:checking '/home/r1/r1_ws/install/camera' for CMake config files
[8.877s] Level 1:colcon.colcon_core.environment:checking '/home/r1/r1_ws/install/camera/lib'
[8.878s] Level 1:colcon.colcon_core.environment:checking '/home/r1/r1_ws/install/camera/bin'
[8.878s] Level 1:colcon.colcon_core.environment:checking '/home/r1/r1_ws/install/camera/lib/pkgconfig/camera.pc'
[8.879s] Level 1:colcon.colcon_core.environment:checking '/home/r1/r1_ws/install/camera/lib/python3.10/site-packages'
[8.879s] Level 1:colcon.colcon_core.shell:create_environment_hook('camera', 'pythonpath')
[8.884s] INFO:colcon.colcon_core.shell:Creating environment hook '/home/r1/r1_ws/install/camera/share/camera/hook/pythonpath.ps1'
[8.886s] INFO:colcon.colcon_core.shell:Creating environment descriptor '/home/r1/r1_ws/install/camera/share/camera/hook/pythonpath.dsv'
[8.888s] INFO:colcon.colcon_core.shell:Creating environment hook '/home/r1/r1_ws/install/camera/share/camera/hook/pythonpath.sh'
[8.891s] Level 1:colcon.colcon_core.environment:checking '/home/r1/r1_ws/install/camera/bin'
[8.891s] Level 1:colcon.colcon_core.environment:create_environment_scripts_only(camera)
[8.897s] INFO:colcon.colcon_core.shell:Creating package script '/home/r1/r1_ws/install/camera/share/camera/package.ps1'
[8.901s] INFO:colcon.colcon_core.shell:Creating package descriptor '/home/r1/r1_ws/install/camera/share/camera/package.dsv'
[8.905s] INFO:colcon.colcon_core.shell:Creating package script '/home/r1/r1_ws/install/camera/share/camera/package.sh'
[8.909s] INFO:colcon.colcon_core.shell:Creating package script '/home/r1/r1_ws/install/camera/share/camera/package.bash'
[8.914s] INFO:colcon.colcon_core.shell:Creating package script '/home/r1/r1_ws/install/camera/share/camera/package.zsh'
[8.919s] Level 1:colcon.colcon_core.environment:create_file_with_runtime_dependencies(/home/r1/r1_ws/install/camera/share/colcon-core/packages/camera)
[8.933s] Level 1:colcon.colcon_core.environment:checking '/home/r1/r1_ws/install/control' for CMake module files
[8.937s] DEBUG:colcon.colcon_core.event_handler.log_command:Invoked command in '/home/r1/r1_ws/src/control' returned '0': PYTHONPATH=/home/r1/r1_ws/build/control/prefix_override:/home/r1/r1_ws/install/control/lib/python3.10/site-packages:${PYTHONPATH} /usr/bin/python3 setup.py egg_info --egg-base ../../build/control build --build-base /home/r1/r1_ws/build/control/build install --record /home/r1/r1_ws/build/control/install.log --single-version-externally-managed
[8.939s] Level 1:colcon.colcon_core.environment:checking '/home/r1/r1_ws/install/control' for CMake config files
[8.943s] Level 1:colcon.colcon_core.environment:checking '/home/r1/r1_ws/install/control/lib'
[8.944s] Level 1:colcon.colcon_core.environment:checking '/home/r1/r1_ws/install/control/bin'
[8.944s] Level 1:colcon.colcon_core.environment:checking '/home/r1/r1_ws/install/control/lib/pkgconfig/control.pc'
[8.945s] Level 1:colcon.colcon_core.environment:checking '/home/r1/r1_ws/install/control/lib/python3.10/site-packages'
[8.946s] Level 1:colcon.colcon_core.shell:create_environment_hook('control', 'pythonpath')
[8.952s] INFO:colcon.colcon_core.shell:Creating environment hook '/home/r1/r1_ws/install/control/share/control/hook/pythonpath.ps1'
[8.954s] INFO:colcon.colcon_core.shell:Creating environment descriptor '/home/r1/r1_ws/install/control/share/control/hook/pythonpath.dsv'
[8.955s] INFO:colcon.colcon_core.shell:Creating environment hook '/home/r1/r1_ws/install/control/share/control/hook/pythonpath.sh'
[8.958s] Level 1:colcon.colcon_core.environment:checking '/home/r1/r1_ws/install/control/bin'
[8.958s] Level 1:colcon.colcon_core.environment:create_environment_scripts_only(control)
[8.963s] INFO:colcon.colcon_core.shell:Creating package script '/home/r1/r1_ws/install/control/share/control/package.ps1'
[8.966s] INFO:colcon.colcon_core.shell:Creating package descriptor '/home/r1/r1_ws/install/control/share/control/package.dsv'
[8.968s] INFO:colcon.colcon_core.shell:Creating package script '/home/r1/r1_ws/install/control/share/control/package.sh'
[8.970s] INFO:colcon.colcon_core.shell:Creating package script '/home/r1/r1_ws/install/control/share/control/package.bash'
[8.972s] INFO:colcon.colcon_core.shell:Creating package script '/home/r1/r1_ws/install/control/share/control/package.zsh'
[8.974s] Level 1:colcon.colcon_core.environment:create_file_with_runtime_dependencies(/home/r1/r1_ws/install/control/share/colcon-core/packages/control)
[8.975s] DEBUG:colcon.colcon_parallel_executor.executor.parallel:closing loop
[8.976s] DEBUG:colcon.colcon_parallel_executor.executor.parallel:loop closed
[8.977s] DEBUG:colcon.colcon_parallel_executor.executor.parallel:run_until_complete finished with '0'
[8.977s] DEBUG:colcon.colcon_core.event_reactor:joining thread
[9.006s] INFO:colcon.colcon_core.plugin_system:Skipping extension 'colcon_notification.desktop_notification.terminal_notifier': Not used on non-Darwin systems
[9.007s] INFO:colcon.colcon_core.plugin_system:Skipping extension 'colcon_notification.desktop_notification.win32': Not used on non-Windows systems
[9.007s] INFO:colcon.colcon_notification.desktop_notification:Sending desktop notification using 'notify2'
[34.032s] DEBUG:colcon.colcon_notification.desktop_notification.notify2:Failed to initialize notify2: org.freedesktop.DBus.Error.NoReply: Did not receive a reply. Possible causes include: the remote application did not send a reply, the message bus security policy blocked the reply, the reply timeout expired, or the network connection was broken.
[34.032s] DEBUG:colcon.colcon_core.event_reactor:joined thread
[34.040s] INFO:colcon.colcon_core.shell:Creating prefix script '/home/r1/r1_ws/install/local_setup.ps1'
[34.047s] INFO:colcon.colcon_core.shell:Creating prefix util module '/home/r1/r1_ws/install/_local_setup_util_ps1.py'
[34.064s] INFO:colcon.colcon_core.shell:Creating prefix chain script '/home/r1/r1_ws/install/setup.ps1'
[34.080s] INFO:colcon.colcon_core.shell:Creating prefix script '/home/r1/r1_ws/install/local_setup.sh'
[34.084s] INFO:colcon.colcon_core.shell:Creating prefix util module '/home/r1/r1_ws/install/_local_setup_util_sh.py'
[34.086s] INFO:colcon.colcon_core.shell:Creating prefix chain script '/home/r1/r1_ws/install/setup.sh'
[34.094s] INFO:colcon.colcon_core.shell:Creating prefix script '/home/r1/r1_ws/install/local_setup.bash'
[34.098s] INFO:colcon.colcon_core.shell:Creating prefix chain script '/home/r1/r1_ws/install/setup.bash'
[34.106s] INFO:colcon.colcon_core.shell:Creating prefix script '/home/r1/r1_ws/install/local_setup.zsh'
[34.112s] INFO:colcon.colcon_core.shell:Creating prefix chain script '/home/r1/r1_ws/install/setup.zsh'
