[4.790s] Invoking command in '/home/r1/r1_ws/src/control': PYTHONPATH=/home/r1/r1_ws/build/control/prefix_override:/home/r1/r1_ws/install/control/lib/python3.10/site-packages:${PYTHONPATH} /usr/bin/python3 setup.py egg_info --egg-base ../../build/control build --build-base /home/r1/r1_ws/build/control/build install --record /home/r1/r1_ws/build/control/install.log --single-version-externally-managed
[6.190s] running egg_info
[6.194s] writing ../../build/control/control.egg-info/PKG-INFO
[6.195s] writing dependency_links to ../../build/control/control.egg-info/dependency_links.txt
[6.197s] writing entry points to ../../build/control/control.egg-info/entry_points.txt
[6.198s] writing requirements to ../../build/control/control.egg-info/requires.txt
[6.199s] writing top-level names to ../../build/control/control.egg-info/top_level.txt
[6.206s] reading manifest file '../../build/control/control.egg-info/SOURCES.txt'
[6.210s] writing manifest file '../../build/control/control.egg-info/SOURCES.txt'
[6.211s] running build
[6.212s] running build_py
[6.213s] running install
[6.214s] /usr/lib/python3/dist-packages/setuptools/command/install.py:34: SetuptoolsDeprecationWarning: setup.py install is deprecated. Use build and pip and other standards-based tools.
[6.214s]   warnings.warn(
[6.223s] running install_lib
[6.223s] running install_data
[6.225s] running install_egg_info
[6.232s] removing '/home/r1/r1_ws/install/control/lib/python3.10/site-packages/control-0.0.0-py3.10.egg-info' (and everything under it)
[6.234s] Copying ../../build/control/control.egg-info to /home/r1/r1_ws/install/control/lib/python3.10/site-packages/control-0.0.0-py3.10.egg-info
[6.240s] running install_scripts
[6.336s] Installing ir_left_pub script to /home/r1/r1_ws/install/control/lib/control
[6.337s] Installing ir_right_pub script to /home/r1/r1_ws/install/control/lib/control
[6.338s] Installing sensors_sub script to /home/r1/r1_ws/install/control/lib/control
[6.339s] Installing us_pub script to /home/r1/r1_ws/install/control/lib/control
[6.341s] writing list of installed files to '/home/r1/r1_ws/build/control/install.log'
[6.492s] Invoked command in '/home/r1/r1_ws/src/control' returned '0': PYTHONPATH=/home/r1/r1_ws/build/control/prefix_override:/home/r1/r1_ws/install/control/lib/python3.10/site-packages:${PYTHONPATH} /usr/bin/python3 setup.py egg_info --egg-base ../../build/control build --build-base /home/r1/r1_ws/build/control/build install --record /home/r1/r1_ws/build/control/install.log --single-version-externally-managed
