running develop
/usr/lib/python3/dist-packages/setuptools/command/easy_install.py:158: EasyInstallDeprecationWarning: easy_install command is deprecated. Use build and pip and other standards-based tools.
  warnings.warn(
/usr/lib/python3/dist-packages/setuptools/command/install.py:34: SetuptoolsDeprecationWarning: setup.py install is deprecated. Use build and pip and other standards-based tools.
  warnings.warn(
/usr/lib/python3/dist-packages/pkg_resources/__init__.py:116: PkgResourcesDeprecationWarning: 1.1build1 is an invalid version and will not be supported in a future release
  warnings.warn(
/usr/lib/python3/dist-packages/pkg_resources/__init__.py:116: PkgResourcesDeprecationWarning: 0.1.43ubuntu1 is an invalid version and will not be supported in a future release
  warnings.warn(
running egg_info
writing voice.egg-info/PKG-INFO
writing dependency_links to voice.egg-info/dependency_links.txt
writing entry points to voice.egg-info/entry_points.txt
writing requirements to voice.egg-info/requires.txt
writing top-level names to voice.egg-info/top_level.txt
reading manifest file 'voice.egg-info/SOURCES.txt'
writing manifest file 'voice.egg-info/SOURCES.txt'
running build_ext
Creating /home/r1/r1_ws/install/voice/lib/python3.10/site-packages/voice.egg-link (link to .)
Installing voice_sub script to /home/r1/r1_ws/install/voice/lib/voice

Installed /home/r1/r1_ws/build/voice
running install_data
