[8.157s] Invoking command in '/home/r1/r1_ws/src/cv_basics': PYTHONPATH=/home/r1/r1_ws/build/cv_basics/prefix_override:/home/r1/r1_ws/install/cv_basics/lib/python3.10/site-packages:${PYTHONPATH} /usr/bin/python3 setup.py egg_info --egg-base ../../build/cv_basics build --build-base /home/r1/r1_ws/build/cv_basics/build install --record /home/r1/r1_ws/build/cv_basics/install.log --single-version-externally-managed
[10.086s] running egg_info
[10.091s] writing ../../build/cv_basics/cv_basics.egg-info/PKG-INFO
[10.092s] writing dependency_links to ../../build/cv_basics/cv_basics.egg-info/dependency_links.txt
[10.094s] writing entry points to ../../build/cv_basics/cv_basics.egg-info/entry_points.txt
[10.096s] writing requirements to ../../build/cv_basics/cv_basics.egg-info/requires.txt
[10.097s] writing top-level names to ../../build/cv_basics/cv_basics.egg-info/top_level.txt
[10.110s] reading manifest file '../../build/cv_basics/cv_basics.egg-info/SOURCES.txt'
[10.116s] writing manifest file '../../build/cv_basics/cv_basics.egg-info/SOURCES.txt'
[10.118s] running build
[10.118s] running build_py
[10.120s] running install
[10.121s] /usr/lib/python3/dist-packages/setuptools/command/install.py:34: SetuptoolsDeprecationWarning: setup.py install is deprecated. Use build and pip and other standards-based tools.
[10.122s]   warnings.warn(
[10.123s] running install_lib
[10.131s] running install_data
[10.135s] running install_egg_info
[10.145s] removing '/home/r1/r1_ws/install/cv_basics/lib/python3.10/site-packages/cv_basics-0.0.0-py3.10.egg-info' (and everything under it)
[10.147s] Copying ../../build/cv_basics/cv_basics.egg-info to /home/r1/r1_ws/install/cv_basics/lib/python3.10/site-packages/cv_basics-0.0.0-py3.10.egg-info
[10.157s] running install_scripts
[10.276s] Installing img_pub script to /home/r1/r1_ws/install/cv_basics/lib/cv_basics
[10.277s] Installing img_sub script to /home/r1/r1_ws/install/cv_basics/lib/cv_basics
[10.279s] writing list of installed files to '/home/r1/r1_ws/build/cv_basics/install.log'
[10.466s] Invoked command in '/home/r1/r1_ws/src/cv_basics' returned '0': PYTHONPATH=/home/r1/r1_ws/build/cv_basics/prefix_override:/home/r1/r1_ws/install/cv_basics/lib/python3.10/site-packages:${PYTHONPATH} /usr/bin/python3 setup.py egg_info --egg-base ../../build/cv_basics build --build-base /home/r1/r1_ws/build/cv_basics/build install --record /home/r1/r1_ws/build/cv_basics/install.log --single-version-externally-managed
