[3.188s] Invoking command in '/home/r1/r1_ws/build/control': PYTHONPATH=/home/r1/r1_ws/build/control/prefix_override:/home/r1/r1_ws/install/control/lib/python3.10/site-packages:${PYTHONPATH} /usr/bin/python3 setup.py develop --uninstall --editable --build-directory /home/r1/r1_ws/build/control/build
[4.503s] running develop
[4.504s] /usr/lib/python3/dist-packages/setuptools/command/easy_install.py:158: EasyInstallDeprecationWarning: easy_install command is deprecated. Use build and pip and other standards-based tools.
[4.505s]   warnings.warn(
[4.510s] /usr/lib/python3/dist-packages/setuptools/command/install.py:34: SetuptoolsDeprecationWarning: setup.py install is deprecated. Use build and pip and other standards-based tools.
[4.510s]   warnings.warn(
[4.808s] /usr/lib/python3/dist-packages/pkg_resources/__init__.py:116: PkgResourcesDeprecationWarning: 1.1build1 is an invalid version and will not be supported in a future release
[4.809s]   warnings.warn(
[4.809s] /usr/lib/python3/dist-packages/pkg_resources/__init__.py:116: PkgResourcesDeprecationWarning: 0.1.43ubuntu1 is an invalid version and will not be supported in a future release
[4.810s]   warnings.warn(
[5.491s] Invoked command in '/home/r1/r1_ws/build/control' returned '0': PYTHONPATH=/home/r1/r1_ws/build/control/prefix_override:/home/r1/r1_ws/install/control/lib/python3.10/site-packages:${PYTHONPATH} /usr/bin/python3 setup.py develop --uninstall --editable --build-directory /home/r1/r1_ws/build/control/build
[5.499s] Invoking command in '/home/r1/r1_ws/src/control': PYTHONPATH=/home/r1/r1_ws/build/control/prefix_override:/home/r1/r1_ws/install/control/lib/python3.10/site-packages:${PYTHONPATH} /usr/bin/python3 setup.py egg_info --egg-base ../../build/control build --build-base /home/r1/r1_ws/build/control/build install --record /home/r1/r1_ws/build/control/install.log --single-version-externally-managed
[6.719s] running egg_info
[6.722s] writing ../../build/control/control.egg-info/PKG-INFO
[6.723s] writing dependency_links to ../../build/control/control.egg-info/dependency_links.txt
[6.724s] writing entry points to ../../build/control/control.egg-info/entry_points.txt
[6.725s] writing requirements to ../../build/control/control.egg-info/requires.txt
[6.726s] writing top-level names to ../../build/control/control.egg-info/top_level.txt
[6.734s] reading manifest file '../../build/control/control.egg-info/SOURCES.txt'
[6.738s] writing manifest file '../../build/control/control.egg-info/SOURCES.txt'
[6.739s] running build
[6.739s] running build_py
[6.741s] copying control/left_hand_sub.py -> /home/r1/r1_ws/build/control/build/lib/control
[6.743s] copying control/infrared_left.py -> /home/r1/r1_ws/build/control/build/lib/control
[6.746s] running install
[6.747s] /usr/lib/python3/dist-packages/setuptools/command/install.py:34: SetuptoolsDeprecationWarning: setup.py install is deprecated. Use build and pip and other standards-based tools.
[6.747s]   warnings.warn(
[6.748s] running install_lib
[6.752s] copying /home/r1/r1_ws/build/control/build/lib/control/left_hand_sub.py -> /home/r1/r1_ws/install/control/lib/python3.10/site-packages/control
[6.754s] copying /home/r1/r1_ws/build/control/build/lib/control/infrared_left.py -> /home/r1/r1_ws/install/control/lib/python3.10/site-packages/control
[6.758s] byte-compiling /home/r1/r1_ws/install/control/lib/python3.10/site-packages/control/left_hand_sub.py to left_hand_sub.cpython-310.pyc
[6.761s] byte-compiling /home/r1/r1_ws/install/control/lib/python3.10/site-packages/control/infrared_left.py to infrared_left.cpython-310.pyc
[6.763s] running install_data
[6.766s] running install_egg_info
[6.772s] removing '/home/r1/r1_ws/install/control/lib/python3.10/site-packages/control-0.0.0-py3.10.egg-info' (and everything under it)
[6.774s] Copying ../../build/control/control.egg-info to /home/r1/r1_ws/install/control/lib/python3.10/site-packages/control-0.0.0-py3.10.egg-info
[6.782s] running install_scripts
[6.863s] Installing base_sub script to /home/r1/r1_ws/install/control/lib/control
[6.864s] Installing ir_left_pub script to /home/r1/r1_ws/install/control/lib/control
[6.865s] Installing ir_right_pub script to /home/r1/r1_ws/install/control/lib/control
[6.866s] Installing left_hand_sub script to /home/r1/r1_ws/install/control/lib/control
[6.867s] Installing sensors_sub script to /home/r1/r1_ws/install/control/lib/control
[6.868s] Installing us_pub script to /home/r1/r1_ws/install/control/lib/control
[6.870s] writing list of installed files to '/home/r1/r1_ws/build/control/install.log'
[7.003s] Invoked command in '/home/r1/r1_ws/src/control' returned '0': PYTHONPATH=/home/r1/r1_ws/build/control/prefix_override:/home/r1/r1_ws/install/control/lib/python3.10/site-packages:${PYTHONPATH} /usr/bin/python3 setup.py egg_info --egg-base ../../build/control build --build-base /home/r1/r1_ws/build/control/build install --record /home/r1/r1_ws/build/control/install.log --single-version-externally-managed
