running egg_info
creating ../../build/Adafruit_PCA9685/Adafruit_PCA9685.egg-info
writing ../../build/Adafruit_PCA9685/Adafruit_PCA9685.egg-info/PKG-INFO
writing dependency_links to ../../build/Adafruit_PCA9685/Adafruit_PCA9685.egg-info/dependency_links.txt
writing requirements to ../../build/Adafruit_PCA9685/Adafruit_PCA9685.egg-info/requires.txt
writing top-level names to ../../build/Adafruit_PCA9685/Adafruit_PCA9685.egg-info/top_level.txt
writing manifest file '../../build/Adafruit_PCA9685/Adafruit_PCA9685.egg-info/SOURCES.txt'
reading manifest file '../../build/Adafruit_PCA9685/Adafruit_PCA9685.egg-info/SOURCES.txt'
adding license file 'LICENSE'
writing manifest file '../../build/Adafruit_PCA9685/Adafruit_PCA9685.egg-info/SOURCES.txt'
running build
running build_py
creating /home/r1/r1_ws/build/Adafruit_PCA9685/build
creating /home/r1/r1_ws/build/Adafruit_PCA9685/build/lib
creating /home/r1/r1_ws/build/Adafruit_PCA9685/build/lib/Adafruit_PCA9685
copying Adafruit_PCA9685/PCA9685.py -> /home/r1/r1_ws/build/Adafruit_PCA9685/build/lib/Adafruit_PCA9685
copying Adafruit_PCA9685/__init__.py -> /home/r1/r1_ws/build/Adafruit_PCA9685/build/lib/Adafruit_PCA9685
running install
running install_lib
creating /home/r1/r1_ws/install/Adafruit_PCA9685/lib/python3.10/site-packages/Adafruit_PCA9685
copying /home/r1/r1_ws/build/Adafruit_PCA9685/build/lib/Adafruit_PCA9685/PCA9685.py -> /home/r1/r1_ws/install/Adafruit_PCA9685/lib/python3.10/site-packages/Adafruit_PCA9685
copying /home/r1/r1_ws/build/Adafruit_PCA9685/build/lib/Adafruit_PCA9685/__init__.py -> /home/r1/r1_ws/install/Adafruit_PCA9685/lib/python3.10/site-packages/Adafruit_PCA9685
byte-compiling /home/r1/r1_ws/install/Adafruit_PCA9685/lib/python3.10/site-packages/Adafruit_PCA9685/PCA9685.py to PCA9685.cpython-310.pyc
byte-compiling /home/r1/r1_ws/install/Adafruit_PCA9685/lib/python3.10/site-packages/Adafruit_PCA9685/__init__.py to __init__.cpython-310.pyc
running install_egg_info
Copying ../../build/Adafruit_PCA9685/Adafruit_PCA9685.egg-info to /home/r1/r1_ws/install/Adafruit_PCA9685/lib/python3.10/site-packages/Adafruit_PCA9685-1.0.1-py3.10.egg-info
running install_scripts
writing list of installed files to '/home/r1/r1_ws/build/Adafruit_PCA9685/install.log'
