[5.728s] Invoking command in '/home/r1/r1_ws/src/Adafruit_Python_PCA9685': PYTHONPATH=/home/r1/r1_ws/build/Adafruit_PCA9685/prefix_override:/home/r1/r1_ws/install/Adafruit_PCA9685/lib/python3.10/site-packages:${PYTHONPATH} /usr/bin/python3 setup.py egg_info --egg-base ../../build/Adafruit_PCA9685 build --build-base /home/r1/r1_ws/build/Adafruit_PCA9685/build install --record /home/r1/r1_ws/build/Adafruit_PCA9685/install.log --single-version-externally-managed
[7.899s] running egg_info
[7.903s] creating ../../build/Adafruit_PCA9685/Adafruit_PCA9685.egg-info
[7.906s] writing ../../build/Adafruit_PCA9685/Adafruit_PCA9685.egg-info/PKG-INFO
[7.908s] writing dependency_links to ../../build/Adafruit_PCA9685/Adafruit_PCA9685.egg-info/dependency_links.txt
[7.911s] writing requirements to ../../build/Adafruit_PCA9685/Adafruit_PCA9685.egg-info/requires.txt
[7.912s] writing top-level names to ../../build/Adafruit_PCA9685/Adafruit_PCA9685.egg-info/top_level.txt
[7.915s] writing manifest file '../../build/Adafruit_PCA9685/Adafruit_PCA9685.egg-info/SOURCES.txt'
[7.929s] reading manifest file '../../build/Adafruit_PCA9685/Adafruit_PCA9685.egg-info/SOURCES.txt'
[7.934s] adding license file 'LICENSE'
[7.940s] writing manifest file '../../build/Adafruit_PCA9685/Adafruit_PCA9685.egg-info/SOURCES.txt'
[7.943s] running build
[7.944s] running build_py
[7.946s] creating /home/r1/r1_ws/build/Adafruit_PCA9685/build
[7.948s] creating /home/r1/r1_ws/build/Adafruit_PCA9685/build/lib
[7.949s] creating /home/r1/r1_ws/build/Adafruit_PCA9685/build/lib/Adafruit_PCA9685
[7.952s] copying Adafruit_PCA9685/PCA9685.py -> /home/r1/r1_ws/build/Adafruit_PCA9685/build/lib/Adafruit_PCA9685
[7.956s] copying Adafruit_PCA9685/__init__.py -> /home/r1/r1_ws/build/Adafruit_PCA9685/build/lib/Adafruit_PCA9685
[7.960s] running install
[7.963s] /usr/lib/python3/dist-packages/setuptools/command/install.py:34: SetuptoolsDeprecationWarning: setup.py install is deprecated. Use build and pip and other standards-based tools.
[7.964s]   warnings.warn(
[7.965s] running install_lib
[7.970s] creating /home/r1/r1_ws/install/Adafruit_PCA9685/lib/python3.10/site-packages/Adafruit_PCA9685
[7.971s] copying /home/r1/r1_ws/build/Adafruit_PCA9685/build/lib/Adafruit_PCA9685/PCA9685.py -> /home/r1/r1_ws/install/Adafruit_PCA9685/lib/python3.10/site-packages/Adafruit_PCA9685
[7.972s] copying /home/r1/r1_ws/build/Adafruit_PCA9685/build/lib/Adafruit_PCA9685/__init__.py -> /home/r1/r1_ws/install/Adafruit_PCA9685/lib/python3.10/site-packages/Adafruit_PCA9685
[7.975s] byte-compiling /home/r1/r1_ws/install/Adafruit_PCA9685/lib/python3.10/site-packages/Adafruit_PCA9685/PCA9685.py to PCA9685.cpython-310.pyc
[8.021s] byte-compiling /home/r1/r1_ws/install/Adafruit_PCA9685/lib/python3.10/site-packages/Adafruit_PCA9685/__init__.py to __init__.cpython-310.pyc
[8.022s] running install_egg_info
[8.036s] Copying ../../build/Adafruit_PCA9685/Adafruit_PCA9685.egg-info to /home/r1/r1_ws/install/Adafruit_PCA9685/lib/python3.10/site-packages/Adafruit_PCA9685-1.0.1-py3.10.egg-info
[8.044s] running install_scripts
[8.157s] writing list of installed files to '/home/r1/r1_ws/build/Adafruit_PCA9685/install.log'
[9.605s] Invoked command in '/home/r1/r1_ws/src/Adafruit_Python_PCA9685' returned '0': PYTHONPATH=/home/r1/r1_ws/build/Adafruit_PCA9685/prefix_override:/home/r1/r1_ws/install/Adafruit_PCA9685/lib/python3.10/site-packages:${PYTHONPATH} /usr/bin/python3 setup.py egg_info --egg-base ../../build/Adafruit_PCA9685 build --build-base /home/r1/r1_ws/build/Adafruit_PCA9685/build install --record /home/r1/r1_ws/build/Adafruit_PCA9685/install.log --single-version-externally-managed
