running develop
running egg_info
writing ../../build/control/control.egg-info/PKG-INFO
writing dependency_links to ../../build/control/control.egg-info/dependency_links.txt
writing entry points to ../../build/control/control.egg-info/entry_points.txt
writing requirements to ../../build/control/control.egg-info/requires.txt
writing top-level names to ../../build/control/control.egg-info/top_level.txt
reading manifest file '../../build/control/control.egg-info/SOURCES.txt'
writing manifest file '../../build/control/control.egg-info/SOURCES.txt'
running build
running build_py
copying control/ultrasonic.py -> /home/r1/r1_ws/build/control/build/lib/control
copying control/new_base.py -> /home/r1/r1_ws/build/control/build/lib/control
copying control/arms.py -> /home/r1/r1_ws/build/control/build/lib/control
copying control/head.py -> /home/r1/r1_ws/build/control/build/lib/control
copying control/right_hand_sub.py -> /home/r1/r1_ws/build/control/build/lib/control
copying control/base.py -> /home/r1/r1_ws/build/control/build/lib/control
copying control/servos.py -> /home/r1/r1_ws/build/control/build/lib/control
copying control/head1.0.py -> /home/r1/r1_ws/build/control/build/lib/control
running install
running install_lib
copying /home/r1/r1_ws/build/control/build/lib/control/ultrasonic.py -> /home/r1/r1_ws/install/control/lib/python3.10/site-packages/control
copying /home/r1/r1_ws/build/control/build/lib/control/new_base.py -> /home/r1/r1_ws/install/control/lib/python3.10/site-packages/control
copying /home/r1/r1_ws/build/control/build/lib/control/arms.py -> /home/r1/r1_ws/install/control/lib/python3.10/site-packages/control
copying /home/r1/r1_ws/build/control/build/lib/control/head.py -> /home/r1/r1_ws/install/control/lib/python3.10/site-packages/control
copying /home/r1/r1_ws/build/control/build/lib/control/right_hand_sub.py -> /home/r1/r1_ws/install/control/lib/python3.10/site-packages/control
copying /home/r1/r1_ws/build/control/build/lib/control/base.py -> /home/r1/r1_ws/install/control/lib/python3.10/site-packages/control
copying /home/r1/r1_ws/build/control/build/lib/control/servos.py -> /home/r1/r1_ws/install/control/lib/python3.10/site-packages/control
copying /home/r1/r1_ws/build/control/build/lib/control/head1.0.py -> /home/r1/r1_ws/install/control/lib/python3.10/site-packages/control
byte-compiling /home/r1/r1_ws/install/control/lib/python3.10/site-packages/control/ultrasonic.py to ultrasonic.cpython-310.pyc
byte-compiling /home/r1/r1_ws/install/control/lib/python3.10/site-packages/control/new_base.py to new_base.cpython-310.pyc
byte-compiling /home/r1/r1_ws/install/control/lib/python3.10/site-packages/control/arms.py to arms.cpython-310.pyc
byte-compiling /home/r1/r1_ws/install/control/lib/python3.10/site-packages/control/head.py to head.cpython-310.pyc
byte-compiling /home/r1/r1_ws/install/control/lib/python3.10/site-packages/control/right_hand_sub.py to right_hand_sub.cpython-310.pyc
byte-compiling /home/r1/r1_ws/install/control/lib/python3.10/site-packages/control/base.py to base.cpython-310.pyc
byte-compiling /home/r1/r1_ws/install/control/lib/python3.10/site-packages/control/servos.py to servos.cpython-310.pyc
byte-compiling /home/r1/r1_ws/install/control/lib/python3.10/site-packages/control/head1.0.py to head1.0.cpython-310.pyc
running install_data
running install_egg_info
removing '/home/r1/r1_ws/install/control/lib/python3.10/site-packages/control-1.0.0-py3.10.egg-info' (and everything under it)
Copying ../../build/control/control.egg-info to /home/r1/r1_ws/install/control/lib/python3.10/site-packages/control-1.0.0-py3.10.egg-info
running install_scripts
Installing arms_sub script to /home/r1/r1_ws/install/control/lib/control
Installing base_sub script to /home/r1/r1_ws/install/control/lib/control
Installing eyes_sub script to /home/r1/r1_ws/install/control/lib/control
Installing head_sub script to /home/r1/r1_ws/install/control/lib/control
Installing ir_left_pub script to /home/r1/r1_ws/install/control/lib/control
Installing ir_right_pub script to /home/r1/r1_ws/install/control/lib/control
Installing left_hand_sub script to /home/r1/r1_ws/install/control/lib/control
Installing right_hand_sub script to /home/r1/r1_ws/install/control/lib/control
Installing sensors_sub script to /home/r1/r1_ws/install/control/lib/control
Installing us_pub script to /home/r1/r1_ws/install/control/lib/control
writing list of installed files to '/home/r1/r1_ws/build/control/install.log'
