[4.659s] Invoking command in '/home/r1/r1_ws/src/control': PYTHONPATH=/home/r1/r1_ws/build/control/prefix_override:/home/r1/r1_ws/install/control/lib/python3.10/site-packages:${PYTHONPATH} /usr/bin/python3 setup.py egg_info --egg-base ../../build/control build --build-base /home/r1/r1_ws/build/control/build install --record /home/r1/r1_ws/build/control/install.log --single-version-externally-managed
[5.919s] running egg_info
[5.924s] writing ../../build/control/control.egg-info/PKG-INFO
[5.927s] writing dependency_links to ../../build/control/control.egg-info/dependency_links.txt
[5.929s] writing entry points to ../../build/control/control.egg-info/entry_points.txt
[5.929s] writing requirements to ../../build/control/control.egg-info/requires.txt
[5.931s] writing top-level names to ../../build/control/control.egg-info/top_level.txt
[5.935s] reading manifest file '../../build/control/control.egg-info/SOURCES.txt'
[5.941s] writing manifest file '../../build/control/control.egg-info/SOURCES.txt'
[5.943s] running build
[5.944s] running build_py
[5.946s] running install
[5.947s] /usr/lib/python3/dist-packages/setuptools/command/install.py:34: SetuptoolsDeprecationWarning: setup.py install is deprecated. Use build and pip and other standards-based tools.
[5.948s]   warnings.warn(
[5.949s] running install_lib
[5.955s] running install_data
[5.956s] running install_egg_info
[5.963s] removing '/home/r1/r1_ws/install/control/lib/python3.10/site-packages/control-0.0.0-py3.10.egg-info' (and everything under it)
[5.965s] Copying ../../build/control/control.egg-info to /home/r1/r1_ws/install/control/lib/python3.10/site-packages/control-0.0.0-py3.10.egg-info
[5.972s] running install_scripts
[6.069s] writing list of installed files to '/home/r1/r1_ws/build/control/install.log'
[6.364s] Invoked command in '/home/r1/r1_ws/src/control' returned '0': PYTHONPATH=/home/r1/r1_ws/build/control/prefix_override:/home/r1/r1_ws/install/control/lib/python3.10/site-packages:${PYTHONPATH} /usr/bin/python3 setup.py egg_info --egg-base ../../build/control build --build-base /home/r1/r1_ws/build/control/build install --record /home/r1/r1_ws/build/control/install.log --single-version-externally-managed
