[4.597s] Invoking command in '/home/r1/r1_ws/src/control': PYTHONPATH=/home/r1/r1_ws/build/control/prefix_override:/home/r1/r1_ws/install/control/lib/python3.10/site-packages:${PYTHONPATH} /usr/bin/python3 setup.py egg_info --egg-base ../../build/control build --build-base /home/r1/r1_ws/build/control/build install --record /home/r1/r1_ws/build/control/install.log --single-version-externally-managed
[5.886s] running egg_info
[5.891s] writing ../../build/control/control.egg-info/PKG-INFO
[5.894s] writing dependency_links to ../../build/control/control.egg-info/dependency_links.txt
[5.897s] writing entry points to ../../build/control/control.egg-info/entry_points.txt
[5.898s] writing requirements to ../../build/control/control.egg-info/requires.txt
[5.898s] writing top-level names to ../../build/control/control.egg-info/top_level.txt
[5.904s] reading manifest file '../../build/control/control.egg-info/SOURCES.txt'
[5.909s] writing manifest file '../../build/control/control.egg-info/SOURCES.txt'
[5.910s] running build
[5.910s] running build_py
[5.912s] copying control/infrared_right.py -> /home/r1/r1_ws/build/control/build/lib/control
[5.913s] running install
[5.914s] /usr/lib/python3/dist-packages/setuptools/command/install.py:34: SetuptoolsDeprecationWarning: setup.py install is deprecated. Use build and pip and other standards-based tools.
[5.914s]   warnings.warn(
[5.915s] running install_lib
[5.921s] copying /home/r1/r1_ws/build/control/build/lib/control/infrared_right.py -> /home/r1/r1_ws/install/control/lib/python3.10/site-packages/control
[5.923s] byte-compiling /home/r1/r1_ws/install/control/lib/python3.10/site-packages/control/infrared_right.py to infrared_right.cpython-310.pyc
[5.926s] running install_data
[5.929s] running install_egg_info
[5.937s] removing '/home/r1/r1_ws/install/control/lib/python3.10/site-packages/control-0.0.0-py3.10.egg-info' (and everything under it)
[5.939s] Copying ../../build/control/control.egg-info to /home/r1/r1_ws/install/control/lib/python3.10/site-packages/control-0.0.0-py3.10.egg-info
[5.946s] running install_scripts
[6.052s] Installing ir_left_pub script to /home/r1/r1_ws/install/control/lib/control
[6.056s] Installing ir_right_pub script to /home/r1/r1_ws/install/control/lib/control
[6.057s] Installing us_pub script to /home/r1/r1_ws/install/control/lib/control
[6.062s] writing list of installed files to '/home/r1/r1_ws/build/control/install.log'
[6.301s] Invoked command in '/home/r1/r1_ws/src/control' returned '0': PYTHONPATH=/home/r1/r1_ws/build/control/prefix_override:/home/r1/r1_ws/install/control/lib/python3.10/site-packages:${PYTHONPATH} /usr/bin/python3 setup.py egg_info --egg-base ../../build/control build --build-base /home/r1/r1_ws/build/control/build install --record /home/r1/r1_ws/build/control/install.log --single-version-externally-managed
