[6.968s] Invoking command in '/home/r1/r1_ws/src/camera': PYTHONPATH=/home/r1/r1_ws/build/camera/prefix_override:/home/r1/r1_ws/install/camera/lib/python3.10/site-packages:${PYTHONPATH} /usr/bin/python3 setup.py egg_info --egg-base ../../build/camera build --build-base /home/r1/r1_ws/build/camera/build install --record /home/r1/r1_ws/build/camera/install.log --single-version-externally-managed
[8.638s] running egg_info
[8.642s] writing ../../build/camera/camera.egg-info/PKG-INFO
[8.643s] writing dependency_links to ../../build/camera/camera.egg-info/dependency_links.txt
[8.645s] writing entry points to ../../build/camera/camera.egg-info/entry_points.txt
[8.648s] writing requirements to ../../build/camera/camera.egg-info/requires.txt
[8.649s] writing top-level names to ../../build/camera/camera.egg-info/top_level.txt
[8.663s] reading manifest file '../../build/camera/camera.egg-info/SOURCES.txt'
[8.673s] writing manifest file '../../build/camera/camera.egg-info/SOURCES.txt'
[8.674s] running build
[8.674s] running build_py
[8.678s] running install
[8.678s] /usr/lib/python3/dist-packages/setuptools/command/install.py:34: SetuptoolsDeprecationWarning: setup.py install is deprecated. Use build and pip and other standards-based tools.
[8.679s]   warnings.warn(
[8.680s] running install_lib
[8.695s] running install_data
[8.699s] running install_egg_info
[8.712s] removing '/home/r1/r1_ws/install/camera/lib/python3.10/site-packages/camera-0.0.0-py3.10.egg-info' (and everything under it)
[8.716s] Copying ../../build/camera/camera.egg-info to /home/r1/r1_ws/install/camera/lib/python3.10/site-packages/camera-0.0.0-py3.10.egg-info
[8.732s] running install_scripts
[8.935s] Installing frames_sub script to /home/r1/r1_ws/install/camera/lib/camera
[8.937s] Installing img_pub script to /home/r1/r1_ws/install/camera/lib/camera
[8.940s] writing list of installed files to '/home/r1/r1_ws/build/camera/install.log'
[9.155s] Invoked command in '/home/r1/r1_ws/src/camera' returned '0': PYTHONPATH=/home/r1/r1_ws/build/camera/prefix_override:/home/r1/r1_ws/install/camera/lib/python3.10/site-packages:${PYTHONPATH} /usr/bin/python3 setup.py egg_info --egg-base ../../build/camera build --build-base /home/r1/r1_ws/build/camera/build install --record /home/r1/r1_ws/build/camera/install.log --single-version-externally-managed
