[3.199s] Invoking command in '/home/r1/r1_ws/build/control': PYTHONPATH=/home/r1/r1_ws/build/control/prefix_override:/home/r1/r1_ws/install/control/lib/python3.10/site-packages:${PYTHONPATH} /usr/bin/python3 setup.py develop --uninstall --editable --build-directory /home/r1/r1_ws/build/control/build
[4.532s] running develop
[4.534s] /usr/lib/python3/dist-packages/setuptools/command/easy_install.py:158: EasyInstallDeprecationWarning: easy_install command is deprecated. Use build and pip and other standards-based tools.
[4.535s]   warnings.warn(
[4.542s] /usr/lib/python3/dist-packages/setuptools/command/install.py:34: SetuptoolsDeprecationWarning: setup.py install is deprecated. Use build and pip and other standards-based tools.
[4.543s]   warnings.warn(
[4.828s] /usr/lib/python3/dist-packages/pkg_resources/__init__.py:116: PkgResourcesDeprecationWarning: 1.1build1 is an invalid version and will not be supported in a future release
[4.828s]   warnings.warn(
[4.830s] /usr/lib/python3/dist-packages/pkg_resources/__init__.py:116: PkgResourcesDeprecationWarning: 0.1.43ubuntu1 is an invalid version and will not be supported in a future release
[4.830s]   warnings.warn(
[5.492s] Invoked command in '/home/r1/r1_ws/build/control' returned '0': PYTHONPATH=/home/r1/r1_ws/build/control/prefix_override:/home/r1/r1_ws/install/control/lib/python3.10/site-packages:${PYTHONPATH} /usr/bin/python3 setup.py develop --uninstall --editable --build-directory /home/r1/r1_ws/build/control/build
[5.500s] Invoking command in '/home/r1/r1_ws/src/control': PYTHONPATH=/home/r1/r1_ws/build/control/prefix_override:/home/r1/r1_ws/install/control/lib/python3.10/site-packages:${PYTHONPATH} /usr/bin/python3 setup.py egg_info --egg-base ../../build/control build --build-base /home/r1/r1_ws/build/control/build install --record /home/r1/r1_ws/build/control/install.log --single-version-externally-managed
[6.709s] running egg_info
[6.711s] writing ../../build/control/control.egg-info/PKG-INFO
[6.712s] writing dependency_links to ../../build/control/control.egg-info/dependency_links.txt
[6.713s] writing entry points to ../../build/control/control.egg-info/entry_points.txt
[6.714s] writing requirements to ../../build/control/control.egg-info/requires.txt
[6.715s] writing top-level names to ../../build/control/control.egg-info/top_level.txt
[6.723s] reading manifest file '../../build/control/control.egg-info/SOURCES.txt'
[6.728s] writing manifest file '../../build/control/control.egg-info/SOURCES.txt'
[6.728s] running build
[6.729s] running build_py
[6.733s] running install
[6.734s] /usr/lib/python3/dist-packages/setuptools/command/install.py:34: SetuptoolsDeprecationWarning: setup.py install is deprecated. Use build and pip and other standards-based tools.
[6.734s]   warnings.warn(
[6.735s] running install_lib
[6.744s] running install_data
[6.746s] running install_egg_info
[6.753s] removing '/home/r1/r1_ws/install/control/lib/python3.10/site-packages/control-0.0.0-py3.10.egg-info' (and everything under it)
[6.755s] Copying ../../build/control/control.egg-info to /home/r1/r1_ws/install/control/lib/python3.10/site-packages/control-0.0.0-py3.10.egg-info
[6.761s] running install_scripts
[6.843s] Installing base_sub script to /home/r1/r1_ws/install/control/lib/control
[6.843s] Installing ir_left_pub script to /home/r1/r1_ws/install/control/lib/control
[6.844s] Installing ir_right_pub script to /home/r1/r1_ws/install/control/lib/control
[6.845s] Installing left_hand_sub script to /home/r1/r1_ws/install/control/lib/control
[6.846s] Installing right_hand_sub script to /home/r1/r1_ws/install/control/lib/control
[6.847s] Installing sensors_sub script to /home/r1/r1_ws/install/control/lib/control
[6.848s] Installing us_pub script to /home/r1/r1_ws/install/control/lib/control
[6.852s] writing list of installed files to '/home/r1/r1_ws/build/control/install.log'
[6.977s] Invoked command in '/home/r1/r1_ws/src/control' returned '0': PYTHONPATH=/home/r1/r1_ws/build/control/prefix_override:/home/r1/r1_ws/install/control/lib/python3.10/site-packages:${PYTHONPATH} /usr/bin/python3 setup.py egg_info --egg-base ../../build/control build --build-base /home/r1/r1_ws/build/control/build install --record /home/r1/r1_ws/build/control/install.log --single-version-externally-managed
