[6.854s] Invoking command in '/home/r1/r1_ws/build/control': PYTHONPATH=/home/r1/r1_ws/build/control/prefix_override:/home/r1/r1_ws/install/control/lib/python3.10/site-packages:${PYTHONPATH} /usr/bin/python3 setup.py develop --uninstall --editable --build-directory /home/r1/r1_ws/build/control/build
[8.684s] running develop
[8.686s] /usr/lib/python3/dist-packages/setuptools/command/easy_install.py:158: EasyInstallDeprecationWarning: easy_install command is deprecated. Use build and pip and other standards-based tools.
[8.687s]   warnings.warn(
[8.694s] /usr/lib/python3/dist-packages/setuptools/command/install.py:34: SetuptoolsDeprecationWarning: setup.py install is deprecated. Use build and pip and other standards-based tools.
[8.695s]   warnings.warn(
[9.107s] /usr/lib/python3/dist-packages/pkg_resources/__init__.py:116: PkgResourcesDeprecationWarning: 1.1build1 is an invalid version and will not be supported in a future release
[9.114s]   warnings.warn(
[9.118s] /usr/lib/python3/dist-packages/pkg_resources/__init__.py:116: PkgResourcesDeprecationWarning: 0.1.43ubuntu1 is an invalid version and will not be supported in a future release
[9.132s]   warnings.warn(
[10.246s] Invoked command in '/home/r1/r1_ws/build/control' returned '0': PYTHONPATH=/home/r1/r1_ws/build/control/prefix_override:/home/r1/r1_ws/install/control/lib/python3.10/site-packages:${PYTHONPATH} /usr/bin/python3 setup.py develop --uninstall --editable --build-directory /home/r1/r1_ws/build/control/build
[10.252s] Invoking command in '/home/r1/r1_ws/src/control': PYTHONPATH=/home/r1/r1_ws/build/control/prefix_override:/home/r1/r1_ws/install/control/lib/python3.10/site-packages:${PYTHONPATH} /usr/bin/python3 setup.py egg_info --egg-base ../../build/control build --build-base /home/r1/r1_ws/build/control/build install --record /home/r1/r1_ws/build/control/install.log --single-version-externally-managed
[12.150s] running egg_info
[12.153s] writing ../../build/control/control.egg-info/PKG-INFO
[12.154s] writing dependency_links to ../../build/control/control.egg-info/dependency_links.txt
[12.156s] writing entry points to ../../build/control/control.egg-info/entry_points.txt
[12.157s] writing requirements to ../../build/control/control.egg-info/requires.txt
[12.158s] writing top-level names to ../../build/control/control.egg-info/top_level.txt
[12.181s] reading manifest file '../../build/control/control.egg-info/SOURCES.txt'
[12.182s] writing manifest file '../../build/control/control.egg-info/SOURCES.txt'
[12.183s] running build
[12.183s] running build_py
[12.184s] copying control/ultrasonic.py -> /home/r1/r1_ws/build/control/build/lib/control
[12.184s] running install
[12.185s] /usr/lib/python3/dist-packages/setuptools/command/install.py:34: SetuptoolsDeprecationWarning: setup.py install is deprecated. Use build and pip and other standards-based tools.
[12.186s]   warnings.warn(
[12.186s] running install_lib
[12.187s] copying /home/r1/r1_ws/build/control/build/lib/control/ultrasonic.py -> /home/r1/r1_ws/install/control/lib/python3.10/site-packages/control
[12.192s] byte-compiling /home/r1/r1_ws/install/control/lib/python3.10/site-packages/control/ultrasonic.py to ultrasonic.cpython-310.pyc
[12.199s] running install_data
[12.200s] running install_egg_info
[12.207s] removing '/home/r1/r1_ws/install/control/lib/python3.10/site-packages/control-0.0.0-py3.10.egg-info' (and everything under it)
[12.210s] Copying ../../build/control/control.egg-info to /home/r1/r1_ws/install/control/lib/python3.10/site-packages/control-0.0.0-py3.10.egg-info
[12.219s] running install_scripts
[12.304s] Installing base_sub script to /home/r1/r1_ws/install/control/lib/control
[12.304s] Installing head_sub script to /home/r1/r1_ws/install/control/lib/control
[12.305s] Installing ir_left_pub script to /home/r1/r1_ws/install/control/lib/control
[12.306s] Installing ir_right_pub script to /home/r1/r1_ws/install/control/lib/control
[12.307s] Installing left_hand_sub script to /home/r1/r1_ws/install/control/lib/control
[12.309s] Installing right_hand_sub script to /home/r1/r1_ws/install/control/lib/control
[12.310s] Installing sensors_sub script to /home/r1/r1_ws/install/control/lib/control
[12.310s] Installing us_pub script to /home/r1/r1_ws/install/control/lib/control
[12.312s] writing list of installed files to '/home/r1/r1_ws/build/control/install.log'
[12.480s] Invoked command in '/home/r1/r1_ws/src/control' returned '0': PYTHONPATH=/home/r1/r1_ws/build/control/prefix_override:/home/r1/r1_ws/install/control/lib/python3.10/site-packages:${PYTHONPATH} /usr/bin/python3 setup.py egg_info --egg-base ../../build/control build --build-base /home/r1/r1_ws/build/control/build install --record /home/r1/r1_ws/build/control/install.log --single-version-externally-managed
