[7.069s] Invoking command in '/home/r1/r1_ws/build/control': PYTHONPATH=/home/r1/r1_ws/build/control/prefix_override:/home/r1/r1_ws/install/control/lib/python3.10/site-packages:${PYTHONPATH} /usr/bin/python3 setup.py develop --uninstall --editable --build-directory /home/r1/r1_ws/build/control/build
[9.612s] running develop
[9.622s] /usr/lib/python3/dist-packages/setuptools/command/easy_install.py:158: EasyInstallDeprecationWarning: easy_install command is deprecated. Use build and pip and other standards-based tools.
[9.623s]   warnings.warn(
[9.645s] /usr/lib/python3/dist-packages/setuptools/command/install.py:34: SetuptoolsDeprecationWarning: setup.py install is deprecated. Use build and pip and other standards-based tools.
[9.647s]   warnings.warn(
[10.353s] /usr/lib/python3/dist-packages/pkg_resources/__init__.py:116: PkgResourcesDeprecationWarning: 1.1build1 is an invalid version and will not be supported in a future release
[10.355s]   warnings.warn(
[10.357s] /usr/lib/python3/dist-packages/pkg_resources/__init__.py:116: PkgResourcesDeprecationWarning: 0.1.43ubuntu1 is an invalid version and will not be supported in a future release
[10.357s]   warnings.warn(
[11.738s] Invoked command in '/home/r1/r1_ws/build/control' returned '0': PYTHONPATH=/home/r1/r1_ws/build/control/prefix_override:/home/r1/r1_ws/install/control/lib/python3.10/site-packages:${PYTHONPATH} /usr/bin/python3 setup.py develop --uninstall --editable --build-directory /home/r1/r1_ws/build/control/build
[11.740s] Invoking command in '/home/r1/r1_ws/src/control': PYTHONPATH=/home/r1/r1_ws/build/control/prefix_override:/home/r1/r1_ws/install/control/lib/python3.10/site-packages:${PYTHONPATH} /usr/bin/python3 setup.py egg_info --egg-base ../../build/control build --build-base /home/r1/r1_ws/build/control/build install --record /home/r1/r1_ws/build/control/install.log --single-version-externally-managed
[14.925s] running egg_info
[14.939s] writing ../../build/control/control.egg-info/PKG-INFO
[14.943s] writing dependency_links to ../../build/control/control.egg-info/dependency_links.txt
[14.945s] writing entry points to ../../build/control/control.egg-info/entry_points.txt
[14.946s] writing requirements to ../../build/control/control.egg-info/requires.txt
[14.950s] writing top-level names to ../../build/control/control.egg-info/top_level.txt
[14.961s] reading manifest file '../../build/control/control.egg-info/SOURCES.txt'
[14.965s] writing manifest file '../../build/control/control.egg-info/SOURCES.txt'
[14.967s] running build
[14.967s] running build_py
[14.971s] copying control/left_hand_sub.py -> /home/r1/r1_ws/build/control/build/lib/control
[14.975s] running install
[14.979s] /usr/lib/python3/dist-packages/setuptools/command/install.py:34: SetuptoolsDeprecationWarning: setup.py install is deprecated. Use build and pip and other standards-based tools.
[14.979s]   warnings.warn(
[14.983s] running install_lib
[14.990s] copying /home/r1/r1_ws/build/control/build/lib/control/left_hand_sub.py -> /home/r1/r1_ws/install/control/lib/python3.10/site-packages/control
[14.996s] byte-compiling /home/r1/r1_ws/install/control/lib/python3.10/site-packages/control/left_hand_sub.py to left_hand_sub.cpython-310.pyc
[15.001s] running install_data
[15.004s] running install_egg_info
[15.021s] removing '/home/r1/r1_ws/install/control/lib/python3.10/site-packages/control-0.0.0-py3.10.egg-info' (and everything under it)
[15.026s] Copying ../../build/control/control.egg-info to /home/r1/r1_ws/install/control/lib/python3.10/site-packages/control-0.0.0-py3.10.egg-info
[15.042s] running install_scripts
[15.245s] Installing base_sub script to /home/r1/r1_ws/install/control/lib/control
[15.247s] Installing eyes_sub script to /home/r1/r1_ws/install/control/lib/control
[15.248s] Installing head_sub script to /home/r1/r1_ws/install/control/lib/control
[15.249s] Installing ir_left_pub script to /home/r1/r1_ws/install/control/lib/control
[15.251s] Installing ir_right_pub script to /home/r1/r1_ws/install/control/lib/control
[15.252s] Installing left_hand_sub script to /home/r1/r1_ws/install/control/lib/control
[15.253s] Installing right_hand_sub script to /home/r1/r1_ws/install/control/lib/control
[15.254s] Installing sensors_sub script to /home/r1/r1_ws/install/control/lib/control
[15.256s] Installing us_pub script to /home/r1/r1_ws/install/control/lib/control
[15.259s] writing list of installed files to '/home/r1/r1_ws/build/control/install.log'
[15.452s] Invoked command in '/home/r1/r1_ws/src/control' returned '0': PYTHONPATH=/home/r1/r1_ws/build/control/prefix_override:/home/r1/r1_ws/install/control/lib/python3.10/site-packages:${PYTHONPATH} /usr/bin/python3 setup.py egg_info --egg-base ../../build/control build --build-base /home/r1/r1_ws/build/control/build install --record /home/r1/r1_ws/build/control/install.log --single-version-externally-managed
