[6.306s] Invoking command in '/home/r1/r1_ws/src/control': PYTHONPATH=/home/r1/r1_ws/build/control/prefix_override:/home/r1/r1_ws/install/control/lib/python3.10/site-packages:${PYTHONPATH} /usr/bin/python3 setup.py egg_info --egg-base ../../build/control build --build-base /home/r1/r1_ws/build/control/build install --record /home/r1/r1_ws/build/control/install.log --single-version-externally-managed
[7.813s] running egg_info
[7.818s] writing ../../build/control/control.egg-info/PKG-INFO
[7.820s] writing dependency_links to ../../build/control/control.egg-info/dependency_links.txt
[7.831s] writing entry points to ../../build/control/control.egg-info/entry_points.txt
[7.832s] writing requirements to ../../build/control/control.egg-info/requires.txt
[7.833s] writing top-level names to ../../build/control/control.egg-info/top_level.txt
[7.834s] reading manifest file '../../build/control/control.egg-info/SOURCES.txt'
[7.843s] writing manifest file '../../build/control/control.egg-info/SOURCES.txt'
[7.845s] running build
[7.845s] running build_py
[7.846s] copying control/sensors.py -> /home/r1/r1_ws/build/control/build/lib/control
[7.856s] running install
[7.860s] /usr/lib/python3/dist-packages/setuptools/command/install.py:34: SetuptoolsDeprecationWarning: setup.py install is deprecated. Use build and pip and other standards-based tools.
[7.860s]   warnings.warn(
[7.862s] running install_lib
[7.864s] copying /home/r1/r1_ws/build/control/build/lib/control/sensors.py -> /home/r1/r1_ws/install/control/lib/python3.10/site-packages/control
[7.865s] byte-compiling /home/r1/r1_ws/install/control/lib/python3.10/site-packages/control/sensors.py to sensors.cpython-310.pyc
[7.878s] running install_data
[7.879s] running install_egg_info
[7.881s] removing '/home/r1/r1_ws/install/control/lib/python3.10/site-packages/control-0.0.0-py3.10.egg-info' (and everything under it)
[7.882s] Copying ../../build/control/control.egg-info to /home/r1/r1_ws/install/control/lib/python3.10/site-packages/control-0.0.0-py3.10.egg-info
[7.883s] running install_scripts
[7.985s] Installing ir_left_pub script to /home/r1/r1_ws/install/control/lib/control
[7.986s] Installing ir_right_pub script to /home/r1/r1_ws/install/control/lib/control
[7.990s] Installing sensors_sub script to /home/r1/r1_ws/install/control/lib/control
[7.990s] Installing us_pub script to /home/r1/r1_ws/install/control/lib/control
[7.993s] writing list of installed files to '/home/r1/r1_ws/build/control/install.log'
[8.223s] Invoked command in '/home/r1/r1_ws/src/control' returned '0': PYTHONPATH=/home/r1/r1_ws/build/control/prefix_override:/home/r1/r1_ws/install/control/lib/python3.10/site-packages:${PYTHONPATH} /usr/bin/python3 setup.py egg_info --egg-base ../../build/control build --build-base /home/r1/r1_ws/build/control/build install --record /home/r1/r1_ws/build/control/install.log --single-version-externally-managed
