[3.188s] Invoking command in '/home/r1/r1_ws/build/voice': PYTHONPATH=/home/r1/r1_ws/build/voice/prefix_override:/home/r1/r1_ws/install/voice/lib/python3.10/site-packages:${PYTHONPATH} /usr/bin/python3 setup.py develop --uninstall --editable --build-directory /home/r1/r1_ws/build/voice/build
[4.489s] running develop
[4.490s] /usr/lib/python3/dist-packages/setuptools/command/easy_install.py:158: EasyInstallDeprecationWarning: easy_install command is deprecated. Use build and pip and other standards-based tools.
[4.491s]   warnings.warn(
[4.496s] /usr/lib/python3/dist-packages/setuptools/command/install.py:34: SetuptoolsDeprecationWarning: setup.py install is deprecated. Use build and pip and other standards-based tools.
[4.497s]   warnings.warn(
[4.786s] /usr/lib/python3/dist-packages/pkg_resources/__init__.py:116: PkgResourcesDeprecationWarning: 1.1build1 is an invalid version and will not be supported in a future release
[4.786s]   warnings.warn(
[4.787s] /usr/lib/python3/dist-packages/pkg_resources/__init__.py:116: PkgResourcesDeprecationWarning: 0.1.43ubuntu1 is an invalid version and will not be supported in a future release
[4.787s]   warnings.warn(
[5.451s] Invoked command in '/home/r1/r1_ws/build/voice' returned '0': PYTHONPATH=/home/r1/r1_ws/build/voice/prefix_override:/home/r1/r1_ws/install/voice/lib/python3.10/site-packages:${PYTHONPATH} /usr/bin/python3 setup.py develop --uninstall --editable --build-directory /home/r1/r1_ws/build/voice/build
[5.461s] Invoking command in '/home/r1/r1_ws/src/voice': PYTHONPATH=/home/r1/r1_ws/build/voice/prefix_override:/home/r1/r1_ws/install/voice/lib/python3.10/site-packages:${PYTHONPATH} /usr/bin/python3 setup.py egg_info --egg-base ../../build/voice build --build-base /home/r1/r1_ws/build/voice/build install --record /home/r1/r1_ws/build/voice/install.log --single-version-externally-managed
[6.671s] running egg_info
[6.674s] writing ../../build/voice/voice.egg-info/PKG-INFO
[6.675s] writing dependency_links to ../../build/voice/voice.egg-info/dependency_links.txt
[6.676s] writing entry points to ../../build/voice/voice.egg-info/entry_points.txt
[6.677s] writing requirements to ../../build/voice/voice.egg-info/requires.txt
[6.678s] writing top-level names to ../../build/voice/voice.egg-info/top_level.txt
[6.686s] reading manifest file '../../build/voice/voice.egg-info/SOURCES.txt'
[6.690s] writing manifest file '../../build/voice/voice.egg-info/SOURCES.txt'
[6.690s] running build
[6.691s] running build_py
[6.692s] copying voice/continuous_listener.py -> /home/r1/r1_ws/build/voice/build/lib/voice
[6.694s] running install
[6.695s] /usr/lib/python3/dist-packages/setuptools/command/install.py:34: SetuptoolsDeprecationWarning: setup.py install is deprecated. Use build and pip and other standards-based tools.
[6.695s]   warnings.warn(
[6.696s] running install_lib
[6.700s] copying /home/r1/r1_ws/build/voice/build/lib/voice/continuous_listener.py -> /home/r1/r1_ws/install/voice/lib/python3.10/site-packages/voice
[6.703s] byte-compiling /home/r1/r1_ws/install/voice/lib/python3.10/site-packages/voice/continuous_listener.py to continuous_listener.cpython-310.pyc
[6.710s] running install_data
[6.712s] running install_egg_info
[6.719s] removing '/home/r1/r1_ws/install/voice/lib/python3.10/site-packages/voice-0.0.0-py3.10.egg-info' (and everything under it)
[6.720s] Copying ../../build/voice/voice.egg-info to /home/r1/r1_ws/install/voice/lib/python3.10/site-packages/voice-0.0.0-py3.10.egg-info
[6.726s] running install_scripts
[6.806s] Installing main script to /home/r1/r1_ws/install/voice/lib/voice
[6.807s] Installing voice_sub script to /home/r1/r1_ws/install/voice/lib/voice
[6.809s] writing list of installed files to '/home/r1/r1_ws/build/voice/install.log'
[6.939s] Invoked command in '/home/r1/r1_ws/src/voice' returned '0': PYTHONPATH=/home/r1/r1_ws/build/voice/prefix_override:/home/r1/r1_ws/install/voice/lib/python3.10/site-packages:${PYTHONPATH} /usr/bin/python3 setup.py egg_info --egg-base ../../build/voice build --build-base /home/r1/r1_ws/build/voice/build install --record /home/r1/r1_ws/build/voice/install.log --single-version-externally-managed
