[3.597s] Invoking command in '/home/r1/r1_ws/build/control': PYTHONPATH=/home/r1/r1_ws/build/control/prefix_override:/home/r1/r1_ws/install/control/lib/python3.10/site-packages:${PYTHONPATH} /usr/bin/python3 setup.py develop --uninstall --editable --build-directory /home/r1/r1_ws/build/control/build
[5.079s] running develop
[5.081s] /usr/lib/python3/dist-packages/setuptools/command/easy_install.py:158: EasyInstallDeprecationWarning: easy_install command is deprecated. Use build and pip and other standards-based tools.
[5.081s]   warnings.warn(
[5.086s] /usr/lib/python3/dist-packages/setuptools/command/install.py:34: SetuptoolsDeprecationWarning: setup.py install is deprecated. Use build and pip and other standards-based tools.
[5.086s]   warnings.warn(
[5.456s] /usr/lib/python3/dist-packages/pkg_resources/__init__.py:116: PkgResourcesDeprecationWarning: 1.1build1 is an invalid version and will not be supported in a future release
[5.457s]   warnings.warn(
[5.458s] /usr/lib/python3/dist-packages/pkg_resources/__init__.py:116: PkgResourcesDeprecationWarning: 0.1.43ubuntu1 is an invalid version and will not be supported in a future release
[5.458s]   warnings.warn(
[6.317s] Invoked command in '/home/r1/r1_ws/build/control' returned '0': PYTHONPATH=/home/r1/r1_ws/build/control/prefix_override:/home/r1/r1_ws/install/control/lib/python3.10/site-packages:${PYTHONPATH} /usr/bin/python3 setup.py develop --uninstall --editable --build-directory /home/r1/r1_ws/build/control/build
[6.324s] Invoking command in '/home/r1/r1_ws/src/control': PYTHONPATH=/home/r1/r1_ws/build/control/prefix_override:/home/r1/r1_ws/install/control/lib/python3.10/site-packages:${PYTHONPATH} /usr/bin/python3 setup.py egg_info --egg-base ../../build/control build --build-base /home/r1/r1_ws/build/control/build install --record /home/r1/r1_ws/build/control/install.log --single-version-externally-managed
[7.721s] running egg_info
[7.724s] writing ../../build/control/control.egg-info/PKG-INFO
[7.725s] writing dependency_links to ../../build/control/control.egg-info/dependency_links.txt
[7.726s] writing entry points to ../../build/control/control.egg-info/entry_points.txt
[7.727s] writing requirements to ../../build/control/control.egg-info/requires.txt
[7.728s] writing top-level names to ../../build/control/control.egg-info/top_level.txt
[7.737s] reading manifest file '../../build/control/control.egg-info/SOURCES.txt'
[7.741s] writing manifest file '../../build/control/control.egg-info/SOURCES.txt'
[7.743s] running build
[7.743s] running build_py
[7.744s] copying control/ultrasonic.py -> /home/r1/r1_ws/build/control/build/lib/control
[7.745s] copying control/sensors.py -> /home/r1/r1_ws/build/control/build/lib/control
[7.748s] copying control/left_hand_sub.py -> /home/r1/r1_ws/build/control/build/lib/control
[7.748s] copying control/infrared_right.py -> /home/r1/r1_ws/build/control/build/lib/control
[7.750s] copying control/infrared_left.py -> /home/r1/r1_ws/build/control/build/lib/control
[7.752s] running install
[7.752s] /usr/lib/python3/dist-packages/setuptools/command/install.py:34: SetuptoolsDeprecationWarning: setup.py install is deprecated. Use build and pip and other standards-based tools.
[7.753s]   warnings.warn(
[7.753s] running install_lib
[7.758s] copying /home/r1/r1_ws/build/control/build/lib/control/ultrasonic.py -> /home/r1/r1_ws/install/control/lib/python3.10/site-packages/control
[7.758s] copying /home/r1/r1_ws/build/control/build/lib/control/sensors.py -> /home/r1/r1_ws/install/control/lib/python3.10/site-packages/control
[7.761s] copying /home/r1/r1_ws/build/control/build/lib/control/left_hand_sub.py -> /home/r1/r1_ws/install/control/lib/python3.10/site-packages/control
[7.763s] copying /home/r1/r1_ws/build/control/build/lib/control/infrared_right.py -> /home/r1/r1_ws/install/control/lib/python3.10/site-packages/control
[7.763s] copying /home/r1/r1_ws/build/control/build/lib/control/infrared_left.py -> /home/r1/r1_ws/install/control/lib/python3.10/site-packages/control
[7.766s] byte-compiling /home/r1/r1_ws/install/control/lib/python3.10/site-packages/control/ultrasonic.py to ultrasonic.cpython-310.pyc
[7.769s] byte-compiling /home/r1/r1_ws/install/control/lib/python3.10/site-packages/control/sensors.py to sensors.cpython-310.pyc
[7.775s] byte-compiling /home/r1/r1_ws/install/control/lib/python3.10/site-packages/control/left_hand_sub.py to left_hand_sub.cpython-310.pyc
[7.778s] byte-compiling /home/r1/r1_ws/install/control/lib/python3.10/site-packages/control/infrared_right.py to infrared_right.cpython-310.pyc
[7.780s] byte-compiling /home/r1/r1_ws/install/control/lib/python3.10/site-packages/control/infrared_left.py to infrared_left.cpython-310.pyc
[7.782s] running install_data
[7.785s] running install_egg_info
[7.791s] removing '/home/r1/r1_ws/install/control/lib/python3.10/site-packages/control-1.0.0-py3.10.egg-info' (and everything under it)
[7.793s] Copying ../../build/control/control.egg-info to /home/r1/r1_ws/install/control/lib/python3.10/site-packages/control-1.0.0-py3.10.egg-info
[7.800s] running install_scripts
[7.881s] Installing arms_sub script to /home/r1/r1_ws/install/control/lib/control
[7.882s] Installing base_sub script to /home/r1/r1_ws/install/control/lib/control
[7.883s] Installing eyes_sub script to /home/r1/r1_ws/install/control/lib/control
[7.884s] Installing head_sub script to /home/r1/r1_ws/install/control/lib/control
[7.885s] Installing ir_left_pub script to /home/r1/r1_ws/install/control/lib/control
[7.885s] Installing ir_right_pub script to /home/r1/r1_ws/install/control/lib/control
[7.886s] Installing left_hand_sub script to /home/r1/r1_ws/install/control/lib/control
[7.887s] Installing right_hand_sub script to /home/r1/r1_ws/install/control/lib/control
[7.888s] Installing sensors_sub script to /home/r1/r1_ws/install/control/lib/control
[7.889s] Installing us_pub script to /home/r1/r1_ws/install/control/lib/control
[7.891s] writing list of installed files to '/home/r1/r1_ws/build/control/install.log'
[8.012s] Invoked command in '/home/r1/r1_ws/src/control' returned '0': PYTHONPATH=/home/r1/r1_ws/build/control/prefix_override:/home/r1/r1_ws/install/control/lib/python3.10/site-packages:${PYTHONPATH} /usr/bin/python3 setup.py egg_info --egg-base ../../build/control build --build-base /home/r1/r1_ws/build/control/build install --record /home/r1/r1_ws/build/control/install.log --single-version-externally-managed
