[6.349s] Invoking command in '/home/r1/r1_ws/src/control': PYTHONPATH=/home/r1/r1_ws/build/control/prefix_override:/home/r1/r1_ws/install/control/lib/python3.10/site-packages:${PYTHONPATH} /usr/bin/python3 setup.py egg_info --egg-base ../../build/control build --build-base /home/r1/r1_ws/build/control/build install --record /home/r1/r1_ws/build/control/install.log --single-version-externally-managed
[7.843s] running egg_info
[7.849s] writing ../../build/control/control.egg-info/PKG-INFO
[7.850s] writing dependency_links to ../../build/control/control.egg-info/dependency_links.txt
[7.851s] writing entry points to ../../build/control/control.egg-info/entry_points.txt
[7.851s] writing requirements to ../../build/control/control.egg-info/requires.txt
[7.852s] writing top-level names to ../../build/control/control.egg-info/top_level.txt
[7.869s] reading manifest file '../../build/control/control.egg-info/SOURCES.txt'
[7.879s] writing manifest file '../../build/control/control.egg-info/SOURCES.txt'
[7.880s] running build
[7.881s] running build_py
[7.912s] copying control/ultrasonic.py -> /home/r1/r1_ws/build/control/build/lib/control
[7.913s] running install
[7.913s] /usr/lib/python3/dist-packages/setuptools/command/install.py:34: SetuptoolsDeprecationWarning: setup.py install is deprecated. Use build and pip and other standards-based tools.
[7.914s]   warnings.warn(
[7.919s] running install_lib
[7.921s] copying /home/r1/r1_ws/build/control/build/lib/control/ultrasonic.py -> /home/r1/r1_ws/install/control/lib/python3.10/site-packages/control
[7.922s] byte-compiling /home/r1/r1_ws/install/control/lib/python3.10/site-packages/control/ultrasonic.py to ultrasonic.cpython-310.pyc
[7.932s] running install_data
[7.933s] running install_egg_info
[7.934s] removing '/home/r1/r1_ws/install/control/lib/python3.10/site-packages/control-0.0.0-py3.10.egg-info' (and everything under it)
[7.934s] Copying ../../build/control/control.egg-info to /home/r1/r1_ws/install/control/lib/python3.10/site-packages/control-0.0.0-py3.10.egg-info
[7.935s] running install_scripts
[8.012s] Installing ir_left_pub script to /home/r1/r1_ws/install/control/lib/control
[8.013s] Installing ir_right_pub script to /home/r1/r1_ws/install/control/lib/control
[8.015s] Installing sensors_sub script to /home/r1/r1_ws/install/control/lib/control
[8.016s] Installing us_pub script to /home/r1/r1_ws/install/control/lib/control
[8.021s] writing list of installed files to '/home/r1/r1_ws/build/control/install.log'
[8.439s] Invoked command in '/home/r1/r1_ws/src/control' returned '0': PYTHONPATH=/home/r1/r1_ws/build/control/prefix_override:/home/r1/r1_ws/install/control/lib/python3.10/site-packages:${PYTHONPATH} /usr/bin/python3 setup.py egg_info --egg-base ../../build/control build --build-base /home/r1/r1_ws/build/control/build install --record /home/r1/r1_ws/build/control/install.log --single-version-externally-managed
