[4.529s] Invoking command in '/home/r1/r1_ws/src/control': PYTHONPATH=/home/r1/r1_ws/build/control/prefix_override:/home/r1/r1_ws/install/control/lib/python3.10/site-packages:${PYTHONPATH} /usr/bin/python3 setup.py egg_info --egg-base ../../build/control build --build-base /home/r1/r1_ws/build/control/build install --record /home/r1/r1_ws/build/control/install.log --single-version-externally-managed
[5.785s] running egg_info
[5.786s] writing ../../build/control/control.egg-info/PKG-INFO
[5.788s] writing dependency_links to ../../build/control/control.egg-info/dependency_links.txt
[5.792s] writing entry points to ../../build/control/control.egg-info/entry_points.txt
[5.793s] writing requirements to ../../build/control/control.egg-info/requires.txt
[5.793s] writing top-level names to ../../build/control/control.egg-info/top_level.txt
[5.811s] reading manifest file '../../build/control/control.egg-info/SOURCES.txt'
[5.811s] writing manifest file '../../build/control/control.egg-info/SOURCES.txt'
[5.812s] running build
[5.816s] running build_py
[5.816s] copying control/ultrasonic.py -> /home/r1/r1_ws/build/control/build/lib/control
[5.820s] running install
[5.820s] /usr/lib/python3/dist-packages/setuptools/command/install.py:34: SetuptoolsDeprecationWarning: setup.py install is deprecated. Use build and pip and other standards-based tools.
[5.821s]   warnings.warn(
[5.822s] running install_lib
[5.822s] copying /home/r1/r1_ws/build/control/build/lib/control/ultrasonic.py -> /home/r1/r1_ws/install/control/lib/python3.10/site-packages/control
[5.824s] byte-compiling /home/r1/r1_ws/install/control/lib/python3.10/site-packages/control/ultrasonic.py to ultrasonic.cpython-310.pyc
[5.826s] running install_data
[5.827s] running install_egg_info
[5.832s] removing '/home/r1/r1_ws/install/control/lib/python3.10/site-packages/control-0.0.0-py3.10.egg-info' (and everything under it)
[5.834s] Copying ../../build/control/control.egg-info to /home/r1/r1_ws/install/control/lib/python3.10/site-packages/control-0.0.0-py3.10.egg-info
[5.842s] running install_scripts
[5.940s] Installing us_pub script to /home/r1/r1_ws/install/control/lib/control
[5.944s] writing list of installed files to '/home/r1/r1_ws/build/control/install.log'
[6.193s] Invoked command in '/home/r1/r1_ws/src/control' returned '0': PYTHONPATH=/home/r1/r1_ws/build/control/prefix_override:/home/r1/r1_ws/install/control/lib/python3.10/site-packages:${PYTHONPATH} /usr/bin/python3 setup.py egg_info --egg-base ../../build/control build --build-base /home/r1/r1_ws/build/control/build install --record /home/r1/r1_ws/build/control/install.log --single-version-externally-managed
