[0.134s] Invoking command in '/home/r1/r1_ws/build/cv_bridge': CMAKE_PREFIX_PATH=${CMAKE_PREFIX_PATH}:/home/r1/r1_ws/install/voice:/home/r1/r1_ws/install/control:/home/r1/r1_ws/install/camera:/opt/ros/humble /usr/bin/cmake /home/r1/r1_ws/src/vision_opencv/cv_bridge -DCMAKE_INSTALL_PREFIX=/home/r1/r1_ws/install/cv_bridge
[0.210s] -- Found ament_cmake_ros: 0.10.0 (/opt/ros/humble/share/ament_cmake_ros/cmake)
[1.059s] -- Found Python3: /usr/bin/python3.10 (found version "3.10.6") found components: Interpreter 
[1.671s] -- Override CMake install command with custom implementation using symlinks instead of copying resources
[4.793s] -- Found Python3: /usr/include/python3.10 (found version "3.10.6") found components: Development NumPy Interpreter Development.Module Development.Embed 
[4.904s] -- Found rclcpp: 16.0.4 (/opt/ros/humble/share/rclcpp/cmake)
[5.213s] -- Found rosidl_generator_c: 3.1.4 (/opt/ros/humble/share/rosidl_generator_c/cmake)
[5.235s] -- Found rosidl_adapter: 3.1.4 (/opt/ros/humble/share/rosidl_adapter/cmake)
[5.279s] -- Found rosidl_generator_cpp: 3.1.4 (/opt/ros/humble/share/rosidl_generator_cpp/cmake)
[5.352s] -- Using all available rosidl_typesupport_c: rosidl_typesupport_fastrtps_c;rosidl_typesupport_introspection_c
[5.503s] -- Using all available rosidl_typesupport_cpp: rosidl_typesupport_fastrtps_cpp;rosidl_typesupport_introspection_cpp
[6.012s] -- Found rmw_implementation_cmake: 6.1.1 (/opt/ros/humble/share/rmw_implementation_cmake/cmake)
[6.026s] -- Found rmw_fastrtps_cpp: 6.2.2 (/opt/ros/humble/share/rmw_fastrtps_cpp/cmake)
[7.449s] -- Using RMW implementation 'rmw_fastrtps_cpp' as default
[8.221s] -- Found sensor_msgs: 4.2.3 (/opt/ros/humble/share/sensor_msgs/cmake)
[9.319s] -- Found ament_lint_auto: 0.12.6 (/opt/ros/humble/share/ament_lint_auto/cmake)
[9.832s] -- Found gtest sources under '/opt/ros/humble/src/gtest_vendor': C++ tests using 'Google Test' will be built
[17.746s] -- Configuring done
[17.933s] -- Generating done
[17.960s] -- Build files have been written to: /home/r1/r1_ws/build/cv_bridge
