[5.070s] Invoking command in '/home/r1/r1_ws/src/camera': PYTHONPATH=/home/r1/r1_ws/build/camera/prefix_override:/home/r1/r1_ws/install/camera/lib/python3.10/site-packages:${PYTHONPATH} /usr/bin/python3 setup.py egg_info --egg-base ../../build/camera build --build-base /home/r1/r1_ws/build/camera/build install --record /home/r1/r1_ws/build/camera/install.log --single-version-externally-managed
[6.457s] running egg_info
[6.460s] writing ../../build/camera/camera.egg-info/PKG-INFO
[6.462s] writing dependency_links to ../../build/camera/camera.egg-info/dependency_links.txt
[6.463s] writing entry points to ../../build/camera/camera.egg-info/entry_points.txt
[6.465s] writing requirements to ../../build/camera/camera.egg-info/requires.txt
[6.466s] writing top-level names to ../../build/camera/camera.egg-info/top_level.txt
[6.474s] reading manifest file '../../build/camera/camera.egg-info/SOURCES.txt'
[6.479s] writing manifest file '../../build/camera/camera.egg-info/SOURCES.txt'
[6.480s] running build
[6.481s] running build_py
[6.492s] copying camera/camera_publisher.py -> /home/r1/r1_ws/build/camera/build/lib/camera
[6.493s] /usr/lib/python3/dist-packages/setuptools/command/install.py:34: SetuptoolsDeprecationWarning: setup.py install is deprecated. Use build and pip and other standards-based tools.
[6.493s]   warnings.warn(
[6.494s] running install
[6.495s] running install_lib
[6.498s] copying /home/r1/r1_ws/build/camera/build/lib/camera/camera_publisher.py -> /home/r1/r1_ws/install/camera/lib/python3.10/site-packages/camera
[6.502s] byte-compiling /home/r1/r1_ws/install/camera/lib/python3.10/site-packages/camera/camera_publisher.py to camera_publisher.cpython-310.pyc
[6.503s] running install_data
[6.504s] running install_egg_info
[6.511s] removing '/home/r1/r1_ws/install/camera/lib/python3.10/site-packages/camera-0.0.0-py3.10.egg-info' (and everything under it)
[6.514s] Copying ../../build/camera/camera.egg-info to /home/r1/r1_ws/install/camera/lib/python3.10/site-packages/camera-0.0.0-py3.10.egg-info
[6.524s] running install_scripts
[6.620s] Installing img_publisher script to /home/r1/r1_ws/install/camera/lib/camera
[6.621s] Installing img_subscriber script to /home/r1/r1_ws/install/camera/lib/camera
[6.623s] writing list of installed files to '/home/r1/r1_ws/build/camera/install.log'
[6.940s] Invoked command in '/home/r1/r1_ws/src/camera' returned '0': PYTHONPATH=/home/r1/r1_ws/build/camera/prefix_override:/home/r1/r1_ws/install/camera/lib/python3.10/site-packages:${PYTHONPATH} /usr/bin/python3 setup.py egg_info --egg-base ../../build/camera build --build-base /home/r1/r1_ws/build/camera/build install --record /home/r1/r1_ws/build/camera/install.log --single-version-externally-managed
