[3.256s] Invoking command in '/home/r1/r1_ws/build/control': PYTHONPATH=/home/r1/r1_ws/build/control/prefix_override:/home/r1/r1_ws/install/control/lib/python3.10/site-packages:${PYTHONPATH} /usr/bin/python3 setup.py develop --uninstall --editable --build-directory /home/r1/r1_ws/build/control/build
[4.601s] running develop
[4.602s] /usr/lib/python3/dist-packages/setuptools/command/easy_install.py:158: EasyInstallDeprecationWarning: easy_install command is deprecated. Use build and pip and other standards-based tools.
[4.602s]   warnings.warn(
[4.603s] /usr/lib/python3/dist-packages/setuptools/command/install.py:34: SetuptoolsDeprecationWarning: setup.py install is deprecated. Use build and pip and other standards-based tools.
[4.603s]   warnings.warn(
[4.900s] /usr/lib/python3/dist-packages/pkg_resources/__init__.py:116: PkgResourcesDeprecationWarning: 1.1build1 is an invalid version and will not be supported in a future release
[4.901s]   warnings.warn(
[4.901s] /usr/lib/python3/dist-packages/pkg_resources/__init__.py:116: PkgResourcesDeprecationWarning: 0.1.43ubuntu1 is an invalid version and will not be supported in a future release
[4.902s]   warnings.warn(
[5.581s] Invoked command in '/home/r1/r1_ws/build/control' returned '0': PYTHONPATH=/home/r1/r1_ws/build/control/prefix_override:/home/r1/r1_ws/install/control/lib/python3.10/site-packages:${PYTHONPATH} /usr/bin/python3 setup.py develop --uninstall --editable --build-directory /home/r1/r1_ws/build/control/build
[5.591s] Invoking command in '/home/r1/r1_ws/src/control': PYTHONPATH=/home/r1/r1_ws/build/control/prefix_override:/home/r1/r1_ws/install/control/lib/python3.10/site-packages:${PYTHONPATH} /usr/bin/python3 setup.py egg_info --egg-base ../../build/control build --build-base /home/r1/r1_ws/build/control/build install --record /home/r1/r1_ws/build/control/install.log --single-version-externally-managed
[6.796s] running egg_info
[6.799s] writing ../../build/control/control.egg-info/PKG-INFO
[6.800s] writing dependency_links to ../../build/control/control.egg-info/dependency_links.txt
[6.801s] writing entry points to ../../build/control/control.egg-info/entry_points.txt
[6.802s] writing requirements to ../../build/control/control.egg-info/requires.txt
[6.803s] writing top-level names to ../../build/control/control.egg-info/top_level.txt
[6.811s] reading manifest file '../../build/control/control.egg-info/SOURCES.txt'
[6.815s] writing manifest file '../../build/control/control.egg-info/SOURCES.txt'
[6.816s] running build
[6.817s] running build_py
[6.819s] copying control/head.py -> /home/r1/r1_ws/build/control/build/lib/control
[6.823s] running install
[6.823s] /usr/lib/python3/dist-packages/setuptools/command/install.py:34: SetuptoolsDeprecationWarning: setup.py install is deprecated. Use build and pip and other standards-based tools.
[6.824s]   warnings.warn(
[6.824s] running install_lib
[6.829s] copying /home/r1/r1_ws/build/control/build/lib/control/head.py -> /home/r1/r1_ws/install/control/lib/python3.10/site-packages/control
[6.835s] byte-compiling /home/r1/r1_ws/install/control/lib/python3.10/site-packages/control/head.py to head.cpython-310.pyc
[6.838s] running install_data
[6.841s] running install_egg_info
[6.848s] removing '/home/r1/r1_ws/install/control/lib/python3.10/site-packages/control-0.0.0-py3.10.egg-info' (and everything under it)
[6.850s] Copying ../../build/control/control.egg-info to /home/r1/r1_ws/install/control/lib/python3.10/site-packages/control-0.0.0-py3.10.egg-info
[6.856s] running install_scripts
[6.938s] Installing base_sub script to /home/r1/r1_ws/install/control/lib/control
[6.939s] Installing head_sub script to /home/r1/r1_ws/install/control/lib/control
[6.940s] Installing ir_left_pub script to /home/r1/r1_ws/install/control/lib/control
[6.940s] Installing ir_right_pub script to /home/r1/r1_ws/install/control/lib/control
[6.941s] Installing left_hand_sub script to /home/r1/r1_ws/install/control/lib/control
[6.942s] Installing right_hand_sub script to /home/r1/r1_ws/install/control/lib/control
[6.944s] Installing sensors_sub script to /home/r1/r1_ws/install/control/lib/control
[6.945s] Installing us_pub script to /home/r1/r1_ws/install/control/lib/control
[6.947s] writing list of installed files to '/home/r1/r1_ws/build/control/install.log'
[7.073s] Invoked command in '/home/r1/r1_ws/src/control' returned '0': PYTHONPATH=/home/r1/r1_ws/build/control/prefix_override:/home/r1/r1_ws/install/control/lib/python3.10/site-packages:${PYTHONPATH} /usr/bin/python3 setup.py egg_info --egg-base ../../build/control build --build-base /home/r1/r1_ws/build/control/build install --record /home/r1/r1_ws/build/control/install.log --single-version-externally-managed
