[9.284s] Invoking command in '/home/r1/r1_ws/src/voice': PYTHONPATH=/home/r1/r1_ws/build/voice/prefix_override:/home/r1/r1_ws/install/voice/lib/python3.10/site-packages:${PYTHONPATH} /usr/bin/python3 setup.py egg_info --egg-base ../../build/voice build --build-base /home/r1/r1_ws/build/voice/build install --record /home/r1/r1_ws/build/voice/install.log --single-version-externally-managed
[11.799s] running egg_info
[11.802s] writing ../../build/voice/voice.egg-info/PKG-INFO
[11.805s] writing dependency_links to ../../build/voice/voice.egg-info/dependency_links.txt
[11.806s] writing entry points to ../../build/voice/voice.egg-info/entry_points.txt
[11.809s] writing requirements to ../../build/voice/voice.egg-info/requires.txt
[11.809s] writing top-level names to ../../build/voice/voice.egg-info/top_level.txt
[11.819s] reading manifest file '../../build/voice/voice.egg-info/SOURCES.txt'
[11.824s] writing manifest file '../../build/voice/voice.egg-info/SOURCES.txt'
[11.826s] running build
[11.833s] running build_py
[11.834s] running install
[11.835s] /usr/lib/python3/dist-packages/setuptools/command/install.py:34: SetuptoolsDeprecationWarning: setup.py install is deprecated. Use build and pip and other standards-based tools.
[11.835s]   warnings.warn(
[11.836s] running install_lib
[11.841s] running install_data
[11.844s] running install_egg_info
[11.858s] removing '/home/r1/r1_ws/install/voice/lib/python3.10/site-packages/voice-0.0.0-py3.10.egg-info' (and everything under it)
[11.863s] Copying ../../build/voice/voice.egg-info to /home/r1/r1_ws/install/voice/lib/python3.10/site-packages/voice-0.0.0-py3.10.egg-info
[11.869s] running install_scripts
[12.006s] Installing voice_sub script to /home/r1/r1_ws/install/voice/lib/voice
[12.010s] writing list of installed files to '/home/r1/r1_ws/build/voice/install.log'
[12.214s] Invoked command in '/home/r1/r1_ws/src/voice' returned '0': PYTHONPATH=/home/r1/r1_ws/build/voice/prefix_override:/home/r1/r1_ws/install/voice/lib/python3.10/site-packages:${PYTHONPATH} /usr/bin/python3 setup.py egg_info --egg-base ../../build/voice build --build-base /home/r1/r1_ws/build/voice/build install --record /home/r1/r1_ws/build/voice/install.log --single-version-externally-managed
