[5.102s] Invoking command in '/home/r1/r1_ws/src/camera': PYTHONPATH=/home/r1/r1_ws/build/camera/prefix_override:/home/r1/r1_ws/install/camera/lib/python3.10/site-packages:${PYTHONPATH} /usr/bin/python3 setup.py egg_info --egg-base ../../build/camera build --build-base /home/r1/r1_ws/build/camera/build install --record /home/r1/r1_ws/build/camera/install.log --single-version-externally-managed
[6.456s] running egg_info
[6.465s] writing ../../build/camera/camera.egg-info/PKG-INFO
[6.465s] writing dependency_links to ../../build/camera/camera.egg-info/dependency_links.txt
[6.466s] writing entry points to ../../build/camera/camera.egg-info/entry_points.txt
[6.466s] writing requirements to ../../build/camera/camera.egg-info/requires.txt
[6.468s] writing top-level names to ../../build/camera/camera.egg-info/top_level.txt
[6.473s] reading manifest file '../../build/camera/camera.egg-info/SOURCES.txt'
[6.476s] writing manifest file '../../build/camera/camera.egg-info/SOURCES.txt'
[6.478s] running build
[6.479s] running build_py
[6.488s] copying camera/camera_publisher.py -> /home/r1/r1_ws/build/camera/build/lib/camera
[6.494s] running install
[6.495s] /usr/lib/python3/dist-packages/setuptools/command/install.py:34: SetuptoolsDeprecationWarning: setup.py install is deprecated. Use build and pip and other standards-based tools.
[6.500s]   warnings.warn(
[6.503s] running install_lib
[6.504s] copying /home/r1/r1_ws/build/camera/build/lib/camera/camera_publisher.py -> /home/r1/r1_ws/install/camera/lib/python3.10/site-packages/camera
[6.506s] byte-compiling /home/r1/r1_ws/install/camera/lib/python3.10/site-packages/camera/camera_publisher.py to camera_publisher.cpython-310.pyc
[6.506s] running install_data
[6.507s] running install_egg_info
[6.511s] removing '/home/r1/r1_ws/install/camera/lib/python3.10/site-packages/camera-0.0.0-py3.10.egg-info' (and everything under it)
[6.513s] Copying ../../build/camera/camera.egg-info to /home/r1/r1_ws/install/camera/lib/python3.10/site-packages/camera-0.0.0-py3.10.egg-info
[6.521s] running install_scripts
[6.625s] Installing img_publisher script to /home/r1/r1_ws/install/camera/lib/camera
[6.627s] Installing img_subscriber script to /home/r1/r1_ws/install/camera/lib/camera
[6.630s] writing list of installed files to '/home/r1/r1_ws/build/camera/install.log'
[6.925s] Invoked command in '/home/r1/r1_ws/src/camera' returned '0': PYTHONPATH=/home/r1/r1_ws/build/camera/prefix_override:/home/r1/r1_ws/install/camera/lib/python3.10/site-packages:${PYTHONPATH} /usr/bin/python3 setup.py egg_info --egg-base ../../build/camera build --build-base /home/r1/r1_ws/build/camera/build install --record /home/r1/r1_ws/build/camera/install.log --single-version-externally-managed
