[0.105s] Invoking command in '/home/r1/r1_ws/build/image_transport': CMAKE_PREFIX_PATH=${CMAKE_PREFIX_PATH}:/home/r1/r1_ws/install/voice:/home/r1/r1_ws/install/control:/home/r1/r1_ws/install/camera:/opt/ros/humble /usr/bin/cmake /home/r1/r1_ws/src/image_common/image_transport -DCMAKE_INSTALL_PREFIX=/home/r1/r1_ws/install/image_transport
[2.028s] -- The C compiler identification is GNU 11.3.0
[4.317s] -- The CXX compiler identification is GNU 11.3.0
[4.376s] -- Detecting C compiler ABI info
[4.951s] -- Detecting C compiler ABI info - done
[4.978s] -- Check for working C compiler: /usr/bin/cc - skipped
[4.985s] -- Detecting C compile features
[4.987s] -- Detecting C compile features - done
[5.008s] -- Detecting CXX compiler ABI info
[5.518s] -- Detecting CXX compiler ABI info - done
[5.549s] -- Check for working CXX compiler: /usr/bin/c++ - skipped
[5.551s] -- Detecting CXX compile features
[5.553s] -- Detecting CXX compile features - done
[5.577s] -- Found ament_cmake_ros: 0.10.0 (/opt/ros/humble/share/ament_cmake_ros/cmake)
[7.108s] -- Found Python3: /usr/bin/python3.10 (found version "3.10.6") found components: Interpreter 
[7.962s] -- Found message_filters: 4.3.3 (/opt/ros/humble/share/message_filters/cmake)
[8.467s] -- Found rosidl_generator_c: 3.1.4 (/opt/ros/humble/share/rosidl_generator_c/cmake)
[8.527s] -- Found rosidl_adapter: 3.1.4 (/opt/ros/humble/share/rosidl_adapter/cmake)
[8.620s] -- Found rosidl_generator_cpp: 3.1.4 (/opt/ros/humble/share/rosidl_generator_cpp/cmake)
[8.736s] -- Using all available rosidl_typesupport_c: rosidl_typesupport_fastrtps_c;rosidl_typesupport_introspection_c
[8.914s] -- Using all available rosidl_typesupport_cpp: rosidl_typesupport_fastrtps_cpp;rosidl_typesupport_introspection_cpp
[9.801s] -- Found rmw_implementation_cmake: 6.1.1 (/opt/ros/humble/share/rmw_implementation_cmake/cmake)
[9.837s] -- Found rmw_fastrtps_cpp: 6.2.2 (/opt/ros/humble/share/rmw_fastrtps_cpp/cmake)
[10.697s] -- Found OpenSSL: /usr/lib/aarch64-linux-gnu/libcrypto.so (found version "3.0.2")  
[11.008s] -- Found FastRTPS: /opt/ros/humble/include  
[11.469s] -- Using RMW implementation 'rmw_fastrtps_cpp' as default
[11.562s] -- Looking for pthread.h
[11.983s] -- Looking for pthread.h - found
[11.984s] -- Performing Test CMAKE_HAVE_LIBC_PTHREAD
[12.402s] -- Performing Test CMAKE_HAVE_LIBC_PTHREAD - Success
[12.406s] -- Found Threads: TRUE  
[13.267s] -- Found pluginlib: 5.1.0 (/opt/ros/humble/share/pluginlib/cmake)
[13.608s] -- Found sensor_msgs: 4.2.3 (/opt/ros/humble/share/sensor_msgs/cmake)
[14.174s] -- Found ament_lint_auto: 0.12.6 (/opt/ros/humble/share/ament_lint_auto/cmake)
[14.886s] -- Found gtest sources under '/opt/ros/humble/src/gtest_vendor': C++ tests using 'Google Test' will be built
[14.978s] -- Added test 'copyright' to check source files copyright and LICENSE
[15.014s] -- Added test 'cpplint' to check C / C++ code against the Google style
[15.016s] -- Configured cpplint exclude dirs and/or files: 
[15.042s] -- Added test 'lint_cmake' to check CMake code style
[15.115s] -- Added test 'uncrustify' to check C / C++ code style
[15.115s] -- Configured uncrustify additional arguments: 
[15.124s] -- Added test 'xmllint' to check XML markup files
[15.141s] -- Configuring done
[15.479s] -- Generating done
[15.496s] -- Build files have been written to: /home/r1/r1_ws/build/image_transport
[15.567s] Invoked command in '/home/r1/r1_ws/build/image_transport' returned '0': CMAKE_PREFIX_PATH=${CMAKE_PREFIX_PATH}:/home/r1/r1_ws/install/voice:/home/r1/r1_ws/install/control:/home/r1/r1_ws/install/camera:/opt/ros/humble /usr/bin/cmake /home/r1/r1_ws/src/image_common/image_transport -DCMAKE_INSTALL_PREFIX=/home/r1/r1_ws/install/image_transport
[15.569s] Invoking command in '/home/r1/r1_ws/build/image_transport': CMAKE_PREFIX_PATH=${CMAKE_PREFIX_PATH}:/home/r1/r1_ws/install/voice:/home/r1/r1_ws/install/control:/home/r1/r1_ws/install/camera:/opt/ros/humble /usr/bin/cmake --build /home/r1/r1_ws/build/image_transport -- -j4 -l4
[15.942s] [  3%] [32mBuilding CXX object CMakeFiles/image_transport.dir/src/camera_common.cpp.o[0m
[15.991s] [  6%] [32mBuilding CXX object CMakeFiles/image_transport.dir/src/publisher.cpp.o[0m
[16.024s] [  9%] [32mBuilding CXX object gtest/CMakeFiles/gtest.dir/src/gtest-all.cc.o[0m
[16.100s] [ 12%] [32mBuilding CXX object gtest/CMakeFiles/gtest_main.dir/src/gtest_main.cc.o[0m
[21.043s] [ 15%] [32mBuilding CXX object CMakeFiles/image_transport.dir/src/subscriber.cpp.o[0m
[37.460s] [ 18%] [32m[1mLinking CXX static library libgtest_main.a[0m
[42.063s] [ 18%] Built target gtest_main
[63.353s] [ 21%] [32m[1mLinking CXX static library libgtest.a[0m
[64.234s] [ 21%] Built target gtest
[66.727s] [ 25%] [32mBuilding CXX object CMakeFiles/image_transport.dir/src/camera_subscriber.cpp.o[0m
[128.951s] [ 28%] [32mBuilding CXX object CMakeFiles/image_transport.dir/src/image_transport.cpp.o[0m
[160.886s] [ 31%] [32mBuilding CXX object CMakeFiles/image_transport.dir/src/camera_publisher.cpp.o[0m
[183.351s] [ 34%] [32mBuilding CXX object CMakeFiles/image_transport.dir/src/single_subscriber_publisher.cpp.o[0m
[193.108s] [ 37%] [32m[1mLinking CXX shared library libimage_transport.so[0m
[197.323s] [ 37%] Built target image_transport
[197.442s] [ 40%] [32mBuilding CXX object CMakeFiles/image_transport_plugins.dir/src/manifest.cpp.o[0m
[197.447s] [ 43%] [32mBuilding CXX object CMakeFiles/list_transports.dir/src/list_transports.cpp.o[0m
[199.565s] [ 46%] [32mBuilding CXX object CMakeFiles/image_transport-camera_common.dir/test/test_camera_common.cpp.o[0m
[200.672s] [ 50%] [32mBuilding CXX object CMakeFiles/republish.dir/src/republish.cpp.o[0m
[211.335s] [ 53%] [32m[1mLinking CXX executable image_transport-camera_common[0m
[214.908s] [ 53%] Built target image_transport-camera_common
[235.958s] [ 56%] [32m[1mLinking CXX executable list_transports[0m
[238.408s] [ 56%] Built target list_transports
[246.696s] [ 59%] [32m[1mLinking CXX executable republish[0m
[249.023s] [ 59%] Built target republish
[251.456s] [ 62%] [32m[1mLinking CXX shared library libimage_transport_plugins.so[0m
[252.149s] [ 65%] [32mBuilding CXX object CMakeFiles/image_transport-message_passing.dir/test/test_message_passing.cpp.o[0m
[253.750s] [ 65%] Built target image_transport_plugins
[254.849s] [ 68%] [32mBuilding CXX object CMakeFiles/image_transport-remapping.dir/test/test_remapping.cpp.o[0m
[256.982s] [ 71%] [32mBuilding CXX object CMakeFiles/image_transport-subscriber.dir/test/test_subscriber.cpp.o[0m
[258.031s] [ 75%] [32mBuilding CXX object CMakeFiles/image_transport-publisher.dir/test/test_publisher.cpp.o[0m
[286.746s] [ 78%] [32m[1mLinking CXX executable image_transport-message_passing[0m
[290.617s] [ 78%] Built target image_transport-message_passing
[290.663s] [ 81%] [32m[1mLinking CXX executable image_transport-remapping[0m
[292.586s] [ 84%] [32m[1mLinking CXX executable image_transport-subscriber[0m
[293.784s] [ 84%] Built target image_transport-remapping
[294.325s] [ 87%] [32m[1mLinking CXX executable image_transport-publisher[0m
[295.451s] [ 87%] Built target image_transport-subscriber
[296.659s] [ 87%] Built target image_transport-publisher
[296.751s] [ 90%] [32mBuilding CXX object CMakeFiles/image_transport-single_subscriber_publisher.dir/test/test_single_subscriber_publisher.cpp.o[0m
[296.755s] [ 93%] [32mBuilding CXX object CMakeFiles/image_transport-qos_override.dir/test/test_qos_override.cpp.o[0m
[318.487s] [ 96%] [32m[1mLinking CXX executable image_transport-single_subscriber_publisher[0m
[320.846s] [ 96%] Built target image_transport-single_subscriber_publisher
[320.963s] [100%] [32m[1mLinking CXX executable image_transport-qos_override[0m
[323.142s] [100%] Built target image_transport-qos_override
[323.187s] Invoked command in '/home/r1/r1_ws/build/image_transport' returned '0': CMAKE_PREFIX_PATH=${CMAKE_PREFIX_PATH}:/home/r1/r1_ws/install/voice:/home/r1/r1_ws/install/control:/home/r1/r1_ws/install/camera:/opt/ros/humble /usr/bin/cmake --build /home/r1/r1_ws/build/image_transport -- -j4 -l4
[323.669s] Invoking command in '/home/r1/r1_ws/build/image_transport': CMAKE_PREFIX_PATH=${CMAKE_PREFIX_PATH}:/home/r1/r1_ws/install/voice:/home/r1/r1_ws/install/control:/home/r1/r1_ws/install/camera:/opt/ros/humble /usr/bin/cmake --install /home/r1/r1_ws/build/image_transport
[323.700s] -- Install configuration: ""
[323.701s] -- Installing: /home/r1/r1_ws/install/image_transport/share/image_transport/default_plugins.xml
[323.702s] -- Installing: /home/r1/r1_ws/install/image_transport/lib/libimage_transport.so
[323.773s] -- Set runtime path of "/home/r1/r1_ws/install/image_transport/lib/libimage_transport.so" to ""
[323.774s] -- Installing: /home/r1/r1_ws/install/image_transport/lib/libimage_transport_plugins.so
[323.821s] -- Set runtime path of "/home/r1/r1_ws/install/image_transport/lib/libimage_transport_plugins.so" to ""
[323.822s] -- Up-to-date: /home/r1/r1_ws/install/image_transport/lib/libimage_transport.so
[323.823s] -- Installing: /home/r1/r1_ws/install/image_transport/lib/image_transport/list_transports
[323.838s] -- Set runtime path of "/home/r1/r1_ws/install/image_transport/lib/image_transport/list_transports" to ""
[323.839s] -- Installing: /home/r1/r1_ws/install/image_transport/lib/image_transport/republish
[323.853s] -- Set runtime path of "/home/r1/r1_ws/install/image_transport/lib/image_transport/republish" to ""
[323.854s] -- Installing: /home/r1/r1_ws/install/image_transport/include/image_transport
[323.854s] -- Installing: /home/r1/r1_ws/install/image_transport/include/image_transport/image_transport
[323.855s] -- Installing: /home/r1/r1_ws/install/image_transport/include/image_transport/image_transport/simple_subscriber_plugin.h
[323.856s] -- Installing: /home/r1/r1_ws/install/image_transport/include/image_transport/image_transport/camera_publisher.hpp
[323.857s] -- Installing: /home/r1/r1_ws/install/image_transport/include/image_transport/image_transport/single_subscriber_publisher.hpp
[323.858s] -- Installing: /home/r1/r1_ws/install/image_transport/include/image_transport/image_transport/exception.hpp
[323.860s] -- Installing: /home/r1/r1_ws/install/image_transport/include/image_transport/image_transport/loader_fwds.hpp
[323.862s] -- Installing: /home/r1/r1_ws/install/image_transport/include/image_transport/image_transport/publisher.hpp
[323.863s] -- Installing: /home/r1/r1_ws/install/image_transport/include/image_transport/image_transport/publisher_plugin.h
[323.863s] -- Installing: /home/r1/r1_ws/install/image_transport/include/image_transport/image_transport/camera_subscriber.hpp
[323.864s] -- Installing: /home/r1/r1_ws/install/image_transport/include/image_transport/image_transport/subscriber.hpp
[323.865s] -- Installing: /home/r1/r1_ws/install/image_transport/include/image_transport/image_transport/raw_subscriber.hpp
[323.866s] -- Installing: /home/r1/r1_ws/install/image_transport/include/image_transport/image_transport/subscriber_filter.h
[323.867s] -- Installing: /home/r1/r1_ws/install/image_transport/include/image_transport/image_transport/subscriber_filter.hpp
[323.868s] -- Installing: /home/r1/r1_ws/install/image_transport/include/image_transport/image_transport/simple_publisher_plugin.h
[323.869s] -- Installing: /home/r1/r1_ws/install/image_transport/include/image_transport/image_transport/image_transport.h
[323.870s] -- Installing: /home/r1/r1_ws/install/image_transport/include/image_transport/image_transport/raw_publisher.h
[323.871s] -- Installing: /home/r1/r1_ws/install/image_transport/include/image_transport/image_transport/image_transport.hpp
[323.872s] -- Installing: /home/r1/r1_ws/install/image_transport/include/image_transport/image_transport/transport_hints.h
[323.873s] -- Installing: /home/r1/r1_ws/install/image_transport/include/image_transport/image_transport/publisher_plugin.hpp
[323.874s] -- Installing: /home/r1/r1_ws/install/image_transport/include/image_transport/image_transport/subscriber_plugin.h
[323.875s] -- Installing: /home/r1/r1_ws/install/image_transport/include/image_transport/image_transport/camera_publisher.h
[323.876s] -- Installing: /home/r1/r1_ws/install/image_transport/include/image_transport/image_transport/exception.h
[323.877s] -- Installing: /home/r1/r1_ws/install/image_transport/include/image_transport/image_transport/single_subscriber_publisher.h
[323.878s] -- Installing: /home/r1/r1_ws/install/image_transport/include/image_transport/image_transport/raw_publisher.hpp
[323.879s] -- Installing: /home/r1/r1_ws/install/image_transport/include/image_transport/image_transport/simple_subscriber_plugin.hpp
[323.880s] -- Installing: /home/r1/r1_ws/install/image_transport/include/image_transport/image_transport/camera_common.hpp
[323.881s] -- Installing: /home/r1/r1_ws/install/image_transport/include/image_transport/image_transport/publisher.h
[323.882s] -- Installing: /home/r1/r1_ws/install/image_transport/include/image_transport/image_transport/camera_common.h
[323.883s] -- Installing: /home/r1/r1_ws/install/image_transport/include/image_transport/image_transport/subscriber.h
[323.884s] -- Installing: /home/r1/r1_ws/install/image_transport/include/image_transport/image_transport/transport_hints.hpp
[323.885s] -- Installing: /home/r1/r1_ws/install/image_transport/include/image_transport/image_transport/loader_fwds.h
[323.886s] -- Installing: /home/r1/r1_ws/install/image_transport/include/image_transport/image_transport/camera_subscriber.h
[323.886s] -- Installing: /home/r1/r1_ws/install/image_transport/include/image_transport/image_transport/simple_publisher_plugin.hpp
[323.887s] -- Installing: /home/r1/r1_ws/install/image_transport/include/image_transport/image_transport/visibility_control.hpp
[323.888s] -- Installing: /home/r1/r1_ws/install/image_transport/include/image_transport/image_transport/subscriber_plugin.hpp
[323.889s] -- Installing: /home/r1/r1_ws/install/image_transport/include/image_transport/image_transport/raw_subscriber.h
[323.892s] -- Installing: /home/r1/r1_ws/install/image_transport/share/ament_index/resource_index/package_run_dependencies/image_transport
[323.894s] -- Installing: /home/r1/r1_ws/install/image_transport/share/ament_index/resource_index/parent_prefix_path/image_transport
[323.896s] -- Installing: /home/r1/r1_ws/install/image_transport/share/image_transport/environment/ament_prefix_path.sh
[323.897s] -- Installing: /home/r1/r1_ws/install/image_transport/share/image_transport/environment/ament_prefix_path.dsv
[323.898s] -- Installing: /home/r1/r1_ws/install/image_transport/share/image_transport/environment/path.sh
[323.899s] -- Installing: /home/r1/r1_ws/install/image_transport/share/image_transport/environment/path.dsv
[323.901s] -- Installing: /home/r1/r1_ws/install/image_transport/share/image_transport/local_setup.bash
[323.902s] -- Installing: /home/r1/r1_ws/install/image_transport/share/image_transport/local_setup.sh
[323.903s] -- Installing: /home/r1/r1_ws/install/image_transport/share/image_transport/local_setup.zsh
[323.904s] -- Installing: /home/r1/r1_ws/install/image_transport/share/image_transport/local_setup.dsv
[323.905s] -- Installing: /home/r1/r1_ws/install/image_transport/share/image_transport/package.dsv
[323.906s] -- Installing: /home/r1/r1_ws/install/image_transport/share/ament_index/resource_index/packages/image_transport
[323.908s] -- Installing: /home/r1/r1_ws/install/image_transport/share/ament_index/resource_index/image_transport__pluginlib__plugin/image_transport
[323.909s] -- Installing: /home/r1/r1_ws/install/image_transport/share/image_transport/cmake/export_image_transportExport.cmake
[323.911s] -- Installing: /home/r1/r1_ws/install/image_transport/share/image_transport/cmake/export_image_transportExport-noconfig.cmake
[323.912s] -- Installing: /home/r1/r1_ws/install/image_transport/share/image_transport/cmake/ament_cmake_export_targets-extras.cmake
[323.913s] -- Installing: /home/r1/r1_ws/install/image_transport/share/image_transport/cmake/ament_cmake_export_dependencies-extras.cmake
[323.914s] -- Installing: /home/r1/r1_ws/install/image_transport/share/image_transport/cmake/image_transportConfig.cmake
[323.915s] -- Installing: /home/r1/r1_ws/install/image_transport/share/image_transport/cmake/image_transportConfig-version.cmake
[323.916s] -- Installing: /home/r1/r1_ws/install/image_transport/share/image_transport/package.xml
[323.934s] Invoked command in '/home/r1/r1_ws/build/image_transport' returned '0': CMAKE_PREFIX_PATH=${CMAKE_PREFIX_PATH}:/home/r1/r1_ws/install/voice:/home/r1/r1_ws/install/control:/home/r1/r1_ws/install/camera:/opt/ros/humble /usr/bin/cmake --install /home/r1/r1_ws/build/image_transport
