[5.020s] Invoking command in '/home/r1/r1_ws/src/camera': PYTHONPATH=/home/r1/r1_ws/src/build/camera/prefix_override:/home/r1/r1_ws/src/install/camera/lib/python3.10/site-packages:${PYTHONPATH} /usr/bin/python3 setup.py egg_info --egg-base ../build/camera build --build-base /home/r1/r1_ws/src/build/camera/build install --record /home/r1/r1_ws/src/build/camera/install.log --single-version-externally-managed
[6.382s] running egg_info
[6.388s] writing ../build/camera/camera.egg-info/PKG-INFO
[6.391s] writing dependency_links to ../build/camera/camera.egg-info/dependency_links.txt
[6.392s] writing entry points to ../build/camera/camera.egg-info/entry_points.txt
[6.401s] writing requirements to ../build/camera/camera.egg-info/requires.txt
[6.403s] writing top-level names to ../build/camera/camera.egg-info/top_level.txt
[6.409s] reading manifest file '../build/camera/camera.egg-info/SOURCES.txt'
[6.413s] writing manifest file '../build/camera/camera.egg-info/SOURCES.txt'
[6.414s] running build
[6.415s] running build_py
[6.415s] running install
[6.416s] /usr/lib/python3/dist-packages/setuptools/command/install.py:34: SetuptoolsDeprecationWarning: setup.py install is deprecated. Use build and pip and other standards-based tools.
[6.416s]   warnings.warn(
[6.421s] running install_lib
[6.424s] running install_data
[6.425s] running install_egg_info
[6.430s] removing '/home/r1/r1_ws/src/install/camera/lib/python3.10/site-packages/camera-0.0.0-py3.10.egg-info' (and everything under it)
[6.431s] Copying ../build/camera/camera.egg-info to /home/r1/r1_ws/src/install/camera/lib/python3.10/site-packages/camera-0.0.0-py3.10.egg-info
[6.438s] running install_scripts
[6.534s] Installing img_pub script to /home/r1/r1_ws/src/install/camera/lib/camera
[6.536s] Installing img_sub script to /home/r1/r1_ws/src/install/camera/lib/camera
[6.538s] writing list of installed files to '/home/r1/r1_ws/src/build/camera/install.log'
[6.823s] Invoked command in '/home/r1/r1_ws/src/camera' returned '0': PYTHONPATH=/home/r1/r1_ws/src/build/camera/prefix_override:/home/r1/r1_ws/src/install/camera/lib/python3.10/site-packages:${PYTHONPATH} /usr/bin/python3 setup.py egg_info --egg-base ../build/camera build --build-base /home/r1/r1_ws/src/build/camera/build install --record /home/r1/r1_ws/src/build/camera/install.log --single-version-externally-managed
