running egg_info
creating ../build/control/control.egg-info
writing ../build/control/control.egg-info/PKG-INFO
writing dependency_links to ../build/control/control.egg-info/dependency_links.txt
writing entry points to ../build/control/control.egg-info/entry_points.txt
writing requirements to ../build/control/control.egg-info/requires.txt
writing top-level names to ../build/control/control.egg-info/top_level.txt
writing manifest file '../build/control/control.egg-info/SOURCES.txt'
reading manifest file '../build/control/control.egg-info/SOURCES.txt'
writing manifest file '../build/control/control.egg-info/SOURCES.txt'
running build
running build_py
creating /home/r1/r1_ws/src/build/control/build
creating /home/r1/r1_ws/src/build/control/build/lib
creating /home/r1/r1_ws/src/build/control/build/lib/control
copying control/ultrasonic.py -> /home/r1/r1_ws/src/build/control/build/lib/control
copying control/__init__.py -> /home/r1/r1_ws/src/build/control/build/lib/control
copying control/infrared_right.py -> /home/r1/r1_ws/src/build/control/build/lib/control
copying control/infrared_left.py -> /home/r1/r1_ws/src/build/control/build/lib/control
running install
running install_lib
creating /home/r1/r1_ws/src/install/control/lib/python3.10/site-packages/control
copying /home/r1/r1_ws/src/build/control/build/lib/control/ultrasonic.py -> /home/r1/r1_ws/src/install/control/lib/python3.10/site-packages/control
copying /home/r1/r1_ws/src/build/control/build/lib/control/__init__.py -> /home/r1/r1_ws/src/install/control/lib/python3.10/site-packages/control
copying /home/r1/r1_ws/src/build/control/build/lib/control/infrared_right.py -> /home/r1/r1_ws/src/install/control/lib/python3.10/site-packages/control
copying /home/r1/r1_ws/src/build/control/build/lib/control/infrared_left.py -> /home/r1/r1_ws/src/install/control/lib/python3.10/site-packages/control
byte-compiling /home/r1/r1_ws/src/install/control/lib/python3.10/site-packages/control/ultrasonic.py to ultrasonic.cpython-310.pyc
byte-compiling /home/r1/r1_ws/src/install/control/lib/python3.10/site-packages/control/__init__.py to __init__.cpython-310.pyc
byte-compiling /home/r1/r1_ws/src/install/control/lib/python3.10/site-packages/control/infrared_right.py to infrared_right.cpython-310.pyc
byte-compiling /home/r1/r1_ws/src/install/control/lib/python3.10/site-packages/control/infrared_left.py to infrared_left.cpython-310.pyc
running install_data
creating /home/r1/r1_ws/src/install/control/share/ament_index
creating /home/r1/r1_ws/src/install/control/share/ament_index/resource_index
creating /home/r1/r1_ws/src/install/control/share/ament_index/resource_index/packages
copying resource/control -> /home/r1/r1_ws/src/install/control/share/ament_index/resource_index/packages
copying package.xml -> /home/r1/r1_ws/src/install/control/share/control
running install_egg_info
Copying ../build/control/control.egg-info to /home/r1/r1_ws/src/install/control/lib/python3.10/site-packages/control-0.0.0-py3.10.egg-info
running install_scripts
writing list of installed files to '/home/r1/r1_ws/src/build/control/install.log'
