[5.420s] Invoking command in '/home/r1/r1_ws/src/control': PYTHONPATH=/home/r1/r1_ws/src/build/control/prefix_override:/home/r1/r1_ws/src/install/control/lib/python3.10/site-packages:${PYTHONPATH} /usr/bin/python3 setup.py egg_info --egg-base ../build/control build --build-base /home/r1/r1_ws/src/build/control/build install --record /home/r1/r1_ws/src/build/control/install.log --single-version-externally-managed
[6.656s] running egg_info
[6.658s] creating ../build/control/control.egg-info
[6.664s] writing ../build/control/control.egg-info/PKG-INFO
[6.665s] writing dependency_links to ../build/control/control.egg-info/dependency_links.txt
[6.665s] writing entry points to ../build/control/control.egg-info/entry_points.txt
[6.666s] writing requirements to ../build/control/control.egg-info/requires.txt
[6.666s] writing top-level names to ../build/control/control.egg-info/top_level.txt
[6.667s] writing manifest file '../build/control/control.egg-info/SOURCES.txt'
[6.670s] reading manifest file '../build/control/control.egg-info/SOURCES.txt'
[6.674s] writing manifest file '../build/control/control.egg-info/SOURCES.txt'
[6.677s] running build
[6.677s] running build_py
[6.678s] creating /home/r1/r1_ws/src/build/control/build
[6.678s] creating /home/r1/r1_ws/src/build/control/build/lib
[6.680s] creating /home/r1/r1_ws/src/build/control/build/lib/control
[6.681s] copying control/ultrasonic.py -> /home/r1/r1_ws/src/build/control/build/lib/control
[6.682s] copying control/__init__.py -> /home/r1/r1_ws/src/build/control/build/lib/control
[6.683s] copying control/infrared_right.py -> /home/r1/r1_ws/src/build/control/build/lib/control
[6.684s] copying control/infrared_left.py -> /home/r1/r1_ws/src/build/control/build/lib/control
[6.686s] running install
[6.686s] /usr/lib/python3/dist-packages/setuptools/command/install.py:34: SetuptoolsDeprecationWarning: setup.py install is deprecated. Use build and pip and other standards-based tools.
[6.687s]   warnings.warn(
[6.688s] running install_lib
[6.690s] creating /home/r1/r1_ws/src/install/control/lib/python3.10/site-packages/control
[6.690s] copying /home/r1/r1_ws/src/build/control/build/lib/control/ultrasonic.py -> /home/r1/r1_ws/src/install/control/lib/python3.10/site-packages/control
[6.690s] copying /home/r1/r1_ws/src/build/control/build/lib/control/__init__.py -> /home/r1/r1_ws/src/install/control/lib/python3.10/site-packages/control
[6.691s] copying /home/r1/r1_ws/src/build/control/build/lib/control/infrared_right.py -> /home/r1/r1_ws/src/install/control/lib/python3.10/site-packages/control
[6.693s] copying /home/r1/r1_ws/src/build/control/build/lib/control/infrared_left.py -> /home/r1/r1_ws/src/install/control/lib/python3.10/site-packages/control
[6.694s] byte-compiling /home/r1/r1_ws/src/install/control/lib/python3.10/site-packages/control/ultrasonic.py to ultrasonic.cpython-310.pyc
[6.695s] byte-compiling /home/r1/r1_ws/src/install/control/lib/python3.10/site-packages/control/__init__.py to __init__.cpython-310.pyc
[6.696s] byte-compiling /home/r1/r1_ws/src/install/control/lib/python3.10/site-packages/control/infrared_right.py to infrared_right.cpython-310.pyc
[6.700s] byte-compiling /home/r1/r1_ws/src/install/control/lib/python3.10/site-packages/control/infrared_left.py to infrared_left.cpython-310.pyc
[6.702s] running install_data
[6.704s] creating /home/r1/r1_ws/src/install/control/share/ament_index
[6.709s] creating /home/r1/r1_ws/src/install/control/share/ament_index/resource_index
[6.709s] creating /home/r1/r1_ws/src/install/control/share/ament_index/resource_index/packages
[6.711s] copying resource/control -> /home/r1/r1_ws/src/install/control/share/ament_index/resource_index/packages
[6.714s] copying package.xml -> /home/r1/r1_ws/src/install/control/share/control
[6.714s] running install_egg_info
[6.722s] Copying ../build/control/control.egg-info to /home/r1/r1_ws/src/install/control/lib/python3.10/site-packages/control-0.0.0-py3.10.egg-info
[6.725s] running install_scripts
[6.824s] writing list of installed files to '/home/r1/r1_ws/src/build/control/install.log'
[7.040s] Invoked command in '/home/r1/r1_ws/src/control' returned '0': PYTHONPATH=/home/r1/r1_ws/src/build/control/prefix_override:/home/r1/r1_ws/src/install/control/lib/python3.10/site-packages:${PYTHONPATH} /usr/bin/python3 setup.py egg_info --egg-base ../build/control build --build-base /home/r1/r1_ws/src/build/control/build install --record /home/r1/r1_ws/src/build/control/install.log --single-version-externally-managed
