[5.888s] Invoking command in '/home/r1/r1_ws/src/control': PYTHONPATH=/home/r1/r1_ws/build/control/prefix_override:/home/r1/r1_ws/install/control/lib/python3.10/site-packages:${PYTHONPATH} /usr/bin/python3 setup.py egg_info --egg-base ../../build/control build --build-base /home/r1/r1_ws/build/control/build install --record /home/r1/r1_ws/build/control/install.log --single-version-externally-managed
[7.664s] running egg_info
[7.670s] writing ../../build/control/control.egg-info/PKG-INFO
[7.673s] writing dependency_links to ../../build/control/control.egg-info/dependency_links.txt
[7.677s] writing entry points to ../../build/control/control.egg-info/entry_points.txt
[7.681s] writing requirements to ../../build/control/control.egg-info/requires.txt
[7.684s] writing top-level names to ../../build/control/control.egg-info/top_level.txt
[7.705s] reading manifest file '../../build/control/control.egg-info/SOURCES.txt'
[7.725s] writing manifest file '../../build/control/control.egg-info/SOURCES.txt'
[7.731s] running build
[7.732s] running build_py
[7.744s] running install
[7.748s] /usr/lib/python3/dist-packages/setuptools/command/install.py:34: SetuptoolsDeprecationWarning: setup.py install is deprecated. Use build and pip and other standards-based tools.
[7.749s]   warnings.warn(
[7.752s] running install_lib
[7.765s] running install_data
[7.770s] running install_egg_info
[7.795s] removing '/home/r1/r1_ws/install/control/lib/python3.10/site-packages/control-0.0.0-py3.10.egg-info' (and everything under it)
[7.803s] Copying ../../build/control/control.egg-info to /home/r1/r1_ws/install/control/lib/python3.10/site-packages/control-0.0.0-py3.10.egg-info
[7.805s] running install_scripts
[7.979s] Installing ir_left_pub script to /home/r1/r1_ws/install/control/lib/control
[7.981s] Installing ir_right_pub script to /home/r1/r1_ws/install/control/lib/control
[7.983s] Installing sensors_sub script to /home/r1/r1_ws/install/control/lib/control
[7.985s] Installing us_pub script to /home/r1/r1_ws/install/control/lib/control
[7.989s] writing list of installed files to '/home/r1/r1_ws/build/control/install.log'
[8.146s] Invoked command in '/home/r1/r1_ws/src/control' returned '0': PYTHONPATH=/home/r1/r1_ws/build/control/prefix_override:/home/r1/r1_ws/install/control/lib/python3.10/site-packages:${PYTHONPATH} /usr/bin/python3 setup.py egg_info --egg-base ../../build/control build --build-base /home/r1/r1_ws/build/control/build install --record /home/r1/r1_ws/build/control/install.log --single-version-externally-managed
