[6.344s] Invoking command in '/home/r1/r1_ws/src/control': PYTHONPATH=/home/r1/r1_ws/build/control/prefix_override:/home/r1/r1_ws/install/control/lib/python3.10/site-packages:${PYTHONPATH} /usr/bin/python3 setup.py egg_info --egg-base ../../build/control build --build-base /home/r1/r1_ws/build/control/build install --record /home/r1/r1_ws/build/control/install.log --single-version-externally-managed
[7.858s] running egg_info
[7.861s] writing ../../build/control/control.egg-info/PKG-INFO
[7.864s] writing dependency_links to ../../build/control/control.egg-info/dependency_links.txt
[7.867s] writing entry points to ../../build/control/control.egg-info/entry_points.txt
[7.870s] writing requirements to ../../build/control/control.egg-info/requires.txt
[7.872s] writing top-level names to ../../build/control/control.egg-info/top_level.txt
[7.891s] reading manifest file '../../build/control/control.egg-info/SOURCES.txt'
[7.897s] writing manifest file '../../build/control/control.egg-info/SOURCES.txt'
[7.898s] running build
[7.899s] running build_py
[7.903s] copying control/infrared_right.py -> /home/r1/r1_ws/build/control/build/lib/control
[7.907s] copying control/infrared_left.py -> /home/r1/r1_ws/build/control/build/lib/control
[7.913s] running install
[7.915s] /usr/lib/python3/dist-packages/setuptools/command/install.py:34: SetuptoolsDeprecationWarning: setup.py install is deprecated. Use build and pip and other standards-based tools.
[7.917s]   warnings.warn(
[7.920s] running install_lib
[7.928s] copying /home/r1/r1_ws/build/control/build/lib/control/infrared_right.py -> /home/r1/r1_ws/install/control/lib/python3.10/site-packages/control
[7.932s] copying /home/r1/r1_ws/build/control/build/lib/control/infrared_left.py -> /home/r1/r1_ws/install/control/lib/python3.10/site-packages/control
[7.941s] byte-compiling /home/r1/r1_ws/install/control/lib/python3.10/site-packages/control/infrared_right.py to infrared_right.cpython-310.pyc
[7.946s] byte-compiling /home/r1/r1_ws/install/control/lib/python3.10/site-packages/control/infrared_left.py to infrared_left.cpython-310.pyc
[7.951s] running install_data
[7.962s] running install_egg_info
[7.973s] removing '/home/r1/r1_ws/install/control/lib/python3.10/site-packages/control-0.0.0-py3.10.egg-info' (and everything under it)
[7.976s] Copying ../../build/control/control.egg-info to /home/r1/r1_ws/install/control/lib/python3.10/site-packages/control-0.0.0-py3.10.egg-info
[7.994s] running install_scripts
[8.150s] Installing ir_left_pub script to /home/r1/r1_ws/install/control/lib/control
[8.155s] Installing ir_right_pub script to /home/r1/r1_ws/install/control/lib/control
[8.161s] Installing sensors_sub script to /home/r1/r1_ws/install/control/lib/control
[8.167s] Installing us_pub script to /home/r1/r1_ws/install/control/lib/control
[8.176s] writing list of installed files to '/home/r1/r1_ws/build/control/install.log'
[8.484s] Invoked command in '/home/r1/r1_ws/src/control' returned '0': PYTHONPATH=/home/r1/r1_ws/build/control/prefix_override:/home/r1/r1_ws/install/control/lib/python3.10/site-packages:${PYTHONPATH} /usr/bin/python3 setup.py egg_info --egg-base ../../build/control build --build-base /home/r1/r1_ws/build/control/build install --record /home/r1/r1_ws/build/control/install.log --single-version-externally-managed
