[6.335s] Invoking command in '/home/r1/r1_ws/src/voice': PYTHONPATH=/home/r1/r1_ws/build/voice/prefix_override:/home/r1/r1_ws/install/voice/lib/python3.10/site-packages:${PYTHONPATH} /usr/bin/python3 setup.py egg_info --egg-base ../../build/voice build --build-base /home/r1/r1_ws/build/voice/build install --record /home/r1/r1_ws/build/voice/install.log --single-version-externally-managed
[7.869s] running egg_info
[7.870s] writing ../../build/voice/voice.egg-info/PKG-INFO
[7.872s] writing dependency_links to ../../build/voice/voice.egg-info/dependency_links.txt
[7.873s] writing entry points to ../../build/voice/voice.egg-info/entry_points.txt
[7.874s] writing requirements to ../../build/voice/voice.egg-info/requires.txt
[7.875s] writing top-level names to ../../build/voice/voice.egg-info/top_level.txt
[7.886s] reading manifest file '../../build/voice/voice.egg-info/SOURCES.txt'
[7.891s] writing manifest file '../../build/voice/voice.egg-info/SOURCES.txt'
[7.892s] running build
[7.893s] running build_py
[7.903s] running install
[7.903s] /usr/lib/python3/dist-packages/setuptools/command/install.py:34: SetuptoolsDeprecationWarning: setup.py install is deprecated. Use build and pip and other standards-based tools.
[7.904s]   warnings.warn(
[7.904s] running install_lib
[7.912s] running install_data
[7.913s] running install_egg_info
[7.918s] removing '/home/r1/r1_ws/install/voice/lib/python3.10/site-packages/voice-0.0.0-py3.10.egg-info' (and everything under it)
[7.923s] Copying ../../build/voice/voice.egg-info to /home/r1/r1_ws/install/voice/lib/python3.10/site-packages/voice-0.0.0-py3.10.egg-info
[7.927s] running install_scripts
[8.110s] Installing voice_sub script to /home/r1/r1_ws/install/voice/lib/voice
[8.116s] writing list of installed files to '/home/r1/r1_ws/build/voice/install.log'
[8.394s] Invoked command in '/home/r1/r1_ws/src/voice' returned '0': PYTHONPATH=/home/r1/r1_ws/build/voice/prefix_override:/home/r1/r1_ws/install/voice/lib/python3.10/site-packages:${PYTHONPATH} /usr/bin/python3 setup.py egg_info --egg-base ../../build/voice build --build-base /home/r1/r1_ws/build/voice/build install --record /home/r1/r1_ws/build/voice/install.log --single-version-externally-managed
