[8.784s] Invoking command in '/home/r1/r1_ws/build/camera': PYTHONPATH=/home/r1/r1_ws/build/camera/prefix_override:/home/r1/r1_ws/install/camera/lib/python3.10/site-packages:${PYTHONPATH} /usr/bin/python3 setup.py develop --uninstall --editable --build-directory /home/r1/r1_ws/build/camera/build
[10.942s] running develop
[10.945s] /usr/lib/python3/dist-packages/setuptools/command/easy_install.py:158: EasyInstallDeprecationWarning: easy_install command is deprecated. Use build and pip and other standards-based tools.
[10.946s]   warnings.warn(
[10.951s] /usr/lib/python3/dist-packages/setuptools/command/install.py:34: SetuptoolsDeprecationWarning: setup.py install is deprecated. Use build and pip and other standards-based tools.
[10.952s]   warnings.warn(
[11.384s] /usr/lib/python3/dist-packages/pkg_resources/__init__.py:116: PkgResourcesDeprecationWarning: 1.1build1 is an invalid version and will not be supported in a future release
[11.388s]   warnings.warn(
[11.389s] /usr/lib/python3/dist-packages/pkg_resources/__init__.py:116: PkgResourcesDeprecationWarning: 0.1.43ubuntu1 is an invalid version and will not be supported in a future release
[11.392s]   warnings.warn(
[12.946s] Invoked command in '/home/r1/r1_ws/build/camera' returned '0': PYTHONPATH=/home/r1/r1_ws/build/camera/prefix_override:/home/r1/r1_ws/install/camera/lib/python3.10/site-packages:${PYTHONPATH} /usr/bin/python3 setup.py develop --uninstall --editable --build-directory /home/r1/r1_ws/build/camera/build
[12.974s] Invoking command in '/home/r1/r1_ws/src/camera': PYTHONPATH=/home/r1/r1_ws/build/camera/prefix_override:/home/r1/r1_ws/install/camera/lib/python3.10/site-packages:${PYTHONPATH} /usr/bin/python3 setup.py egg_info --egg-base ../../build/camera build --build-base /home/r1/r1_ws/build/camera/build install --record /home/r1/r1_ws/build/camera/install.log --single-version-externally-managed
[15.768s] running egg_info
[15.772s] writing ../../build/camera/camera.egg-info/PKG-INFO
[15.776s] writing dependency_links to ../../build/camera/camera.egg-info/dependency_links.txt
[15.778s] writing entry points to ../../build/camera/camera.egg-info/entry_points.txt
[15.780s] writing requirements to ../../build/camera/camera.egg-info/requires.txt
[15.781s] writing top-level names to ../../build/camera/camera.egg-info/top_level.txt
[15.791s] reading manifest file '../../build/camera/camera.egg-info/SOURCES.txt'
[15.796s] writing manifest file '../../build/camera/camera.egg-info/SOURCES.txt'
[15.799s] running build
[15.800s] running build_py
[15.803s] running install
[15.806s] /usr/lib/python3/dist-packages/setuptools/command/install.py:34: SetuptoolsDeprecationWarning: setup.py install is deprecated. Use build and pip and other standards-based tools.
[15.806s]   warnings.warn(
[15.807s] running install_lib
[15.816s] running install_data
[15.818s] running install_egg_info
[15.826s] removing '/home/r1/r1_ws/install/camera/lib/python3.10/site-packages/camera-0.0.0-py3.10.egg-info' (and everything under it)
[15.830s] Copying ../../build/camera/camera.egg-info to /home/r1/r1_ws/install/camera/lib/python3.10/site-packages/camera-0.0.0-py3.10.egg-info
[15.836s] running install_scripts
[15.942s] Installing frames_sub script to /home/r1/r1_ws/install/camera/lib/camera
[15.944s] Installing img_pub script to /home/r1/r1_ws/install/camera/lib/camera
[15.947s] writing list of installed files to '/home/r1/r1_ws/build/camera/install.log'
[16.128s] Invoked command in '/home/r1/r1_ws/src/camera' returned '0': PYTHONPATH=/home/r1/r1_ws/build/camera/prefix_override:/home/r1/r1_ws/install/camera/lib/python3.10/site-packages:${PYTHONPATH} /usr/bin/python3 setup.py egg_info --egg-base ../../build/camera build --build-base /home/r1/r1_ws/build/camera/build install --record /home/r1/r1_ws/build/camera/install.log --single-version-externally-managed
