[4.647s] Invoking command in '/home/r1/r1_ws/src/camera': PYTHONPATH=/home/r1/r1_ws/build/camera/prefix_override:/home/r1/r1_ws/install/camera/lib/python3.10/site-packages:${PYTHONPATH} /usr/bin/python3 setup.py egg_info --egg-base ../../build/camera build --build-base /home/r1/r1_ws/build/camera/build install --record /home/r1/r1_ws/build/camera/install.log --single-version-externally-managed
[5.923s] running egg_info
[5.926s] writing ../../build/camera/camera.egg-info/PKG-INFO
[5.928s] writing dependency_links to ../../build/camera/camera.egg-info/dependency_links.txt
[5.929s] writing entry points to ../../build/camera/camera.egg-info/entry_points.txt
[5.930s] writing requirements to ../../build/camera/camera.egg-info/requires.txt
[5.931s] writing top-level names to ../../build/camera/camera.egg-info/top_level.txt
[5.940s] reading manifest file '../../build/camera/camera.egg-info/SOURCES.txt'
[5.945s] writing manifest file '../../build/camera/camera.egg-info/SOURCES.txt'
[5.946s] running build
[5.947s] running build_py
[5.948s] copying camera/detection_subscriber.py -> /home/r1/r1_ws/build/camera/build/lib/camera
[5.949s] running install
[5.950s] /usr/lib/python3/dist-packages/setuptools/command/install.py:34: SetuptoolsDeprecationWarning: setup.py install is deprecated. Use build and pip and other standards-based tools.
[5.951s]   warnings.warn(
[5.952s] running install_lib
[5.955s] copying /home/r1/r1_ws/build/camera/build/lib/camera/detection_subscriber.py -> /home/r1/r1_ws/install/camera/lib/python3.10/site-packages/camera
[5.960s] byte-compiling /home/r1/r1_ws/install/camera/lib/python3.10/site-packages/camera/detection_subscriber.py to detection_subscriber.cpython-310.pyc
[5.964s] running install_data
[5.966s] running install_egg_info
[5.975s] removing '/home/r1/r1_ws/install/camera/lib/python3.10/site-packages/camera-0.0.0-py3.10.egg-info' (and everything under it)
[5.976s] Copying ../../build/camera/camera.egg-info to /home/r1/r1_ws/install/camera/lib/python3.10/site-packages/camera-0.0.0-py3.10.egg-info
[5.982s] running install_scripts
[6.075s] Installing detection_sub script to /home/r1/r1_ws/install/camera/lib/camera
[6.076s] Installing frames_sub script to /home/r1/r1_ws/install/camera/lib/camera
[6.077s] Installing img_pub script to /home/r1/r1_ws/install/camera/lib/camera
[6.080s] writing list of installed files to '/home/r1/r1_ws/build/camera/install.log'
[6.271s] Invoked command in '/home/r1/r1_ws/src/camera' returned '0': PYTHONPATH=/home/r1/r1_ws/build/camera/prefix_override:/home/r1/r1_ws/install/camera/lib/python3.10/site-packages:${PYTHONPATH} /usr/bin/python3 setup.py egg_info --egg-base ../../build/camera build --build-base /home/r1/r1_ws/build/camera/build install --record /home/r1/r1_ws/build/camera/install.log --single-version-externally-managed
