[5.042s] Invoking command in '/home/r1/r1_ws/src/control': PYTHONPATH=/home/r1/r1_ws/build/control/prefix_override:/home/r1/r1_ws/install/control/lib/python3.10/site-packages:${PYTHONPATH} /usr/bin/python3 setup.py egg_info --egg-base ../../build/control build --build-base /home/r1/r1_ws/build/control/build install --record /home/r1/r1_ws/build/control/install.log --single-version-externally-managed
[6.328s] running egg_info
[6.331s] writing ../../build/control/control.egg-info/PKG-INFO
[6.333s] writing dependency_links to ../../build/control/control.egg-info/dependency_links.txt
[6.334s] writing entry points to ../../build/control/control.egg-info/entry_points.txt
[6.335s] writing requirements to ../../build/control/control.egg-info/requires.txt
[6.336s] writing top-level names to ../../build/control/control.egg-info/top_level.txt
[6.345s] reading manifest file '../../build/control/control.egg-info/SOURCES.txt'
[6.350s] writing manifest file '../../build/control/control.egg-info/SOURCES.txt'
[6.351s] running build
[6.351s] running build_py
[6.352s] copying control/eyes.py -> /home/r1/r1_ws/build/control/build/lib/control
[6.353s] copying control/infrared_right.py -> /home/r1/r1_ws/build/control/build/lib/control
[6.355s] running install
[6.356s] /usr/lib/python3/dist-packages/setuptools/command/install.py:34: SetuptoolsDeprecationWarning: setup.py install is deprecated. Use build and pip and other standards-based tools.
[6.357s]   warnings.warn(
[6.357s] running install_lib
[6.362s] copying /home/r1/r1_ws/build/control/build/lib/control/eyes.py -> /home/r1/r1_ws/install/control/lib/python3.10/site-packages/control
[6.363s] copying /home/r1/r1_ws/build/control/build/lib/control/infrared_right.py -> /home/r1/r1_ws/install/control/lib/python3.10/site-packages/control
[6.366s] byte-compiling /home/r1/r1_ws/install/control/lib/python3.10/site-packages/control/eyes.py to eyes.cpython-310.pyc
[6.368s] byte-compiling /home/r1/r1_ws/install/control/lib/python3.10/site-packages/control/infrared_right.py to infrared_right.cpython-310.pyc
[6.371s] running install_data
[6.374s] running install_egg_info
[6.381s] removing '/home/r1/r1_ws/install/control/lib/python3.10/site-packages/control-0.0.0-py3.10.egg-info' (and everything under it)
[6.383s] Copying ../../build/control/control.egg-info to /home/r1/r1_ws/install/control/lib/python3.10/site-packages/control-0.0.0-py3.10.egg-info
[6.392s] running install_scripts
[6.490s] Installing ir_left_pub script to /home/r1/r1_ws/install/control/lib/control
[6.493s] Installing ir_right_pub script to /home/r1/r1_ws/install/control/lib/control
[6.496s] Installing sensors_sub script to /home/r1/r1_ws/install/control/lib/control
[6.497s] Installing us_pub script to /home/r1/r1_ws/install/control/lib/control
[6.500s] writing list of installed files to '/home/r1/r1_ws/build/control/install.log'
[6.794s] Invoked command in '/home/r1/r1_ws/src/control' returned '0': PYTHONPATH=/home/r1/r1_ws/build/control/prefix_override:/home/r1/r1_ws/install/control/lib/python3.10/site-packages:${PYTHONPATH} /usr/bin/python3 setup.py egg_info --egg-base ../../build/control build --build-base /home/r1/r1_ws/build/control/build install --record /home/r1/r1_ws/build/control/install.log --single-version-externally-managed
