[5.032s] Invoking command in '/home/r1/r1_ws/src/camera': PYTHONPATH=/home/r1/r1_ws/build/camera/prefix_override:/home/r1/r1_ws/install/camera/lib/python3.10/site-packages:${PYTHONPATH} /usr/bin/python3 setup.py egg_info --egg-base ../../build/camera build --build-base /home/r1/r1_ws/build/camera/build install --record /home/r1/r1_ws/build/camera/install.log --single-version-externally-managed
[6.305s] running egg_info
[6.308s] writing ../../build/camera/camera.egg-info/PKG-INFO
[6.309s] writing dependency_links to ../../build/camera/camera.egg-info/dependency_links.txt
[6.310s] writing entry points to ../../build/camera/camera.egg-info/entry_points.txt
[6.312s] writing requirements to ../../build/camera/camera.egg-info/requires.txt
[6.312s] writing top-level names to ../../build/camera/camera.egg-info/top_level.txt
[6.321s] reading manifest file '../../build/camera/camera.egg-info/SOURCES.txt'
[6.325s] writing manifest file '../../build/camera/camera.egg-info/SOURCES.txt'
[6.326s] running build
[6.326s] running build_py
[6.327s] copying camera/camera_publisher.py -> /home/r1/r1_ws/build/camera/build/lib/camera
[6.329s] running install
[6.330s] /usr/lib/python3/dist-packages/setuptools/command/install.py:34: SetuptoolsDeprecationWarning: setup.py install is deprecated. Use build and pip and other standards-based tools.
[6.331s]   warnings.warn(
[6.331s] running install_lib
[6.336s] copying /home/r1/r1_ws/build/camera/build/lib/camera/camera_publisher.py -> /home/r1/r1_ws/install/camera/lib/python3.10/site-packages/camera
[6.340s] byte-compiling /home/r1/r1_ws/install/camera/lib/python3.10/site-packages/camera/camera_publisher.py to camera_publisher.cpython-310.pyc
[6.343s] running install_data
[6.346s] running install_egg_info
[6.352s] removing '/home/r1/r1_ws/install/camera/lib/python3.10/site-packages/camera-0.0.0-py3.10.egg-info' (and everything under it)
[6.354s] Copying ../../build/camera/camera.egg-info to /home/r1/r1_ws/install/camera/lib/python3.10/site-packages/camera-0.0.0-py3.10.egg-info
[6.361s] running install_scripts
[6.452s] Installing img_pub script to /home/r1/r1_ws/install/camera/lib/camera
[6.453s] Installing img_sub script to /home/r1/r1_ws/install/camera/lib/camera
[6.455s] writing list of installed files to '/home/r1/r1_ws/build/camera/install.log'
[6.624s] Invoked command in '/home/r1/r1_ws/src/camera' returned '0': PYTHONPATH=/home/r1/r1_ws/build/camera/prefix_override:/home/r1/r1_ws/install/camera/lib/python3.10/site-packages:${PYTHONPATH} /usr/bin/python3 setup.py egg_info --egg-base ../../build/camera build --build-base /home/r1/r1_ws/build/camera/build install --record /home/r1/r1_ws/build/camera/install.log --single-version-externally-managed
