[9.430s] Invoking command in '/home/r1/r1_ws/build/voice': PYTHONPATH=/home/r1/r1_ws/build/voice/prefix_override:/home/r1/r1_ws/install/voice/lib/python3.10/site-packages:${PYTHONPATH} /usr/bin/python3 setup.py develop --uninstall --editable --build-directory /home/r1/r1_ws/build/voice/build
[13.366s] running develop
[13.377s] /usr/lib/python3/dist-packages/setuptools/command/easy_install.py:158: EasyInstallDeprecationWarning: easy_install command is deprecated. Use build and pip and other standards-based tools.
[13.378s]   warnings.warn(
[13.398s] /usr/lib/python3/dist-packages/setuptools/command/install.py:34: SetuptoolsDeprecationWarning: setup.py install is deprecated. Use build and pip and other standards-based tools.
[13.399s]   warnings.warn(
[14.213s] /usr/lib/python3/dist-packages/pkg_resources/__init__.py:116: PkgResourcesDeprecationWarning: 1.1build1 is an invalid version and will not be supported in a future release
[14.214s]   warnings.warn(
[14.217s] /usr/lib/python3/dist-packages/pkg_resources/__init__.py:116: PkgResourcesDeprecationWarning: 0.1.43ubuntu1 is an invalid version and will not be supported in a future release
[14.217s]   warnings.warn(
[16.400s] Invoked command in '/home/r1/r1_ws/build/voice' returned '0': PYTHONPATH=/home/r1/r1_ws/build/voice/prefix_override:/home/r1/r1_ws/install/voice/lib/python3.10/site-packages:${PYTHONPATH} /usr/bin/python3 setup.py develop --uninstall --editable --build-directory /home/r1/r1_ws/build/voice/build
[16.404s] Invoking command in '/home/r1/r1_ws/src/voice': PYTHONPATH=/home/r1/r1_ws/build/voice/prefix_override:/home/r1/r1_ws/install/voice/lib/python3.10/site-packages:${PYTHONPATH} /usr/bin/python3 setup.py egg_info --egg-base ../../build/voice build --build-base /home/r1/r1_ws/build/voice/build install --record /home/r1/r1_ws/build/voice/install.log --single-version-externally-managed
[21.231s] running egg_info
[21.233s] writing ../../build/voice/voice.egg-info/PKG-INFO
[21.234s] writing dependency_links to ../../build/voice/voice.egg-info/dependency_links.txt
[21.236s] writing entry points to ../../build/voice/voice.egg-info/entry_points.txt
[21.237s] writing requirements to ../../build/voice/voice.egg-info/requires.txt
[21.238s] writing top-level names to ../../build/voice/voice.egg-info/top_level.txt
[21.260s] reading manifest file '../../build/voice/voice.egg-info/SOURCES.txt'
[21.270s] writing manifest file '../../build/voice/voice.egg-info/SOURCES.txt'
[21.272s] running build
[21.274s] running build_py
[21.280s] running install
[21.282s] /usr/lib/python3/dist-packages/setuptools/command/install.py:34: SetuptoolsDeprecationWarning: setup.py install is deprecated. Use build and pip and other standards-based tools.
[21.283s]   warnings.warn(
[21.293s] running install_lib
[21.303s] running install_data
[21.313s] running install_egg_info
[21.329s] removing '/home/r1/r1_ws/install/voice/lib/python3.10/site-packages/voice-0.0.0-py3.10.egg-info' (and everything under it)
[21.335s] Copying ../../build/voice/voice.egg-info to /home/r1/r1_ws/install/voice/lib/python3.10/site-packages/voice-0.0.0-py3.10.egg-info
[21.356s] running install_scripts
[21.582s] Installing voice_sub script to /home/r1/r1_ws/install/voice/lib/voice
[21.588s] writing list of installed files to '/home/r1/r1_ws/build/voice/install.log'
[21.874s] Invoked command in '/home/r1/r1_ws/src/voice' returned '0': PYTHONPATH=/home/r1/r1_ws/build/voice/prefix_override:/home/r1/r1_ws/install/voice/lib/python3.10/site-packages:${PYTHONPATH} /usr/bin/python3 setup.py egg_info --egg-base ../../build/voice build --build-base /home/r1/r1_ws/build/voice/build install --record /home/r1/r1_ws/build/voice/install.log --single-version-externally-managed
