[8.184s] Invoking command in '/home/r1/r1_ws/build/control': PYTHONPATH=/home/r1/r1_ws/build/control/prefix_override:/home/r1/r1_ws/install/control/lib/python3.10/site-packages:${PYTHONPATH} /usr/bin/python3 setup.py develop --uninstall --editable --build-directory /home/r1/r1_ws/build/control/build
[10.217s] running develop
[10.219s] /usr/lib/python3/dist-packages/setuptools/command/easy_install.py:158: EasyInstallDeprecationWarning: easy_install command is deprecated. Use build and pip and other standards-based tools.
[10.220s]   warnings.warn(
[10.228s] /usr/lib/python3/dist-packages/setuptools/command/install.py:34: SetuptoolsDeprecationWarning: setup.py install is deprecated. Use build and pip and other standards-based tools.
[10.229s]   warnings.warn(
[10.888s] /usr/lib/python3/dist-packages/pkg_resources/__init__.py:116: PkgResourcesDeprecationWarning: 1.1build1 is an invalid version and will not be supported in a future release
[10.889s]   warnings.warn(
[10.891s] /usr/lib/python3/dist-packages/pkg_resources/__init__.py:116: PkgResourcesDeprecationWarning: 0.1.43ubuntu1 is an invalid version and will not be supported in a future release
[10.891s]   warnings.warn(
[12.104s] Invoked command in '/home/r1/r1_ws/build/control' returned '0': PYTHONPATH=/home/r1/r1_ws/build/control/prefix_override:/home/r1/r1_ws/install/control/lib/python3.10/site-packages:${PYTHONPATH} /usr/bin/python3 setup.py develop --uninstall --editable --build-directory /home/r1/r1_ws/build/control/build
[12.112s] Invoking command in '/home/r1/r1_ws/src/control': PYTHONPATH=/home/r1/r1_ws/build/control/prefix_override:/home/r1/r1_ws/install/control/lib/python3.10/site-packages:${PYTHONPATH} /usr/bin/python3 setup.py egg_info --egg-base ../../build/control build --build-base /home/r1/r1_ws/build/control/build install --record /home/r1/r1_ws/build/control/install.log --single-version-externally-managed
[13.833s] running egg_info
[13.836s] writing ../../build/control/control.egg-info/PKG-INFO
[13.837s] writing dependency_links to ../../build/control/control.egg-info/dependency_links.txt
[13.839s] writing entry points to ../../build/control/control.egg-info/entry_points.txt
[13.840s] writing requirements to ../../build/control/control.egg-info/requires.txt
[13.840s] writing top-level names to ../../build/control/control.egg-info/top_level.txt
[13.851s] reading manifest file '../../build/control/control.egg-info/SOURCES.txt'
[13.856s] writing manifest file '../../build/control/control.egg-info/SOURCES.txt'
[13.857s] running build
[13.858s] running build_py
[13.862s] running install
[13.863s] /usr/lib/python3/dist-packages/setuptools/command/install.py:34: SetuptoolsDeprecationWarning: setup.py install is deprecated. Use build and pip and other standards-based tools.
[13.864s]   warnings.warn(
[13.866s] running install_lib
[13.877s] running install_data
[13.881s] running install_egg_info
[13.889s] removing '/home/r1/r1_ws/install/control/lib/python3.10/site-packages/control-1.0.0-py3.10.egg-info' (and everything under it)
[13.891s] Copying ../../build/control/control.egg-info to /home/r1/r1_ws/install/control/lib/python3.10/site-packages/control-1.0.0-py3.10.egg-info
[13.897s] running install_scripts
[13.998s] Installing arms_sub script to /home/r1/r1_ws/install/control/lib/control
[13.999s] Installing base_sub script to /home/r1/r1_ws/install/control/lib/control
[14.000s] Installing eyes_sub script to /home/r1/r1_ws/install/control/lib/control
[14.002s] Installing head_sub script to /home/r1/r1_ws/install/control/lib/control
[14.005s] Installing ir_left_pub script to /home/r1/r1_ws/install/control/lib/control
[14.005s] Installing ir_right_pub script to /home/r1/r1_ws/install/control/lib/control
[14.006s] Installing left_hand_sub script to /home/r1/r1_ws/install/control/lib/control
[14.007s] Installing right_hand_sub script to /home/r1/r1_ws/install/control/lib/control
[14.008s] Installing sensors_sub script to /home/r1/r1_ws/install/control/lib/control
[14.009s] Installing us_pub script to /home/r1/r1_ws/install/control/lib/control
[14.012s] writing list of installed files to '/home/r1/r1_ws/build/control/install.log'
[14.232s] Invoked command in '/home/r1/r1_ws/src/control' returned '0': PYTHONPATH=/home/r1/r1_ws/build/control/prefix_override:/home/r1/r1_ws/install/control/lib/python3.10/site-packages:${PYTHONPATH} /usr/bin/python3 setup.py egg_info --egg-base ../../build/control build --build-base /home/r1/r1_ws/build/control/build install --record /home/r1/r1_ws/build/control/install.log --single-version-externally-managed
