[4.556s] Invoking command in '/home/r1/r1_ws/src/camera': PYTHONPATH=/home/r1/r1_ws/build/camera/prefix_override:/home/r1/r1_ws/install/camera/lib/python3.10/site-packages:${PYTHONPATH} /usr/bin/python3 setup.py egg_info --egg-base ../../build/camera build --build-base /home/r1/r1_ws/build/camera/build install --record /home/r1/r1_ws/build/camera/install.log --single-version-externally-managed
[5.830s] running egg_info
[5.833s] writing ../../build/camera/camera.egg-info/PKG-INFO
[5.835s] writing dependency_links to ../../build/camera/camera.egg-info/dependency_links.txt
[5.838s] writing entry points to ../../build/camera/camera.egg-info/entry_points.txt
[5.838s] writing requirements to ../../build/camera/camera.egg-info/requires.txt
[5.841s] writing top-level names to ../../build/camera/camera.egg-info/top_level.txt
[5.846s] reading manifest file '../../build/camera/camera.egg-info/SOURCES.txt'
[5.850s] writing manifest file '../../build/camera/camera.egg-info/SOURCES.txt'
[5.851s] running build
[5.851s] running build_py
[5.854s] running install
[5.857s] /usr/lib/python3/dist-packages/setuptools/command/install.py:34: SetuptoolsDeprecationWarning: setup.py install is deprecated. Use build and pip and other standards-based tools.
[5.859s]   warnings.warn(
[5.861s] running install_lib
[5.868s] running install_data
[5.868s] running install_egg_info
[5.876s] removing '/home/r1/r1_ws/install/camera/lib/python3.10/site-packages/camera-0.0.0-py3.10.egg-info' (and everything under it)
[5.880s] Copying ../../build/camera/camera.egg-info to /home/r1/r1_ws/install/camera/lib/python3.10/site-packages/camera-0.0.0-py3.10.egg-info
[5.885s] running install_scripts
[5.976s] Installing detection_sub script to /home/r1/r1_ws/install/camera/lib/camera
[5.978s] Installing frames_sub script to /home/r1/r1_ws/install/camera/lib/camera
[5.979s] Installing img_pub script to /home/r1/r1_ws/install/camera/lib/camera
[5.980s] writing list of installed files to '/home/r1/r1_ws/build/camera/install.log'
[6.182s] Invoked command in '/home/r1/r1_ws/src/camera' returned '0': PYTHONPATH=/home/r1/r1_ws/build/camera/prefix_override:/home/r1/r1_ws/install/camera/lib/python3.10/site-packages:${PYTHONPATH} /usr/bin/python3 setup.py egg_info --egg-base ../../build/camera build --build-base /home/r1/r1_ws/build/camera/build install --record /home/r1/r1_ws/build/camera/install.log --single-version-externally-managed
