[7.335s] Invoking command in '/home/r1/r1_ws/build/control': PYTHONPATH=/home/r1/r1_ws/build/control/prefix_override:/home/r1/r1_ws/install/control/lib/python3.10/site-packages:${PYTHONPATH} /usr/bin/python3 setup.py develop --uninstall --editable --build-directory /home/r1/r1_ws/build/control/build
[9.151s] running develop
[9.153s] /usr/lib/python3/dist-packages/setuptools/command/easy_install.py:158: EasyInstallDeprecationWarning: easy_install command is deprecated. Use build and pip and other standards-based tools.
[9.154s]   warnings.warn(
[9.159s] /usr/lib/python3/dist-packages/setuptools/command/install.py:34: SetuptoolsDeprecationWarning: setup.py install is deprecated. Use build and pip and other standards-based tools.
[9.160s]   warnings.warn(
[9.624s] /usr/lib/python3/dist-packages/pkg_resources/__init__.py:116: PkgResourcesDeprecationWarning: 1.1build1 is an invalid version and will not be supported in a future release
[9.625s]   warnings.warn(
[9.626s] /usr/lib/python3/dist-packages/pkg_resources/__init__.py:116: PkgResourcesDeprecationWarning: 0.1.43ubuntu1 is an invalid version and will not be supported in a future release
[9.627s]   warnings.warn(
[10.914s] Invoked command in '/home/r1/r1_ws/build/control' returned '0': PYTHONPATH=/home/r1/r1_ws/build/control/prefix_override:/home/r1/r1_ws/install/control/lib/python3.10/site-packages:${PYTHONPATH} /usr/bin/python3 setup.py develop --uninstall --editable --build-directory /home/r1/r1_ws/build/control/build
[10.917s] Invoking command in '/home/r1/r1_ws/src/control': PYTHONPATH=/home/r1/r1_ws/build/control/prefix_override:/home/r1/r1_ws/install/control/lib/python3.10/site-packages:${PYTHONPATH} /usr/bin/python3 setup.py egg_info --egg-base ../../build/control build --build-base /home/r1/r1_ws/build/control/build install --record /home/r1/r1_ws/build/control/install.log --single-version-externally-managed
[12.678s] running egg_info
[12.682s] writing ../../build/control/control.egg-info/PKG-INFO
[12.683s] writing dependency_links to ../../build/control/control.egg-info/dependency_links.txt
[12.685s] writing entry points to ../../build/control/control.egg-info/entry_points.txt
[12.686s] writing requirements to ../../build/control/control.egg-info/requires.txt
[12.687s] writing top-level names to ../../build/control/control.egg-info/top_level.txt
[12.699s] reading manifest file '../../build/control/control.egg-info/SOURCES.txt'
[12.704s] writing manifest file '../../build/control/control.egg-info/SOURCES.txt'
[12.706s] running build
[12.706s] running build_py
[12.711s] running install
[12.712s] /usr/lib/python3/dist-packages/setuptools/command/install.py:34: SetuptoolsDeprecationWarning: setup.py install is deprecated. Use build and pip and other standards-based tools.
[12.712s]   warnings.warn(
[12.713s] running install_lib
[12.732s] running install_data
[12.736s] running install_egg_info
[12.749s] removing '/home/r1/r1_ws/install/control/lib/python3.10/site-packages/control-1.0.0-py3.10.egg-info' (and everything under it)
[12.753s] Copying ../../build/control/control.egg-info to /home/r1/r1_ws/install/control/lib/python3.10/site-packages/control-1.0.0-py3.10.egg-info
[12.768s] running install_scripts
[12.965s] Installing arms_sub script to /home/r1/r1_ws/install/control/lib/control
[12.976s] Installing base_sub script to /home/r1/r1_ws/install/control/lib/control
[12.978s] Installing eyes_sub script to /home/r1/r1_ws/install/control/lib/control
[12.980s] Installing head_sub script to /home/r1/r1_ws/install/control/lib/control
[12.983s] Installing ir_left_pub script to /home/r1/r1_ws/install/control/lib/control
[12.984s] Installing ir_right_pub script to /home/r1/r1_ws/install/control/lib/control
[12.985s] Installing left_hand_sub script to /home/r1/r1_ws/install/control/lib/control
[12.986s] Installing right_hand_sub script to /home/r1/r1_ws/install/control/lib/control
[12.989s] Installing sensors_sub script to /home/r1/r1_ws/install/control/lib/control
[12.992s] Installing us_pub script to /home/r1/r1_ws/install/control/lib/control
[12.993s] writing list of installed files to '/home/r1/r1_ws/build/control/install.log'
[13.125s] Invoked command in '/home/r1/r1_ws/src/control' returned '0': PYTHONPATH=/home/r1/r1_ws/build/control/prefix_override:/home/r1/r1_ws/install/control/lib/python3.10/site-packages:${PYTHONPATH} /usr/bin/python3 setup.py egg_info --egg-base ../../build/control build --build-base /home/r1/r1_ws/build/control/build install --record /home/r1/r1_ws/build/control/install.log --single-version-externally-managed
