[9.586s] Invoking command in '/home/r1/r1_ws/src/control': PYTHONPATH=/home/r1/r1_ws/build/control/prefix_override:/home/r1/r1_ws/install/control/lib/python3.10/site-packages:${PYTHONPATH} /usr/bin/python3 setup.py egg_info --egg-base ../../build/control build --build-base /home/r1/r1_ws/build/control/build install --record /home/r1/r1_ws/build/control/install.log --single-version-externally-managed
[12.254s] running egg_info
[12.257s] writing ../../build/control/control.egg-info/PKG-INFO
[12.258s] writing dependency_links to ../../build/control/control.egg-info/dependency_links.txt
[12.260s] writing entry points to ../../build/control/control.egg-info/entry_points.txt
[12.261s] writing requirements to ../../build/control/control.egg-info/requires.txt
[12.262s] writing top-level names to ../../build/control/control.egg-info/top_level.txt
[12.280s] reading manifest file '../../build/control/control.egg-info/SOURCES.txt'
[12.282s] writing manifest file '../../build/control/control.egg-info/SOURCES.txt'
[12.283s] running build
[12.283s] running build_py
[12.286s] running install
[12.287s] /usr/lib/python3/dist-packages/setuptools/command/install.py:34: SetuptoolsDeprecationWarning: setup.py install is deprecated. Use build and pip and other standards-based tools.
[12.298s]   warnings.warn(
[12.308s] running install_lib
[12.309s]   File "/home/r1/r1_ws/install/control/lib/python3.10/site-packages/control/base.py", line 26
[12.310s]     'sensors_pub'
[12.310s]     ^^^^^^^^^^^^^
[12.311s] SyntaxError: invalid syntax. Perhaps you forgot a comma?
[12.312s] 
[12.314s] byte-compiling /home/r1/r1_ws/install/control/lib/python3.10/site-packages/control/base.py to base.cpython-310.pyc
[12.319s] running install_data
[12.321s] running install_egg_info
[12.324s] removing '/home/r1/r1_ws/install/control/lib/python3.10/site-packages/control-0.0.0-py3.10.egg-info' (and everything under it)
[12.349s] Copying ../../build/control/control.egg-info to /home/r1/r1_ws/install/control/lib/python3.10/site-packages/control-0.0.0-py3.10.egg-info
[12.366s] running install_scripts
[12.506s] Installing base_sub script to /home/r1/r1_ws/install/control/lib/control
[12.506s] Installing ir_left_pub script to /home/r1/r1_ws/install/control/lib/control
[12.508s] Installing ir_right_pub script to /home/r1/r1_ws/install/control/lib/control
[12.508s] Installing sensors_sub script to /home/r1/r1_ws/install/control/lib/control
[12.509s] Installing us_pub script to /home/r1/r1_ws/install/control/lib/control
[12.512s] writing list of installed files to '/home/r1/r1_ws/build/control/install.log'
[12.892s] Invoked command in '/home/r1/r1_ws/src/control' returned '0': PYTHONPATH=/home/r1/r1_ws/build/control/prefix_override:/home/r1/r1_ws/install/control/lib/python3.10/site-packages:${PYTHONPATH} /usr/bin/python3 setup.py egg_info --egg-base ../../build/control build --build-base /home/r1/r1_ws/build/control/build install --record /home/r1/r1_ws/build/control/install.log --single-version-externally-managed
