[4.573s] Invoking command in '/home/r1/r1_ws/src/camera': PYTHONPATH=/home/r1/r1_ws/build/camera/prefix_override:/home/r1/r1_ws/install/camera/lib/python3.10/site-packages:${PYTHONPATH} /usr/bin/python3 setup.py egg_info --egg-base ../../build/camera build --build-base /home/r1/r1_ws/build/camera/build install --record /home/r1/r1_ws/build/camera/install.log --single-version-externally-managed
[5.842s] running egg_info
[5.845s] writing ../../build/camera/camera.egg-info/PKG-INFO
[5.847s] writing dependency_links to ../../build/camera/camera.egg-info/dependency_links.txt
[5.848s] writing entry points to ../../build/camera/camera.egg-info/entry_points.txt
[5.849s] writing requirements to ../../build/camera/camera.egg-info/requires.txt
[5.850s] writing top-level names to ../../build/camera/camera.egg-info/top_level.txt
[5.859s] reading manifest file '../../build/camera/camera.egg-info/SOURCES.txt'
[5.863s] writing manifest file '../../build/camera/camera.egg-info/SOURCES.txt'
[5.867s] running build
[5.868s] running build_py
[5.870s] copying camera/camera_publisher.py -> /home/r1/r1_ws/build/camera/build/lib/camera
[5.871s] running install
[5.872s] /usr/lib/python3/dist-packages/setuptools/command/install.py:34: SetuptoolsDeprecationWarning: setup.py install is deprecated. Use build and pip and other standards-based tools.
[5.873s]   warnings.warn(
[5.874s] running install_lib
[5.875s] copying /home/r1/r1_ws/build/camera/build/lib/camera/camera_publisher.py -> /home/r1/r1_ws/install/camera/lib/python3.10/site-packages/camera
[5.878s] byte-compiling /home/r1/r1_ws/install/camera/lib/python3.10/site-packages/camera/camera_publisher.py to camera_publisher.cpython-310.pyc
[5.882s] running install_data
[5.884s] running install_egg_info
[5.891s] removing '/home/r1/r1_ws/install/camera/lib/python3.10/site-packages/camera-0.0.0-py3.10.egg-info' (and everything under it)
[5.893s] Copying ../../build/camera/camera.egg-info to /home/r1/r1_ws/install/camera/lib/python3.10/site-packages/camera-0.0.0-py3.10.egg-info
[5.903s] running install_scripts
[5.994s] Installing img_publisher script to /home/r1/r1_ws/install/camera/lib/camera
[5.995s] Installing img_subscriber script to /home/r1/r1_ws/install/camera/lib/camera
[5.997s] writing list of installed files to '/home/r1/r1_ws/build/camera/install.log'
[6.201s] Invoked command in '/home/r1/r1_ws/src/camera' returned '0': PYTHONPATH=/home/r1/r1_ws/build/camera/prefix_override:/home/r1/r1_ws/install/camera/lib/python3.10/site-packages:${PYTHONPATH} /usr/bin/python3 setup.py egg_info --egg-base ../../build/camera build --build-base /home/r1/r1_ws/build/camera/build install --record /home/r1/r1_ws/build/camera/install.log --single-version-externally-managed
