/home/r1/r1_ws/install/voice/lib/python3.10/site-packages/voice/detection_subscriber.py
/home/r1/r1_ws/install/voice/lib/python3.10/site-packages/voice/__init__.py
/home/r1/r1_ws/install/voice/lib/python3.10/site-packages/voice/ai.py
/home/r1/r1_ws/install/voice/lib/python3.10/site-packages/voice/talk.py
/home/r1/r1_ws/install/voice/lib/python3.10/site-packages/voice/continuous_listener.py
/home/r1/r1_ws/install/voice/lib/python3.10/site-packages/voice/__pycache__/detection_subscriber.cpython-310.pyc
/home/r1/r1_ws/install/voice/lib/python3.10/site-packages/voice/__pycache__/__init__.cpython-310.pyc
/home/r1/r1_ws/install/voice/lib/python3.10/site-packages/voice/__pycache__/ai.cpython-310.pyc
/home/r1/r1_ws/install/voice/lib/python3.10/site-packages/voice/__pycache__/talk.cpython-310.pyc
/home/r1/r1_ws/install/voice/lib/python3.10/site-packages/voice/__pycache__/continuous_listener.cpython-310.pyc
/home/r1/r1_ws/install/voice/share/ament_index/resource_index/packages/voice
/home/r1/r1_ws/install/voice/share/voice/package.xml
/home/r1/r1_ws/install/voice/lib/python3.10/site-packages/voice-0.0.0-py3.10.egg-info/requires.txt
/home/r1/r1_ws/install/voice/lib/python3.10/site-packages/voice-0.0.0-py3.10.egg-info/dependency_links.txt
/home/r1/r1_ws/install/voice/lib/python3.10/site-packages/voice-0.0.0-py3.10.egg-info/zip-safe
/home/r1/r1_ws/install/voice/lib/python3.10/site-packages/voice-0.0.0-py3.10.egg-info/top_level.txt
/home/r1/r1_ws/install/voice/lib/python3.10/site-packages/voice-0.0.0-py3.10.egg-info/entry_points.txt
/home/r1/r1_ws/install/voice/lib/python3.10/site-packages/voice-0.0.0-py3.10.egg-info/SOURCES.txt
/home/r1/r1_ws/install/voice/lib/python3.10/site-packages/voice-0.0.0-py3.10.egg-info/PKG-INFO
/home/r1/r1_ws/install/voice/lib/voice/voice_sub
