[7.243s] Invoking command in '/home/r1/r1_ws/build/voice': PYTHONPATH=/home/r1/r1_ws/build/voice/prefix_override:/home/r1/r1_ws/install/voice/lib/python3.10/site-packages:${PYTHONPATH} /usr/bin/python3 setup.py develop --uninstall --editable --build-directory /home/r1/r1_ws/build/voice/build
[9.043s] running develop
[9.045s] /usr/lib/python3/dist-packages/setuptools/command/easy_install.py:158: EasyInstallDeprecationWarning: easy_install command is deprecated. Use build and pip and other standards-based tools.
[9.046s]   warnings.warn(
[9.052s] /usr/lib/python3/dist-packages/setuptools/command/install.py:34: SetuptoolsDeprecationWarning: setup.py install is deprecated. Use build and pip and other standards-based tools.
[9.053s]   warnings.warn(
[9.515s] /usr/lib/python3/dist-packages/pkg_resources/__init__.py:116: PkgResourcesDeprecationWarning: 1.1build1 is an invalid version and will not be supported in a future release
[9.516s]   warnings.warn(
[9.517s] /usr/lib/python3/dist-packages/pkg_resources/__init__.py:116: PkgResourcesDeprecationWarning: 0.1.43ubuntu1 is an invalid version and will not be supported in a future release
[9.517s]   warnings.warn(
[10.738s] Invoked command in '/home/r1/r1_ws/build/voice' returned '0': PYTHONPATH=/home/r1/r1_ws/build/voice/prefix_override:/home/r1/r1_ws/install/voice/lib/python3.10/site-packages:${PYTHONPATH} /usr/bin/python3 setup.py develop --uninstall --editable --build-directory /home/r1/r1_ws/build/voice/build
[10.752s] Invoking command in '/home/r1/r1_ws/src/voice': PYTHONPATH=/home/r1/r1_ws/build/voice/prefix_override:/home/r1/r1_ws/install/voice/lib/python3.10/site-packages:${PYTHONPATH} /usr/bin/python3 setup.py egg_info --egg-base ../../build/voice build --build-base /home/r1/r1_ws/build/voice/build install --record /home/r1/r1_ws/build/voice/install.log --single-version-externally-managed
[12.488s] running egg_info
[12.491s] writing ../../build/voice/voice.egg-info/PKG-INFO
[12.492s] writing dependency_links to ../../build/voice/voice.egg-info/dependency_links.txt
[12.492s] writing entry points to ../../build/voice/voice.egg-info/entry_points.txt
[12.493s] writing requirements to ../../build/voice/voice.egg-info/requires.txt
[12.494s] writing top-level names to ../../build/voice/voice.egg-info/top_level.txt
[12.502s] reading manifest file '../../build/voice/voice.egg-info/SOURCES.txt'
[12.507s] writing manifest file '../../build/voice/voice.egg-info/SOURCES.txt'
[12.508s] running build
[12.508s] running build_py
[12.510s] running install
[12.511s] /usr/lib/python3/dist-packages/setuptools/command/install.py:34: SetuptoolsDeprecationWarning: setup.py install is deprecated. Use build and pip and other standards-based tools.
[12.512s]   warnings.warn(
[12.513s] running install_lib
[12.520s] running install_data
[12.523s] running install_egg_info
[12.531s] removing '/home/r1/r1_ws/install/voice/lib/python3.10/site-packages/voice-0.0.0-py3.10.egg-info' (and everything under it)
[12.533s] Copying ../../build/voice/voice.egg-info to /home/r1/r1_ws/install/voice/lib/python3.10/site-packages/voice-0.0.0-py3.10.egg-info
[12.539s] running install_scripts
[12.645s] Installing voice_sub script to /home/r1/r1_ws/install/voice/lib/voice
[12.647s] writing list of installed files to '/home/r1/r1_ws/build/voice/install.log'
[12.868s] Invoked command in '/home/r1/r1_ws/src/voice' returned '0': PYTHONPATH=/home/r1/r1_ws/build/voice/prefix_override:/home/r1/r1_ws/install/voice/lib/python3.10/site-packages:${PYTHONPATH} /usr/bin/python3 setup.py egg_info --egg-base ../../build/voice build --build-base /home/r1/r1_ws/build/voice/build install --record /home/r1/r1_ws/build/voice/install.log --single-version-externally-managed
