[3.373s] Invoking command in '/home/r1/r1_ws/build/control': PYTHONPATH=/home/r1/r1_ws/build/control/prefix_override:/home/r1/r1_ws/install/control/lib/python3.10/site-packages:${PYTHONPATH} /usr/bin/python3 setup.py develop --uninstall --editable --build-directory /home/r1/r1_ws/build/control/build
[4.701s] running develop
[4.703s] /usr/lib/python3/dist-packages/setuptools/command/easy_install.py:158: EasyInstallDeprecationWarning: easy_install command is deprecated. Use build and pip and other standards-based tools.
[4.703s]   warnings.warn(
[4.708s] /usr/lib/python3/dist-packages/setuptools/command/install.py:34: SetuptoolsDeprecationWarning: setup.py install is deprecated. Use build and pip and other standards-based tools.
[4.709s]   warnings.warn(
[4.998s] /usr/lib/python3/dist-packages/pkg_resources/__init__.py:116: PkgResourcesDeprecationWarning: 1.1build1 is an invalid version and will not be supported in a future release
[4.998s]   warnings.warn(
[4.999s] /usr/lib/python3/dist-packages/pkg_resources/__init__.py:116: PkgResourcesDeprecationWarning: 0.1.43ubuntu1 is an invalid version and will not be supported in a future release
[4.999s]   warnings.warn(
[5.681s] Invoked command in '/home/r1/r1_ws/build/control' returned '0': PYTHONPATH=/home/r1/r1_ws/build/control/prefix_override:/home/r1/r1_ws/install/control/lib/python3.10/site-packages:${PYTHONPATH} /usr/bin/python3 setup.py develop --uninstall --editable --build-directory /home/r1/r1_ws/build/control/build
[5.690s] Invoking command in '/home/r1/r1_ws/src/control': PYTHONPATH=/home/r1/r1_ws/build/control/prefix_override:/home/r1/r1_ws/install/control/lib/python3.10/site-packages:${PYTHONPATH} /usr/bin/python3 setup.py egg_info --egg-base ../../build/control build --build-base /home/r1/r1_ws/build/control/build install --record /home/r1/r1_ws/build/control/install.log --single-version-externally-managed
[6.918s] running egg_info
[6.920s] writing ../../build/control/control.egg-info/PKG-INFO
[6.921s] writing dependency_links to ../../build/control/control.egg-info/dependency_links.txt
[6.923s] writing entry points to ../../build/control/control.egg-info/entry_points.txt
[6.923s] writing requirements to ../../build/control/control.egg-info/requires.txt
[6.924s] writing top-level names to ../../build/control/control.egg-info/top_level.txt
[6.932s] reading manifest file '../../build/control/control.egg-info/SOURCES.txt'
[6.937s] writing manifest file '../../build/control/control.egg-info/SOURCES.txt'
[6.937s] running build
[6.938s] running build_py
[6.940s] copying control/left_hand_sub.py -> /home/r1/r1_ws/build/control/build/lib/control
[6.943s] running install
[6.944s] /usr/lib/python3/dist-packages/setuptools/command/install.py:34: SetuptoolsDeprecationWarning: setup.py install is deprecated. Use build and pip and other standards-based tools.
[6.944s]   warnings.warn(
[6.945s] running install_lib
[6.949s] copying /home/r1/r1_ws/build/control/build/lib/control/left_hand_sub.py -> /home/r1/r1_ws/install/control/lib/python3.10/site-packages/control
[6.954s] byte-compiling /home/r1/r1_ws/install/control/lib/python3.10/site-packages/control/left_hand_sub.py to left_hand_sub.cpython-310.pyc
[6.957s] running install_data
[6.960s] running install_egg_info
[6.967s] removing '/home/r1/r1_ws/install/control/lib/python3.10/site-packages/control-0.0.0-py3.10.egg-info' (and everything under it)
[6.968s] Copying ../../build/control/control.egg-info to /home/r1/r1_ws/install/control/lib/python3.10/site-packages/control-0.0.0-py3.10.egg-info
[6.975s] running install_scripts
[7.055s] Installing base_sub script to /home/r1/r1_ws/install/control/lib/control
[7.056s] Installing ir_left_pub script to /home/r1/r1_ws/install/control/lib/control
[7.057s] Installing ir_right_pub script to /home/r1/r1_ws/install/control/lib/control
[7.058s] Installing left_hand_sub script to /home/r1/r1_ws/install/control/lib/control
[7.059s] Installing sensors_sub script to /home/r1/r1_ws/install/control/lib/control
[7.060s] Installing us_pub script to /home/r1/r1_ws/install/control/lib/control
[7.062s] writing list of installed files to '/home/r1/r1_ws/build/control/install.log'
[7.188s] Invoked command in '/home/r1/r1_ws/src/control' returned '0': PYTHONPATH=/home/r1/r1_ws/build/control/prefix_override:/home/r1/r1_ws/install/control/lib/python3.10/site-packages:${PYTHONPATH} /usr/bin/python3 setup.py egg_info --egg-base ../../build/control build --build-base /home/r1/r1_ws/build/control/build install --record /home/r1/r1_ws/build/control/install.log --single-version-externally-managed
