[11.918s] Invoking command in '/home/r1/r1_ws/build/camera': PYTHONPATH=/home/r1/r1_ws/build/camera/prefix_override:/home/r1/r1_ws/install/camera/lib/python3.10/site-packages:${PYTHONPATH} /usr/bin/python3 setup.py develop --uninstall --editable --build-directory /home/r1/r1_ws/build/camera/build
[17.298s] running develop
[17.300s] /usr/lib/python3/dist-packages/setuptools/command/easy_install.py:158: EasyInstallDeprecationWarning: easy_install command is deprecated. Use build and pip and other standards-based tools.
[17.301s]   warnings.warn(
[17.306s] /usr/lib/python3/dist-packages/setuptools/command/install.py:34: SetuptoolsDeprecationWarning: setup.py install is deprecated. Use build and pip and other standards-based tools.
[17.307s]   warnings.warn(
[17.815s] /usr/lib/python3/dist-packages/pkg_resources/__init__.py:116: PkgResourcesDeprecationWarning: 1.1build1 is an invalid version and will not be supported in a future release
[17.815s]   warnings.warn(
[17.829s] /usr/lib/python3/dist-packages/pkg_resources/__init__.py:116: PkgResourcesDeprecationWarning: 0.1.43ubuntu1 is an invalid version and will not be supported in a future release
[17.830s]   warnings.warn(
[19.918s] Invoked command in '/home/r1/r1_ws/build/camera' returned '0': PYTHONPATH=/home/r1/r1_ws/build/camera/prefix_override:/home/r1/r1_ws/install/camera/lib/python3.10/site-packages:${PYTHONPATH} /usr/bin/python3 setup.py develop --uninstall --editable --build-directory /home/r1/r1_ws/build/camera/build
[19.921s] Invoking command in '/home/r1/r1_ws/src/camera': PYTHONPATH=/home/r1/r1_ws/build/camera/prefix_override:/home/r1/r1_ws/install/camera/lib/python3.10/site-packages:${PYTHONPATH} /usr/bin/python3 setup.py egg_info --egg-base ../../build/camera build --build-base /home/r1/r1_ws/build/camera/build install --record /home/r1/r1_ws/build/camera/install.log --single-version-externally-managed
[23.523s] running egg_info
[23.526s] writing ../../build/camera/camera.egg-info/PKG-INFO
[23.529s] writing dependency_links to ../../build/camera/camera.egg-info/dependency_links.txt
[23.531s] writing entry points to ../../build/camera/camera.egg-info/entry_points.txt
[23.532s] writing requirements to ../../build/camera/camera.egg-info/requires.txt
[23.532s] writing top-level names to ../../build/camera/camera.egg-info/top_level.txt
[23.543s] reading manifest file '../../build/camera/camera.egg-info/SOURCES.txt'
[23.557s] writing manifest file '../../build/camera/camera.egg-info/SOURCES.txt'
[23.567s] running build
[23.567s] running build_py
[23.571s] running install
[23.572s] /usr/lib/python3/dist-packages/setuptools/command/install.py:34: SetuptoolsDeprecationWarning: setup.py install is deprecated. Use build and pip and other standards-based tools.
[23.577s]   warnings.warn(
[23.578s] running install_lib
[23.583s] running install_data
[23.585s] running install_egg_info
[23.592s] removing '/home/r1/r1_ws/install/camera/lib/python3.10/site-packages/camera-0.0.0-py3.10.egg-info' (and everything under it)
[23.598s] Copying ../../build/camera/camera.egg-info to /home/r1/r1_ws/install/camera/lib/python3.10/site-packages/camera-0.0.0-py3.10.egg-info
[23.605s] running install_scripts
[23.722s] Installing frames_sub script to /home/r1/r1_ws/install/camera/lib/camera
[23.730s] Installing img_pub script to /home/r1/r1_ws/install/camera/lib/camera
[23.730s] writing list of installed files to '/home/r1/r1_ws/build/camera/install.log'
[23.963s] Invoked command in '/home/r1/r1_ws/src/camera' returned '0': PYTHONPATH=/home/r1/r1_ws/build/camera/prefix_override:/home/r1/r1_ws/install/camera/lib/python3.10/site-packages:${PYTHONPATH} /usr/bin/python3 setup.py egg_info --egg-base ../../build/camera build --build-base /home/r1/r1_ws/build/camera/build install --record /home/r1/r1_ws/build/camera/install.log --single-version-externally-managed
