[6.814s] Invoking command in '/home/r1/r1_ws/src/control': PYTHONPATH=/home/r1/r1_ws/build/control/prefix_override:/home/r1/r1_ws/install/control/lib/python3.10/site-packages:${PYTHONPATH} /usr/bin/python3 setup.py egg_info --egg-base ../../build/control build --build-base /home/r1/r1_ws/build/control/build install --record /home/r1/r1_ws/build/control/install.log --single-version-externally-managed
[8.342s] running egg_info
[8.345s] writing ../../build/control/control.egg-info/PKG-INFO
[8.348s] writing dependency_links to ../../build/control/control.egg-info/dependency_links.txt
[8.351s] writing entry points to ../../build/control/control.egg-info/entry_points.txt
[8.354s] writing requirements to ../../build/control/control.egg-info/requires.txt
[8.354s] writing top-level names to ../../build/control/control.egg-info/top_level.txt
[8.362s] reading manifest file '../../build/control/control.egg-info/SOURCES.txt'
[8.370s] writing manifest file '../../build/control/control.egg-info/SOURCES.txt'
[8.372s] running build
[8.373s] running build_py
[8.374s] copying control/ultrasonic.py -> /home/r1/r1_ws/build/control/build/lib/control
[8.375s] copying control/right_hand.py -> /home/r1/r1_ws/build/control/build/lib/control
[8.381s] copying control/base.py -> /home/r1/r1_ws/build/control/build/lib/control
[8.382s] running install
[8.382s] /usr/lib/python3/dist-packages/setuptools/command/install.py:34: SetuptoolsDeprecationWarning: setup.py install is deprecated. Use build and pip and other standards-based tools.
[8.383s]   warnings.warn(
[8.385s] running install_lib
[8.403s] copying /home/r1/r1_ws/build/control/build/lib/control/ultrasonic.py -> /home/r1/r1_ws/install/control/lib/python3.10/site-packages/control
[8.407s] copying /home/r1/r1_ws/build/control/build/lib/control/right_hand.py -> /home/r1/r1_ws/install/control/lib/python3.10/site-packages/control
[8.409s] copying /home/r1/r1_ws/build/control/build/lib/control/base.py -> /home/r1/r1_ws/install/control/lib/python3.10/site-packages/control
[8.412s] byte-compiling /home/r1/r1_ws/install/control/lib/python3.10/site-packages/control/ultrasonic.py to ultrasonic.cpython-310.pyc
[8.415s] byte-compiling /home/r1/r1_ws/install/control/lib/python3.10/site-packages/control/right_hand.py to right_hand.cpython-310.pyc
[8.420s] byte-compiling /home/r1/r1_ws/install/control/lib/python3.10/site-packages/control/base.py to base.cpython-310.pyc
[8.433s] running install_data
[8.434s] running install_egg_info
[8.436s] removing '/home/r1/r1_ws/install/control/lib/python3.10/site-packages/control-0.0.0-py3.10.egg-info' (and everything under it)
[8.450s] Copying ../../build/control/control.egg-info to /home/r1/r1_ws/install/control/lib/python3.10/site-packages/control-0.0.0-py3.10.egg-info
[8.454s] running install_scripts
[8.546s] Installing ir_left_pub script to /home/r1/r1_ws/install/control/lib/control
[8.547s] Installing ir_right_pub script to /home/r1/r1_ws/install/control/lib/control
[8.549s] Installing sensors_sub script to /home/r1/r1_ws/install/control/lib/control
[8.551s] Installing us_pub script to /home/r1/r1_ws/install/control/lib/control
[8.553s] writing list of installed files to '/home/r1/r1_ws/build/control/install.log'
[8.902s] Invoked command in '/home/r1/r1_ws/src/control' returned '0': PYTHONPATH=/home/r1/r1_ws/build/control/prefix_override:/home/r1/r1_ws/install/control/lib/python3.10/site-packages:${PYTHONPATH} /usr/bin/python3 setup.py egg_info --egg-base ../../build/control build --build-base /home/r1/r1_ws/build/control/build install --record /home/r1/r1_ws/build/control/install.log --single-version-externally-managed
