[6.310s] Invoking command in '/home/r1/r1_ws/src/control': PYTHONPATH=/home/r1/r1_ws/build/control/prefix_override:/home/r1/r1_ws/install/control/lib/python3.10/site-packages:${PYTHONPATH} /usr/bin/python3 setup.py egg_info --egg-base ../../build/control build --build-base /home/r1/r1_ws/build/control/build install --record /home/r1/r1_ws/build/control/install.log --single-version-externally-managed
[7.948s] running egg_info
[7.951s] writing ../../build/control/control.egg-info/PKG-INFO
[7.954s] writing dependency_links to ../../build/control/control.egg-info/dependency_links.txt
[7.960s] writing entry points to ../../build/control/control.egg-info/entry_points.txt
[7.962s] writing requirements to ../../build/control/control.egg-info/requires.txt
[7.963s] writing top-level names to ../../build/control/control.egg-info/top_level.txt
[7.969s] reading manifest file '../../build/control/control.egg-info/SOURCES.txt'
[7.976s] writing manifest file '../../build/control/control.egg-info/SOURCES.txt'
[7.977s] running build
[7.978s] running build_py
[7.979s] copying control/ultrasonic.py -> /home/r1/r1_ws/build/control/build/lib/control
[7.980s] running install
[7.983s] /usr/lib/python3/dist-packages/setuptools/command/install.py:34: SetuptoolsDeprecationWarning: setup.py install is deprecated. Use build and pip and other standards-based tools.
[7.983s]   warnings.warn(
[7.984s] running install_lib
[7.988s] copying /home/r1/r1_ws/build/control/build/lib/control/ultrasonic.py -> /home/r1/r1_ws/install/control/lib/python3.10/site-packages/control
[7.992s] byte-compiling /home/r1/r1_ws/install/control/lib/python3.10/site-packages/control/ultrasonic.py to ultrasonic.cpython-310.pyc
[7.996s] running install_data
[7.999s] running install_egg_info
[8.007s] removing '/home/r1/r1_ws/install/control/lib/python3.10/site-packages/control-0.0.0-py3.10.egg-info' (and everything under it)
[8.009s] Copying ../../build/control/control.egg-info to /home/r1/r1_ws/install/control/lib/python3.10/site-packages/control-0.0.0-py3.10.egg-info
[8.017s] running install_scripts
[8.136s] Installing ir_left_pub script to /home/r1/r1_ws/install/control/lib/control
[8.138s] Installing ir_right_pub script to /home/r1/r1_ws/install/control/lib/control
[8.141s] Installing sensors_sub script to /home/r1/r1_ws/install/control/lib/control
[8.142s] Installing us_pub script to /home/r1/r1_ws/install/control/lib/control
[8.153s] writing list of installed files to '/home/r1/r1_ws/build/control/install.log'
[8.423s] Invoked command in '/home/r1/r1_ws/src/control' returned '0': PYTHONPATH=/home/r1/r1_ws/build/control/prefix_override:/home/r1/r1_ws/install/control/lib/python3.10/site-packages:${PYTHONPATH} /usr/bin/python3 setup.py egg_info --egg-base ../../build/control build --build-base /home/r1/r1_ws/build/control/build install --record /home/r1/r1_ws/build/control/install.log --single-version-externally-managed
