[5.796s] Invoking command in '/home/r1/r1_ws/src/camera': PYTHONPATH=/home/r1/r1_ws/build/camera/prefix_override:/home/r1/r1_ws/install/camera/lib/python3.10/site-packages:${PYTHONPATH} /usr/bin/python3 setup.py egg_info --egg-base ../../build/camera build --build-base /home/r1/r1_ws/build/camera/build install --record /home/r1/r1_ws/build/camera/install.log --single-version-externally-managed
[7.510s] running egg_info
[7.513s] writing ../../build/camera/camera.egg-info/PKG-INFO
[7.517s] writing dependency_links to ../../build/camera/camera.egg-info/dependency_links.txt
[7.519s] writing entry points to ../../build/camera/camera.egg-info/entry_points.txt
[7.520s] writing requirements to ../../build/camera/camera.egg-info/requires.txt
[7.520s] writing top-level names to ../../build/camera/camera.egg-info/top_level.txt
[7.529s] reading manifest file '../../build/camera/camera.egg-info/SOURCES.txt'
[7.535s] writing manifest file '../../build/camera/camera.egg-info/SOURCES.txt'
[7.537s] running build
[7.538s] running build_py
[7.540s] copying camera/detection_subscriber.py -> /home/r1/r1_ws/build/camera/build/lib/camera
[7.541s] running install
[7.542s] /usr/lib/python3/dist-packages/setuptools/command/install.py:34: SetuptoolsDeprecationWarning: setup.py install is deprecated. Use build and pip and other standards-based tools.
[7.542s]   warnings.warn(
[7.543s] running install_lib
[7.547s] copying /home/r1/r1_ws/build/camera/build/lib/camera/detection_subscriber.py -> /home/r1/r1_ws/install/camera/lib/python3.10/site-packages/camera
[7.550s] byte-compiling /home/r1/r1_ws/install/camera/lib/python3.10/site-packages/camera/detection_subscriber.py to detection_subscriber.cpython-310.pyc
[7.555s] running install_data
[7.557s] running install_egg_info
[7.573s] removing '/home/r1/r1_ws/install/camera/lib/python3.10/site-packages/camera-0.0.0-py3.10.egg-info' (and everything under it)
[7.574s] Copying ../../build/camera/camera.egg-info to /home/r1/r1_ws/install/camera/lib/python3.10/site-packages/camera-0.0.0-py3.10.egg-info
[7.580s] running install_scripts
[7.703s] Installing detection_sub script to /home/r1/r1_ws/install/camera/lib/camera
[7.705s] Installing frames_sub script to /home/r1/r1_ws/install/camera/lib/camera
[7.707s] Installing img_pub script to /home/r1/r1_ws/install/camera/lib/camera
[7.709s] writing list of installed files to '/home/r1/r1_ws/build/camera/install.log'
[7.919s] Invoked command in '/home/r1/r1_ws/src/camera' returned '0': PYTHONPATH=/home/r1/r1_ws/build/camera/prefix_override:/home/r1/r1_ws/install/camera/lib/python3.10/site-packages:${PYTHONPATH} /usr/bin/python3 setup.py egg_info --egg-base ../../build/camera build --build-base /home/r1/r1_ws/build/camera/build install --record /home/r1/r1_ws/build/camera/install.log --single-version-externally-managed
