[4.906s] Invoking command in '/home/r1/r1_ws/src/control': PYTHONPATH=/home/r1/r1_ws/build/control/prefix_override:/home/r1/r1_ws/install/control/lib/python3.10/site-packages:${PYTHONPATH} /usr/bin/python3 setup.py egg_info --egg-base ../../build/control build --build-base /home/r1/r1_ws/build/control/build install --record /home/r1/r1_ws/build/control/install.log --single-version-externally-managed
[6.275s] running egg_info
[6.278s] writing ../../build/control/control.egg-info/PKG-INFO
[6.279s] writing dependency_links to ../../build/control/control.egg-info/dependency_links.txt
[6.280s] writing entry points to ../../build/control/control.egg-info/entry_points.txt
[6.280s] writing requirements to ../../build/control/control.egg-info/requires.txt
[6.281s] writing top-level names to ../../build/control/control.egg-info/top_level.txt
[6.290s] reading manifest file '../../build/control/control.egg-info/SOURCES.txt'
[6.295s] writing manifest file '../../build/control/control.egg-info/SOURCES.txt'
[6.295s] running build
[6.296s] running build_py
[6.298s] running install
[6.299s] /usr/lib/python3/dist-packages/setuptools/command/install.py:34: SetuptoolsDeprecationWarning: setup.py install is deprecated. Use build and pip and other standards-based tools.
[6.302s]   warnings.warn(
[6.303s] running install_lib
[6.308s] running install_data
[6.310s] running install_egg_info
[6.317s] removing '/home/r1/r1_ws/install/control/lib/python3.10/site-packages/control-0.0.0-py3.10.egg-info' (and everything under it)
[6.319s] Copying ../../build/control/control.egg-info to /home/r1/r1_ws/install/control/lib/python3.10/site-packages/control-0.0.0-py3.10.egg-info
[6.328s] running install_scripts
[6.433s] writing list of installed files to '/home/r1/r1_ws/build/control/install.log'
[6.658s] Invoked command in '/home/r1/r1_ws/src/control' returned '0': PYTHONPATH=/home/r1/r1_ws/build/control/prefix_override:/home/r1/r1_ws/install/control/lib/python3.10/site-packages:${PYTHONPATH} /usr/bin/python3 setup.py egg_info --egg-base ../../build/control build --build-base /home/r1/r1_ws/build/control/build install --record /home/r1/r1_ws/build/control/install.log --single-version-externally-managed
