running develop
running egg_info
writing ../../build/control/control.egg-info/PKG-INFO
writing dependency_links to ../../build/control/control.egg-info/dependency_links.txt
writing entry points to ../../build/control/control.egg-info/entry_points.txt
writing requirements to ../../build/control/control.egg-info/requires.txt
writing top-level names to ../../build/control/control.egg-info/top_level.txt
reading manifest file '../../build/control/control.egg-info/SOURCES.txt'
writing manifest file '../../build/control/control.egg-info/SOURCES.txt'
running build
running build_py
copying control/head.py -> /home/r1/r1_ws/build/control/build/lib/control
copying control/ultrasonic_test.py -> /home/r1/r1_ws/build/control/build/lib/control
copying control/base_test.py -> /home/r1/r1_ws/build/control/build/lib/control
running install
running install_lib
copying /home/r1/r1_ws/build/control/build/lib/control/head.py -> /home/r1/r1_ws/install/control/lib/python3.10/site-packages/control
copying /home/r1/r1_ws/build/control/build/lib/control/ultrasonic_test.py -> /home/r1/r1_ws/install/control/lib/python3.10/site-packages/control
copying /home/r1/r1_ws/build/control/build/lib/control/base_test.py -> /home/r1/r1_ws/install/control/lib/python3.10/site-packages/control
byte-compiling /home/r1/r1_ws/install/control/lib/python3.10/site-packages/control/head.py to head.cpython-310.pyc
byte-compiling /home/r1/r1_ws/install/control/lib/python3.10/site-packages/control/ultrasonic_test.py to ultrasonic_test.cpython-310.pyc
byte-compiling /home/r1/r1_ws/install/control/lib/python3.10/site-packages/control/base_test.py to base_test.cpython-310.pyc
running install_data
running install_egg_info
removing '/home/r1/r1_ws/install/control/lib/python3.10/site-packages/control-0.0.0-py3.10.egg-info' (and everything under it)
Copying ../../build/control/control.egg-info to /home/r1/r1_ws/install/control/lib/python3.10/site-packages/control-0.0.0-py3.10.egg-info
running install_scripts
Installing base_sub script to /home/r1/r1_ws/install/control/lib/control
Installing head_sub script to /home/r1/r1_ws/install/control/lib/control
Installing ir_left_pub script to /home/r1/r1_ws/install/control/lib/control
Installing ir_right_pub script to /home/r1/r1_ws/install/control/lib/control
Installing left_hand_sub script to /home/r1/r1_ws/install/control/lib/control
Installing right_hand_sub script to /home/r1/r1_ws/install/control/lib/control
Installing sensors_sub script to /home/r1/r1_ws/install/control/lib/control
Installing us_pub script to /home/r1/r1_ws/install/control/lib/control
writing list of installed files to '/home/r1/r1_ws/build/control/install.log'
