[3.186s] Invoking command in '/home/r1/r1_ws/build/control': PYTHONPATH=/home/r1/r1_ws/build/control/prefix_override:/home/r1/r1_ws/install/control/lib/python3.10/site-packages:${PYTHONPATH} /usr/bin/python3 setup.py develop --uninstall --editable --build-directory /home/r1/r1_ws/build/control/build
[4.500s] running develop
[4.501s] /usr/lib/python3/dist-packages/setuptools/command/easy_install.py:158: EasyInstallDeprecationWarning: easy_install command is deprecated. Use build and pip and other standards-based tools.
[4.502s]   warnings.warn(
[4.507s] /usr/lib/python3/dist-packages/setuptools/command/install.py:34: SetuptoolsDeprecationWarning: setup.py install is deprecated. Use build and pip and other standards-based tools.
[4.507s]   warnings.warn(
[4.812s] /usr/lib/python3/dist-packages/pkg_resources/__init__.py:116: PkgResourcesDeprecationWarning: 1.1build1 is an invalid version and will not be supported in a future release
[4.813s]   warnings.warn(
[4.814s] /usr/lib/python3/dist-packages/pkg_resources/__init__.py:116: PkgResourcesDeprecationWarning: 0.1.43ubuntu1 is an invalid version and will not be supported in a future release
[4.814s]   warnings.warn(
[5.481s] Invoked command in '/home/r1/r1_ws/build/control' returned '0': PYTHONPATH=/home/r1/r1_ws/build/control/prefix_override:/home/r1/r1_ws/install/control/lib/python3.10/site-packages:${PYTHONPATH} /usr/bin/python3 setup.py develop --uninstall --editable --build-directory /home/r1/r1_ws/build/control/build
[5.489s] Invoking command in '/home/r1/r1_ws/src/control': PYTHONPATH=/home/r1/r1_ws/build/control/prefix_override:/home/r1/r1_ws/install/control/lib/python3.10/site-packages:${PYTHONPATH} /usr/bin/python3 setup.py egg_info --egg-base ../../build/control build --build-base /home/r1/r1_ws/build/control/build install --record /home/r1/r1_ws/build/control/install.log --single-version-externally-managed
[6.682s] running egg_info
[6.686s] writing ../../build/control/control.egg-info/PKG-INFO
[6.687s] writing dependency_links to ../../build/control/control.egg-info/dependency_links.txt
[6.688s] writing entry points to ../../build/control/control.egg-info/entry_points.txt
[6.689s] writing requirements to ../../build/control/control.egg-info/requires.txt
[6.690s] writing top-level names to ../../build/control/control.egg-info/top_level.txt
[6.699s] reading manifest file '../../build/control/control.egg-info/SOURCES.txt'
[6.703s] writing manifest file '../../build/control/control.egg-info/SOURCES.txt'
[6.704s] running build
[6.704s] running build_py
[6.706s] copying control/head.py -> /home/r1/r1_ws/build/control/build/lib/control
[6.707s] copying control/ultrasonic_test.py -> /home/r1/r1_ws/build/control/build/lib/control
[6.708s] copying control/base_test.py -> /home/r1/r1_ws/build/control/build/lib/control
[6.712s] running install
[6.712s] /usr/lib/python3/dist-packages/setuptools/command/install.py:34: SetuptoolsDeprecationWarning: setup.py install is deprecated. Use build and pip and other standards-based tools.
[6.713s]   warnings.warn(
[6.713s] running install_lib
[6.718s] copying /home/r1/r1_ws/build/control/build/lib/control/head.py -> /home/r1/r1_ws/install/control/lib/python3.10/site-packages/control
[6.719s] copying /home/r1/r1_ws/build/control/build/lib/control/ultrasonic_test.py -> /home/r1/r1_ws/install/control/lib/python3.10/site-packages/control
[6.720s] copying /home/r1/r1_ws/build/control/build/lib/control/base_test.py -> /home/r1/r1_ws/install/control/lib/python3.10/site-packages/control
[6.724s] byte-compiling /home/r1/r1_ws/install/control/lib/python3.10/site-packages/control/head.py to head.cpython-310.pyc
[6.726s] byte-compiling /home/r1/r1_ws/install/control/lib/python3.10/site-packages/control/ultrasonic_test.py to ultrasonic_test.cpython-310.pyc
[6.729s] byte-compiling /home/r1/r1_ws/install/control/lib/python3.10/site-packages/control/base_test.py to base_test.cpython-310.pyc
[6.731s] running install_data
[6.734s] running install_egg_info
[6.740s] removing '/home/r1/r1_ws/install/control/lib/python3.10/site-packages/control-0.0.0-py3.10.egg-info' (and everything under it)
[6.742s] Copying ../../build/control/control.egg-info to /home/r1/r1_ws/install/control/lib/python3.10/site-packages/control-0.0.0-py3.10.egg-info
[6.749s] running install_scripts
[6.828s] Installing base_sub script to /home/r1/r1_ws/install/control/lib/control
[6.829s] Installing head_sub script to /home/r1/r1_ws/install/control/lib/control
[6.830s] Installing ir_left_pub script to /home/r1/r1_ws/install/control/lib/control
[6.830s] Installing ir_right_pub script to /home/r1/r1_ws/install/control/lib/control
[6.831s] Installing left_hand_sub script to /home/r1/r1_ws/install/control/lib/control
[6.832s] Installing right_hand_sub script to /home/r1/r1_ws/install/control/lib/control
[6.833s] Installing sensors_sub script to /home/r1/r1_ws/install/control/lib/control
[6.834s] Installing us_pub script to /home/r1/r1_ws/install/control/lib/control
[6.837s] writing list of installed files to '/home/r1/r1_ws/build/control/install.log'
[6.966s] Invoked command in '/home/r1/r1_ws/src/control' returned '0': PYTHONPATH=/home/r1/r1_ws/build/control/prefix_override:/home/r1/r1_ws/install/control/lib/python3.10/site-packages:${PYTHONPATH} /usr/bin/python3 setup.py egg_info --egg-base ../../build/control build --build-base /home/r1/r1_ws/build/control/build install --record /home/r1/r1_ws/build/control/install.log --single-version-externally-managed
