[9.656s] Invoking command in '/home/r1/r1_ws/build/voice': PYTHONPATH=/home/r1/r1_ws/build/voice/prefix_override:/home/r1/r1_ws/install/voice/lib/python3.10/site-packages:${PYTHONPATH} /usr/bin/python3 setup.py develop --uninstall --editable --build-directory /home/r1/r1_ws/build/voice/build
[13.577s] running develop
[13.588s] /usr/lib/python3/dist-packages/setuptools/command/easy_install.py:158: EasyInstallDeprecationWarning: easy_install command is deprecated. Use build and pip and other standards-based tools.
[13.590s]   warnings.warn(
[13.596s] /usr/lib/python3/dist-packages/setuptools/command/install.py:34: SetuptoolsDeprecationWarning: setup.py install is deprecated. Use build and pip and other standards-based tools.
[13.597s]   warnings.warn(
[14.370s] /usr/lib/python3/dist-packages/pkg_resources/__init__.py:116: PkgResourcesDeprecationWarning: 1.1build1 is an invalid version and will not be supported in a future release
[14.370s]   warnings.warn(
[14.374s] /usr/lib/python3/dist-packages/pkg_resources/__init__.py:116: PkgResourcesDeprecationWarning: 0.1.43ubuntu1 is an invalid version and will not be supported in a future release
[14.374s]   warnings.warn(
[15.825s] Invoked command in '/home/r1/r1_ws/build/voice' returned '0': PYTHONPATH=/home/r1/r1_ws/build/voice/prefix_override:/home/r1/r1_ws/install/voice/lib/python3.10/site-packages:${PYTHONPATH} /usr/bin/python3 setup.py develop --uninstall --editable --build-directory /home/r1/r1_ws/build/voice/build
[15.843s] Invoking command in '/home/r1/r1_ws/src/voice': PYTHONPATH=/home/r1/r1_ws/build/voice/prefix_override:/home/r1/r1_ws/install/voice/lib/python3.10/site-packages:${PYTHONPATH} /usr/bin/python3 setup.py egg_info --egg-base ../../build/voice build --build-base /home/r1/r1_ws/build/voice/build install --record /home/r1/r1_ws/build/voice/install.log --single-version-externally-managed
[19.618s] running egg_info
[19.627s] writing ../../build/voice/voice.egg-info/PKG-INFO
[19.630s] writing dependency_links to ../../build/voice/voice.egg-info/dependency_links.txt
[19.633s] writing entry points to ../../build/voice/voice.egg-info/entry_points.txt
[19.643s] writing requirements to ../../build/voice/voice.egg-info/requires.txt
[19.644s] writing top-level names to ../../build/voice/voice.egg-info/top_level.txt
[19.663s] reading manifest file '../../build/voice/voice.egg-info/SOURCES.txt'
[19.678s] writing manifest file '../../build/voice/voice.egg-info/SOURCES.txt'
[19.680s] running build
[19.682s] running build_py
[19.693s] running install
[19.695s] /usr/lib/python3/dist-packages/setuptools/command/install.py:34: SetuptoolsDeprecationWarning: setup.py install is deprecated. Use build and pip and other standards-based tools.
[19.709s]   warnings.warn(
[19.710s] running install_lib
[19.723s] running install_data
[19.731s] running install_egg_info
[19.750s] removing '/home/r1/r1_ws/install/voice/lib/python3.10/site-packages/voice-0.0.0-py3.10.egg-info' (and everything under it)
[19.757s] Copying ../../build/voice/voice.egg-info to /home/r1/r1_ws/install/voice/lib/python3.10/site-packages/voice-0.0.0-py3.10.egg-info
[19.776s] running install_scripts
[20.141s] Installing voice_sub script to /home/r1/r1_ws/install/voice/lib/voice
[20.145s] writing list of installed files to '/home/r1/r1_ws/build/voice/install.log'
[20.806s] Invoked command in '/home/r1/r1_ws/src/voice' returned '0': PYTHONPATH=/home/r1/r1_ws/build/voice/prefix_override:/home/r1/r1_ws/install/voice/lib/python3.10/site-packages:${PYTHONPATH} /usr/bin/python3 setup.py egg_info --egg-base ../../build/voice build --build-base /home/r1/r1_ws/build/voice/build install --record /home/r1/r1_ws/build/voice/install.log --single-version-externally-managed
