running egg_info
writing ../../build/camera/camera.egg-info/PKG-INFO
writing dependency_links to ../../build/camera/camera.egg-info/dependency_links.txt
writing entry points to ../../build/camera/camera.egg-info/entry_points.txt
writing requirements to ../../build/camera/camera.egg-info/requires.txt
writing top-level names to ../../build/camera/camera.egg-info/top_level.txt
reading manifest file '../../build/camera/camera.egg-info/SOURCES.txt'
writing manifest file '../../build/camera/camera.egg-info/SOURCES.txt'
running build
running build_py
copying camera/detection_subscriber.py -> /home/r1/r1_ws/build/camera/build/lib/camera
copying camera/voice.py -> /home/r1/r1_ws/build/camera/build/lib/camera
running install
/usr/lib/python3/dist-packages/setuptools/command/install.py:34: SetuptoolsDeprecationWarning: setup.py install is deprecated. Use build and pip and other standards-based tools.
  warnings.warn(
running install_lib
copying /home/r1/r1_ws/build/camera/build/lib/camera/detection_subscriber.py -> /home/r1/r1_ws/install/camera/lib/python3.10/site-packages/camera
copying /home/r1/r1_ws/build/camera/build/lib/camera/voice.py -> /home/r1/r1_ws/install/camera/lib/python3.10/site-packages/camera
byte-compiling /home/r1/r1_ws/install/camera/lib/python3.10/site-packages/camera/detection_subscriber.py to detection_subscriber.cpython-310.pyc
byte-compiling /home/r1/r1_ws/install/camera/lib/python3.10/site-packages/camera/voice.py to voice.cpython-310.pyc
running install_data
running install_egg_info
removing '/home/r1/r1_ws/install/camera/lib/python3.10/site-packages/camera-0.0.0-py3.10.egg-info' (and everything under it)
Copying ../../build/camera/camera.egg-info to /home/r1/r1_ws/install/camera/lib/python3.10/site-packages/camera-0.0.0-py3.10.egg-info
running install_scripts
Installing detection_sub script to /home/r1/r1_ws/install/camera/lib/camera
Installing frames_sub script to /home/r1/r1_ws/install/camera/lib/camera
Installing img_pub script to /home/r1/r1_ws/install/camera/lib/camera
writing list of installed files to '/home/r1/r1_ws/build/camera/install.log'
