[4.875s] Invoking command in '/home/r1/r1_ws/src/control': PYTHONPATH=/home/r1/r1_ws/build/control/prefix_override:/home/r1/r1_ws/install/control/lib/python3.10/site-packages:${PYTHONPATH} /usr/bin/python3 setup.py egg_info --egg-base ../../build/control build --build-base /home/r1/r1_ws/build/control/build install --record /home/r1/r1_ws/build/control/install.log --single-version-externally-managed
[6.282s] running egg_info
[6.285s] writing ../../build/control/control.egg-info/PKG-INFO
[6.289s] writing dependency_links to ../../build/control/control.egg-info/dependency_links.txt
[6.292s] writing entry points to ../../build/control/control.egg-info/entry_points.txt
[6.294s] writing requirements to ../../build/control/control.egg-info/requires.txt
[6.295s] writing top-level names to ../../build/control/control.egg-info/top_level.txt
[6.305s] reading manifest file '../../build/control/control.egg-info/SOURCES.txt'
[6.308s] writing manifest file '../../build/control/control.egg-info/SOURCES.txt'
[6.309s] running build
[6.310s] running build_py
[6.313s] running install
[6.314s] /usr/lib/python3/dist-packages/setuptools/command/install.py:34: SetuptoolsDeprecationWarning: setup.py install is deprecated. Use build and pip and other standards-based tools.
[6.314s]   warnings.warn(
[6.315s] running install_lib
[6.323s] running install_data
[6.325s] running install_egg_info
[6.332s] removing '/home/r1/r1_ws/install/control/lib/python3.10/site-packages/control-0.0.0-py3.10.egg-info' (and everything under it)
[6.334s] Copying ../../build/control/control.egg-info to /home/r1/r1_ws/install/control/lib/python3.10/site-packages/control-0.0.0-py3.10.egg-info
[6.341s] running install_scripts
[6.436s] Installing ir_left_pub script to /home/r1/r1_ws/install/control/lib/control
[6.437s] Installing ir_right_pub script to /home/r1/r1_ws/install/control/lib/control
[6.438s] Installing sensors_sub script to /home/r1/r1_ws/install/control/lib/control
[6.439s] Installing us_pub script to /home/r1/r1_ws/install/control/lib/control
[6.441s] writing list of installed files to '/home/r1/r1_ws/build/control/install.log'
[6.623s] Invoked command in '/home/r1/r1_ws/src/control' returned '0': PYTHONPATH=/home/r1/r1_ws/build/control/prefix_override:/home/r1/r1_ws/install/control/lib/python3.10/site-packages:${PYTHONPATH} /usr/bin/python3 setup.py egg_info --egg-base ../../build/control build --build-base /home/r1/r1_ws/build/control/build install --record /home/r1/r1_ws/build/control/install.log --single-version-externally-managed
