running develop
/usr/lib/python3/dist-packages/setuptools/command/easy_install.py:158: EasyInstallDeprecationWarning: easy_install command is deprecated. Use build and pip and other standards-based tools.
  warnings.warn(
/usr/lib/python3/dist-packages/setuptools/command/install.py:34: SetuptoolsDeprecationWarning: setup.py install is deprecated. Use build and pip and other standards-based tools.
  warnings.warn(
/usr/lib/python3/dist-packages/pkg_resources/__init__.py:116: PkgResourcesDeprecationWarning: 1.1build1 is an invalid version and will not be supported in a future release
  warnings.warn(
/usr/lib/python3/dist-packages/pkg_resources/__init__.py:116: PkgResourcesDeprecationWarning: 0.1.43ubuntu1 is an invalid version and will not be supported in a future release
  warnings.warn(
Removing /home/r1/r1_ws/install/control/lib/python3.10/site-packages/control.egg-link (link to .)
running egg_info
writing ../../build/control/control.egg-info/PKG-INFO
writing dependency_links to ../../build/control/control.egg-info/dependency_links.txt
writing entry points to ../../build/control/control.egg-info/entry_points.txt
writing requirements to ../../build/control/control.egg-info/requires.txt
writing top-level names to ../../build/control/control.egg-info/top_level.txt
reading manifest file '../../build/control/control.egg-info/SOURCES.txt'
writing manifest file '../../build/control/control.egg-info/SOURCES.txt'
running build
running build_py
copying control/left_hand_sub.py -> /home/r1/r1_ws/build/control/build/lib/control
running install
/usr/lib/python3/dist-packages/setuptools/command/install.py:34: SetuptoolsDeprecationWarning: setup.py install is deprecated. Use build and pip and other standards-based tools.
  warnings.warn(
running install_lib
creating /home/r1/r1_ws/install/control/lib/python3.10/site-packages/control
copying /home/r1/r1_ws/build/control/build/lib/control/ultrasonic.py -> /home/r1/r1_ws/install/control/lib/python3.10/site-packages/control
copying /home/r1/r1_ws/build/control/build/lib/control/sensors.py -> /home/r1/r1_ws/install/control/lib/python3.10/site-packages/control
copying /home/r1/r1_ws/build/control/build/lib/control/right_hand.py -> /home/r1/r1_ws/install/control/lib/python3.10/site-packages/control
copying /home/r1/r1_ws/build/control/build/lib/control/servos_cp.py -> /home/r1/r1_ws/install/control/lib/python3.10/site-packages/control
copying /home/r1/r1_ws/build/control/build/lib/control/__init__.py -> /home/r1/r1_ws/install/control/lib/python3.10/site-packages/control
copying /home/r1/r1_ws/build/control/build/lib/control/eyes.py -> /home/r1/r1_ws/install/control/lib/python3.10/site-packages/control
copying /home/r1/r1_ws/build/control/build/lib/control/left_hand_sub.py -> /home/r1/r1_ws/install/control/lib/python3.10/site-packages/control
copying /home/r1/r1_ws/build/control/build/lib/control/base.py -> /home/r1/r1_ws/install/control/lib/python3.10/site-packages/control
copying /home/r1/r1_ws/build/control/build/lib/control/base_test.py -> /home/r1/r1_ws/install/control/lib/python3.10/site-packages/control
copying /home/r1/r1_ws/build/control/build/lib/control/servos.py -> /home/r1/r1_ws/install/control/lib/python3.10/site-packages/control
copying /home/r1/r1_ws/build/control/build/lib/control/infrared_right.py -> /home/r1/r1_ws/install/control/lib/python3.10/site-packages/control
copying /home/r1/r1_ws/build/control/build/lib/control/infrared_left.py -> /home/r1/r1_ws/install/control/lib/python3.10/site-packages/control
byte-compiling /home/r1/r1_ws/install/control/lib/python3.10/site-packages/control/ultrasonic.py to ultrasonic.cpython-310.pyc
byte-compiling /home/r1/r1_ws/install/control/lib/python3.10/site-packages/control/sensors.py to sensors.cpython-310.pyc
byte-compiling /home/r1/r1_ws/install/control/lib/python3.10/site-packages/control/right_hand.py to right_hand.cpython-310.pyc
byte-compiling /home/r1/r1_ws/install/control/lib/python3.10/site-packages/control/servos_cp.py to servos_cp.cpython-310.pyc
byte-compiling /home/r1/r1_ws/install/control/lib/python3.10/site-packages/control/__init__.py to __init__.cpython-310.pyc
byte-compiling /home/r1/r1_ws/install/control/lib/python3.10/site-packages/control/eyes.py to eyes.cpython-310.pyc
byte-compiling /home/r1/r1_ws/install/control/lib/python3.10/site-packages/control/left_hand_sub.py to left_hand_sub.cpython-310.pyc
byte-compiling /home/r1/r1_ws/install/control/lib/python3.10/site-packages/control/base.py to base.cpython-310.pyc
byte-compiling /home/r1/r1_ws/install/control/lib/python3.10/site-packages/control/base_test.py to base_test.cpython-310.pyc
byte-compiling /home/r1/r1_ws/install/control/lib/python3.10/site-packages/control/servos.py to servos.cpython-310.pyc
byte-compiling /home/r1/r1_ws/install/control/lib/python3.10/site-packages/control/infrared_right.py to infrared_right.cpython-310.pyc
byte-compiling /home/r1/r1_ws/install/control/lib/python3.10/site-packages/control/infrared_left.py to infrared_left.cpython-310.pyc
running install_data
running install_egg_info
Copying ../../build/control/control.egg-info to /home/r1/r1_ws/install/control/lib/python3.10/site-packages/control-0.0.0-py3.10.egg-info
running install_scripts
Installing base_sub script to /home/r1/r1_ws/install/control/lib/control
Installing ir_left_pub script to /home/r1/r1_ws/install/control/lib/control
Installing ir_right_pub script to /home/r1/r1_ws/install/control/lib/control
Installing left_hand_sub script to /home/r1/r1_ws/install/control/lib/control
Installing sensors_sub script to /home/r1/r1_ws/install/control/lib/control
Installing us_pub script to /home/r1/r1_ws/install/control/lib/control
writing list of installed files to '/home/r1/r1_ws/build/control/install.log'
