[3.238s] Invoking command in '/home/r1/r1_ws/build/control': PYTHONPATH=/home/r1/r1_ws/build/control/prefix_override:/home/r1/r1_ws/install/control/lib/python3.10/site-packages:${PYTHONPATH} /usr/bin/python3 setup.py develop --uninstall --editable --build-directory /home/r1/r1_ws/build/control/build
[4.506s] running develop
[4.507s] /usr/lib/python3/dist-packages/setuptools/command/easy_install.py:158: EasyInstallDeprecationWarning: easy_install command is deprecated. Use build and pip and other standards-based tools.
[4.508s]   warnings.warn(
[4.513s] /usr/lib/python3/dist-packages/setuptools/command/install.py:34: SetuptoolsDeprecationWarning: setup.py install is deprecated. Use build and pip and other standards-based tools.
[4.513s]   warnings.warn(
[4.805s] /usr/lib/python3/dist-packages/pkg_resources/__init__.py:116: PkgResourcesDeprecationWarning: 1.1build1 is an invalid version and will not be supported in a future release
[4.806s]   warnings.warn(
[4.807s] /usr/lib/python3/dist-packages/pkg_resources/__init__.py:116: PkgResourcesDeprecationWarning: 0.1.43ubuntu1 is an invalid version and will not be supported in a future release
[4.807s]   warnings.warn(
[5.345s] Removing /home/r1/r1_ws/install/control/lib/python3.10/site-packages/control.egg-link (link to .)
[5.480s] Invoked command in '/home/r1/r1_ws/build/control' returned '0': PYTHONPATH=/home/r1/r1_ws/build/control/prefix_override:/home/r1/r1_ws/install/control/lib/python3.10/site-packages:${PYTHONPATH} /usr/bin/python3 setup.py develop --uninstall --editable --build-directory /home/r1/r1_ws/build/control/build
[5.489s] Invoking command in '/home/r1/r1_ws/src/control': PYTHONPATH=/home/r1/r1_ws/build/control/prefix_override:/home/r1/r1_ws/install/control/lib/python3.10/site-packages:${PYTHONPATH} /usr/bin/python3 setup.py egg_info --egg-base ../../build/control build --build-base /home/r1/r1_ws/build/control/build install --record /home/r1/r1_ws/build/control/install.log --single-version-externally-managed
[6.684s] running egg_info
[6.687s] writing ../../build/control/control.egg-info/PKG-INFO
[6.688s] writing dependency_links to ../../build/control/control.egg-info/dependency_links.txt
[6.689s] writing entry points to ../../build/control/control.egg-info/entry_points.txt
[6.690s] writing requirements to ../../build/control/control.egg-info/requires.txt
[6.691s] writing top-level names to ../../build/control/control.egg-info/top_level.txt
[6.699s] reading manifest file '../../build/control/control.egg-info/SOURCES.txt'
[6.703s] writing manifest file '../../build/control/control.egg-info/SOURCES.txt'
[6.704s] running build
[6.705s] running build_py
[6.707s] copying control/left_hand_sub.py -> /home/r1/r1_ws/build/control/build/lib/control
[6.709s] running install
[6.710s] /usr/lib/python3/dist-packages/setuptools/command/install.py:34: SetuptoolsDeprecationWarning: setup.py install is deprecated. Use build and pip and other standards-based tools.
[6.710s]   warnings.warn(
[6.711s] running install_lib
[6.715s] creating /home/r1/r1_ws/install/control/lib/python3.10/site-packages/control
[6.715s] copying /home/r1/r1_ws/build/control/build/lib/control/ultrasonic.py -> /home/r1/r1_ws/install/control/lib/python3.10/site-packages/control
[6.716s] copying /home/r1/r1_ws/build/control/build/lib/control/sensors.py -> /home/r1/r1_ws/install/control/lib/python3.10/site-packages/control
[6.717s] copying /home/r1/r1_ws/build/control/build/lib/control/right_hand.py -> /home/r1/r1_ws/install/control/lib/python3.10/site-packages/control
[6.717s] copying /home/r1/r1_ws/build/control/build/lib/control/servos_cp.py -> /home/r1/r1_ws/install/control/lib/python3.10/site-packages/control
[6.718s] copying /home/r1/r1_ws/build/control/build/lib/control/__init__.py -> /home/r1/r1_ws/install/control/lib/python3.10/site-packages/control
[6.719s] copying /home/r1/r1_ws/build/control/build/lib/control/eyes.py -> /home/r1/r1_ws/install/control/lib/python3.10/site-packages/control
[6.719s] copying /home/r1/r1_ws/build/control/build/lib/control/left_hand_sub.py -> /home/r1/r1_ws/install/control/lib/python3.10/site-packages/control
[6.720s] copying /home/r1/r1_ws/build/control/build/lib/control/base.py -> /home/r1/r1_ws/install/control/lib/python3.10/site-packages/control
[6.721s] copying /home/r1/r1_ws/build/control/build/lib/control/base_test.py -> /home/r1/r1_ws/install/control/lib/python3.10/site-packages/control
[6.721s] copying /home/r1/r1_ws/build/control/build/lib/control/servos.py -> /home/r1/r1_ws/install/control/lib/python3.10/site-packages/control
[6.722s] copying /home/r1/r1_ws/build/control/build/lib/control/infrared_right.py -> /home/r1/r1_ws/install/control/lib/python3.10/site-packages/control
[6.723s] copying /home/r1/r1_ws/build/control/build/lib/control/infrared_left.py -> /home/r1/r1_ws/install/control/lib/python3.10/site-packages/control
[6.725s] byte-compiling /home/r1/r1_ws/install/control/lib/python3.10/site-packages/control/ultrasonic.py to ultrasonic.cpython-310.pyc
[6.728s] byte-compiling /home/r1/r1_ws/install/control/lib/python3.10/site-packages/control/sensors.py to sensors.cpython-310.pyc
[6.733s] byte-compiling /home/r1/r1_ws/install/control/lib/python3.10/site-packages/control/right_hand.py to right_hand.cpython-310.pyc
[6.734s] byte-compiling /home/r1/r1_ws/install/control/lib/python3.10/site-packages/control/servos_cp.py to servos_cp.cpython-310.pyc
[6.736s] byte-compiling /home/r1/r1_ws/install/control/lib/python3.10/site-packages/control/__init__.py to __init__.cpython-310.pyc
[6.737s] byte-compiling /home/r1/r1_ws/install/control/lib/python3.10/site-packages/control/eyes.py to eyes.cpython-310.pyc
[6.739s] byte-compiling /home/r1/r1_ws/install/control/lib/python3.10/site-packages/control/left_hand_sub.py to left_hand_sub.cpython-310.pyc
[6.741s] byte-compiling /home/r1/r1_ws/install/control/lib/python3.10/site-packages/control/base.py to base.cpython-310.pyc
[6.743s] byte-compiling /home/r1/r1_ws/install/control/lib/python3.10/site-packages/control/base_test.py to base_test.cpython-310.pyc
[6.745s] byte-compiling /home/r1/r1_ws/install/control/lib/python3.10/site-packages/control/servos.py to servos.cpython-310.pyc
[6.748s] byte-compiling /home/r1/r1_ws/install/control/lib/python3.10/site-packages/control/infrared_right.py to infrared_right.cpython-310.pyc
[6.750s] byte-compiling /home/r1/r1_ws/install/control/lib/python3.10/site-packages/control/infrared_left.py to infrared_left.cpython-310.pyc
[6.752s] running install_data
[6.755s] running install_egg_info
[6.762s] Copying ../../build/control/control.egg-info to /home/r1/r1_ws/install/control/lib/python3.10/site-packages/control-0.0.0-py3.10.egg-info
[6.767s] running install_scripts
[6.853s] Installing base_sub script to /home/r1/r1_ws/install/control/lib/control
[6.855s] Installing ir_left_pub script to /home/r1/r1_ws/install/control/lib/control
[6.856s] Installing ir_right_pub script to /home/r1/r1_ws/install/control/lib/control
[6.858s] Installing left_hand_sub script to /home/r1/r1_ws/install/control/lib/control
[6.858s] Installing sensors_sub script to /home/r1/r1_ws/install/control/lib/control
[6.859s] Installing us_pub script to /home/r1/r1_ws/install/control/lib/control
[6.861s] writing list of installed files to '/home/r1/r1_ws/build/control/install.log'
[7.009s] Invoked command in '/home/r1/r1_ws/src/control' returned '0': PYTHONPATH=/home/r1/r1_ws/build/control/prefix_override:/home/r1/r1_ws/install/control/lib/python3.10/site-packages:${PYTHONPATH} /usr/bin/python3 setup.py egg_info --egg-base ../../build/control build --build-base /home/r1/r1_ws/build/control/build install --record /home/r1/r1_ws/build/control/install.log --single-version-externally-managed
