[12.330s] Invoking command in '/home/r1/r1_ws/build/camera': PYTHONPATH=/home/r1/r1_ws/build/camera/prefix_override:/home/r1/r1_ws/install/camera/lib/python3.10/site-packages:${PYTHONPATH} /usr/bin/python3 setup.py develop --uninstall --editable --build-directory /home/r1/r1_ws/build/camera/build
[15.918s] running develop
[15.932s] /usr/lib/python3/dist-packages/setuptools/command/easy_install.py:158: EasyInstallDeprecationWarning: easy_install command is deprecated. Use build and pip and other standards-based tools.
[15.934s]   warnings.warn(
[15.949s] /usr/lib/python3/dist-packages/setuptools/command/install.py:34: SetuptoolsDeprecationWarning: setup.py install is deprecated. Use build and pip and other standards-based tools.
[15.950s]   warnings.warn(
[16.884s] /usr/lib/python3/dist-packages/pkg_resources/__init__.py:116: PkgResourcesDeprecationWarning: 1.1build1 is an invalid version and will not be supported in a future release
[16.885s]   warnings.warn(
[16.886s] /usr/lib/python3/dist-packages/pkg_resources/__init__.py:116: PkgResourcesDeprecationWarning: 0.1.43ubuntu1 is an invalid version and will not be supported in a future release
[16.887s]   warnings.warn(
[18.981s] Invoked command in '/home/r1/r1_ws/build/camera' returned '0': PYTHONPATH=/home/r1/r1_ws/build/camera/prefix_override:/home/r1/r1_ws/install/camera/lib/python3.10/site-packages:${PYTHONPATH} /usr/bin/python3 setup.py develop --uninstall --editable --build-directory /home/r1/r1_ws/build/camera/build
[19.000s] Invoking command in '/home/r1/r1_ws/src/camera': PYTHONPATH=/home/r1/r1_ws/build/camera/prefix_override:/home/r1/r1_ws/install/camera/lib/python3.10/site-packages:${PYTHONPATH} /usr/bin/python3 setup.py egg_info --egg-base ../../build/camera build --build-base /home/r1/r1_ws/build/camera/build install --record /home/r1/r1_ws/build/camera/install.log --single-version-externally-managed
[22.537s] running egg_info
[22.545s] writing ../../build/camera/camera.egg-info/PKG-INFO
[22.548s] writing dependency_links to ../../build/camera/camera.egg-info/dependency_links.txt
[22.551s] writing entry points to ../../build/camera/camera.egg-info/entry_points.txt
[22.554s] writing requirements to ../../build/camera/camera.egg-info/requires.txt
[22.558s] writing top-level names to ../../build/camera/camera.egg-info/top_level.txt
[22.584s] reading manifest file '../../build/camera/camera.egg-info/SOURCES.txt'
[22.596s] writing manifest file '../../build/camera/camera.egg-info/SOURCES.txt'
[22.597s] running build
[22.598s] running build_py
[22.603s] running install
[22.604s] /usr/lib/python3/dist-packages/setuptools/command/install.py:34: SetuptoolsDeprecationWarning: setup.py install is deprecated. Use build and pip and other standards-based tools.
[22.605s]   warnings.warn(
[22.606s] running install_lib
[22.619s] running install_data
[22.621s] running install_egg_info
[22.629s] removing '/home/r1/r1_ws/install/camera/lib/python3.10/site-packages/camera-0.0.0-py3.10.egg-info' (and everything under it)
[22.631s] Copying ../../build/camera/camera.egg-info to /home/r1/r1_ws/install/camera/lib/python3.10/site-packages/camera-0.0.0-py3.10.egg-info
[22.639s] running install_scripts
[22.810s] Installing frames_sub script to /home/r1/r1_ws/install/camera/lib/camera
[22.813s] Installing img_pub script to /home/r1/r1_ws/install/camera/lib/camera
[22.820s] writing list of installed files to '/home/r1/r1_ws/build/camera/install.log'
[23.393s] Invoked command in '/home/r1/r1_ws/src/camera' returned '0': PYTHONPATH=/home/r1/r1_ws/build/camera/prefix_override:/home/r1/r1_ws/install/camera/lib/python3.10/site-packages:${PYTHONPATH} /usr/bin/python3 setup.py egg_info --egg-base ../../build/camera build --build-base /home/r1/r1_ws/build/camera/build install --record /home/r1/r1_ws/build/camera/install.log --single-version-externally-managed
