[10.486s] Invoking command in '/home/r1/r1_ws/src/voice': PYTHONPATH=/home/r1/r1_ws/build/voice/prefix_override:/home/r1/r1_ws/install/voice/lib/python3.10/site-packages:${PYTHONPATH} /usr/bin/python3 setup.py egg_info --egg-base ../../build/voice build --build-base /home/r1/r1_ws/build/voice/build install --record /home/r1/r1_ws/build/voice/install.log --single-version-externally-managed
[14.195s] running egg_info
[14.198s] writing ../../build/voice/voice.egg-info/PKG-INFO
[14.201s] writing dependency_links to ../../build/voice/voice.egg-info/dependency_links.txt
[14.202s] writing entry points to ../../build/voice/voice.egg-info/entry_points.txt
[14.203s] writing requirements to ../../build/voice/voice.egg-info/requires.txt
[14.203s] writing top-level names to ../../build/voice/voice.egg-info/top_level.txt
[14.212s] reading manifest file '../../build/voice/voice.egg-info/SOURCES.txt'
[14.218s] writing manifest file '../../build/voice/voice.egg-info/SOURCES.txt'
[14.219s] running build
[14.220s] running build_py
[14.223s] running install
[14.224s] /usr/lib/python3/dist-packages/setuptools/command/install.py:34: SetuptoolsDeprecationWarning: setup.py install is deprecated. Use build and pip and other standards-based tools.
[14.225s]   warnings.warn(
[14.226s] running install_lib
[14.234s] running install_data
[14.238s] running install_egg_info
[14.256s] removing '/home/r1/r1_ws/install/voice/lib/python3.10/site-packages/voice-0.0.0-py3.10.egg-info' (and everything under it)
[14.261s] Copying ../../build/voice/voice.egg-info to /home/r1/r1_ws/install/voice/lib/python3.10/site-packages/voice-0.0.0-py3.10.egg-info
[14.278s] running install_scripts
[14.436s] Installing voice_sub script to /home/r1/r1_ws/install/voice/lib/voice
[14.442s] writing list of installed files to '/home/r1/r1_ws/build/voice/install.log'
[14.715s] Invoked command in '/home/r1/r1_ws/src/voice' returned '0': PYTHONPATH=/home/r1/r1_ws/build/voice/prefix_override:/home/r1/r1_ws/install/voice/lib/python3.10/site-packages:${PYTHONPATH} /usr/bin/python3 setup.py egg_info --egg-base ../../build/voice build --build-base /home/r1/r1_ws/build/voice/build install --record /home/r1/r1_ws/build/voice/install.log --single-version-externally-managed
