[3.235s] Invoking command in '/home/r1/r1_ws/src/control': PYTHONPATH=/home/r1/r1_ws/build/control/prefix_override:/home/r1/r1_ws/install/control/lib/python3.10/site-packages:${PYTHONPATH} /usr/bin/python3 setup.py egg_info --egg-base ../../build/control build --build-base /home/r1/r1_ws/build/control/build install --record /home/r1/r1_ws/build/control/install.log --single-version-externally-managed
[4.486s] running egg_info
[4.489s] writing ../../build/control/control.egg-info/PKG-INFO
[4.490s] writing dependency_links to ../../build/control/control.egg-info/dependency_links.txt
[4.491s] writing entry points to ../../build/control/control.egg-info/entry_points.txt
[4.492s] writing requirements to ../../build/control/control.egg-info/requires.txt
[4.492s] writing top-level names to ../../build/control/control.egg-info/top_level.txt
[4.501s] reading manifest file '../../build/control/control.egg-info/SOURCES.txt'
[4.505s] writing manifest file '../../build/control/control.egg-info/SOURCES.txt'
[4.506s] running build
[4.506s] running build_py
[4.508s] copying control/left_hand_sub.py -> /home/r1/r1_ws/build/control/build/lib/control
[4.512s] running install
[4.513s] /usr/lib/python3/dist-packages/setuptools/command/install.py:34: SetuptoolsDeprecationWarning: setup.py install is deprecated. Use build and pip and other standards-based tools.
[4.513s]   warnings.warn(
[4.514s] running install_lib
[4.518s] copying /home/r1/r1_ws/build/control/build/lib/control/left_hand_sub.py -> /home/r1/r1_ws/install/control/lib/python3.10/site-packages/control
[4.522s] byte-compiling /home/r1/r1_ws/install/control/lib/python3.10/site-packages/control/left_hand_sub.py to left_hand_sub.cpython-310.pyc
[4.527s] running install_data
[4.529s] running install_egg_info
[4.536s] removing '/home/r1/r1_ws/install/control/lib/python3.10/site-packages/control-0.0.0-py3.10.egg-info' (and everything under it)
[4.537s] Copying ../../build/control/control.egg-info to /home/r1/r1_ws/install/control/lib/python3.10/site-packages/control-0.0.0-py3.10.egg-info
[4.543s] running install_scripts
[4.630s] Installing base_sub script to /home/r1/r1_ws/install/control/lib/control
[4.632s] Installing ir_left_pub script to /home/r1/r1_ws/install/control/lib/control
[4.633s] Installing ir_right_pub script to /home/r1/r1_ws/install/control/lib/control
[4.634s] Installing left_hand_sub script to /home/r1/r1_ws/install/control/lib/control
[4.635s] Installing sensors_sub script to /home/r1/r1_ws/install/control/lib/control
[4.635s] Installing us_pub script to /home/r1/r1_ws/install/control/lib/control
[4.637s] writing list of installed files to '/home/r1/r1_ws/build/control/install.log'
[4.761s] Invoked command in '/home/r1/r1_ws/src/control' returned '0': PYTHONPATH=/home/r1/r1_ws/build/control/prefix_override:/home/r1/r1_ws/install/control/lib/python3.10/site-packages:${PYTHONPATH} /usr/bin/python3 setup.py egg_info --egg-base ../../build/control build --build-base /home/r1/r1_ws/build/control/build install --record /home/r1/r1_ws/build/control/install.log --single-version-externally-managed
