[4.728s] Invoking command in '/home/r1/r1_ws/src/camera': PYTHONPATH=/home/r1/r1_ws/build/camera/prefix_override:/home/r1/r1_ws/install/camera/lib/python3.10/site-packages:${PYTHONPATH} /usr/bin/python3 setup.py egg_info --egg-base ../../build/camera build --build-base /home/r1/r1_ws/build/camera/build install --record /home/r1/r1_ws/build/camera/install.log --single-version-externally-managed
[6.020s] running egg_info
[6.023s] writing ../../build/camera/camera.egg-info/PKG-INFO
[6.024s] writing dependency_links to ../../build/camera/camera.egg-info/dependency_links.txt
[6.025s] writing entry points to ../../build/camera/camera.egg-info/entry_points.txt
[6.026s] writing requirements to ../../build/camera/camera.egg-info/requires.txt
[6.027s] writing top-level names to ../../build/camera/camera.egg-info/top_level.txt
[6.035s] reading manifest file '../../build/camera/camera.egg-info/SOURCES.txt'
[6.039s] writing manifest file '../../build/camera/camera.egg-info/SOURCES.txt'
[6.039s] running build
[6.040s] running build_py
[6.042s] running install
[6.043s] /usr/lib/python3/dist-packages/setuptools/command/install.py:34: SetuptoolsDeprecationWarning: setup.py install is deprecated. Use build and pip and other standards-based tools.
[6.043s]   warnings.warn(
[6.044s] running install_lib
[6.052s] running install_data
[6.054s] running install_egg_info
[6.061s] removing '/home/r1/r1_ws/install/camera/lib/python3.10/site-packages/camera-0.0.0-py3.10.egg-info' (and everything under it)
[6.063s] Copying ../../build/camera/camera.egg-info to /home/r1/r1_ws/install/camera/lib/python3.10/site-packages/camera-0.0.0-py3.10.egg-info
[6.070s] running install_scripts
[6.162s] Installing detection_sub script to /home/r1/r1_ws/install/camera/lib/camera
[6.163s] Installing frames_sub script to /home/r1/r1_ws/install/camera/lib/camera
[6.164s] Installing img_pub script to /home/r1/r1_ws/install/camera/lib/camera
[6.166s] writing list of installed files to '/home/r1/r1_ws/build/camera/install.log'
[6.311s] Invoked command in '/home/r1/r1_ws/src/camera' returned '0': PYTHONPATH=/home/r1/r1_ws/build/camera/prefix_override:/home/r1/r1_ws/install/camera/lib/python3.10/site-packages:${PYTHONPATH} /usr/bin/python3 setup.py egg_info --egg-base ../../build/camera build --build-base /home/r1/r1_ws/build/camera/build install --record /home/r1/r1_ws/build/camera/install.log --single-version-externally-managed
