[3.155s] Invoking command in '/home/r1/r1_ws/build/control': PYTHONPATH=/home/r1/r1_ws/build/control/prefix_override:/home/r1/r1_ws/install/control/lib/python3.10/site-packages:${PYTHONPATH} /usr/bin/python3 setup.py develop --uninstall --editable --build-directory /home/r1/r1_ws/build/control/build
[4.484s] running develop
[4.485s] /usr/lib/python3/dist-packages/setuptools/command/easy_install.py:158: EasyInstallDeprecationWarning: easy_install command is deprecated. Use build and pip and other standards-based tools.
[4.486s]   warnings.warn(
[4.491s] /usr/lib/python3/dist-packages/setuptools/command/install.py:34: SetuptoolsDeprecationWarning: setup.py install is deprecated. Use build and pip and other standards-based tools.
[4.491s]   warnings.warn(
[4.805s] /usr/lib/python3/dist-packages/pkg_resources/__init__.py:116: PkgResourcesDeprecationWarning: 1.1build1 is an invalid version and will not be supported in a future release
[4.806s]   warnings.warn(
[4.806s] /usr/lib/python3/dist-packages/pkg_resources/__init__.py:116: PkgResourcesDeprecationWarning: 0.1.43ubuntu1 is an invalid version and will not be supported in a future release
[4.807s]   warnings.warn(
[5.483s] Invoked command in '/home/r1/r1_ws/build/control' returned '0': PYTHONPATH=/home/r1/r1_ws/build/control/prefix_override:/home/r1/r1_ws/install/control/lib/python3.10/site-packages:${PYTHONPATH} /usr/bin/python3 setup.py develop --uninstall --editable --build-directory /home/r1/r1_ws/build/control/build
[5.491s] Invoking command in '/home/r1/r1_ws/src/control': PYTHONPATH=/home/r1/r1_ws/build/control/prefix_override:/home/r1/r1_ws/install/control/lib/python3.10/site-packages:${PYTHONPATH} /usr/bin/python3 setup.py egg_info --egg-base ../../build/control build --build-base /home/r1/r1_ws/build/control/build install --record /home/r1/r1_ws/build/control/install.log --single-version-externally-managed
[6.679s] running egg_info
[6.682s] writing ../../build/control/control.egg-info/PKG-INFO
[6.683s] writing dependency_links to ../../build/control/control.egg-info/dependency_links.txt
[6.684s] writing entry points to ../../build/control/control.egg-info/entry_points.txt
[6.685s] writing requirements to ../../build/control/control.egg-info/requires.txt
[6.686s] writing top-level names to ../../build/control/control.egg-info/top_level.txt
[6.694s] reading manifest file '../../build/control/control.egg-info/SOURCES.txt'
[6.698s] writing manifest file '../../build/control/control.egg-info/SOURCES.txt'
[6.699s] running build
[6.699s] running build_py
[6.701s] copying control/left_hand_sub.py -> /home/r1/r1_ws/build/control/build/lib/control
[6.704s] running install
[6.705s] /usr/lib/python3/dist-packages/setuptools/command/install.py:34: SetuptoolsDeprecationWarning: setup.py install is deprecated. Use build and pip and other standards-based tools.
[6.706s]   warnings.warn(
[6.706s] running install_lib
[6.711s] copying /home/r1/r1_ws/build/control/build/lib/control/left_hand_sub.py -> /home/r1/r1_ws/install/control/lib/python3.10/site-packages/control
[6.715s] byte-compiling /home/r1/r1_ws/install/control/lib/python3.10/site-packages/control/left_hand_sub.py to left_hand_sub.cpython-310.pyc
[6.718s] running install_data
[6.721s] running install_egg_info
[6.727s] removing '/home/r1/r1_ws/install/control/lib/python3.10/site-packages/control-0.0.0-py3.10.egg-info' (and everything under it)
[6.729s] Copying ../../build/control/control.egg-info to /home/r1/r1_ws/install/control/lib/python3.10/site-packages/control-0.0.0-py3.10.egg-info
[6.735s] running install_scripts
[6.816s] Installing base_sub script to /home/r1/r1_ws/install/control/lib/control
[6.817s] Installing ir_left_pub script to /home/r1/r1_ws/install/control/lib/control
[6.818s] Installing ir_right_pub script to /home/r1/r1_ws/install/control/lib/control
[6.819s] Installing left_hand_sub script to /home/r1/r1_ws/install/control/lib/control
[6.819s] Installing sensors_sub script to /home/r1/r1_ws/install/control/lib/control
[6.820s] Installing us_pub script to /home/r1/r1_ws/install/control/lib/control
[6.823s] writing list of installed files to '/home/r1/r1_ws/build/control/install.log'
[6.948s] Invoked command in '/home/r1/r1_ws/src/control' returned '0': PYTHONPATH=/home/r1/r1_ws/build/control/prefix_override:/home/r1/r1_ws/install/control/lib/python3.10/site-packages:${PYTHONPATH} /usr/bin/python3 setup.py egg_info --egg-base ../../build/control build --build-base /home/r1/r1_ws/build/control/build install --record /home/r1/r1_ws/build/control/install.log --single-version-externally-managed
