[4.596s] Invoking command in '/home/r1/r1_ws/src/camera': PYTHONPATH=/home/r1/r1_ws/build/camera/prefix_override:/home/r1/r1_ws/install/camera/lib/python3.10/site-packages:${PYTHONPATH} /usr/bin/python3 setup.py egg_info --egg-base ../../build/camera build --build-base /home/r1/r1_ws/build/camera/build install --record /home/r1/r1_ws/build/camera/install.log --single-version-externally-managed
[5.864s] running egg_info
[5.867s] writing ../../build/camera/camera.egg-info/PKG-INFO
[5.869s] writing dependency_links to ../../build/camera/camera.egg-info/dependency_links.txt
[5.870s] writing entry points to ../../build/camera/camera.egg-info/entry_points.txt
[5.871s] writing requirements to ../../build/camera/camera.egg-info/requires.txt
[5.872s] writing top-level names to ../../build/camera/camera.egg-info/top_level.txt
[5.880s] reading manifest file '../../build/camera/camera.egg-info/SOURCES.txt'
[5.884s] writing manifest file '../../build/camera/camera.egg-info/SOURCES.txt'
[5.885s] running build
[5.885s] running build_py
[5.887s] copying camera/camera_publisher.py -> /home/r1/r1_ws/build/camera/build/lib/camera
[5.888s] running install
[5.889s] /usr/lib/python3/dist-packages/setuptools/command/install.py:34: SetuptoolsDeprecationWarning: setup.py install is deprecated. Use build and pip and other standards-based tools.
[5.890s]   warnings.warn(
[5.891s] running install_lib
[5.896s] copying /home/r1/r1_ws/build/camera/build/lib/camera/camera_publisher.py -> /home/r1/r1_ws/install/camera/lib/python3.10/site-packages/camera
[5.899s] byte-compiling /home/r1/r1_ws/install/camera/lib/python3.10/site-packages/camera/camera_publisher.py to camera_publisher.cpython-310.pyc
[5.902s] running install_data
[5.905s] running install_egg_info
[5.911s] removing '/home/r1/r1_ws/install/camera/lib/python3.10/site-packages/camera-0.0.0-py3.10.egg-info' (and everything under it)
[5.913s] Copying ../../build/camera/camera.egg-info to /home/r1/r1_ws/install/camera/lib/python3.10/site-packages/camera-0.0.0-py3.10.egg-info
[5.920s] running install_scripts
[6.011s] Installing img_pub script to /home/r1/r1_ws/install/camera/lib/camera
[6.012s] Installing img_sub script to /home/r1/r1_ws/install/camera/lib/camera
[6.015s] writing list of installed files to '/home/r1/r1_ws/build/camera/install.log'
[6.191s] Invoked command in '/home/r1/r1_ws/src/camera' returned '0': PYTHONPATH=/home/r1/r1_ws/build/camera/prefix_override:/home/r1/r1_ws/install/camera/lib/python3.10/site-packages:${PYTHONPATH} /usr/bin/python3 setup.py egg_info --egg-base ../../build/camera build --build-base /home/r1/r1_ws/build/camera/build install --record /home/r1/r1_ws/build/camera/install.log --single-version-externally-managed
