[1.553s] DEBUG:colcon:Command line arguments: ['/usr/bin/colcon', 'build', '--symlink-install']
[1.554s] DEBUG:colcon:Parsed command line arguments: Namespace(log_base=None, log_level=None, verb_name='build', build_base='build', install_base='install', merge_install=False, symlink_install=True, test_result_base=None, continue_on_error=False, executor='parallel', parallel_workers=4, event_handlers=None, ignore_user_meta=False, metas=['./colcon.meta'], base_paths=['.'], packages_ignore=None, packages_ignore_regex=None, paths=None, packages_up_to=None, packages_up_to_regex=None, packages_above=None, packages_above_and_dependencies=None, packages_above_depth=None, packages_select_by_dep=None, packages_skip_by_dep=None, packages_skip_up_to=None, packages_select_build_failed=False, packages_skip_build_finished=False, packages_select_test_failures=False, packages_skip_test_passed=False, packages_select=None, packages_skip=None, packages_select_regex=None, packages_skip_regex=None, packages_start=None, packages_end=None, allow_overriding=[], cmake_args=None, cmake_target=None, cmake_target_skip_unavailable=False, cmake_clean_cache=False, cmake_clean_first=False, cmake_force_configure=False, ament_cmake_args=None, catkin_cmake_args=None, catkin_skip_building_tests=False, verb_parser=<colcon_defaults.argument_parser.defaults.DefaultArgumentsDecorator object at 0xffff85671870>, verb_extension=<colcon_core.verb.build.BuildVerb object at 0xffff85edba00>, main=<bound method BuildVerb.main of <colcon_core.verb.build.BuildVerb object at 0xffff85edba00>>)
[1.693s] Level 1:colcon.colcon_core.package_discovery:discover_packages(colcon_meta) check parameters
[1.693s] Level 1:colcon.colcon_core.package_discovery:discover_packages(recursive) check parameters
[1.693s] Level 1:colcon.colcon_core.package_discovery:discover_packages(ignore) check parameters
[1.694s] Level 1:colcon.colcon_core.package_discovery:discover_packages(path) check parameters
[1.694s] Level 1:colcon.colcon_core.package_discovery:discover_packages(colcon_meta) discover
[1.694s] Level 1:colcon.colcon_core.package_discovery:discover_packages(recursive) discover
[1.694s] INFO:colcon.colcon_core.package_discovery:Crawling recursively for packages in '/home/r1/r1_ws'
[1.695s] Level 1:colcon.colcon_core.package_identification:_identify(.) by extensions ['ignore', 'ignore_ament_install']
[1.695s] Level 1:colcon.colcon_core.package_identification:_identify(.) by extension 'ignore'
[1.695s] Level 1:colcon.colcon_core.package_identification:_identify(.) by extension 'ignore_ament_install'
[1.695s] Level 1:colcon.colcon_core.package_identification:_identify(.) by extensions ['colcon_pkg']
[1.696s] Level 1:colcon.colcon_core.package_identification:_identify(.) by extension 'colcon_pkg'
[1.696s] Level 1:colcon.colcon_core.package_identification:_identify(.) by extensions ['colcon_meta']
[1.696s] Level 1:colcon.colcon_core.package_identification:_identify(.) by extension 'colcon_meta'
[1.696s] Level 1:colcon.colcon_core.package_identification:_identify(.) by extensions ['ros']
[1.696s] Level 1:colcon.colcon_core.package_identification:_identify(.) by extension 'ros'
[1.744s] Level 1:colcon.colcon_core.package_identification:_identify(.) by extensions ['cmake', 'python']
[1.745s] Level 1:colcon.colcon_core.package_identification:_identify(.) by extension 'cmake'
[1.745s] Level 1:colcon.colcon_core.package_identification:_identify(.) by extension 'python'
[1.745s] Level 1:colcon.colcon_core.package_identification:_identify(.) by extensions ['python_setup_py']
[1.745s] Level 1:colcon.colcon_core.package_identification:_identify(.) by extension 'python_setup_py'
[1.746s] Level 1:colcon.colcon_core.package_identification:_identify(build) by extensions ['ignore', 'ignore_ament_install']
[1.746s] Level 1:colcon.colcon_core.package_identification:_identify(build) by extension 'ignore'
[1.746s] Level 1:colcon.colcon_core.package_identification:_identify(build) ignored
[1.747s] Level 1:colcon.colcon_core.package_identification:_identify(install) by extensions ['ignore', 'ignore_ament_install']
[1.747s] Level 1:colcon.colcon_core.package_identification:_identify(install) by extension 'ignore'
[1.748s] Level 1:colcon.colcon_core.package_identification:_identify(install) ignored
[1.749s] Level 1:colcon.colcon_core.package_identification:_identify(log) by extensions ['ignore', 'ignore_ament_install']
[1.750s] Level 1:colcon.colcon_core.package_identification:_identify(log) by extension 'ignore'
[1.750s] Level 1:colcon.colcon_core.package_identification:_identify(log) ignored
[1.750s] Level 1:colcon.colcon_core.package_identification:_identify(src) by extensions ['ignore', 'ignore_ament_install']
[1.751s] Level 1:colcon.colcon_core.package_identification:_identify(src) by extension 'ignore'
[1.751s] Level 1:colcon.colcon_core.package_identification:_identify(src) by extension 'ignore_ament_install'
[1.751s] Level 1:colcon.colcon_core.package_identification:_identify(src) by extensions ['colcon_pkg']
[1.751s] Level 1:colcon.colcon_core.package_identification:_identify(src) by extension 'colcon_pkg'
[1.751s] Level 1:colcon.colcon_core.package_identification:_identify(src) by extensions ['colcon_meta']
[1.751s] Level 1:colcon.colcon_core.package_identification:_identify(src) by extension 'colcon_meta'
[1.752s] Level 1:colcon.colcon_core.package_identification:_identify(src) by extensions ['ros']
[1.752s] Level 1:colcon.colcon_core.package_identification:_identify(src) by extension 'ros'
[1.752s] Level 1:colcon.colcon_core.package_identification:_identify(src) by extensions ['cmake', 'python']
[1.752s] Level 1:colcon.colcon_core.package_identification:_identify(src) by extension 'cmake'
[1.752s] Level 1:colcon.colcon_core.package_identification:_identify(src) by extension 'python'
[1.753s] Level 1:colcon.colcon_core.package_identification:_identify(src) by extensions ['python_setup_py']
[1.753s] Level 1:colcon.colcon_core.package_identification:_identify(src) by extension 'python_setup_py'
[1.753s] Level 1:colcon.colcon_core.package_identification:_identify(src/build) by extensions ['ignore', 'ignore_ament_install']
[1.754s] Level 1:colcon.colcon_core.package_identification:_identify(src/build) by extension 'ignore'
[1.754s] Level 1:colcon.colcon_core.package_identification:_identify(src/build) ignored
[1.754s] Level 1:colcon.colcon_core.package_identification:_identify(src/camera) by extensions ['ignore', 'ignore_ament_install']
[1.755s] Level 1:colcon.colcon_core.package_identification:_identify(src/camera) by extension 'ignore'
[1.755s] Level 1:colcon.colcon_core.package_identification:_identify(src/camera) by extension 'ignore_ament_install'
[1.755s] Level 1:colcon.colcon_core.package_identification:_identify(src/camera) by extensions ['colcon_pkg']
[1.755s] Level 1:colcon.colcon_core.package_identification:_identify(src/camera) by extension 'colcon_pkg'
[1.755s] Level 1:colcon.colcon_core.package_identification:_identify(src/camera) by extensions ['colcon_meta']
[1.755s] Level 1:colcon.colcon_core.package_identification:_identify(src/camera) by extension 'colcon_meta'
[1.756s] Level 1:colcon.colcon_core.package_identification:_identify(src/camera) by extensions ['ros']
[1.756s] Level 1:colcon.colcon_core.package_identification:_identify(src/camera) by extension 'ros'
[1.766s] DEBUG:colcon.colcon_core.package_identification:Package 'src/camera' with type 'ros.ament_python' and name 'camera'
[1.766s] Level 1:colcon.colcon_core.package_identification:_identify(src/control) by extensions ['ignore', 'ignore_ament_install']
[1.767s] Level 1:colcon.colcon_core.package_identification:_identify(src/control) by extension 'ignore'
[1.767s] Level 1:colcon.colcon_core.package_identification:_identify(src/control) by extension 'ignore_ament_install'
[1.767s] Level 1:colcon.colcon_core.package_identification:_identify(src/control) by extensions ['colcon_pkg']
[1.767s] Level 1:colcon.colcon_core.package_identification:_identify(src/control) by extension 'colcon_pkg'
[1.768s] Level 1:colcon.colcon_core.package_identification:_identify(src/control) by extensions ['colcon_meta']
[1.768s] Level 1:colcon.colcon_core.package_identification:_identify(src/control) by extension 'colcon_meta'
[1.768s] Level 1:colcon.colcon_core.package_identification:_identify(src/control) by extensions ['ros']
[1.768s] Level 1:colcon.colcon_core.package_identification:_identify(src/control) by extension 'ros'
[1.770s] DEBUG:colcon.colcon_core.package_identification:Package 'src/control' with type 'ros.ament_python' and name 'control'
[1.771s] Level 1:colcon.colcon_core.package_identification:_identify(src/install) by extensions ['ignore', 'ignore_ament_install']
[1.771s] Level 1:colcon.colcon_core.package_identification:_identify(src/install) by extension 'ignore'
[1.772s] Level 1:colcon.colcon_core.package_identification:_identify(src/install) ignored
[1.772s] Level 1:colcon.colcon_core.package_identification:_identify(src/log) by extensions ['ignore', 'ignore_ament_install']
[1.773s] Level 1:colcon.colcon_core.package_identification:_identify(src/log) by extension 'ignore'
[1.773s] Level 1:colcon.colcon_core.package_identification:_identify(src/log) ignored
[1.773s] Level 1:colcon.colcon_core.package_identification:_identify(src/voice) by extensions ['ignore', 'ignore_ament_install']
[1.774s] Level 1:colcon.colcon_core.package_identification:_identify(src/voice) by extension 'ignore'
[1.774s] Level 1:colcon.colcon_core.package_identification:_identify(src/voice) by extension 'ignore_ament_install'
[1.774s] Level 1:colcon.colcon_core.package_identification:_identify(src/voice) by extensions ['colcon_pkg']
[1.774s] Level 1:colcon.colcon_core.package_identification:_identify(src/voice) by extension 'colcon_pkg'
[1.774s] Level 1:colcon.colcon_core.package_identification:_identify(src/voice) by extensions ['colcon_meta']
[1.774s] Level 1:colcon.colcon_core.package_identification:_identify(src/voice) by extension 'colcon_meta'
[1.775s] Level 1:colcon.colcon_core.package_identification:_identify(src/voice) by extensions ['ros']
[1.775s] Level 1:colcon.colcon_core.package_identification:_identify(src/voice) by extension 'ros'
[1.777s] DEBUG:colcon.colcon_core.package_identification:Package 'src/voice' with type 'ros.ament_python' and name 'voice'
[1.777s] Level 1:colcon.colcon_core.package_identification:_identify(voice_testing) by extensions ['ignore', 'ignore_ament_install']
[1.778s] Level 1:colcon.colcon_core.package_identification:_identify(voice_testing) by extension 'ignore'
[1.778s] Level 1:colcon.colcon_core.package_identification:_identify(voice_testing) by extension 'ignore_ament_install'
[1.778s] Level 1:colcon.colcon_core.package_identification:_identify(voice_testing) by extensions ['colcon_pkg']
[1.778s] Level 1:colcon.colcon_core.package_identification:_identify(voice_testing) by extension 'colcon_pkg'
[1.778s] Level 1:colcon.colcon_core.package_identification:_identify(voice_testing) by extensions ['colcon_meta']
[1.779s] Level 1:colcon.colcon_core.package_identification:_identify(voice_testing) by extension 'colcon_meta'
[1.779s] Level 1:colcon.colcon_core.package_identification:_identify(voice_testing) by extensions ['ros']
[1.779s] Level 1:colcon.colcon_core.package_identification:_identify(voice_testing) by extension 'ros'
[1.779s] Level 1:colcon.colcon_core.package_identification:_identify(voice_testing) by extensions ['cmake', 'python']
[1.779s] Level 1:colcon.colcon_core.package_identification:_identify(voice_testing) by extension 'cmake'
[1.779s] Level 1:colcon.colcon_core.package_identification:_identify(voice_testing) by extension 'python'
[1.780s] Level 1:colcon.colcon_core.package_identification:_identify(voice_testing) by extensions ['python_setup_py']
[1.780s] Level 1:colcon.colcon_core.package_identification:_identify(voice_testing) by extension 'python_setup_py'
[1.780s] Level 1:colcon.colcon_core.package_discovery:discover_packages(recursive) using defaults
[1.780s] Level 1:colcon.colcon_core.package_discovery:discover_packages(ignore) discover
[1.780s] Level 1:colcon.colcon_core.package_discovery:discover_packages(ignore) using defaults
[1.780s] Level 1:colcon.colcon_core.package_discovery:discover_packages(path) discover
[1.780s] Level 1:colcon.colcon_core.package_discovery:discover_packages(path) using defaults
[1.878s] Level 1:colcon.colcon_core.package_discovery:discover_packages(prefix_path) check parameters
[1.878s] Level 1:colcon.colcon_core.package_discovery:discover_packages(prefix_path) discover
[1.891s] DEBUG:colcon.colcon_installed_package_information.package_discovery:Found 4 installed packages in /home/r1/r1_ws/install
[1.900s] DEBUG:colcon.colcon_installed_package_information.package_discovery:Found 183 installed packages in /opt/ros/humble
[1.905s] Level 1:colcon.colcon_core.package_discovery:discover_packages(prefix_path) using defaults
[2.077s] Level 5:colcon.colcon_core.verb:set package 'camera' build argument 'cmake_args' from command line to 'None'
[2.078s] Level 5:colcon.colcon_core.verb:set package 'camera' build argument 'cmake_target' from command line to 'None'
[2.078s] Level 5:colcon.colcon_core.verb:set package 'camera' build argument 'cmake_target_skip_unavailable' from command line to 'False'
[2.078s] Level 5:colcon.colcon_core.verb:set package 'camera' build argument 'cmake_clean_cache' from command line to 'False'
[2.078s] Level 5:colcon.colcon_core.verb:set package 'camera' build argument 'cmake_clean_first' from command line to 'False'
[2.078s] Level 5:colcon.colcon_core.verb:set package 'camera' build argument 'cmake_force_configure' from command line to 'False'
[2.078s] Level 5:colcon.colcon_core.verb:set package 'camera' build argument 'ament_cmake_args' from command line to 'None'
[2.078s] Level 5:colcon.colcon_core.verb:set package 'camera' build argument 'catkin_cmake_args' from command line to 'None'
[2.078s] Level 5:colcon.colcon_core.verb:set package 'camera' build argument 'catkin_skip_building_tests' from command line to 'False'
[2.078s] DEBUG:colcon.colcon_core.verb:Building package 'camera' with the following arguments: {'ament_cmake_args': None, 'build_base': '/home/r1/r1_ws/build/camera', 'catkin_cmake_args': None, 'catkin_skip_building_tests': False, 'cmake_args': None, 'cmake_clean_cache': False, 'cmake_clean_first': False, 'cmake_force_configure': False, 'cmake_target': None, 'cmake_target_skip_unavailable': False, 'install_base': '/home/r1/r1_ws/install/camera', 'merge_install': False, 'path': '/home/r1/r1_ws/src/camera', 'symlink_install': True, 'test_result_base': None}
[2.083s] Level 5:colcon.colcon_core.verb:set package 'control' build argument 'cmake_args' from command line to 'None'
[2.083s] Level 5:colcon.colcon_core.verb:set package 'control' build argument 'cmake_target' from command line to 'None'
[2.083s] Level 5:colcon.colcon_core.verb:set package 'control' build argument 'cmake_target_skip_unavailable' from command line to 'False'
[2.083s] Level 5:colcon.colcon_core.verb:set package 'control' build argument 'cmake_clean_cache' from command line to 'False'
[2.083s] Level 5:colcon.colcon_core.verb:set package 'control' build argument 'cmake_clean_first' from command line to 'False'
[2.083s] Level 5:colcon.colcon_core.verb:set package 'control' build argument 'cmake_force_configure' from command line to 'False'
[2.083s] Level 5:colcon.colcon_core.verb:set package 'control' build argument 'ament_cmake_args' from command line to 'None'
[2.084s] Level 5:colcon.colcon_core.verb:set package 'control' build argument 'catkin_cmake_args' from command line to 'None'
[2.084s] Level 5:colcon.colcon_core.verb:set package 'control' build argument 'catkin_skip_building_tests' from command line to 'False'
[2.084s] DEBUG:colcon.colcon_core.verb:Building package 'control' with the following arguments: {'ament_cmake_args': None, 'build_base': '/home/r1/r1_ws/build/control', 'catkin_cmake_args': None, 'catkin_skip_building_tests': False, 'cmake_args': None, 'cmake_clean_cache': False, 'cmake_clean_first': False, 'cmake_force_configure': False, 'cmake_target': None, 'cmake_target_skip_unavailable': False, 'install_base': '/home/r1/r1_ws/install/control', 'merge_install': False, 'path': '/home/r1/r1_ws/src/control', 'symlink_install': True, 'test_result_base': None}
[2.088s] Level 5:colcon.colcon_core.verb:set package 'voice' build argument 'cmake_args' from command line to 'None'
[2.088s] Level 5:colcon.colcon_core.verb:set package 'voice' build argument 'cmake_target' from command line to 'None'
[2.088s] Level 5:colcon.colcon_core.verb:set package 'voice' build argument 'cmake_target_skip_unavailable' from command line to 'False'
[2.089s] Level 5:colcon.colcon_core.verb:set package 'voice' build argument 'cmake_clean_cache' from command line to 'False'
[2.089s] Level 5:colcon.colcon_core.verb:set package 'voice' build argument 'cmake_clean_first' from command line to 'False'
[2.089s] Level 5:colcon.colcon_core.verb:set package 'voice' build argument 'cmake_force_configure' from command line to 'False'
[2.089s] Level 5:colcon.colcon_core.verb:set package 'voice' build argument 'ament_cmake_args' from command line to 'None'
[2.089s] Level 5:colcon.colcon_core.verb:set package 'voice' build argument 'catkin_cmake_args' from command line to 'None'
[2.089s] Level 5:colcon.colcon_core.verb:set package 'voice' build argument 'catkin_skip_building_tests' from command line to 'False'
[2.089s] DEBUG:colcon.colcon_core.verb:Building package 'voice' with the following arguments: {'ament_cmake_args': None, 'build_base': '/home/r1/r1_ws/build/voice', 'catkin_cmake_args': None, 'catkin_skip_building_tests': False, 'cmake_args': None, 'cmake_clean_cache': False, 'cmake_clean_first': False, 'cmake_force_configure': False, 'cmake_target': None, 'cmake_target_skip_unavailable': False, 'install_base': '/home/r1/r1_ws/install/voice', 'merge_install': False, 'path': '/home/r1/r1_ws/src/voice', 'symlink_install': True, 'test_result_base': None}
[2.092s] INFO:colcon.colcon_core.executor:Executing jobs using 'parallel' executor
[2.104s] DEBUG:colcon.colcon_parallel_executor.executor.parallel:run_until_complete
[2.106s] INFO:colcon.colcon_ros.task.ament_python.build:Building ROS package in '/home/r1/r1_ws/src/camera' with build type 'ament_python'
[2.106s] Level 1:colcon.colcon_core.shell:create_environment_hook('camera', 'ament_prefix_path')
[2.127s] INFO:colcon.colcon_core.plugin_system:Skipping extension 'colcon_core.shell.bat': Not used on non-Windows systems
[2.128s] INFO:colcon.colcon_core.shell:Creating environment hook '/home/r1/r1_ws/install/camera/share/camera/hook/ament_prefix_path.ps1'
[2.130s] INFO:colcon.colcon_core.shell:Creating environment descriptor '/home/r1/r1_ws/install/camera/share/camera/hook/ament_prefix_path.dsv'
[2.133s] INFO:colcon.colcon_core.shell:Creating environment hook '/home/r1/r1_ws/install/camera/share/camera/hook/ament_prefix_path.sh'
[2.141s] INFO:colcon.colcon_core.shell:Skip shell extension 'powershell' for command environment: Not usable outside of PowerShell
[2.142s] DEBUG:colcon.colcon_core.shell:Skip shell extension 'dsv' for command environment
[2.165s] INFO:colcon.colcon_ros.task.ament_python.build:Building ROS package in '/home/r1/r1_ws/src/control' with build type 'ament_python'
[2.166s] Level 1:colcon.colcon_core.shell:create_environment_hook('control', 'ament_prefix_path')
[2.174s] INFO:colcon.colcon_core.shell:Creating environment hook '/home/r1/r1_ws/install/control/share/control/hook/ament_prefix_path.ps1'
[2.177s] INFO:colcon.colcon_core.shell:Creating environment descriptor '/home/r1/r1_ws/install/control/share/control/hook/ament_prefix_path.dsv'
[2.178s] INFO:colcon.colcon_core.shell:Creating environment hook '/home/r1/r1_ws/install/control/share/control/hook/ament_prefix_path.sh'
[2.185s] INFO:colcon.colcon_core.shell:Skip shell extension 'powershell' for command environment: Not usable outside of PowerShell
[2.186s] DEBUG:colcon.colcon_core.shell:Skip shell extension 'dsv' for command environment
[2.207s] INFO:colcon.colcon_ros.task.ament_python.build:Building ROS package in '/home/r1/r1_ws/src/voice' with build type 'ament_python'
[2.208s] Level 1:colcon.colcon_core.shell:create_environment_hook('voice', 'ament_prefix_path')
[2.215s] INFO:colcon.colcon_core.shell:Creating environment hook '/home/r1/r1_ws/install/voice/share/voice/hook/ament_prefix_path.ps1'
[2.218s] INFO:colcon.colcon_core.shell:Creating environment descriptor '/home/r1/r1_ws/install/voice/share/voice/hook/ament_prefix_path.dsv'
[2.220s] INFO:colcon.colcon_core.shell:Creating environment hook '/home/r1/r1_ws/install/voice/share/voice/hook/ament_prefix_path.sh'
[2.227s] INFO:colcon.colcon_core.shell:Skip shell extension 'powershell' for command environment: Not usable outside of PowerShell
[2.228s] DEBUG:colcon.colcon_core.shell:Skip shell extension 'dsv' for command environment
[3.566s] INFO:colcon.colcon_core.task.python.build:Building Python package in '/home/r1/r1_ws/src/camera'
[3.572s] INFO:colcon.colcon_core.shell:Skip shell extension 'powershell' for command environment: Not usable outside of PowerShell
[3.572s] DEBUG:colcon.colcon_core.shell:Skip shell extension 'dsv' for command environment
[5.105s] INFO:colcon.colcon_core.task.python.build:Building Python package in '/home/r1/r1_ws/src/control'
[5.110s] INFO:colcon.colcon_core.shell:Skip shell extension 'powershell' for command environment: Not usable outside of PowerShell
[5.110s] DEBUG:colcon.colcon_core.shell:Skip shell extension 'dsv' for command environment
[6.429s] INFO:colcon.colcon_core.task.python.build:Building Python package in '/home/r1/r1_ws/src/voice'
[6.435s] INFO:colcon.colcon_core.shell:Skip shell extension 'powershell' for command environment: Not usable outside of PowerShell
[6.435s] DEBUG:colcon.colcon_core.shell:Skip shell extension 'dsv' for command environment
[8.958s] DEBUG:colcon.colcon_core.task.python.build:While undoing a previous installation files outside the Python library path are being ignored: /home/r1/r1_ws/install/voice/share/ament_index/resource_index/packages/voice
[8.960s] DEBUG:colcon.colcon_core.task.python.build:While undoing a previous installation files outside the Python library path are being ignored: /home/r1/r1_ws/install/voice/share/voice/package.xml
[8.964s] DEBUG:colcon.colcon_core.task.python.build:While undoing a previous installation files outside the Python library path are being ignored: /home/r1/r1_ws/install/voice/lib/voice/voice_sub
[8.979s] DEBUG:colcon.colcon_core.event_handler.log_command:Invoking command in '/home/r1/r1_ws/build/voice': PYTHONPATH=/home/r1/r1_ws/build/voice/prefix_override:/home/r1/r1_ws/install/voice/lib/python3.10/site-packages:${PYTHONPATH} /usr/bin/python3 setup.py develop --editable --build-directory /home/r1/r1_ws/build/voice/build --no-deps install_data
[9.006s] DEBUG:colcon.colcon_core.task.python.build:While undoing a previous installation files outside the Python library path are being ignored: /home/r1/r1_ws/install/camera/share/ament_index/resource_index/packages/camera
[9.007s] DEBUG:colcon.colcon_core.task.python.build:While undoing a previous installation files outside the Python library path are being ignored: /home/r1/r1_ws/install/camera/share/camera/package.xml
[9.011s] DEBUG:colcon.colcon_core.task.python.build:While undoing a previous installation files outside the Python library path are being ignored: /home/r1/r1_ws/install/camera/lib/camera/frames_sub
[9.011s] DEBUG:colcon.colcon_core.task.python.build:While undoing a previous installation files outside the Python library path are being ignored: /home/r1/r1_ws/install/camera/lib/camera/img_pub
[9.030s] DEBUG:colcon.colcon_core.event_handler.log_command:Invoking command in '/home/r1/r1_ws/build/camera': PYTHONPATH=/home/r1/r1_ws/build/camera/prefix_override:/home/r1/r1_ws/install/camera/lib/python3.10/site-packages:${PYTHONPATH} /usr/bin/python3 setup.py develop --editable --build-directory /home/r1/r1_ws/build/camera/build --no-deps install_data
[9.105s] DEBUG:colcon.colcon_core.task.python.build:While undoing a previous installation files outside the Python library path are being ignored: /home/r1/r1_ws/install/control/share/ament_index/resource_index/packages/control
[9.106s] DEBUG:colcon.colcon_core.task.python.build:While undoing a previous installation files outside the Python library path are being ignored: /home/r1/r1_ws/install/control/share/control/package.xml
[9.108s] DEBUG:colcon.colcon_core.task.python.build:While undoing a previous installation files outside the Python library path are being ignored: /home/r1/r1_ws/install/control/lib/control/base_sub
[9.108s] DEBUG:colcon.colcon_core.task.python.build:While undoing a previous installation files outside the Python library path are being ignored: /home/r1/r1_ws/install/control/lib/control/ir_left_pub
[9.108s] DEBUG:colcon.colcon_core.task.python.build:While undoing a previous installation files outside the Python library path are being ignored: /home/r1/r1_ws/install/control/lib/control/ir_right_pub
[9.108s] DEBUG:colcon.colcon_core.task.python.build:While undoing a previous installation files outside the Python library path are being ignored: /home/r1/r1_ws/install/control/lib/control/left_hand_sub
[9.109s] DEBUG:colcon.colcon_core.task.python.build:While undoing a previous installation files outside the Python library path are being ignored: /home/r1/r1_ws/install/control/lib/control/sensors_sub
[9.109s] DEBUG:colcon.colcon_core.task.python.build:While undoing a previous installation files outside the Python library path are being ignored: /home/r1/r1_ws/install/control/lib/control/us_pub
[9.117s] DEBUG:colcon.colcon_core.event_handler.log_command:Invoking command in '/home/r1/r1_ws/build/control': PYTHONPATH=/home/r1/r1_ws/build/control/prefix_override:/home/r1/r1_ws/install/control/lib/python3.10/site-packages:${PYTHONPATH} /usr/bin/python3 setup.py develop --editable --build-directory /home/r1/r1_ws/build/control/build --no-deps install_data
[12.128s] Level 1:colcon.colcon_core.shell:create_environment_hook('voice', 'pythonpath_develop')
[12.143s] DEBUG:colcon.colcon_core.event_handler.log_command:Invoked command in '/home/r1/r1_ws/build/voice' returned '0': PYTHONPATH=/home/r1/r1_ws/build/voice/prefix_override:/home/r1/r1_ws/install/voice/lib/python3.10/site-packages:${PYTHONPATH} /usr/bin/python3 setup.py develop --editable --build-directory /home/r1/r1_ws/build/voice/build --no-deps install_data
[12.141s] INFO:colcon.colcon_core.shell:Creating environment hook '/home/r1/r1_ws/build/voice/share/voice/hook/pythonpath_develop.ps1'
[12.152s] INFO:colcon.colcon_core.shell:Creating environment descriptor '/home/r1/r1_ws/build/voice/share/voice/hook/pythonpath_develop.dsv'
[12.156s] INFO:colcon.colcon_core.shell:Creating environment hook '/home/r1/r1_ws/build/voice/share/voice/hook/pythonpath_develop.sh'
[12.217s] Level 1:colcon.colcon_core.environment:checking '/home/r1/r1_ws/install/voice' for CMake module files
[12.221s] Level 1:colcon.colcon_core.environment:checking '/home/r1/r1_ws/install/voice' for CMake config files
[12.245s] Level 1:colcon.colcon_core.environment:checking '/home/r1/r1_ws/install/voice/lib'
[12.248s] Level 1:colcon.colcon_core.environment:checking '/home/r1/r1_ws/install/voice/bin'
[12.249s] Level 1:colcon.colcon_core.environment:checking '/home/r1/r1_ws/install/voice/lib/pkgconfig/voice.pc'
[12.251s] Level 1:colcon.colcon_core.environment:checking '/home/r1/r1_ws/install/voice/lib/python3.10/site-packages'
[12.252s] Level 1:colcon.colcon_core.shell:create_environment_hook('voice', 'pythonpath')
[12.262s] INFO:colcon.colcon_core.shell:Creating environment hook '/home/r1/r1_ws/install/voice/share/voice/hook/pythonpath.ps1'
[12.267s] INFO:colcon.colcon_core.shell:Creating environment descriptor '/home/r1/r1_ws/install/voice/share/voice/hook/pythonpath.dsv'
[12.273s] INFO:colcon.colcon_core.shell:Creating environment hook '/home/r1/r1_ws/install/voice/share/voice/hook/pythonpath.sh'
[12.283s] Level 1:colcon.colcon_core.environment:checking '/home/r1/r1_ws/install/voice/bin'
[12.290s] Level 1:colcon.colcon_core.environment:create_environment_scripts_only(voice)
[12.310s] INFO:colcon.colcon_core.shell:Creating package script '/home/r1/r1_ws/install/voice/share/voice/package.ps1'
[12.357s] INFO:colcon.colcon_core.shell:Creating package descriptor '/home/r1/r1_ws/install/voice/share/voice/package.dsv'
[12.370s] INFO:colcon.colcon_core.shell:Creating package script '/home/r1/r1_ws/install/voice/share/voice/package.sh'
[12.379s] INFO:colcon.colcon_core.shell:Creating package script '/home/r1/r1_ws/install/voice/share/voice/package.bash'
[12.394s] INFO:colcon.colcon_core.shell:Creating package script '/home/r1/r1_ws/install/voice/share/voice/package.zsh'
[12.400s] Level 1:colcon.colcon_core.environment:create_file_with_runtime_dependencies(/home/r1/r1_ws/install/voice/share/colcon-core/packages/voice)
[12.411s] Level 1:colcon.colcon_core.shell:create_environment_hook('camera', 'pythonpath_develop')
[12.420s] INFO:colcon.colcon_core.shell:Creating environment hook '/home/r1/r1_ws/build/camera/share/camera/hook/pythonpath_develop.ps1'
[12.424s] DEBUG:colcon.colcon_core.event_handler.log_command:Invoked command in '/home/r1/r1_ws/build/camera' returned '0': PYTHONPATH=/home/r1/r1_ws/build/camera/prefix_override:/home/r1/r1_ws/install/camera/lib/python3.10/site-packages:${PYTHONPATH} /usr/bin/python3 setup.py develop --editable --build-directory /home/r1/r1_ws/build/camera/build --no-deps install_data
[12.426s] INFO:colcon.colcon_core.shell:Creating environment descriptor '/home/r1/r1_ws/build/camera/share/camera/hook/pythonpath_develop.dsv'
[12.429s] INFO:colcon.colcon_core.shell:Creating environment hook '/home/r1/r1_ws/build/camera/share/camera/hook/pythonpath_develop.sh'
[12.450s] Level 1:colcon.colcon_core.environment:checking '/home/r1/r1_ws/install/camera' for CMake module files
[12.453s] Level 1:colcon.colcon_core.environment:checking '/home/r1/r1_ws/install/camera' for CMake config files
[12.457s] Level 1:colcon.colcon_core.environment:checking '/home/r1/r1_ws/install/camera/lib'
[12.458s] Level 1:colcon.colcon_core.environment:checking '/home/r1/r1_ws/install/camera/bin'
[12.459s] Level 1:colcon.colcon_core.environment:checking '/home/r1/r1_ws/install/camera/lib/pkgconfig/camera.pc'
[12.460s] Level 1:colcon.colcon_core.environment:checking '/home/r1/r1_ws/install/camera/lib/python3.10/site-packages'
[12.461s] Level 1:colcon.colcon_core.shell:create_environment_hook('camera', 'pythonpath')
[12.471s] INFO:colcon.colcon_core.shell:Creating environment hook '/home/r1/r1_ws/install/camera/share/camera/hook/pythonpath.ps1'
[12.474s] INFO:colcon.colcon_core.shell:Creating environment descriptor '/home/r1/r1_ws/install/camera/share/camera/hook/pythonpath.dsv'
[12.478s] INFO:colcon.colcon_core.shell:Creating environment hook '/home/r1/r1_ws/install/camera/share/camera/hook/pythonpath.sh'
[12.484s] Level 1:colcon.colcon_core.environment:checking '/home/r1/r1_ws/install/camera/bin'
[12.485s] Level 1:colcon.colcon_core.environment:create_environment_scripts_only(camera)
[12.494s] INFO:colcon.colcon_core.shell:Creating package script '/home/r1/r1_ws/install/camera/share/camera/package.ps1'
[12.499s] INFO:colcon.colcon_core.shell:Creating package descriptor '/home/r1/r1_ws/install/camera/share/camera/package.dsv'
[12.503s] INFO:colcon.colcon_core.shell:Creating package script '/home/r1/r1_ws/install/camera/share/camera/package.sh'
[12.506s] INFO:colcon.colcon_core.shell:Creating package script '/home/r1/r1_ws/install/camera/share/camera/package.bash'
[12.514s] INFO:colcon.colcon_core.shell:Creating package script '/home/r1/r1_ws/install/camera/share/camera/package.zsh'
[12.517s] Level 1:colcon.colcon_core.environment:create_file_with_runtime_dependencies(/home/r1/r1_ws/install/camera/share/colcon-core/packages/camera)
[12.524s] Level 1:colcon.colcon_core.shell:create_environment_hook('control', 'pythonpath_develop')
[12.525s] DEBUG:colcon.colcon_core.event_handler.log_command:Invoked command in '/home/r1/r1_ws/build/control' returned '0': PYTHONPATH=/home/r1/r1_ws/build/control/prefix_override:/home/r1/r1_ws/install/control/lib/python3.10/site-packages:${PYTHONPATH} /usr/bin/python3 setup.py develop --editable --build-directory /home/r1/r1_ws/build/control/build --no-deps install_data
[12.537s] INFO:colcon.colcon_core.shell:Creating environment hook '/home/r1/r1_ws/build/control/share/control/hook/pythonpath_develop.ps1'
[12.543s] INFO:colcon.colcon_core.shell:Creating environment descriptor '/home/r1/r1_ws/build/control/share/control/hook/pythonpath_develop.dsv'
[12.546s] INFO:colcon.colcon_core.shell:Creating environment hook '/home/r1/r1_ws/build/control/share/control/hook/pythonpath_develop.sh'
[12.566s] Level 1:colcon.colcon_core.environment:checking '/home/r1/r1_ws/install/control' for CMake module files
[12.570s] Level 1:colcon.colcon_core.environment:checking '/home/r1/r1_ws/install/control' for CMake config files
[12.574s] Level 1:colcon.colcon_core.environment:checking '/home/r1/r1_ws/install/control/lib'
[12.575s] Level 1:colcon.colcon_core.environment:checking '/home/r1/r1_ws/install/control/bin'
[12.576s] Level 1:colcon.colcon_core.environment:checking '/home/r1/r1_ws/install/control/lib/pkgconfig/control.pc'
[12.578s] Level 1:colcon.colcon_core.environment:checking '/home/r1/r1_ws/install/control/lib/python3.10/site-packages'
[12.578s] Level 1:colcon.colcon_core.shell:create_environment_hook('control', 'pythonpath')
[12.586s] INFO:colcon.colcon_core.shell:Creating environment hook '/home/r1/r1_ws/install/control/share/control/hook/pythonpath.ps1'
[12.591s] INFO:colcon.colcon_core.shell:Creating environment descriptor '/home/r1/r1_ws/install/control/share/control/hook/pythonpath.dsv'
[12.594s] INFO:colcon.colcon_core.shell:Creating environment hook '/home/r1/r1_ws/install/control/share/control/hook/pythonpath.sh'
[12.597s] Level 1:colcon.colcon_core.environment:checking '/home/r1/r1_ws/install/control/bin'
[12.598s] Level 1:colcon.colcon_core.environment:create_environment_scripts_only(control)
[12.608s] INFO:colcon.colcon_core.shell:Creating package script '/home/r1/r1_ws/install/control/share/control/package.ps1'
[12.612s] INFO:colcon.colcon_core.shell:Creating package descriptor '/home/r1/r1_ws/install/control/share/control/package.dsv'
[12.616s] INFO:colcon.colcon_core.shell:Creating package script '/home/r1/r1_ws/install/control/share/control/package.sh'
[12.619s] INFO:colcon.colcon_core.shell:Creating package script '/home/r1/r1_ws/install/control/share/control/package.bash'
[12.621s] INFO:colcon.colcon_core.shell:Creating package script '/home/r1/r1_ws/install/control/share/control/package.zsh'
[12.624s] Level 1:colcon.colcon_core.environment:create_file_with_runtime_dependencies(/home/r1/r1_ws/install/control/share/colcon-core/packages/control)
[12.625s] DEBUG:colcon.colcon_parallel_executor.executor.parallel:closing loop
[12.627s] DEBUG:colcon.colcon_parallel_executor.executor.parallel:loop closed
[12.627s] DEBUG:colcon.colcon_parallel_executor.executor.parallel:run_until_complete finished with '0'
[12.628s] DEBUG:colcon.colcon_core.event_reactor:joining thread
[12.684s] INFO:colcon.colcon_core.plugin_system:Skipping extension 'colcon_notification.desktop_notification.terminal_notifier': Not used on non-Darwin systems
[12.685s] INFO:colcon.colcon_core.plugin_system:Skipping extension 'colcon_notification.desktop_notification.win32': Not used on non-Windows systems
[12.686s] INFO:colcon.colcon_notification.desktop_notification:Sending desktop notification using 'notify2'
[34.885s] DEBUG:colcon.colcon_notification.desktop_notification.notify2:Failed to initialize notify2: org.freedesktop.DBus.Error.TimedOut: Failed to activate service 'org.freedesktop.Notifications': timed out (service_start_timeout=120000ms)
[34.886s] DEBUG:colcon.colcon_core.event_reactor:joined thread
[34.897s] INFO:colcon.colcon_core.shell:Creating prefix script '/home/r1/r1_ws/install/local_setup.ps1'
[34.902s] INFO:colcon.colcon_core.shell:Creating prefix util module '/home/r1/r1_ws/install/_local_setup_util_ps1.py'
[34.907s] INFO:colcon.colcon_core.shell:Creating prefix chain script '/home/r1/r1_ws/install/setup.ps1'
[34.914s] INFO:colcon.colcon_core.shell:Creating prefix script '/home/r1/r1_ws/install/local_setup.sh'
[34.917s] INFO:colcon.colcon_core.shell:Creating prefix util module '/home/r1/r1_ws/install/_local_setup_util_sh.py'
[34.919s] INFO:colcon.colcon_core.shell:Creating prefix chain script '/home/r1/r1_ws/install/setup.sh'
[34.926s] INFO:colcon.colcon_core.shell:Creating prefix script '/home/r1/r1_ws/install/local_setup.bash'
[34.928s] INFO:colcon.colcon_core.shell:Creating prefix chain script '/home/r1/r1_ws/install/setup.bash'
[34.935s] INFO:colcon.colcon_core.shell:Creating prefix script '/home/r1/r1_ws/install/local_setup.zsh'
[34.938s] INFO:colcon.colcon_core.shell:Creating prefix chain script '/home/r1/r1_ws/install/setup.zsh'
