[9.244s] Invoking command in '/home/r1/r1_ws/src/control': PYTHONPATH=/home/r1/r1_ws/build/control/prefix_override:/home/r1/r1_ws/install/control/lib/python3.10/site-packages:${PYTHONPATH} /usr/bin/python3 setup.py egg_info --egg-base ../../build/control build --build-base /home/r1/r1_ws/build/control/build install --record /home/r1/r1_ws/build/control/install.log --single-version-externally-managed
[11.548s] running egg_info
[11.551s] writing ../../build/control/control.egg-info/PKG-INFO
[11.552s] writing dependency_links to ../../build/control/control.egg-info/dependency_links.txt
[11.554s] writing entry points to ../../build/control/control.egg-info/entry_points.txt
[11.555s] writing requirements to ../../build/control/control.egg-info/requires.txt
[11.556s] writing top-level names to ../../build/control/control.egg-info/top_level.txt
[11.571s] reading manifest file '../../build/control/control.egg-info/SOURCES.txt'
[11.572s] writing manifest file '../../build/control/control.egg-info/SOURCES.txt'
[11.573s] running build
[11.577s] running build_py
[11.578s] copying control/sensors.py -> /home/r1/r1_ws/build/control/build/lib/control
[11.594s] running install
[11.604s] /usr/lib/python3/dist-packages/setuptools/command/install.py:34: SetuptoolsDeprecationWarning: setup.py install is deprecated. Use build and pip and other standards-based tools.
[11.605s]   warnings.warn(
[11.605s] running install_lib
[11.606s] copying /home/r1/r1_ws/build/control/build/lib/control/sensors.py -> /home/r1/r1_ws/install/control/lib/python3.10/site-packages/control
[11.615s] byte-compiling /home/r1/r1_ws/install/control/lib/python3.10/site-packages/control/sensors.py to sensors.cpython-310.pyc
[11.623s] running install_data
[11.624s] running install_egg_info
[11.625s] removing '/home/r1/r1_ws/install/control/lib/python3.10/site-packages/control-0.0.0-py3.10.egg-info' (and everything under it)
[11.645s] Copying ../../build/control/control.egg-info to /home/r1/r1_ws/install/control/lib/python3.10/site-packages/control-0.0.0-py3.10.egg-info
[11.646s] running install_scripts
[11.755s] Installing base_sub script to /home/r1/r1_ws/install/control/lib/control
[11.757s] Installing ir_left_pub script to /home/r1/r1_ws/install/control/lib/control
[11.759s] Installing ir_right_pub script to /home/r1/r1_ws/install/control/lib/control
[11.761s] Installing sensors_sub script to /home/r1/r1_ws/install/control/lib/control
[11.762s] Installing us_pub script to /home/r1/r1_ws/install/control/lib/control
[11.765s] writing list of installed files to '/home/r1/r1_ws/build/control/install.log'
[12.385s] Invoked command in '/home/r1/r1_ws/src/control' returned '0': PYTHONPATH=/home/r1/r1_ws/build/control/prefix_override:/home/r1/r1_ws/install/control/lib/python3.10/site-packages:${PYTHONPATH} /usr/bin/python3 setup.py egg_info --egg-base ../../build/control build --build-base /home/r1/r1_ws/build/control/build install --record /home/r1/r1_ws/build/control/install.log --single-version-externally-managed
