[11.883s] Invoking command in '/home/r1/r1_ws/build/control': PYTHONPATH=/home/r1/r1_ws/build/control/prefix_override:/home/r1/r1_ws/install/control/lib/python3.10/site-packages:${PYTHONPATH} /usr/bin/python3 setup.py develop --uninstall --editable --build-directory /home/r1/r1_ws/build/control/build
[15.343s] running develop
[15.355s] /usr/lib/python3/dist-packages/setuptools/command/easy_install.py:158: EasyInstallDeprecationWarning: easy_install command is deprecated. Use build and pip and other standards-based tools.
[15.356s]   warnings.warn(
[15.376s] /usr/lib/python3/dist-packages/setuptools/command/install.py:34: SetuptoolsDeprecationWarning: setup.py install is deprecated. Use build and pip and other standards-based tools.
[15.379s]   warnings.warn(
[16.154s] /usr/lib/python3/dist-packages/pkg_resources/__init__.py:116: PkgResourcesDeprecationWarning: 1.1build1 is an invalid version and will not be supported in a future release
[16.155s]   warnings.warn(
[16.176s] /usr/lib/python3/dist-packages/pkg_resources/__init__.py:116: PkgResourcesDeprecationWarning: 0.1.43ubuntu1 is an invalid version and will not be supported in a future release
[16.177s]   warnings.warn(
[18.678s] Invoked command in '/home/r1/r1_ws/build/control' returned '0': PYTHONPATH=/home/r1/r1_ws/build/control/prefix_override:/home/r1/r1_ws/install/control/lib/python3.10/site-packages:${PYTHONPATH} /usr/bin/python3 setup.py develop --uninstall --editable --build-directory /home/r1/r1_ws/build/control/build
[18.680s] Invoking command in '/home/r1/r1_ws/src/control': PYTHONPATH=/home/r1/r1_ws/build/control/prefix_override:/home/r1/r1_ws/install/control/lib/python3.10/site-packages:${PYTHONPATH} /usr/bin/python3 setup.py egg_info --egg-base ../../build/control build --build-base /home/r1/r1_ws/build/control/build install --record /home/r1/r1_ws/build/control/install.log --single-version-externally-managed
[21.616s] running egg_info
[21.628s] writing ../../build/control/control.egg-info/PKG-INFO
[21.645s] writing dependency_links to ../../build/control/control.egg-info/dependency_links.txt
[21.656s] writing entry points to ../../build/control/control.egg-info/entry_points.txt
[21.658s] writing requirements to ../../build/control/control.egg-info/requires.txt
[21.661s] writing top-level names to ../../build/control/control.egg-info/top_level.txt
[21.722s] reading manifest file '../../build/control/control.egg-info/SOURCES.txt'
[21.728s] writing manifest file '../../build/control/control.egg-info/SOURCES.txt'
[21.730s] running build
[21.731s] running build_py
[21.755s] copying control/right_hand_sub.py -> /home/r1/r1_ws/build/control/build/lib/control
[21.757s] copying control/left_hand_sub.py -> /home/r1/r1_ws/build/control/build/lib/control
[21.764s] running install
[21.777s] /usr/lib/python3/dist-packages/setuptools/command/install.py:34: SetuptoolsDeprecationWarning: setup.py install is deprecated. Use build and pip and other standards-based tools.
[21.779s]   warnings.warn(
[21.781s] running install_lib
[21.865s] copying /home/r1/r1_ws/build/control/build/lib/control/right_hand_sub.py -> /home/r1/r1_ws/install/control/lib/python3.10/site-packages/control
[21.880s] copying /home/r1/r1_ws/build/control/build/lib/control/left_hand_sub.py -> /home/r1/r1_ws/install/control/lib/python3.10/site-packages/control
[21.912s] byte-compiling /home/r1/r1_ws/install/control/lib/python3.10/site-packages/control/right_hand_sub.py to right_hand_sub.cpython-310.pyc
[21.918s] byte-compiling /home/r1/r1_ws/install/control/lib/python3.10/site-packages/control/left_hand_sub.py to left_hand_sub.cpython-310.pyc
[21.934s] running install_data
[21.938s] running install_egg_info
[21.953s] removing '/home/r1/r1_ws/install/control/lib/python3.10/site-packages/control-0.0.0-py3.10.egg-info' (and everything under it)
[22.007s] Copying ../../build/control/control.egg-info to /home/r1/r1_ws/install/control/lib/python3.10/site-packages/control-0.0.0-py3.10.egg-info
[22.115s] running install_scripts
[22.373s] Installing base_sub script to /home/r1/r1_ws/install/control/lib/control
[22.374s] Installing eyes_sub script to /home/r1/r1_ws/install/control/lib/control
[22.376s] Installing head_sub script to /home/r1/r1_ws/install/control/lib/control
[22.377s] Installing ir_left_pub script to /home/r1/r1_ws/install/control/lib/control
[22.387s] Installing ir_right_pub script to /home/r1/r1_ws/install/control/lib/control
[22.388s] Installing left_hand_sub script to /home/r1/r1_ws/install/control/lib/control
[22.389s] Installing right_hand_sub script to /home/r1/r1_ws/install/control/lib/control
[22.391s] Installing sensors_sub script to /home/r1/r1_ws/install/control/lib/control
[22.392s] Installing us_pub script to /home/r1/r1_ws/install/control/lib/control
[22.393s] writing list of installed files to '/home/r1/r1_ws/build/control/install.log'
[22.583s] Invoked command in '/home/r1/r1_ws/src/control' returned '0': PYTHONPATH=/home/r1/r1_ws/build/control/prefix_override:/home/r1/r1_ws/install/control/lib/python3.10/site-packages:${PYTHONPATH} /usr/bin/python3 setup.py egg_info --egg-base ../../build/control build --build-base /home/r1/r1_ws/build/control/build install --record /home/r1/r1_ws/build/control/install.log --single-version-externally-managed
