[19.738s] Invoking command in '/home/r1/r1_ws/build/camera': PYTHONPATH=/home/r1/r1_ws/build/camera/prefix_override:/home/r1/r1_ws/install/camera/lib/python3.10/site-packages:${PYTHONPATH} /usr/bin/python3 setup.py develop --uninstall --editable --build-directory /home/r1/r1_ws/build/camera/build
[24.701s] running develop
[24.721s] /usr/lib/python3/dist-packages/setuptools/command/easy_install.py:158: EasyInstallDeprecationWarning: easy_install command is deprecated. Use build and pip and other standards-based tools.
[24.722s]   warnings.warn(
[24.730s] /usr/lib/python3/dist-packages/setuptools/command/install.py:34: SetuptoolsDeprecationWarning: setup.py install is deprecated. Use build and pip and other standards-based tools.
[24.736s]   warnings.warn(
[25.923s] /usr/lib/python3/dist-packages/pkg_resources/__init__.py:116: PkgResourcesDeprecationWarning: 1.1build1 is an invalid version and will not be supported in a future release
[25.924s]   warnings.warn(
[25.929s] /usr/lib/python3/dist-packages/pkg_resources/__init__.py:116: PkgResourcesDeprecationWarning: 0.1.43ubuntu1 is an invalid version and will not be supported in a future release
[25.932s]   warnings.warn(
[28.064s] Invoked command in '/home/r1/r1_ws/build/camera' returned '0': PYTHONPATH=/home/r1/r1_ws/build/camera/prefix_override:/home/r1/r1_ws/install/camera/lib/python3.10/site-packages:${PYTHONPATH} /usr/bin/python3 setup.py develop --uninstall --editable --build-directory /home/r1/r1_ws/build/camera/build
[28.112s] Invoking command in '/home/r1/r1_ws/src/camera': PYTHONPATH=/home/r1/r1_ws/build/camera/prefix_override:/home/r1/r1_ws/install/camera/lib/python3.10/site-packages:${PYTHONPATH} /usr/bin/python3 setup.py egg_info --egg-base ../../build/camera build --build-base /home/r1/r1_ws/build/camera/build install --record /home/r1/r1_ws/build/camera/install.log --single-version-externally-managed
[30.080s] running egg_info
[30.089s] writing ../../build/camera/camera.egg-info/PKG-INFO
[30.094s] writing dependency_links to ../../build/camera/camera.egg-info/dependency_links.txt
[30.125s] writing entry points to ../../build/camera/camera.egg-info/entry_points.txt
[30.131s] writing requirements to ../../build/camera/camera.egg-info/requires.txt
[30.138s] writing top-level names to ../../build/camera/camera.egg-info/top_level.txt
[30.162s] reading manifest file '../../build/camera/camera.egg-info/SOURCES.txt'
[30.176s] writing manifest file '../../build/camera/camera.egg-info/SOURCES.txt'
[30.195s] running build
[30.196s] running build_py
[30.198s] copying camera/frame_subscriber.py -> /home/r1/r1_ws/build/camera/build/lib/camera
[30.201s] running install
[30.202s] /usr/lib/python3/dist-packages/setuptools/command/install.py:34: SetuptoolsDeprecationWarning: setup.py install is deprecated. Use build and pip and other standards-based tools.
[30.203s]   warnings.warn(
[30.237s] running install_lib
[30.266s] copying /home/r1/r1_ws/build/camera/build/lib/camera/frame_subscriber.py -> /home/r1/r1_ws/install/camera/lib/python3.10/site-packages/camera
[30.294s] byte-compiling /home/r1/r1_ws/install/camera/lib/python3.10/site-packages/camera/frame_subscriber.py to frame_subscriber.cpython-310.pyc
[30.316s] running install_data
[30.325s] running install_egg_info
[30.359s] removing '/home/r1/r1_ws/install/camera/lib/python3.10/site-packages/camera-0.0.0-py3.10.egg-info' (and everything under it)
[30.380s] Copying ../../build/camera/camera.egg-info to /home/r1/r1_ws/install/camera/lib/python3.10/site-packages/camera-0.0.0-py3.10.egg-info
[30.415s] running install_scripts
[30.528s] Installing frames_sub script to /home/r1/r1_ws/install/camera/lib/camera
[30.533s] Installing img_pub script to /home/r1/r1_ws/install/camera/lib/camera
[30.539s] writing list of installed files to '/home/r1/r1_ws/build/camera/install.log'
[30.793s] Invoked command in '/home/r1/r1_ws/src/camera' returned '0': PYTHONPATH=/home/r1/r1_ws/build/camera/prefix_override:/home/r1/r1_ws/install/camera/lib/python3.10/site-packages:${PYTHONPATH} /usr/bin/python3 setup.py egg_info --egg-base ../../build/camera build --build-base /home/r1/r1_ws/build/camera/build install --record /home/r1/r1_ws/build/camera/install.log --single-version-externally-managed
