[8.894s] Invoking command in '/home/r1/r1_ws/src/control': PYTHONPATH=/home/r1/r1_ws/build/control/prefix_override:/home/r1/r1_ws/install/control/lib/python3.10/site-packages:${PYTHONPATH} /usr/bin/python3 setup.py egg_info --egg-base ../../build/control build --build-base /home/r1/r1_ws/build/control/build install --record /home/r1/r1_ws/build/control/install.log --single-version-externally-managed
[11.833s] running egg_info
[11.838s] writing ../../build/control/control.egg-info/PKG-INFO
[11.842s] writing dependency_links to ../../build/control/control.egg-info/dependency_links.txt
[11.845s] writing entry points to ../../build/control/control.egg-info/entry_points.txt
[11.850s] writing requirements to ../../build/control/control.egg-info/requires.txt
[11.854s] writing top-level names to ../../build/control/control.egg-info/top_level.txt
[11.868s] reading manifest file '../../build/control/control.egg-info/SOURCES.txt'
[11.873s] writing manifest file '../../build/control/control.egg-info/SOURCES.txt'
[11.874s] running build
[11.876s] running build_py
[11.877s] copying control/ultrasonic.py -> /home/r1/r1_ws/build/control/build/lib/control
[11.878s] running install
[11.879s] /usr/lib/python3/dist-packages/setuptools/command/install.py:34: SetuptoolsDeprecationWarning: setup.py install is deprecated. Use build and pip and other standards-based tools.
[11.880s]   warnings.warn(
[11.882s] running install_lib
[11.886s] copying /home/r1/r1_ws/build/control/build/lib/control/ultrasonic.py -> /home/r1/r1_ws/install/control/lib/python3.10/site-packages/control
[11.890s] byte-compiling /home/r1/r1_ws/install/control/lib/python3.10/site-packages/control/ultrasonic.py to ultrasonic.cpython-310.pyc
[11.896s] running install_data
[11.900s] running install_egg_info
[11.908s] removing '/home/r1/r1_ws/install/control/lib/python3.10/site-packages/control-0.0.0-py3.10.egg-info' (and everything under it)
[11.910s] Copying ../../build/control/control.egg-info to /home/r1/r1_ws/install/control/lib/python3.10/site-packages/control-0.0.0-py3.10.egg-info
[11.918s] running install_scripts
[12.029s] Installing ir_left_pub script to /home/r1/r1_ws/install/control/lib/control
[12.032s] Installing ir_right_pub script to /home/r1/r1_ws/install/control/lib/control
[12.034s] Installing sensors_sub script to /home/r1/r1_ws/install/control/lib/control
[12.035s] Installing us_pub script to /home/r1/r1_ws/install/control/lib/control
[12.037s] writing list of installed files to '/home/r1/r1_ws/build/control/install.log'
[12.237s] Invoked command in '/home/r1/r1_ws/src/control' returned '0': PYTHONPATH=/home/r1/r1_ws/build/control/prefix_override:/home/r1/r1_ws/install/control/lib/python3.10/site-packages:${PYTHONPATH} /usr/bin/python3 setup.py egg_info --egg-base ../../build/control build --build-base /home/r1/r1_ws/build/control/build install --record /home/r1/r1_ws/build/control/install.log --single-version-externally-managed
