[9.797s] Invoking command in '/home/r1/r1_ws/src/voice': PYTHONPATH=/home/r1/r1_ws/build/voice/prefix_override:/home/r1/r1_ws/install/voice/lib/python3.10/site-packages:${PYTHONPATH} /usr/bin/python3 setup.py egg_info --egg-base ../../build/voice build --build-base /home/r1/r1_ws/build/voice/build install --record /home/r1/r1_ws/build/voice/install.log --single-version-externally-managed
[12.291s] running egg_info
[12.306s] writing ../../build/voice/voice.egg-info/PKG-INFO
[12.310s] writing dependency_links to ../../build/voice/voice.egg-info/dependency_links.txt
[12.313s] writing entry points to ../../build/voice/voice.egg-info/entry_points.txt
[12.316s] writing requirements to ../../build/voice/voice.egg-info/requires.txt
[12.319s] writing top-level names to ../../build/voice/voice.egg-info/top_level.txt
[12.338s] reading manifest file '../../build/voice/voice.egg-info/SOURCES.txt'
[12.345s] writing manifest file '../../build/voice/voice.egg-info/SOURCES.txt'
[12.347s] running build
[12.348s] running build_py
[12.354s] running install
[12.356s] /usr/lib/python3/dist-packages/setuptools/command/install.py:34: SetuptoolsDeprecationWarning: setup.py install is deprecated. Use build and pip and other standards-based tools.
[12.356s]   warnings.warn(
[12.359s] running install_lib
[12.369s] running install_data
[12.376s] running install_egg_info
[12.389s] removing '/home/r1/r1_ws/install/voice/lib/python3.10/site-packages/voice-0.0.0-py3.10.egg-info' (and everything under it)
[12.401s] Copying ../../build/voice/voice.egg-info to /home/r1/r1_ws/install/voice/lib/python3.10/site-packages/voice-0.0.0-py3.10.egg-info
[12.478s] running install_scripts
[12.685s] Installing voice_sub script to /home/r1/r1_ws/install/voice/lib/voice
[12.687s] writing list of installed files to '/home/r1/r1_ws/build/voice/install.log'
[13.156s] Invoked command in '/home/r1/r1_ws/src/voice' returned '0': PYTHONPATH=/home/r1/r1_ws/build/voice/prefix_override:/home/r1/r1_ws/install/voice/lib/python3.10/site-packages:${PYTHONPATH} /usr/bin/python3 setup.py egg_info --egg-base ../../build/voice build --build-base /home/r1/r1_ws/build/voice/build install --record /home/r1/r1_ws/build/voice/install.log --single-version-externally-managed
