[8.588s] DEBUG:colcon:Command line arguments: ['/usr/bin/colcon', 'build']
[8.593s] DEBUG:colcon:Parsed command line arguments: Namespace(log_base=None, log_level=None, verb_name='build', build_base='build', install_base='install', merge_install=False, symlink_install=False, test_result_base=None, continue_on_error=False, executor='parallel', parallel_workers=4, event_handlers=None, ignore_user_meta=False, metas=['./colcon.meta'], base_paths=['.'], packages_ignore=None, packages_ignore_regex=None, paths=None, packages_up_to=None, packages_up_to_regex=None, packages_above=None, packages_above_and_dependencies=None, packages_above_depth=None, packages_select_by_dep=None, packages_skip_by_dep=None, packages_skip_up_to=None, packages_select_build_failed=False, packages_skip_build_finished=False, packages_select_test_failures=False, packages_skip_test_passed=False, packages_select=None, packages_skip=None, packages_select_regex=None, packages_skip_regex=None, packages_start=None, packages_end=None, allow_overriding=[], cmake_args=None, cmake_target=None, cmake_target_skip_unavailable=False, cmake_clean_cache=False, cmake_clean_first=False, cmake_force_configure=False, ament_cmake_args=None, catkin_cmake_args=None, catkin_skip_building_tests=False, verb_parser=<colcon_defaults.argument_parser.defaults.DefaultArgumentsDecorator object at 0xffff7fd717e0>, verb_extension=<colcon_core.verb.build.BuildVerb object at 0xffff80561a20>, main=<bound method BuildVerb.main of <colcon_core.verb.build.BuildVerb object at 0xffff80561a20>>)
[9.265s] Level 1:colcon.colcon_core.package_discovery:discover_packages(colcon_meta) check parameters
[9.265s] Level 1:colcon.colcon_core.package_discovery:discover_packages(recursive) check parameters
[9.266s] Level 1:colcon.colcon_core.package_discovery:discover_packages(ignore) check parameters
[9.266s] Level 1:colcon.colcon_core.package_discovery:discover_packages(path) check parameters
[9.266s] Level 1:colcon.colcon_core.package_discovery:discover_packages(colcon_meta) discover
[9.267s] Level 1:colcon.colcon_core.package_discovery:discover_packages(recursive) discover
[9.267s] INFO:colcon.colcon_core.package_discovery:Crawling recursively for packages in '/home/r1/r1_ws'
[9.268s] Level 1:colcon.colcon_core.package_identification:_identify(.) by extensions ['ignore', 'ignore_ament_install']
[9.276s] Level 1:colcon.colcon_core.package_identification:_identify(.) by extension 'ignore'
[9.277s] Level 1:colcon.colcon_core.package_identification:_identify(.) by extension 'ignore_ament_install'
[9.278s] Level 1:colcon.colcon_core.package_identification:_identify(.) by extensions ['colcon_pkg']
[9.278s] Level 1:colcon.colcon_core.package_identification:_identify(.) by extension 'colcon_pkg'
[9.278s] Level 1:colcon.colcon_core.package_identification:_identify(.) by extensions ['colcon_meta']
[9.279s] Level 1:colcon.colcon_core.package_identification:_identify(.) by extension 'colcon_meta'
[9.279s] Level 1:colcon.colcon_core.package_identification:_identify(.) by extensions ['ros']
[9.279s] Level 1:colcon.colcon_core.package_identification:_identify(.) by extension 'ros'
[9.410s] Level 1:colcon.colcon_core.package_identification:_identify(.) by extensions ['cmake', 'python']
[9.410s] Level 1:colcon.colcon_core.package_identification:_identify(.) by extension 'cmake'
[9.411s] Level 1:colcon.colcon_core.package_identification:_identify(.) by extension 'python'
[9.411s] Level 1:colcon.colcon_core.package_identification:_identify(.) by extensions ['python_setup_py']
[9.412s] Level 1:colcon.colcon_core.package_identification:_identify(.) by extension 'python_setup_py'
[9.413s] Level 1:colcon.colcon_core.package_identification:_identify(build) by extensions ['ignore', 'ignore_ament_install']
[9.415s] Level 1:colcon.colcon_core.package_identification:_identify(build) by extension 'ignore'
[9.415s] Level 1:colcon.colcon_core.package_identification:_identify(build) ignored
[9.416s] Level 1:colcon.colcon_core.package_identification:_identify(install) by extensions ['ignore', 'ignore_ament_install']
[9.417s] Level 1:colcon.colcon_core.package_identification:_identify(install) by extension 'ignore'
[9.418s] Level 1:colcon.colcon_core.package_identification:_identify(install) ignored
[9.420s] Level 1:colcon.colcon_core.package_identification:_identify(log) by extensions ['ignore', 'ignore_ament_install']
[9.421s] Level 1:colcon.colcon_core.package_identification:_identify(log) by extension 'ignore'
[9.422s] Level 1:colcon.colcon_core.package_identification:_identify(log) ignored
[9.422s] Level 1:colcon.colcon_core.package_identification:_identify(src) by extensions ['ignore', 'ignore_ament_install']
[9.423s] Level 1:colcon.colcon_core.package_identification:_identify(src) by extension 'ignore'
[9.424s] Level 1:colcon.colcon_core.package_identification:_identify(src) by extension 'ignore_ament_install'
[9.425s] Level 1:colcon.colcon_core.package_identification:_identify(src) by extensions ['colcon_pkg']
[9.425s] Level 1:colcon.colcon_core.package_identification:_identify(src) by extension 'colcon_pkg'
[9.426s] Level 1:colcon.colcon_core.package_identification:_identify(src) by extensions ['colcon_meta']
[9.426s] Level 1:colcon.colcon_core.package_identification:_identify(src) by extension 'colcon_meta'
[9.427s] Level 1:colcon.colcon_core.package_identification:_identify(src) by extensions ['ros']
[9.427s] Level 1:colcon.colcon_core.package_identification:_identify(src) by extension 'ros'
[9.428s] Level 1:colcon.colcon_core.package_identification:_identify(src) by extensions ['cmake', 'python']
[9.429s] Level 1:colcon.colcon_core.package_identification:_identify(src) by extension 'cmake'
[9.430s] Level 1:colcon.colcon_core.package_identification:_identify(src) by extension 'python'
[9.431s] Level 1:colcon.colcon_core.package_identification:_identify(src) by extensions ['python_setup_py']
[9.431s] Level 1:colcon.colcon_core.package_identification:_identify(src) by extension 'python_setup_py'
[9.433s] Level 1:colcon.colcon_core.package_identification:_identify(src/build) by extensions ['ignore', 'ignore_ament_install']
[9.433s] Level 1:colcon.colcon_core.package_identification:_identify(src/build) by extension 'ignore'
[9.434s] Level 1:colcon.colcon_core.package_identification:_identify(src/build) ignored
[9.435s] Level 1:colcon.colcon_core.package_identification:_identify(src/camera) by extensions ['ignore', 'ignore_ament_install']
[9.435s] Level 1:colcon.colcon_core.package_identification:_identify(src/camera) by extension 'ignore'
[9.436s] Level 1:colcon.colcon_core.package_identification:_identify(src/camera) by extension 'ignore_ament_install'
[9.437s] Level 1:colcon.colcon_core.package_identification:_identify(src/camera) by extensions ['colcon_pkg']
[9.437s] Level 1:colcon.colcon_core.package_identification:_identify(src/camera) by extension 'colcon_pkg'
[9.437s] Level 1:colcon.colcon_core.package_identification:_identify(src/camera) by extensions ['colcon_meta']
[9.438s] Level 1:colcon.colcon_core.package_identification:_identify(src/camera) by extension 'colcon_meta'
[9.438s] Level 1:colcon.colcon_core.package_identification:_identify(src/camera) by extensions ['ros']
[9.439s] Level 1:colcon.colcon_core.package_identification:_identify(src/camera) by extension 'ros'
[9.463s] DEBUG:colcon.colcon_core.package_identification:Package 'src/camera' with type 'ros.ament_python' and name 'camera'
[9.464s] Level 1:colcon.colcon_core.package_identification:_identify(src/control) by extensions ['ignore', 'ignore_ament_install']
[9.464s] Level 1:colcon.colcon_core.package_identification:_identify(src/control) by extension 'ignore'
[9.465s] Level 1:colcon.colcon_core.package_identification:_identify(src/control) by extension 'ignore_ament_install'
[9.466s] Level 1:colcon.colcon_core.package_identification:_identify(src/control) by extensions ['colcon_pkg']
[9.466s] Level 1:colcon.colcon_core.package_identification:_identify(src/control) by extension 'colcon_pkg'
[9.467s] Level 1:colcon.colcon_core.package_identification:_identify(src/control) by extensions ['colcon_meta']
[9.467s] Level 1:colcon.colcon_core.package_identification:_identify(src/control) by extension 'colcon_meta'
[9.468s] Level 1:colcon.colcon_core.package_identification:_identify(src/control) by extensions ['ros']
[9.468s] Level 1:colcon.colcon_core.package_identification:_identify(src/control) by extension 'ros'
[9.472s] DEBUG:colcon.colcon_core.package_identification:Package 'src/control' with type 'ros.ament_python' and name 'control'
[9.473s] Level 1:colcon.colcon_core.package_identification:_identify(src/install) by extensions ['ignore', 'ignore_ament_install']
[9.474s] Level 1:colcon.colcon_core.package_identification:_identify(src/install) by extension 'ignore'
[9.475s] Level 1:colcon.colcon_core.package_identification:_identify(src/install) ignored
[9.475s] Level 1:colcon.colcon_core.package_identification:_identify(src/launch) by extensions ['ignore', 'ignore_ament_install']
[9.476s] Level 1:colcon.colcon_core.package_identification:_identify(src/launch) by extension 'ignore'
[9.477s] Level 1:colcon.colcon_core.package_identification:_identify(src/launch) by extension 'ignore_ament_install'
[9.477s] Level 1:colcon.colcon_core.package_identification:_identify(src/launch) by extensions ['colcon_pkg']
[9.478s] Level 1:colcon.colcon_core.package_identification:_identify(src/launch) by extension 'colcon_pkg'
[9.478s] Level 1:colcon.colcon_core.package_identification:_identify(src/launch) by extensions ['colcon_meta']
[9.479s] Level 1:colcon.colcon_core.package_identification:_identify(src/launch) by extension 'colcon_meta'
[9.479s] Level 1:colcon.colcon_core.package_identification:_identify(src/launch) by extensions ['ros']
[9.479s] Level 1:colcon.colcon_core.package_identification:_identify(src/launch) by extension 'ros'
[9.480s] Level 1:colcon.colcon_core.package_identification:_identify(src/launch) by extensions ['cmake', 'python']
[9.481s] Level 1:colcon.colcon_core.package_identification:_identify(src/launch) by extension 'cmake'
[9.481s] Level 1:colcon.colcon_core.package_identification:_identify(src/launch) by extension 'python'
[9.482s] Level 1:colcon.colcon_core.package_identification:_identify(src/launch) by extensions ['python_setup_py']
[9.482s] Level 1:colcon.colcon_core.package_identification:_identify(src/launch) by extension 'python_setup_py'
[9.483s] Level 1:colcon.colcon_core.package_identification:_identify(src/launch/__pycache__) by extensions ['ignore', 'ignore_ament_install']
[9.484s] Level 1:colcon.colcon_core.package_identification:_identify(src/launch/__pycache__) by extension 'ignore'
[9.485s] Level 1:colcon.colcon_core.package_identification:_identify(src/launch/__pycache__) by extension 'ignore_ament_install'
[9.486s] Level 1:colcon.colcon_core.package_identification:_identify(src/launch/__pycache__) by extensions ['colcon_pkg']
[9.486s] Level 1:colcon.colcon_core.package_identification:_identify(src/launch/__pycache__) by extension 'colcon_pkg'
[9.487s] Level 1:colcon.colcon_core.package_identification:_identify(src/launch/__pycache__) by extensions ['colcon_meta']
[9.487s] Level 1:colcon.colcon_core.package_identification:_identify(src/launch/__pycache__) by extension 'colcon_meta'
[9.487s] Level 1:colcon.colcon_core.package_identification:_identify(src/launch/__pycache__) by extensions ['ros']
[9.488s] Level 1:colcon.colcon_core.package_identification:_identify(src/launch/__pycache__) by extension 'ros'
[9.489s] Level 1:colcon.colcon_core.package_identification:_identify(src/launch/__pycache__) by extensions ['cmake', 'python']
[9.489s] Level 1:colcon.colcon_core.package_identification:_identify(src/launch/__pycache__) by extension 'cmake'
[9.489s] Level 1:colcon.colcon_core.package_identification:_identify(src/launch/__pycache__) by extension 'python'
[9.490s] Level 1:colcon.colcon_core.package_identification:_identify(src/launch/__pycache__) by extensions ['python_setup_py']
[9.490s] Level 1:colcon.colcon_core.package_identification:_identify(src/launch/__pycache__) by extension 'python_setup_py'
[9.491s] Level 1:colcon.colcon_core.package_identification:_identify(src/log) by extensions ['ignore', 'ignore_ament_install']
[9.492s] Level 1:colcon.colcon_core.package_identification:_identify(src/log) by extension 'ignore'
[9.493s] Level 1:colcon.colcon_core.package_identification:_identify(src/log) ignored
[9.493s] Level 1:colcon.colcon_core.package_identification:_identify(src/voice) by extensions ['ignore', 'ignore_ament_install']
[9.494s] Level 1:colcon.colcon_core.package_identification:_identify(src/voice) by extension 'ignore'
[9.495s] Level 1:colcon.colcon_core.package_identification:_identify(src/voice) by extension 'ignore_ament_install'
[9.496s] Level 1:colcon.colcon_core.package_identification:_identify(src/voice) by extensions ['colcon_pkg']
[9.496s] Level 1:colcon.colcon_core.package_identification:_identify(src/voice) by extension 'colcon_pkg'
[9.497s] Level 1:colcon.colcon_core.package_identification:_identify(src/voice) by extensions ['colcon_meta']
[9.497s] Level 1:colcon.colcon_core.package_identification:_identify(src/voice) by extension 'colcon_meta'
[9.498s] Level 1:colcon.colcon_core.package_identification:_identify(src/voice) by extensions ['ros']
[9.498s] Level 1:colcon.colcon_core.package_identification:_identify(src/voice) by extension 'ros'
[9.501s] DEBUG:colcon.colcon_core.package_identification:Package 'src/voice' with type 'ros.ament_python' and name 'voice'
[9.502s] Level 1:colcon.colcon_core.package_identification:_identify(video_streaming) by extensions ['ignore', 'ignore_ament_install']
[9.503s] Level 1:colcon.colcon_core.package_identification:_identify(video_streaming) by extension 'ignore'
[9.504s] Level 1:colcon.colcon_core.package_identification:_identify(video_streaming) by extension 'ignore_ament_install'
[9.505s] Level 1:colcon.colcon_core.package_identification:_identify(video_streaming) by extensions ['colcon_pkg']
[9.505s] Level 1:colcon.colcon_core.package_identification:_identify(video_streaming) by extension 'colcon_pkg'
[9.505s] Level 1:colcon.colcon_core.package_identification:_identify(video_streaming) by extensions ['colcon_meta']
[9.506s] Level 1:colcon.colcon_core.package_identification:_identify(video_streaming) by extension 'colcon_meta'
[9.506s] Level 1:colcon.colcon_core.package_identification:_identify(video_streaming) by extensions ['ros']
[9.507s] Level 1:colcon.colcon_core.package_identification:_identify(video_streaming) by extension 'ros'
[9.507s] Level 1:colcon.colcon_core.package_identification:_identify(video_streaming) by extensions ['cmake', 'python']
[9.508s] Level 1:colcon.colcon_core.package_identification:_identify(video_streaming) by extension 'cmake'
[9.508s] Level 1:colcon.colcon_core.package_identification:_identify(video_streaming) by extension 'python'
[9.509s] Level 1:colcon.colcon_core.package_identification:_identify(video_streaming) by extensions ['python_setup_py']
[9.509s] Level 1:colcon.colcon_core.package_identification:_identify(video_streaming) by extension 'python_setup_py'
[9.510s] Level 1:colcon.colcon_core.package_identification:_identify(video_streaming/pyimagesearch) by extensions ['ignore', 'ignore_ament_install']
[9.511s] Level 1:colcon.colcon_core.package_identification:_identify(video_streaming/pyimagesearch) by extension 'ignore'
[9.511s] Level 1:colcon.colcon_core.package_identification:_identify(video_streaming/pyimagesearch) by extension 'ignore_ament_install'
[9.512s] Level 1:colcon.colcon_core.package_identification:_identify(video_streaming/pyimagesearch) by extensions ['colcon_pkg']
[9.512s] Level 1:colcon.colcon_core.package_identification:_identify(video_streaming/pyimagesearch) by extension 'colcon_pkg'
[9.513s] Level 1:colcon.colcon_core.package_identification:_identify(video_streaming/pyimagesearch) by extensions ['colcon_meta']
[9.513s] Level 1:colcon.colcon_core.package_identification:_identify(video_streaming/pyimagesearch) by extension 'colcon_meta'
[9.514s] Level 1:colcon.colcon_core.package_identification:_identify(video_streaming/pyimagesearch) by extensions ['ros']
[9.514s] Level 1:colcon.colcon_core.package_identification:_identify(video_streaming/pyimagesearch) by extension 'ros'
[9.515s] Level 1:colcon.colcon_core.package_identification:_identify(video_streaming/pyimagesearch) by extensions ['cmake', 'python']
[9.516s] Level 1:colcon.colcon_core.package_identification:_identify(video_streaming/pyimagesearch) by extension 'cmake'
[9.516s] Level 1:colcon.colcon_core.package_identification:_identify(video_streaming/pyimagesearch) by extension 'python'
[9.517s] Level 1:colcon.colcon_core.package_identification:_identify(video_streaming/pyimagesearch) by extensions ['python_setup_py']
[9.517s] Level 1:colcon.colcon_core.package_identification:_identify(video_streaming/pyimagesearch) by extension 'python_setup_py'
[9.518s] Level 1:colcon.colcon_core.package_identification:_identify(video_streaming/pyimagesearch/motion_detection) by extensions ['ignore', 'ignore_ament_install']
[9.519s] Level 1:colcon.colcon_core.package_identification:_identify(video_streaming/pyimagesearch/motion_detection) by extension 'ignore'
[9.520s] Level 1:colcon.colcon_core.package_identification:_identify(video_streaming/pyimagesearch/motion_detection) by extension 'ignore_ament_install'
[9.520s] Level 1:colcon.colcon_core.package_identification:_identify(video_streaming/pyimagesearch/motion_detection) by extensions ['colcon_pkg']
[9.521s] Level 1:colcon.colcon_core.package_identification:_identify(video_streaming/pyimagesearch/motion_detection) by extension 'colcon_pkg'
[9.521s] Level 1:colcon.colcon_core.package_identification:_identify(video_streaming/pyimagesearch/motion_detection) by extensions ['colcon_meta']
[9.522s] Level 1:colcon.colcon_core.package_identification:_identify(video_streaming/pyimagesearch/motion_detection) by extension 'colcon_meta'
[9.522s] Level 1:colcon.colcon_core.package_identification:_identify(video_streaming/pyimagesearch/motion_detection) by extensions ['ros']
[9.523s] Level 1:colcon.colcon_core.package_identification:_identify(video_streaming/pyimagesearch/motion_detection) by extension 'ros'
[9.523s] Level 1:colcon.colcon_core.package_identification:_identify(video_streaming/pyimagesearch/motion_detection) by extensions ['cmake', 'python']
[9.524s] Level 1:colcon.colcon_core.package_identification:_identify(video_streaming/pyimagesearch/motion_detection) by extension 'cmake'
[9.524s] Level 1:colcon.colcon_core.package_identification:_identify(video_streaming/pyimagesearch/motion_detection) by extension 'python'
[9.525s] Level 1:colcon.colcon_core.package_identification:_identify(video_streaming/pyimagesearch/motion_detection) by extensions ['python_setup_py']
[9.525s] Level 1:colcon.colcon_core.package_identification:_identify(video_streaming/pyimagesearch/motion_detection) by extension 'python_setup_py'
[9.526s] Level 1:colcon.colcon_core.package_identification:_identify(video_streaming/templates) by extensions ['ignore', 'ignore_ament_install']
[9.527s] Level 1:colcon.colcon_core.package_identification:_identify(video_streaming/templates) by extension 'ignore'
[9.528s] Level 1:colcon.colcon_core.package_identification:_identify(video_streaming/templates) by extension 'ignore_ament_install'
[9.529s] Level 1:colcon.colcon_core.package_identification:_identify(video_streaming/templates) by extensions ['colcon_pkg']
[9.529s] Level 1:colcon.colcon_core.package_identification:_identify(video_streaming/templates) by extension 'colcon_pkg'
[9.530s] Level 1:colcon.colcon_core.package_identification:_identify(video_streaming/templates) by extensions ['colcon_meta']
[9.530s] Level 1:colcon.colcon_core.package_identification:_identify(video_streaming/templates) by extension 'colcon_meta'
[9.531s] Level 1:colcon.colcon_core.package_identification:_identify(video_streaming/templates) by extensions ['ros']
[9.531s] Level 1:colcon.colcon_core.package_identification:_identify(video_streaming/templates) by extension 'ros'
[9.532s] Level 1:colcon.colcon_core.package_identification:_identify(video_streaming/templates) by extensions ['cmake', 'python']
[9.532s] Level 1:colcon.colcon_core.package_identification:_identify(video_streaming/templates) by extension 'cmake'
[9.533s] Level 1:colcon.colcon_core.package_identification:_identify(video_streaming/templates) by extension 'python'
[9.534s] Level 1:colcon.colcon_core.package_identification:_identify(video_streaming/templates) by extensions ['python_setup_py']
[9.534s] Level 1:colcon.colcon_core.package_identification:_identify(video_streaming/templates) by extension 'python_setup_py'
[9.535s] Level 1:colcon.colcon_core.package_identification:_identify(voice_testing) by extensions ['ignore', 'ignore_ament_install']
[9.536s] Level 1:colcon.colcon_core.package_identification:_identify(voice_testing) by extension 'ignore'
[9.537s] Level 1:colcon.colcon_core.package_identification:_identify(voice_testing) by extension 'ignore_ament_install'
[9.537s] Level 1:colcon.colcon_core.package_identification:_identify(voice_testing) by extensions ['colcon_pkg']
[9.538s] Level 1:colcon.colcon_core.package_identification:_identify(voice_testing) by extension 'colcon_pkg'
[9.538s] Level 1:colcon.colcon_core.package_identification:_identify(voice_testing) by extensions ['colcon_meta']
[9.539s] Level 1:colcon.colcon_core.package_identification:_identify(voice_testing) by extension 'colcon_meta'
[9.539s] Level 1:colcon.colcon_core.package_identification:_identify(voice_testing) by extensions ['ros']
[9.540s] Level 1:colcon.colcon_core.package_identification:_identify(voice_testing) by extension 'ros'
[9.541s] Level 1:colcon.colcon_core.package_identification:_identify(voice_testing) by extensions ['cmake', 'python']
[9.541s] Level 1:colcon.colcon_core.package_identification:_identify(voice_testing) by extension 'cmake'
[9.542s] Level 1:colcon.colcon_core.package_identification:_identify(voice_testing) by extension 'python'
[9.543s] Level 1:colcon.colcon_core.package_identification:_identify(voice_testing) by extensions ['python_setup_py']
[9.543s] Level 1:colcon.colcon_core.package_identification:_identify(voice_testing) by extension 'python_setup_py'
[9.544s] Level 1:colcon.colcon_core.package_discovery:discover_packages(recursive) using defaults
[9.545s] Level 1:colcon.colcon_core.package_discovery:discover_packages(ignore) discover
[9.545s] Level 1:colcon.colcon_core.package_discovery:discover_packages(ignore) using defaults
[9.545s] Level 1:colcon.colcon_core.package_discovery:discover_packages(path) discover
[9.545s] Level 1:colcon.colcon_core.package_discovery:discover_packages(path) using defaults
[9.837s] Level 1:colcon.colcon_core.package_discovery:discover_packages(prefix_path) check parameters
[9.838s] Level 1:colcon.colcon_core.package_discovery:discover_packages(prefix_path) discover
[9.889s] DEBUG:colcon.colcon_installed_package_information.package_discovery:Found 4 installed packages in /home/r1/r1_ws/install
[9.922s] DEBUG:colcon.colcon_installed_package_information.package_discovery:Found 183 installed packages in /opt/ros/humble
[9.928s] Level 1:colcon.colcon_core.package_discovery:discover_packages(prefix_path) using defaults
[10.399s] Level 5:colcon.colcon_core.verb:set package 'camera' build argument 'cmake_args' from command line to 'None'
[10.400s] Level 5:colcon.colcon_core.verb:set package 'camera' build argument 'cmake_target' from command line to 'None'
[10.401s] Level 5:colcon.colcon_core.verb:set package 'camera' build argument 'cmake_target_skip_unavailable' from command line to 'False'
[10.401s] Level 5:colcon.colcon_core.verb:set package 'camera' build argument 'cmake_clean_cache' from command line to 'False'
[10.402s] Level 5:colcon.colcon_core.verb:set package 'camera' build argument 'cmake_clean_first' from command line to 'False'
[10.402s] Level 5:colcon.colcon_core.verb:set package 'camera' build argument 'cmake_force_configure' from command line to 'False'
[10.403s] Level 5:colcon.colcon_core.verb:set package 'camera' build argument 'ament_cmake_args' from command line to 'None'
[10.403s] Level 5:colcon.colcon_core.verb:set package 'camera' build argument 'catkin_cmake_args' from command line to 'None'
[10.404s] Level 5:colcon.colcon_core.verb:set package 'camera' build argument 'catkin_skip_building_tests' from command line to 'False'
[10.404s] DEBUG:colcon.colcon_core.verb:Building package 'camera' with the following arguments: {'ament_cmake_args': None, 'build_base': '/home/r1/r1_ws/build/camera', 'catkin_cmake_args': None, 'catkin_skip_building_tests': False, 'cmake_args': None, 'cmake_clean_cache': False, 'cmake_clean_first': False, 'cmake_force_configure': False, 'cmake_target': None, 'cmake_target_skip_unavailable': False, 'install_base': '/home/r1/r1_ws/install/camera', 'merge_install': False, 'path': '/home/r1/r1_ws/src/camera', 'symlink_install': False, 'test_result_base': None}
[10.411s] Level 5:colcon.colcon_core.verb:set package 'control' build argument 'cmake_args' from command line to 'None'
[10.411s] Level 5:colcon.colcon_core.verb:set package 'control' build argument 'cmake_target' from command line to 'None'
[10.412s] Level 5:colcon.colcon_core.verb:set package 'control' build argument 'cmake_target_skip_unavailable' from command line to 'False'
[10.412s] Level 5:colcon.colcon_core.verb:set package 'control' build argument 'cmake_clean_cache' from command line to 'False'
[10.412s] Level 5:colcon.colcon_core.verb:set package 'control' build argument 'cmake_clean_first' from command line to 'False'
[10.413s] Level 5:colcon.colcon_core.verb:set package 'control' build argument 'cmake_force_configure' from command line to 'False'
[10.413s] Level 5:colcon.colcon_core.verb:set package 'control' build argument 'ament_cmake_args' from command line to 'None'
[10.413s] Level 5:colcon.colcon_core.verb:set package 'control' build argument 'catkin_cmake_args' from command line to 'None'
[10.413s] Level 5:colcon.colcon_core.verb:set package 'control' build argument 'catkin_skip_building_tests' from command line to 'False'
[10.414s] DEBUG:colcon.colcon_core.verb:Building package 'control' with the following arguments: {'ament_cmake_args': None, 'build_base': '/home/r1/r1_ws/build/control', 'catkin_cmake_args': None, 'catkin_skip_building_tests': False, 'cmake_args': None, 'cmake_clean_cache': False, 'cmake_clean_first': False, 'cmake_force_configure': False, 'cmake_target': None, 'cmake_target_skip_unavailable': False, 'install_base': '/home/r1/r1_ws/install/control', 'merge_install': False, 'path': '/home/r1/r1_ws/src/control', 'symlink_install': False, 'test_result_base': None}
[10.421s] Level 5:colcon.colcon_core.verb:set package 'voice' build argument 'cmake_args' from command line to 'None'
[10.421s] Level 5:colcon.colcon_core.verb:set package 'voice' build argument 'cmake_target' from command line to 'None'
[10.422s] Level 5:colcon.colcon_core.verb:set package 'voice' build argument 'cmake_target_skip_unavailable' from command line to 'False'
[10.422s] Level 5:colcon.colcon_core.verb:set package 'voice' build argument 'cmake_clean_cache' from command line to 'False'
[10.422s] Level 5:colcon.colcon_core.verb:set package 'voice' build argument 'cmake_clean_first' from command line to 'False'
[10.422s] Level 5:colcon.colcon_core.verb:set package 'voice' build argument 'cmake_force_configure' from command line to 'False'
[10.422s] Level 5:colcon.colcon_core.verb:set package 'voice' build argument 'ament_cmake_args' from command line to 'None'
[10.422s] Level 5:colcon.colcon_core.verb:set package 'voice' build argument 'catkin_cmake_args' from command line to 'None'
[10.423s] Level 5:colcon.colcon_core.verb:set package 'voice' build argument 'catkin_skip_building_tests' from command line to 'False'
[10.423s] DEBUG:colcon.colcon_core.verb:Building package 'voice' with the following arguments: {'ament_cmake_args': None, 'build_base': '/home/r1/r1_ws/build/voice', 'catkin_cmake_args': None, 'catkin_skip_building_tests': False, 'cmake_args': None, 'cmake_clean_cache': False, 'cmake_clean_first': False, 'cmake_force_configure': False, 'cmake_target': None, 'cmake_target_skip_unavailable': False, 'install_base': '/home/r1/r1_ws/install/voice', 'merge_install': False, 'path': '/home/r1/r1_ws/src/voice', 'symlink_install': False, 'test_result_base': None}
[10.428s] INFO:colcon.colcon_core.executor:Executing jobs using 'parallel' executor
[10.448s] DEBUG:colcon.colcon_parallel_executor.executor.parallel:run_until_complete
[10.449s] INFO:colcon.colcon_ros.task.ament_python.build:Building ROS package in '/home/r1/r1_ws/src/camera' with build type 'ament_python'
[10.450s] Level 1:colcon.colcon_core.shell:create_environment_hook('camera', 'ament_prefix_path')
[10.543s] INFO:colcon.colcon_core.plugin_system:Skipping extension 'colcon_core.shell.bat': Not used on non-Windows systems
[10.545s] INFO:colcon.colcon_core.shell:Creating environment hook '/home/r1/r1_ws/install/camera/share/camera/hook/ament_prefix_path.ps1'
[10.559s] INFO:colcon.colcon_core.shell:Creating environment descriptor '/home/r1/r1_ws/install/camera/share/camera/hook/ament_prefix_path.dsv'
[10.563s] INFO:colcon.colcon_core.shell:Creating environment hook '/home/r1/r1_ws/install/camera/share/camera/hook/ament_prefix_path.sh'
[10.579s] INFO:colcon.colcon_core.shell:Skip shell extension 'powershell' for command environment: Not usable outside of PowerShell
[10.580s] DEBUG:colcon.colcon_core.shell:Skip shell extension 'dsv' for command environment
[10.625s] INFO:colcon.colcon_ros.task.ament_python.build:Building ROS package in '/home/r1/r1_ws/src/control' with build type 'ament_python'
[10.629s] Level 1:colcon.colcon_core.shell:create_environment_hook('control', 'ament_prefix_path')
[10.648s] INFO:colcon.colcon_core.shell:Creating environment hook '/home/r1/r1_ws/install/control/share/control/hook/ament_prefix_path.ps1'
[10.670s] INFO:colcon.colcon_core.shell:Creating environment descriptor '/home/r1/r1_ws/install/control/share/control/hook/ament_prefix_path.dsv'
[10.674s] INFO:colcon.colcon_core.shell:Creating environment hook '/home/r1/r1_ws/install/control/share/control/hook/ament_prefix_path.sh'
[10.685s] INFO:colcon.colcon_core.shell:Skip shell extension 'powershell' for command environment: Not usable outside of PowerShell
[10.685s] DEBUG:colcon.colcon_core.shell:Skip shell extension 'dsv' for command environment
[10.755s] INFO:colcon.colcon_ros.task.ament_python.build:Building ROS package in '/home/r1/r1_ws/src/voice' with build type 'ament_python'
[10.758s] Level 1:colcon.colcon_core.shell:create_environment_hook('voice', 'ament_prefix_path')
[10.789s] INFO:colcon.colcon_core.shell:Creating environment hook '/home/r1/r1_ws/install/voice/share/voice/hook/ament_prefix_path.ps1'
[10.791s] INFO:colcon.colcon_core.shell:Creating environment descriptor '/home/r1/r1_ws/install/voice/share/voice/hook/ament_prefix_path.dsv'
[10.803s] INFO:colcon.colcon_core.shell:Creating environment hook '/home/r1/r1_ws/install/voice/share/voice/hook/ament_prefix_path.sh'
[10.823s] INFO:colcon.colcon_core.shell:Skip shell extension 'powershell' for command environment: Not usable outside of PowerShell
[10.824s] DEBUG:colcon.colcon_core.shell:Skip shell extension 'dsv' for command environment
[13.848s] INFO:colcon.colcon_core.task.python.build:Building Python package in '/home/r1/r1_ws/src/camera'
[13.862s] INFO:colcon.colcon_core.shell:Skip shell extension 'powershell' for command environment: Not usable outside of PowerShell
[13.863s] DEBUG:colcon.colcon_core.shell:Skip shell extension 'dsv' for command environment
[17.024s] INFO:colcon.colcon_core.task.python.build:Building Python package in '/home/r1/r1_ws/src/control'
[17.034s] INFO:colcon.colcon_core.shell:Skip shell extension 'powershell' for command environment: Not usable outside of PowerShell
[17.035s] DEBUG:colcon.colcon_core.shell:Skip shell extension 'dsv' for command environment
[19.590s] INFO:colcon.colcon_core.task.python.build:Building Python package in '/home/r1/r1_ws/src/voice'
[19.600s] INFO:colcon.colcon_core.shell:Skip shell extension 'powershell' for command environment: Not usable outside of PowerShell
[19.601s] DEBUG:colcon.colcon_core.shell:Skip shell extension 'dsv' for command environment
[25.037s] DEBUG:colcon.colcon_core.event_handler.log_command:Invoking command in '/home/r1/r1_ws/build/camera': PYTHONPATH=/home/r1/r1_ws/build/camera/prefix_override:/home/r1/r1_ws/install/camera/lib/python3.10/site-packages:${PYTHONPATH} /usr/bin/python3 setup.py develop --uninstall --editable --build-directory /home/r1/r1_ws/build/camera/build
[25.179s] DEBUG:colcon.colcon_core.event_handler.log_command:Invoking command in '/home/r1/r1_ws/build/control': PYTHONPATH=/home/r1/r1_ws/build/control/prefix_override:/home/r1/r1_ws/install/control/lib/python3.10/site-packages:${PYTHONPATH} /usr/bin/python3 setup.py develop --uninstall --editable --build-directory /home/r1/r1_ws/build/control/build
[25.382s] DEBUG:colcon.colcon_core.event_handler.log_command:Invoking command in '/home/r1/r1_ws/build/voice': PYTHONPATH=/home/r1/r1_ws/build/voice/prefix_override:/home/r1/r1_ws/install/voice/lib/python3.10/site-packages:${PYTHONPATH} /usr/bin/python3 setup.py develop --uninstall --editable --build-directory /home/r1/r1_ws/build/voice/build
[29.950s] DEBUG:colcon.colcon_core.event_handler.log_command:Invoked command in '/home/r1/r1_ws/build/camera' returned '0': PYTHONPATH=/home/r1/r1_ws/build/camera/prefix_override:/home/r1/r1_ws/install/camera/lib/python3.10/site-packages:${PYTHONPATH} /usr/bin/python3 setup.py develop --uninstall --editable --build-directory /home/r1/r1_ws/build/camera/build
[29.952s] DEBUG:colcon.colcon_core.event_handler.log_command:Invoking command in '/home/r1/r1_ws/src/camera': PYTHONPATH=/home/r1/r1_ws/build/camera/prefix_override:/home/r1/r1_ws/install/camera/lib/python3.10/site-packages:${PYTHONPATH} /usr/bin/python3 setup.py egg_info --egg-base ../../build/camera build --build-base /home/r1/r1_ws/build/camera/build install --record /home/r1/r1_ws/build/camera/install.log --single-version-externally-managed
[30.567s] DEBUG:colcon.colcon_core.event_handler.log_command:Invoked command in '/home/r1/r1_ws/build/control' returned '0': PYTHONPATH=/home/r1/r1_ws/build/control/prefix_override:/home/r1/r1_ws/install/control/lib/python3.10/site-packages:${PYTHONPATH} /usr/bin/python3 setup.py develop --uninstall --editable --build-directory /home/r1/r1_ws/build/control/build
[30.569s] DEBUG:colcon.colcon_core.event_handler.log_command:Invoking command in '/home/r1/r1_ws/src/control': PYTHONPATH=/home/r1/r1_ws/build/control/prefix_override:/home/r1/r1_ws/install/control/lib/python3.10/site-packages:${PYTHONPATH} /usr/bin/python3 setup.py egg_info --egg-base ../../build/control build --build-base /home/r1/r1_ws/build/control/build install --record /home/r1/r1_ws/build/control/install.log --single-version-externally-managed
[30.965s] DEBUG:colcon.colcon_core.event_handler.log_command:Invoked command in '/home/r1/r1_ws/build/voice' returned '0': PYTHONPATH=/home/r1/r1_ws/build/voice/prefix_override:/home/r1/r1_ws/install/voice/lib/python3.10/site-packages:${PYTHONPATH} /usr/bin/python3 setup.py develop --uninstall --editable --build-directory /home/r1/r1_ws/build/voice/build
[30.967s] DEBUG:colcon.colcon_core.event_handler.log_command:Invoking command in '/home/r1/r1_ws/src/voice': PYTHONPATH=/home/r1/r1_ws/build/voice/prefix_override:/home/r1/r1_ws/install/voice/lib/python3.10/site-packages:${PYTHONPATH} /usr/bin/python3 setup.py egg_info --egg-base ../../build/voice build --build-base /home/r1/r1_ws/build/voice/build install --record /home/r1/r1_ws/build/voice/install.log --single-version-externally-managed
[33.450s] DEBUG:colcon.colcon_parallel_executor.executor.parallel:run_until_complete was interrupted
[33.451s] DEBUG:colcon.colcon_parallel_executor.executor.parallel:run_until_complete again
[33.724s] DEBUG:colcon.colcon_core.event_handler.log_command:Invoked command in '/home/r1/r1_ws/src/control' returned '1': PYTHONPATH=/home/r1/r1_ws/build/control/prefix_override:/home/r1/r1_ws/install/control/lib/python3.10/site-packages:${PYTHONPATH} /usr/bin/python3 setup.py egg_info --egg-base ../../build/control build --build-base /home/r1/r1_ws/build/control/build install --record /home/r1/r1_ws/build/control/install.log --single-version-externally-managed
[33.766s] DEBUG:colcon.colcon_parallel_executor.executor.parallel:run_until_complete finished
[33.767s] DEBUG:colcon.colcon_parallel_executor.executor.parallel:closing loop
[33.767s] DEBUG:colcon.colcon_parallel_executor.executor.parallel:loop closed
[33.768s] DEBUG:colcon.colcon_core.event_reactor:joining thread
[33.801s] INFO:colcon.colcon_core.plugin_system:Skipping extension 'colcon_notification.desktop_notification.terminal_notifier': Not used on non-Darwin systems
[33.802s] INFO:colcon.colcon_core.plugin_system:Skipping extension 'colcon_notification.desktop_notification.win32': Not used on non-Windows systems
[33.802s] INFO:colcon.colcon_notification.desktop_notification:Sending desktop notification using 'notify2'
[33.915s] DEBUG:colcon.colcon_core.event_reactor:joined thread
[33.926s] INFO:colcon.colcon_core.shell:Creating prefix script '/home/r1/r1_ws/install/local_setup.ps1'
[33.932s] INFO:colcon.colcon_core.shell:Creating prefix util module '/home/r1/r1_ws/install/_local_setup_util_ps1.py'
[33.941s] INFO:colcon.colcon_core.shell:Creating prefix chain script '/home/r1/r1_ws/install/setup.ps1'
[33.950s] INFO:colcon.colcon_core.shell:Creating prefix script '/home/r1/r1_ws/install/local_setup.sh'
[33.956s] INFO:colcon.colcon_core.shell:Creating prefix util module '/home/r1/r1_ws/install/_local_setup_util_sh.py'
[33.958s] INFO:colcon.colcon_core.shell:Creating prefix chain script '/home/r1/r1_ws/install/setup.sh'
[33.966s] INFO:colcon.colcon_core.shell:Creating prefix script '/home/r1/r1_ws/install/local_setup.bash'
[33.970s] INFO:colcon.colcon_core.shell:Creating prefix chain script '/home/r1/r1_ws/install/setup.bash'
[33.978s] INFO:colcon.colcon_core.shell:Creating prefix script '/home/r1/r1_ws/install/local_setup.zsh'
[33.982s] INFO:colcon.colcon_core.shell:Creating prefix chain script '/home/r1/r1_ws/install/setup.zsh'
