[4.630s] Invoking command in '/home/r1/r1_ws/src/camera': PYTHONPATH=/home/r1/r1_ws/build/camera/prefix_override:/home/r1/r1_ws/install/camera/lib/python3.10/site-packages:${PYTHONPATH} /usr/bin/python3 setup.py egg_info --egg-base ../../build/camera build --build-base /home/r1/r1_ws/build/camera/build install --record /home/r1/r1_ws/build/camera/install.log --single-version-externally-managed
[5.922s] running egg_info
[5.925s] writing ../../build/camera/camera.egg-info/PKG-INFO
[5.926s] writing dependency_links to ../../build/camera/camera.egg-info/dependency_links.txt
[5.927s] writing entry points to ../../build/camera/camera.egg-info/entry_points.txt
[5.929s] writing requirements to ../../build/camera/camera.egg-info/requires.txt
[5.930s] writing top-level names to ../../build/camera/camera.egg-info/top_level.txt
[5.939s] reading manifest file '../../build/camera/camera.egg-info/SOURCES.txt'
[5.943s] writing manifest file '../../build/camera/camera.egg-info/SOURCES.txt'
[5.944s] running build
[5.944s] running build_py
[5.946s] running install
[5.947s] /usr/lib/python3/dist-packages/setuptools/command/install.py:34: SetuptoolsDeprecationWarning: setup.py install is deprecated. Use build and pip and other standards-based tools.
[5.948s]   warnings.warn(
[5.950s] running install_lib
[5.958s] running install_data
[5.960s] running install_egg_info
[5.968s] removing '/home/r1/r1_ws/install/camera/lib/python3.10/site-packages/camera-0.0.0-py3.10.egg-info' (and everything under it)
[5.969s] Copying ../../build/camera/camera.egg-info to /home/r1/r1_ws/install/camera/lib/python3.10/site-packages/camera-0.0.0-py3.10.egg-info
[5.978s] running install_scripts
[6.069s] Installing detection_sub script to /home/r1/r1_ws/install/camera/lib/camera
[6.070s] Installing frames_sub script to /home/r1/r1_ws/install/camera/lib/camera
[6.071s] Installing img_pub script to /home/r1/r1_ws/install/camera/lib/camera
[6.074s] writing list of installed files to '/home/r1/r1_ws/build/camera/install.log'
[6.268s] Invoked command in '/home/r1/r1_ws/src/camera' returned '0': PYTHONPATH=/home/r1/r1_ws/build/camera/prefix_override:/home/r1/r1_ws/install/camera/lib/python3.10/site-packages:${PYTHONPATH} /usr/bin/python3 setup.py egg_info --egg-base ../../build/camera build --build-base /home/r1/r1_ws/build/camera/build install --record /home/r1/r1_ws/build/camera/install.log --single-version-externally-managed
