running egg_info
creating ../../build/ai_assistant/ai_assistant.egg-info
writing ../../build/ai_assistant/ai_assistant.egg-info/PKG-INFO
writing dependency_links to ../../build/ai_assistant/ai_assistant.egg-info/dependency_links.txt
writing entry points to ../../build/ai_assistant/ai_assistant.egg-info/entry_points.txt
writing requirements to ../../build/ai_assistant/ai_assistant.egg-info/requires.txt
writing top-level names to ../../build/ai_assistant/ai_assistant.egg-info/top_level.txt
writing manifest file '../../build/ai_assistant/ai_assistant.egg-info/SOURCES.txt'
reading manifest file '../../build/ai_assistant/ai_assistant.egg-info/SOURCES.txt'
writing manifest file '../../build/ai_assistant/ai_assistant.egg-info/SOURCES.txt'
running build
running build_py
creating /home/r1/r1_ws/build/ai_assistant/build
creating /home/r1/r1_ws/build/ai_assistant/build/lib
creating /home/r1/r1_ws/build/ai_assistant/build/lib/ai_assistant
copying ai_assistant/main.py -> /home/r1/r1_ws/build/ai_assistant/build/lib/ai_assistant
copying ai_assistant/r1.py -> /home/r1/r1_ws/build/ai_assistant/build/lib/ai_assistant
copying ai_assistant/__init__.py -> /home/r1/r1_ws/build/ai_assistant/build/lib/ai_assistant
running install
/usr/lib/python3/dist-packages/setuptools/command/install.py:34: SetuptoolsDeprecationWarning: setup.py install is deprecated. Use build and pip and other standards-based tools.
  warnings.warn(
running install_lib
creating /home/r1/r1_ws/install/ai_assistant/lib/python3.10/site-packages/ai_assistant
copying /home/r1/r1_ws/build/ai_assistant/build/lib/ai_assistant/main.py -> /home/r1/r1_ws/install/ai_assistant/lib/python3.10/site-packages/ai_assistant
copying /home/r1/r1_ws/build/ai_assistant/build/lib/ai_assistant/r1.py -> /home/r1/r1_ws/install/ai_assistant/lib/python3.10/site-packages/ai_assistant
copying /home/r1/r1_ws/build/ai_assistant/build/lib/ai_assistant/__init__.py -> /home/r1/r1_ws/install/ai_assistant/lib/python3.10/site-packages/ai_assistant
byte-compiling /home/r1/r1_ws/install/ai_assistant/lib/python3.10/site-packages/ai_assistant/main.py to main.cpython-310.pyc
byte-compiling /home/r1/r1_ws/install/ai_assistant/lib/python3.10/site-packages/ai_assistant/r1.py to r1.cpython-310.pyc
byte-compiling /home/r1/r1_ws/install/ai_assistant/lib/python3.10/site-packages/ai_assistant/__init__.py to __init__.cpython-310.pyc
running install_data
creating /home/r1/r1_ws/install/ai_assistant/share/ament_index
creating /home/r1/r1_ws/install/ai_assistant/share/ament_index/resource_index
creating /home/r1/r1_ws/install/ai_assistant/share/ament_index/resource_index/packages
copying resource/ai_assistant -> /home/r1/r1_ws/install/ai_assistant/share/ament_index/resource_index/packages
copying package.xml -> /home/r1/r1_ws/install/ai_assistant/share/ai_assistant
running install_egg_info
Copying ../../build/ai_assistant/ai_assistant.egg-info to /home/r1/r1_ws/install/ai_assistant/lib/python3.10/site-packages/ai_assistant-0.0.0-py3.10.egg-info
running install_scripts
writing list of installed files to '/home/r1/r1_ws/build/ai_assistant/install.log'
