[9.625s] Invoking command in '/home/r1/r1_ws/src/ai_assistant': PYTHONPATH=/home/r1/r1_ws/build/ai_assistant/prefix_override:/home/r1/r1_ws/install/ai_assistant/lib/python3.10/site-packages:${PYTHONPATH} /usr/bin/python3 setup.py egg_info --egg-base ../../build/ai_assistant build --build-base /home/r1/r1_ws/build/ai_assistant/build install --record /home/r1/r1_ws/build/ai_assistant/install.log --single-version-externally-managed
[11.683s] running egg_info
[11.686s] creating ../../build/ai_assistant/ai_assistant.egg-info
[11.688s] writing ../../build/ai_assistant/ai_assistant.egg-info/PKG-INFO
[11.690s] writing dependency_links to ../../build/ai_assistant/ai_assistant.egg-info/dependency_links.txt
[11.691s] writing entry points to ../../build/ai_assistant/ai_assistant.egg-info/entry_points.txt
[11.693s] writing requirements to ../../build/ai_assistant/ai_assistant.egg-info/requires.txt
[11.693s] writing top-level names to ../../build/ai_assistant/ai_assistant.egg-info/top_level.txt
[11.695s] writing manifest file '../../build/ai_assistant/ai_assistant.egg-info/SOURCES.txt'
[11.708s] reading manifest file '../../build/ai_assistant/ai_assistant.egg-info/SOURCES.txt'
[11.712s] writing manifest file '../../build/ai_assistant/ai_assistant.egg-info/SOURCES.txt'
[11.713s] running build
[11.714s] running build_py
[11.715s] creating /home/r1/r1_ws/build/ai_assistant/build
[11.716s] creating /home/r1/r1_ws/build/ai_assistant/build/lib
[11.716s] creating /home/r1/r1_ws/build/ai_assistant/build/lib/ai_assistant
[11.717s] copying ai_assistant/main.py -> /home/r1/r1_ws/build/ai_assistant/build/lib/ai_assistant
[11.719s] copying ai_assistant/r1.py -> /home/r1/r1_ws/build/ai_assistant/build/lib/ai_assistant
[11.722s] copying ai_assistant/__init__.py -> /home/r1/r1_ws/build/ai_assistant/build/lib/ai_assistant
[11.725s] running install
[11.727s] /usr/lib/python3/dist-packages/setuptools/command/install.py:34: SetuptoolsDeprecationWarning: setup.py install is deprecated. Use build and pip and other standards-based tools.
[11.728s]   warnings.warn(
[11.731s] running install_lib
[11.737s] creating /home/r1/r1_ws/install/ai_assistant/lib/python3.10/site-packages/ai_assistant
[11.739s] copying /home/r1/r1_ws/build/ai_assistant/build/lib/ai_assistant/main.py -> /home/r1/r1_ws/install/ai_assistant/lib/python3.10/site-packages/ai_assistant
[11.741s] copying /home/r1/r1_ws/build/ai_assistant/build/lib/ai_assistant/r1.py -> /home/r1/r1_ws/install/ai_assistant/lib/python3.10/site-packages/ai_assistant
[11.744s] copying /home/r1/r1_ws/build/ai_assistant/build/lib/ai_assistant/__init__.py -> /home/r1/r1_ws/install/ai_assistant/lib/python3.10/site-packages/ai_assistant
[11.748s] byte-compiling /home/r1/r1_ws/install/ai_assistant/lib/python3.10/site-packages/ai_assistant/main.py to main.cpython-310.pyc
[11.759s] byte-compiling /home/r1/r1_ws/install/ai_assistant/lib/python3.10/site-packages/ai_assistant/r1.py to r1.cpython-310.pyc
[11.766s] byte-compiling /home/r1/r1_ws/install/ai_assistant/lib/python3.10/site-packages/ai_assistant/__init__.py to __init__.cpython-310.pyc
[11.769s] running install_data
[11.773s] creating /home/r1/r1_ws/install/ai_assistant/share/ament_index
[11.775s] creating /home/r1/r1_ws/install/ai_assistant/share/ament_index/resource_index
[11.777s] creating /home/r1/r1_ws/install/ai_assistant/share/ament_index/resource_index/packages
[11.779s] copying resource/ai_assistant -> /home/r1/r1_ws/install/ai_assistant/share/ament_index/resource_index/packages
[11.782s] copying package.xml -> /home/r1/r1_ws/install/ai_assistant/share/ai_assistant
[11.784s] running install_egg_info
[11.794s] Copying ../../build/ai_assistant/ai_assistant.egg-info to /home/r1/r1_ws/install/ai_assistant/lib/python3.10/site-packages/ai_assistant-0.0.0-py3.10.egg-info
[11.810s] running install_scripts
[11.978s] writing list of installed files to '/home/r1/r1_ws/build/ai_assistant/install.log'
[12.171s] Invoked command in '/home/r1/r1_ws/src/ai_assistant' returned '0': PYTHONPATH=/home/r1/r1_ws/build/ai_assistant/prefix_override:/home/r1/r1_ws/install/ai_assistant/lib/python3.10/site-packages:${PYTHONPATH} /usr/bin/python3 setup.py egg_info --egg-base ../../build/ai_assistant build --build-base /home/r1/r1_ws/build/ai_assistant/build install --record /home/r1/r1_ws/build/ai_assistant/install.log --single-version-externally-managed
