[8.898s] Invoking command in '/home/r1/r1_ws/src/control': PYTHONPATH=/home/r1/r1_ws/build/control/prefix_override:/home/r1/r1_ws/install/control/lib/python3.10/site-packages:${PYTHONPATH} /usr/bin/python3 setup.py egg_info --egg-base ../../build/control build --build-base /home/r1/r1_ws/build/control/build install --record /home/r1/r1_ws/build/control/install.log --single-version-externally-managed
[11.235s] running egg_info
[11.239s] writing ../../build/control/control.egg-info/PKG-INFO
[11.241s] writing dependency_links to ../../build/control/control.egg-info/dependency_links.txt
[11.242s] writing entry points to ../../build/control/control.egg-info/entry_points.txt
[11.244s] writing requirements to ../../build/control/control.egg-info/requires.txt
[11.245s] writing top-level names to ../../build/control/control.egg-info/top_level.txt
[11.264s] reading manifest file '../../build/control/control.egg-info/SOURCES.txt'
[11.269s] writing manifest file '../../build/control/control.egg-info/SOURCES.txt'
[11.271s] running build
[11.272s] running build_py
[11.275s] running install
[11.275s] /usr/lib/python3/dist-packages/setuptools/command/install.py:34: SetuptoolsDeprecationWarning: setup.py install is deprecated. Use build and pip and other standards-based tools.
[11.276s]   warnings.warn(
[11.277s] running install_lib
[11.285s] running install_data
[11.288s] running install_egg_info
[11.296s] removing '/home/r1/r1_ws/install/control/lib/python3.10/site-packages/control-0.0.0-py3.10.egg-info' (and everything under it)
[11.298s] Copying ../../build/control/control.egg-info to /home/r1/r1_ws/install/control/lib/python3.10/site-packages/control-0.0.0-py3.10.egg-info
[11.306s] running install_scripts
[11.413s] Installing ir_left_pub script to /home/r1/r1_ws/install/control/lib/control
[11.416s] Installing ir_right_pub script to /home/r1/r1_ws/install/control/lib/control
[11.416s] Installing sensors_sub script to /home/r1/r1_ws/install/control/lib/control
[11.418s] Installing us_pub script to /home/r1/r1_ws/install/control/lib/control
[11.429s] writing list of installed files to '/home/r1/r1_ws/build/control/install.log'
[11.601s] Invoked command in '/home/r1/r1_ws/src/control' returned '0': PYTHONPATH=/home/r1/r1_ws/build/control/prefix_override:/home/r1/r1_ws/install/control/lib/python3.10/site-packages:${PYTHONPATH} /usr/bin/python3 setup.py egg_info --egg-base ../../build/control build --build-base /home/r1/r1_ws/build/control/build install --record /home/r1/r1_ws/build/control/install.log --single-version-externally-managed
