[13.003s] Invoking command in '/home/r1/r1_ws/build/control': PYTHONPATH=/home/r1/r1_ws/build/control/prefix_override:/home/r1/r1_ws/install/control/lib/python3.10/site-packages:${PYTHONPATH} /usr/bin/python3 setup.py develop --uninstall --editable --build-directory /home/r1/r1_ws/build/control/build
[16.687s] running develop
[16.703s] /usr/lib/python3/dist-packages/setuptools/command/easy_install.py:158: EasyInstallDeprecationWarning: easy_install command is deprecated. Use build and pip and other standards-based tools.
[16.704s]   warnings.warn(
[16.711s] /usr/lib/python3/dist-packages/setuptools/command/install.py:34: SetuptoolsDeprecationWarning: setup.py install is deprecated. Use build and pip and other standards-based tools.
[16.712s]   warnings.warn(
[17.494s] /usr/lib/python3/dist-packages/pkg_resources/__init__.py:116: PkgResourcesDeprecationWarning: 1.1build1 is an invalid version and will not be supported in a future release
[17.495s]   warnings.warn(
[17.495s] /usr/lib/python3/dist-packages/pkg_resources/__init__.py:116: PkgResourcesDeprecationWarning: 0.1.43ubuntu1 is an invalid version and will not be supported in a future release
[17.496s]   warnings.warn(
[19.563s] Invoked command in '/home/r1/r1_ws/build/control' returned '0': PYTHONPATH=/home/r1/r1_ws/build/control/prefix_override:/home/r1/r1_ws/install/control/lib/python3.10/site-packages:${PYTHONPATH} /usr/bin/python3 setup.py develop --uninstall --editable --build-directory /home/r1/r1_ws/build/control/build
[19.568s] Invoking command in '/home/r1/r1_ws/src/control': PYTHONPATH=/home/r1/r1_ws/build/control/prefix_override:/home/r1/r1_ws/install/control/lib/python3.10/site-packages:${PYTHONPATH} /usr/bin/python3 setup.py egg_info --egg-base ../../build/control build --build-base /home/r1/r1_ws/build/control/build install --record /home/r1/r1_ws/build/control/install.log --single-version-externally-managed
[23.385s] running egg_info
[23.397s] writing ../../build/control/control.egg-info/PKG-INFO
[23.397s] writing dependency_links to ../../build/control/control.egg-info/dependency_links.txt
[23.398s] writing entry points to ../../build/control/control.egg-info/entry_points.txt
[23.399s] writing requirements to ../../build/control/control.egg-info/requires.txt
[23.403s] writing top-level names to ../../build/control/control.egg-info/top_level.txt
[23.413s] reading manifest file '../../build/control/control.egg-info/SOURCES.txt'
[23.413s] writing manifest file '../../build/control/control.egg-info/SOURCES.txt'
[23.414s] running build
[23.414s] running build_py
[23.420s] running install
[23.422s] /usr/lib/python3/dist-packages/setuptools/command/install.py:34: SetuptoolsDeprecationWarning: setup.py install is deprecated. Use build and pip and other standards-based tools.
[23.425s]   warnings.warn(
[23.425s] running install_lib
[23.434s] running install_data
[23.439s] running install_egg_info
[23.455s] removing '/home/r1/r1_ws/install/control/lib/python3.10/site-packages/control-0.0.0-py3.10.egg-info' (and everything under it)
[23.457s] Copying ../../build/control/control.egg-info to /home/r1/r1_ws/install/control/lib/python3.10/site-packages/control-0.0.0-py3.10.egg-info
[23.464s] running install_scripts
[23.575s] Installing base_sub script to /home/r1/r1_ws/install/control/lib/control
[23.587s] Installing eyes_sub script to /home/r1/r1_ws/install/control/lib/control
[23.589s] Installing head_sub script to /home/r1/r1_ws/install/control/lib/control
[23.592s] Installing ir_left_pub script to /home/r1/r1_ws/install/control/lib/control
[23.593s] Installing ir_right_pub script to /home/r1/r1_ws/install/control/lib/control
[23.597s] Installing left_hand_sub script to /home/r1/r1_ws/install/control/lib/control
[23.598s] Installing right_hand_sub script to /home/r1/r1_ws/install/control/lib/control
[23.599s] Installing sensors_sub script to /home/r1/r1_ws/install/control/lib/control
[23.604s] Installing us_pub script to /home/r1/r1_ws/install/control/lib/control
[23.604s] writing list of installed files to '/home/r1/r1_ws/build/control/install.log'
[23.836s] Invoked command in '/home/r1/r1_ws/src/control' returned '0': PYTHONPATH=/home/r1/r1_ws/build/control/prefix_override:/home/r1/r1_ws/install/control/lib/python3.10/site-packages:${PYTHONPATH} /usr/bin/python3 setup.py egg_info --egg-base ../../build/control build --build-base /home/r1/r1_ws/build/control/build install --record /home/r1/r1_ws/build/control/install.log --single-version-externally-managed
