[9.454s] Invoking command in '/home/r1/r1_ws/src/control': PYTHONPATH=/home/r1/r1_ws/build/control/prefix_override:/home/r1/r1_ws/install/control/lib/python3.10/site-packages:${PYTHONPATH} /usr/bin/python3 setup.py egg_info --egg-base ../../build/control build --build-base /home/r1/r1_ws/build/control/build install --record /home/r1/r1_ws/build/control/install.log --single-version-externally-managed
[12.058s] running egg_info
[12.061s] writing ../../build/control/control.egg-info/PKG-INFO
[12.065s] writing dependency_links to ../../build/control/control.egg-info/dependency_links.txt
[12.066s] writing entry points to ../../build/control/control.egg-info/entry_points.txt
[12.066s] writing requirements to ../../build/control/control.egg-info/requires.txt
[12.067s] writing top-level names to ../../build/control/control.egg-info/top_level.txt
[12.075s] reading manifest file '../../build/control/control.egg-info/SOURCES.txt'
[12.079s] writing manifest file '../../build/control/control.egg-info/SOURCES.txt'
[12.081s] running build
[12.082s] running build_py
[12.084s] running install
[12.086s] /usr/lib/python3/dist-packages/setuptools/command/install.py:34: SetuptoolsDeprecationWarning: setup.py install is deprecated. Use build and pip and other standards-based tools.
[12.086s]   warnings.warn(
[12.087s] running install_lib
[12.093s] running install_data
[12.095s] running install_egg_info
[12.103s] removing '/home/r1/r1_ws/install/control/lib/python3.10/site-packages/control-0.0.0-py3.10.egg-info' (and everything under it)
[12.107s] Copying ../../build/control/control.egg-info to /home/r1/r1_ws/install/control/lib/python3.10/site-packages/control-0.0.0-py3.10.egg-info
[12.111s] running install_scripts
[12.213s] Installing ir_left_pub script to /home/r1/r1_ws/install/control/lib/control
[12.215s] Installing ir_right_pub script to /home/r1/r1_ws/install/control/lib/control
[12.215s] Installing sensors_sub script to /home/r1/r1_ws/install/control/lib/control
[12.216s] Installing us_pub script to /home/r1/r1_ws/install/control/lib/control
[12.218s] writing list of installed files to '/home/r1/r1_ws/build/control/install.log'
[12.398s] Invoked command in '/home/r1/r1_ws/src/control' returned '0': PYTHONPATH=/home/r1/r1_ws/build/control/prefix_override:/home/r1/r1_ws/install/control/lib/python3.10/site-packages:${PYTHONPATH} /usr/bin/python3 setup.py egg_info --egg-base ../../build/control build --build-base /home/r1/r1_ws/build/control/build install --record /home/r1/r1_ws/build/control/install.log --single-version-externally-managed
