[6.764s] Invoking command in '/home/r1/r1_ws/build/voice': PYTHONPATH=/home/r1/r1_ws/build/voice/prefix_override:/home/r1/r1_ws/install/voice/lib/python3.10/site-packages:${PYTHONPATH} /usr/bin/python3 setup.py develop --uninstall --editable --build-directory /home/r1/r1_ws/build/voice/build
[8.472s] running develop
[8.475s] /usr/lib/python3/dist-packages/setuptools/command/easy_install.py:158: EasyInstallDeprecationWarning: easy_install command is deprecated. Use build and pip and other standards-based tools.
[8.476s]   warnings.warn(
[8.480s] /usr/lib/python3/dist-packages/setuptools/command/install.py:34: SetuptoolsDeprecationWarning: setup.py install is deprecated. Use build and pip and other standards-based tools.
[8.483s]   warnings.warn(
[8.898s] /usr/lib/python3/dist-packages/pkg_resources/__init__.py:116: PkgResourcesDeprecationWarning: 1.1build1 is an invalid version and will not be supported in a future release
[8.902s]   warnings.warn(
[8.903s] /usr/lib/python3/dist-packages/pkg_resources/__init__.py:116: PkgResourcesDeprecationWarning: 0.1.43ubuntu1 is an invalid version and will not be supported in a future release
[8.907s]   warnings.warn(
[9.885s] Invoked command in '/home/r1/r1_ws/build/voice' returned '0': PYTHONPATH=/home/r1/r1_ws/build/voice/prefix_override:/home/r1/r1_ws/install/voice/lib/python3.10/site-packages:${PYTHONPATH} /usr/bin/python3 setup.py develop --uninstall --editable --build-directory /home/r1/r1_ws/build/voice/build
[9.887s] Invoking command in '/home/r1/r1_ws/src/voice': PYTHONPATH=/home/r1/r1_ws/build/voice/prefix_override:/home/r1/r1_ws/install/voice/lib/python3.10/site-packages:${PYTHONPATH} /usr/bin/python3 setup.py egg_info --egg-base ../../build/voice build --build-base /home/r1/r1_ws/build/voice/build install --record /home/r1/r1_ws/build/voice/install.log --single-version-externally-managed
[11.582s] running egg_info
[11.593s] writing ../../build/voice/voice.egg-info/PKG-INFO
[11.593s] writing dependency_links to ../../build/voice/voice.egg-info/dependency_links.txt
[11.595s] writing entry points to ../../build/voice/voice.egg-info/entry_points.txt
[11.610s] writing requirements to ../../build/voice/voice.egg-info/requires.txt
[11.611s] writing top-level names to ../../build/voice/voice.egg-info/top_level.txt
[11.618s] reading manifest file '../../build/voice/voice.egg-info/SOURCES.txt'
[11.619s] writing manifest file '../../build/voice/voice.egg-info/SOURCES.txt'
[11.619s] running build
[11.629s] running build_py
[11.630s] running install
[11.640s] /usr/lib/python3/dist-packages/setuptools/command/install.py:34: SetuptoolsDeprecationWarning: setup.py install is deprecated. Use build and pip and other standards-based tools.
[11.641s]   warnings.warn(
[11.649s] running install_lib
[11.652s] running install_data
[11.653s] running install_egg_info
[11.655s] removing '/home/r1/r1_ws/install/voice/lib/python3.10/site-packages/voice-0.0.0-py3.10.egg-info' (and everything under it)
[11.684s] Copying ../../build/voice/voice.egg-info to /home/r1/r1_ws/install/voice/lib/python3.10/site-packages/voice-0.0.0-py3.10.egg-info
[11.687s] running install_scripts
[11.754s] Installing main script to /home/r1/r1_ws/install/voice/lib/voice
[11.755s] Installing voice_sub script to /home/r1/r1_ws/install/voice/lib/voice
[11.769s] writing list of installed files to '/home/r1/r1_ws/build/voice/install.log'
[12.009s] Invoked command in '/home/r1/r1_ws/src/voice' returned '0': PYTHONPATH=/home/r1/r1_ws/build/voice/prefix_override:/home/r1/r1_ws/install/voice/lib/python3.10/site-packages:${PYTHONPATH} /usr/bin/python3 setup.py egg_info --egg-base ../../build/voice build --build-base /home/r1/r1_ws/build/voice/build install --record /home/r1/r1_ws/build/voice/install.log --single-version-externally-managed
