[0.149s] Invoking command in '/home/r1/r1_ws/build/image_transport': CMAKE_PREFIX_PATH=${CMAKE_PREFIX_PATH}:/home/r1/r1_ws/install/voice:/home/r1/r1_ws/install/control:/home/r1/r1_ws/install/camera:/opt/ros/humble /usr/bin/cmake --build /home/r1/r1_ws/build/image_transport -- -j4 -l4
[0.475s] [35m[1mConsolidate compiler generated dependencies of target gtest[0m
[0.483s] [35m[1mConsolidate compiler generated dependencies of target image_transport[0m
[0.513s] [35m[1mConsolidate compiler generated dependencies of target gtest_main[0m
[0.617s] [  6%] Built target gtest
[0.667s] [ 12%] Built target gtest_main
[0.850s] [ 37%] Built target image_transport
[0.939s] [35m[1mConsolidate compiler generated dependencies of target image_transport_plugins[0m
[1.002s] [35m[1mConsolidate compiler generated dependencies of target republish[0m
[1.008s] [35m[1mConsolidate compiler generated dependencies of target list_transports[0m
[1.044s] [35m[1mConsolidate compiler generated dependencies of target image_transport-camera_common[0m
[1.210s] [ 43%] Built target image_transport-camera_common
[1.217s] [ 50%] Built target image_transport_plugins
[1.225s] [ 56%] Built target republish
[1.256s] [ 62%] Built target list_transports
[1.302s] [35m[1mConsolidate compiler generated dependencies of target image_transport-publisher[0m
[1.366s] [35m[1mConsolidate compiler generated dependencies of target image_transport-message_passing[0m
[1.373s] [35m[1mConsolidate compiler generated dependencies of target image_transport-subscriber[0m
[1.381s] [35m[1mConsolidate compiler generated dependencies of target image_transport-remapping[0m
[1.541s] [ 68%] Built target image_transport-publisher
[1.553s] [ 75%] Built target image_transport-message_passing
[1.567s] [ 81%] Built target image_transport-remapping
[1.575s] [ 87%] Built target image_transport-subscriber
[1.630s] [35m[1mConsolidate compiler generated dependencies of target image_transport-single_subscriber_publisher[0m
[1.638s] [35m[1mConsolidate compiler generated dependencies of target image_transport-qos_override[0m
[1.752s] [ 93%] Built target image_transport-single_subscriber_publisher
[1.761s] [100%] Built target image_transport-qos_override
[1.827s] Invoked command in '/home/r1/r1_ws/build/image_transport' returned '0': CMAKE_PREFIX_PATH=${CMAKE_PREFIX_PATH}:/home/r1/r1_ws/install/voice:/home/r1/r1_ws/install/control:/home/r1/r1_ws/install/camera:/opt/ros/humble /usr/bin/cmake --build /home/r1/r1_ws/build/image_transport -- -j4 -l4
[2.383s] Invoking command in '/home/r1/r1_ws/build/image_transport': CMAKE_PREFIX_PATH=${CMAKE_PREFIX_PATH}:/home/r1/r1_ws/install/voice:/home/r1/r1_ws/install/control:/home/r1/r1_ws/install/camera:/opt/ros/humble /usr/bin/cmake --install /home/r1/r1_ws/build/image_transport
[2.418s] -- Install configuration: ""
[2.420s] -- Up-to-date: /home/r1/r1_ws/install/image_transport/share/image_transport/default_plugins.xml
[2.420s] -- Up-to-date: /home/r1/r1_ws/install/image_transport/lib/libimage_transport.so
[2.422s] -- Up-to-date: /home/r1/r1_ws/install/image_transport/lib/libimage_transport_plugins.so
[2.425s] -- Up-to-date: /home/r1/r1_ws/install/image_transport/lib/libimage_transport.so
[2.427s] -- Up-to-date: /home/r1/r1_ws/install/image_transport/lib/image_transport/list_transports
[2.430s] -- Up-to-date: /home/r1/r1_ws/install/image_transport/lib/image_transport/republish
[2.431s] -- Up-to-date: /home/r1/r1_ws/install/image_transport/include/image_transport
[2.432s] -- Up-to-date: /home/r1/r1_ws/install/image_transport/include/image_transport/image_transport
[2.433s] -- Up-to-date: /home/r1/r1_ws/install/image_transport/include/image_transport/image_transport/simple_subscriber_plugin.h
[2.434s] -- Up-to-date: /home/r1/r1_ws/install/image_transport/include/image_transport/image_transport/camera_publisher.hpp
[2.435s] -- Up-to-date: /home/r1/r1_ws/install/image_transport/include/image_transport/image_transport/single_subscriber_publisher.hpp
[2.436s] -- Up-to-date: /home/r1/r1_ws/install/image_transport/include/image_transport/image_transport/exception.hpp
[2.438s] -- Up-to-date: /home/r1/r1_ws/install/image_transport/include/image_transport/image_transport/loader_fwds.hpp
[2.439s] -- Up-to-date: /home/r1/r1_ws/install/image_transport/include/image_transport/image_transport/publisher.hpp
[2.441s] -- Up-to-date: /home/r1/r1_ws/install/image_transport/include/image_transport/image_transport/publisher_plugin.h
[2.443s] -- Up-to-date: /home/r1/r1_ws/install/image_transport/include/image_transport/image_transport/camera_subscriber.hpp
[2.444s] -- Up-to-date: /home/r1/r1_ws/install/image_transport/include/image_transport/image_transport/subscriber.hpp
[2.445s] -- Up-to-date: /home/r1/r1_ws/install/image_transport/include/image_transport/image_transport/raw_subscriber.hpp
[2.446s] -- Up-to-date: /home/r1/r1_ws/install/image_transport/include/image_transport/image_transport/subscriber_filter.h
[2.446s] -- Up-to-date: /home/r1/r1_ws/install/image_transport/include/image_transport/image_transport/subscriber_filter.hpp
[2.454s] -- Up-to-date: /home/r1/r1_ws/install/image_transport/include/image_transport/image_transport/simple_publisher_plugin.h
[2.455s] -- Up-to-date: /home/r1/r1_ws/install/image_transport/include/image_transport/image_transport/image_transport.h
[2.476s] -- Up-to-date: /home/r1/r1_ws/install/image_transport/include/image_transport/image_transport/raw_publisher.h
[2.478s] -- Up-to-date: /home/r1/r1_ws/install/image_transport/include/image_transport/image_transport/image_transport.hpp
[2.478s] -- Up-to-date: /home/r1/r1_ws/install/image_transport/include/image_transport/image_transport/transport_hints.h
[2.479s] -- Up-to-date: /home/r1/r1_ws/install/image_transport/include/image_transport/image_transport/publisher_plugin.hpp
[2.480s] -- Up-to-date: /home/r1/r1_ws/install/image_transport/include/image_transport/image_transport/subscriber_plugin.h
[2.480s] -- Up-to-date: /home/r1/r1_ws/install/image_transport/include/image_transport/image_transport/camera_publisher.h
[2.481s] -- Up-to-date: /home/r1/r1_ws/install/image_transport/include/image_transport/image_transport/exception.h
[2.482s] -- Up-to-date: /home/r1/r1_ws/install/image_transport/include/image_transport/image_transport/single_subscriber_publisher.h
[2.482s] -- Up-to-date: /home/r1/r1_ws/install/image_transport/include/image_transport/image_transport/raw_publisher.hpp
[2.483s] -- Up-to-date: /home/r1/r1_ws/install/image_transport/include/image_transport/image_transport/simple_subscriber_plugin.hpp
[2.483s] -- Up-to-date: /home/r1/r1_ws/install/image_transport/include/image_transport/image_transport/camera_common.hpp
[2.484s] -- Up-to-date: /home/r1/r1_ws/install/image_transport/include/image_transport/image_transport/publisher.h
[2.484s] -- Up-to-date: /home/r1/r1_ws/install/image_transport/include/image_transport/image_transport/camera_common.h
[2.485s] -- Up-to-date: /home/r1/r1_ws/install/image_transport/include/image_transport/image_transport/subscriber.h
[2.485s] -- Up-to-date: /home/r1/r1_ws/install/image_transport/include/image_transport/image_transport/transport_hints.hpp
[2.486s] -- Up-to-date: /home/r1/r1_ws/install/image_transport/include/image_transport/image_transport/loader_fwds.h
[2.487s] -- Up-to-date: /home/r1/r1_ws/install/image_transport/include/image_transport/image_transport/camera_subscriber.h
[2.490s] -- Up-to-date: /home/r1/r1_ws/install/image_transport/include/image_transport/image_transport/simple_publisher_plugin.hpp
[2.490s] -- Up-to-date: /home/r1/r1_ws/install/image_transport/include/image_transport/image_transport/visibility_control.hpp
[2.491s] -- Up-to-date: /home/r1/r1_ws/install/image_transport/include/image_transport/image_transport/subscriber_plugin.hpp
[2.491s] -- Up-to-date: /home/r1/r1_ws/install/image_transport/include/image_transport/image_transport/raw_subscriber.h
[2.492s] -- Up-to-date: /home/r1/r1_ws/install/image_transport/share/ament_index/resource_index/package_run_dependencies/image_transport
[2.492s] -- Up-to-date: /home/r1/r1_ws/install/image_transport/share/ament_index/resource_index/parent_prefix_path/image_transport
[2.493s] -- Up-to-date: /home/r1/r1_ws/install/image_transport/share/image_transport/environment/ament_prefix_path.sh
[2.494s] -- Up-to-date: /home/r1/r1_ws/install/image_transport/share/image_transport/environment/ament_prefix_path.dsv
[2.494s] -- Up-to-date: /home/r1/r1_ws/install/image_transport/share/image_transport/environment/path.sh
[2.495s] -- Up-to-date: /home/r1/r1_ws/install/image_transport/share/image_transport/environment/path.dsv
[2.496s] -- Up-to-date: /home/r1/r1_ws/install/image_transport/share/image_transport/local_setup.bash
[2.501s] -- Up-to-date: /home/r1/r1_ws/install/image_transport/share/image_transport/local_setup.sh
[2.503s] -- Up-to-date: /home/r1/r1_ws/install/image_transport/share/image_transport/local_setup.zsh
[2.504s] -- Up-to-date: /home/r1/r1_ws/install/image_transport/share/image_transport/local_setup.dsv
[2.505s] -- Installing: /home/r1/r1_ws/install/image_transport/share/image_transport/package.dsv
[2.506s] -- Up-to-date: /home/r1/r1_ws/install/image_transport/share/ament_index/resource_index/packages/image_transport
[2.507s] -- Up-to-date: /home/r1/r1_ws/install/image_transport/share/ament_index/resource_index/image_transport__pluginlib__plugin/image_transport
[2.508s] -- Up-to-date: /home/r1/r1_ws/install/image_transport/share/image_transport/cmake/export_image_transportExport.cmake
[2.508s] -- Up-to-date: /home/r1/r1_ws/install/image_transport/share/image_transport/cmake/export_image_transportExport-noconfig.cmake
[2.509s] -- Up-to-date: /home/r1/r1_ws/install/image_transport/share/image_transport/cmake/ament_cmake_export_targets-extras.cmake
[2.510s] -- Up-to-date: /home/r1/r1_ws/install/image_transport/share/image_transport/cmake/ament_cmake_export_dependencies-extras.cmake
[2.510s] -- Up-to-date: /home/r1/r1_ws/install/image_transport/share/image_transport/cmake/image_transportConfig.cmake
[2.511s] -- Up-to-date: /home/r1/r1_ws/install/image_transport/share/image_transport/cmake/image_transportConfig-version.cmake
[2.513s] -- Up-to-date: /home/r1/r1_ws/install/image_transport/share/image_transport/package.xml
[2.626s] Invoked command in '/home/r1/r1_ws/build/image_transport' returned '0': CMAKE_PREFIX_PATH=${CMAKE_PREFIX_PATH}:/home/r1/r1_ws/install/voice:/home/r1/r1_ws/install/control:/home/r1/r1_ws/install/camera:/opt/ros/humble /usr/bin/cmake --install /home/r1/r1_ws/build/image_transport
