[4.692s] Invoking command in '/home/r1/r1_ws/src/camera': PYTHONPATH=/home/r1/r1_ws/build/camera/prefix_override:/home/r1/r1_ws/install/camera/lib/python3.10/site-packages:${PYTHONPATH} /usr/bin/python3 setup.py egg_info --egg-base ../../build/camera build --build-base /home/r1/r1_ws/build/camera/build install --record /home/r1/r1_ws/build/camera/install.log --single-version-externally-managed
[5.997s] running egg_info
[6.000s] writing ../../build/camera/camera.egg-info/PKG-INFO
[6.005s] writing dependency_links to ../../build/camera/camera.egg-info/dependency_links.txt
[6.007s] writing entry points to ../../build/camera/camera.egg-info/entry_points.txt
[6.007s] writing requirements to ../../build/camera/camera.egg-info/requires.txt
[6.007s] writing top-level names to ../../build/camera/camera.egg-info/top_level.txt
[6.013s] reading manifest file '../../build/camera/camera.egg-info/SOURCES.txt'
[6.017s] writing manifest file '../../build/camera/camera.egg-info/SOURCES.txt'
[6.018s] running build
[6.019s] running build_py
[6.021s] running install
[6.022s] /usr/lib/python3/dist-packages/setuptools/command/install.py:34: SetuptoolsDeprecationWarning: setup.py install is deprecated. Use build and pip and other standards-based tools.
[6.023s]   warnings.warn(
[6.029s] running install_lib
[6.032s] running install_data
[6.035s] running install_egg_info
[6.041s] removing '/home/r1/r1_ws/install/camera/lib/python3.10/site-packages/camera-0.0.0-py3.10.egg-info' (and everything under it)
[6.043s] Copying ../../build/camera/camera.egg-info to /home/r1/r1_ws/install/camera/lib/python3.10/site-packages/camera-0.0.0-py3.10.egg-info
[6.050s] running install_scripts
[6.144s] Installing detection_sub script to /home/r1/r1_ws/install/camera/lib/camera
[6.145s] Installing frames_sub script to /home/r1/r1_ws/install/camera/lib/camera
[6.146s] Installing img_pub script to /home/r1/r1_ws/install/camera/lib/camera
[6.149s] writing list of installed files to '/home/r1/r1_ws/build/camera/install.log'
[6.322s] Invoked command in '/home/r1/r1_ws/src/camera' returned '0': PYTHONPATH=/home/r1/r1_ws/build/camera/prefix_override:/home/r1/r1_ws/install/camera/lib/python3.10/site-packages:${PYTHONPATH} /usr/bin/python3 setup.py egg_info --egg-base ../../build/camera build --build-base /home/r1/r1_ws/build/camera/build install --record /home/r1/r1_ws/build/camera/install.log --single-version-externally-managed
