[8.257s] Invoking command in '/home/r1/r1_ws/src/camera': PYTHONPATH=/home/r1/r1_ws/build/camera/prefix_override:/home/r1/r1_ws/install/camera/lib/python3.10/site-packages:${PYTHONPATH} /usr/bin/python3 setup.py egg_info --egg-base ../../build/camera build --build-base /home/r1/r1_ws/build/camera/build install --record /home/r1/r1_ws/build/camera/install.log --single-version-externally-managed
[11.421s] running egg_info
[11.422s] writing ../../build/camera/camera.egg-info/PKG-INFO
[11.423s] writing dependency_links to ../../build/camera/camera.egg-info/dependency_links.txt
[11.433s] writing entry points to ../../build/camera/camera.egg-info/entry_points.txt
[11.434s] writing requirements to ../../build/camera/camera.egg-info/requires.txt
[11.434s] writing top-level names to ../../build/camera/camera.egg-info/top_level.txt
[11.440s] reading manifest file '../../build/camera/camera.egg-info/SOURCES.txt'
[11.445s] writing manifest file '../../build/camera/camera.egg-info/SOURCES.txt'
[11.446s] running build
[11.446s] running build_py
[11.449s] running install
[11.450s] /usr/lib/python3/dist-packages/setuptools/command/install.py:34: SetuptoolsDeprecationWarning: setup.py install is deprecated. Use build and pip and other standards-based tools.
[11.451s]   warnings.warn(
[11.451s] running install_lib
[11.464s] running install_data
[11.466s] running install_egg_info
[11.474s] removing '/home/r1/r1_ws/install/camera/lib/python3.10/site-packages/camera-0.0.0-py3.10.egg-info' (and everything under it)
[11.514s] Copying ../../build/camera/camera.egg-info to /home/r1/r1_ws/install/camera/lib/python3.10/site-packages/camera-0.0.0-py3.10.egg-info
[11.549s] running install_scripts
[11.738s] Installing frames_sub script to /home/r1/r1_ws/install/camera/lib/camera
[11.742s] Installing img_pub script to /home/r1/r1_ws/install/camera/lib/camera
[11.745s] writing list of installed files to '/home/r1/r1_ws/build/camera/install.log'
[11.941s] Invoked command in '/home/r1/r1_ws/src/camera' returned '0': PYTHONPATH=/home/r1/r1_ws/build/camera/prefix_override:/home/r1/r1_ws/install/camera/lib/python3.10/site-packages:${PYTHONPATH} /usr/bin/python3 setup.py egg_info --egg-base ../../build/camera build --build-base /home/r1/r1_ws/build/camera/build install --record /home/r1/r1_ws/build/camera/install.log --single-version-externally-managed
