[4.366s] Invoking command in '/home/r1/r1_ws/build/v4l2_camera': CMAKE_PREFIX_PATH=${CMAKE_PREFIX_PATH}:/home/r1/r1_ws/install/voice:/home/r1/r1_ws/install/camera:/home/r1/r1_ws/install/control:/opt/ros/humble /usr/bin/cmake --build /home/r1/r1_ws/build/v4l2_camera -- -j4 -l4
[4.711s] [ 50%] Built target v4l2_camera
[4.884s] [ 75%] Built target v4l2_camera_node
[4.971s] [100%] Built target v4l2_camera_compose_test
[5.029s] Invoked command in '/home/r1/r1_ws/build/v4l2_camera' returned '0': CMAKE_PREFIX_PATH=${CMAKE_PREFIX_PATH}:/home/r1/r1_ws/install/voice:/home/r1/r1_ws/install/camera:/home/r1/r1_ws/install/control:/opt/ros/humble /usr/bin/cmake --build /home/r1/r1_ws/build/v4l2_camera -- -j4 -l4
[5.332s] Invoking command in '/home/r1/r1_ws/build/v4l2_camera': CMAKE_PREFIX_PATH=${CMAKE_PREFIX_PATH}:/home/r1/r1_ws/install/voice:/home/r1/r1_ws/install/camera:/home/r1/r1_ws/install/control:/opt/ros/humble /usr/bin/cmake --install /home/r1/r1_ws/build/v4l2_camera
[5.380s] -- Install configuration: ""
[5.382s] -- Up-to-date: /home/r1/r1_ws/install/v4l2_camera/include
[5.383s] -- Up-to-date: /home/r1/r1_ws/install/v4l2_camera/include/v4l2_camera
[5.383s] -- Up-to-date: /home/r1/r1_ws/install/v4l2_camera/include/v4l2_camera/pixel_format.hpp
[5.384s] -- Up-to-date: /home/r1/r1_ws/install/v4l2_camera/include/v4l2_camera/v4l2_camera.hpp
[5.385s] -- Up-to-date: /home/r1/r1_ws/install/v4l2_camera/include/v4l2_camera/parameters.hpp
[5.386s] -- Up-to-date: /home/r1/r1_ws/install/v4l2_camera/include/v4l2_camera/v4l2_camera_device.hpp
[5.386s] -- Up-to-date: /home/r1/r1_ws/install/v4l2_camera/include/v4l2_camera/image_format.hpp
[5.387s] -- Up-to-date: /home/r1/r1_ws/install/v4l2_camera/include/v4l2_camera/visibility_control.h
[5.388s] -- Up-to-date: /home/r1/r1_ws/install/v4l2_camera/include/v4l2_camera/control.hpp
[5.388s] -- Up-to-date: /home/r1/r1_ws/install/v4l2_camera/include/v4l2_camera/fourcc.hpp
[5.389s] -- Up-to-date: /home/r1/r1_ws/install/v4l2_camera/lib/libv4l2_camera.so
[5.399s] -- Up-to-date: /home/r1/r1_ws/install/v4l2_camera/lib/v4l2_camera/v4l2_camera_node
[5.400s] -- Up-to-date: /home/r1/r1_ws/install/v4l2_camera/lib/v4l2_camera/v4l2_camera_compose_test
[5.401s] -- Up-to-date: /home/r1/r1_ws/install/v4l2_camera/share/v4l2_camera/environment/library_path.sh
[5.402s] -- Up-to-date: /home/r1/r1_ws/install/v4l2_camera/share/v4l2_camera/environment/library_path.dsv
[5.402s] -- Up-to-date: /home/r1/r1_ws/install/v4l2_camera/share/ament_index/resource_index/package_run_dependencies/v4l2_camera
[5.403s] -- Up-to-date: /home/r1/r1_ws/install/v4l2_camera/share/ament_index/resource_index/parent_prefix_path/v4l2_camera
[5.404s] -- Up-to-date: /home/r1/r1_ws/install/v4l2_camera/share/v4l2_camera/environment/ament_prefix_path.sh
[5.404s] -- Up-to-date: /home/r1/r1_ws/install/v4l2_camera/share/v4l2_camera/environment/ament_prefix_path.dsv
[5.405s] -- Up-to-date: /home/r1/r1_ws/install/v4l2_camera/share/v4l2_camera/environment/path.sh
[5.413s] -- Up-to-date: /home/r1/r1_ws/install/v4l2_camera/share/v4l2_camera/environment/path.dsv
[5.414s] -- Up-to-date: /home/r1/r1_ws/install/v4l2_camera/share/v4l2_camera/local_setup.bash
[5.415s] -- Up-to-date: /home/r1/r1_ws/install/v4l2_camera/share/v4l2_camera/local_setup.sh
[5.415s] -- Up-to-date: /home/r1/r1_ws/install/v4l2_camera/share/v4l2_camera/local_setup.zsh
[5.416s] -- Up-to-date: /home/r1/r1_ws/install/v4l2_camera/share/v4l2_camera/local_setup.dsv
[5.417s] -- Installing: /home/r1/r1_ws/install/v4l2_camera/share/v4l2_camera/package.dsv
[5.417s] -- Up-to-date: /home/r1/r1_ws/install/v4l2_camera/share/ament_index/resource_index/packages/v4l2_camera
[5.418s] -- Up-to-date: /home/r1/r1_ws/install/v4l2_camera/share/ament_index/resource_index/rclcpp_components/v4l2_camera
[5.419s] -- Up-to-date: /home/r1/r1_ws/install/v4l2_camera/share/v4l2_camera/cmake/export_v4l2_cameraExport.cmake
[5.437s] -- Up-to-date: /home/r1/r1_ws/install/v4l2_camera/share/v4l2_camera/cmake/export_v4l2_cameraExport-noconfig.cmake
[5.438s] -- Up-to-date: /home/r1/r1_ws/install/v4l2_camera/share/v4l2_camera/cmake/ament_cmake_export_include_directories-extras.cmake
[5.438s] -- Up-to-date: /home/r1/r1_ws/install/v4l2_camera/share/v4l2_camera/cmake/ament_cmake_export_targets-extras.cmake
[5.439s] -- Up-to-date: /home/r1/r1_ws/install/v4l2_camera/share/v4l2_camera/cmake/ament_cmake_export_libraries-extras.cmake
[5.440s] -- Up-to-date: /home/r1/r1_ws/install/v4l2_camera/share/v4l2_camera/cmake/ament_cmake_export_dependencies-extras.cmake
[5.440s] -- Up-to-date: /home/r1/r1_ws/install/v4l2_camera/share/v4l2_camera/cmake/v4l2_cameraConfig.cmake
[5.441s] -- Up-to-date: /home/r1/r1_ws/install/v4l2_camera/share/v4l2_camera/cmake/v4l2_cameraConfig-version.cmake
[5.441s] -- Up-to-date: /home/r1/r1_ws/install/v4l2_camera/share/v4l2_camera/package.xml
[5.442s] Invoked command in '/home/r1/r1_ws/build/v4l2_camera' returned '0': CMAKE_PREFIX_PATH=${CMAKE_PREFIX_PATH}:/home/r1/r1_ws/install/voice:/home/r1/r1_ws/install/camera:/home/r1/r1_ws/install/control:/opt/ros/humble /usr/bin/cmake --install /home/r1/r1_ws/build/v4l2_camera
