[9.154s] Invoking command in '/home/r1/r1_ws/build/control': PYTHONPATH=/home/r1/r1_ws/build/control/prefix_override:/home/r1/r1_ws/install/control/lib/python3.10/site-packages:${PYTHONPATH} /usr/bin/python3 setup.py develop --uninstall --editable --build-directory /home/r1/r1_ws/build/control/build
[13.268s] running develop
[13.275s] /usr/lib/python3/dist-packages/setuptools/command/easy_install.py:158: EasyInstallDeprecationWarning: easy_install command is deprecated. Use build and pip and other standards-based tools.
[13.276s]   warnings.warn(
[13.290s] /usr/lib/python3/dist-packages/setuptools/command/install.py:34: SetuptoolsDeprecationWarning: setup.py install is deprecated. Use build and pip and other standards-based tools.
[13.291s]   warnings.warn(
[14.309s] /usr/lib/python3/dist-packages/pkg_resources/__init__.py:116: PkgResourcesDeprecationWarning: 1.1build1 is an invalid version and will not be supported in a future release
[14.312s]   warnings.warn(
[14.312s] /usr/lib/python3/dist-packages/pkg_resources/__init__.py:116: PkgResourcesDeprecationWarning: 0.1.43ubuntu1 is an invalid version and will not be supported in a future release
[14.313s]   warnings.warn(
[15.535s] Invoked command in '/home/r1/r1_ws/build/control' returned '0': PYTHONPATH=/home/r1/r1_ws/build/control/prefix_override:/home/r1/r1_ws/install/control/lib/python3.10/site-packages:${PYTHONPATH} /usr/bin/python3 setup.py develop --uninstall --editable --build-directory /home/r1/r1_ws/build/control/build
[15.585s] Invoking command in '/home/r1/r1_ws/src/control': PYTHONPATH=/home/r1/r1_ws/build/control/prefix_override:/home/r1/r1_ws/install/control/lib/python3.10/site-packages:${PYTHONPATH} /usr/bin/python3 setup.py egg_info --egg-base ../../build/control build --build-base /home/r1/r1_ws/build/control/build install --record /home/r1/r1_ws/build/control/install.log --single-version-externally-managed
[19.558s] running egg_info
[19.568s] writing ../../build/control/control.egg-info/PKG-INFO
[19.570s] writing dependency_links to ../../build/control/control.egg-info/dependency_links.txt
[19.575s] writing entry points to ../../build/control/control.egg-info/entry_points.txt
[19.585s] writing requirements to ../../build/control/control.egg-info/requires.txt
[19.590s] writing top-level names to ../../build/control/control.egg-info/top_level.txt
[19.607s] reading manifest file '../../build/control/control.egg-info/SOURCES.txt'
[19.612s] writing manifest file '../../build/control/control.egg-info/SOURCES.txt'
[19.613s] running build
[19.614s] running build_py
[19.620s] copying control/arms.py -> /home/r1/r1_ws/build/control/build/lib/control
[19.632s] running install
[19.633s] /usr/lib/python3/dist-packages/setuptools/command/install.py:34: SetuptoolsDeprecationWarning: setup.py install is deprecated. Use build and pip and other standards-based tools.
[19.635s]   warnings.warn(
[19.643s] running install_lib
[19.653s] copying /home/r1/r1_ws/build/control/build/lib/control/arms.py -> /home/r1/r1_ws/install/control/lib/python3.10/site-packages/control
[19.671s] byte-compiling /home/r1/r1_ws/install/control/lib/python3.10/site-packages/control/arms.py to arms.cpython-310.pyc
[19.686s] running install_data
[19.687s]   File "/home/r1/r1_ws/install/control/lib/python3.10/site-packages/control/arms.py", line 67
[19.694s]     print("Left = " + str(left_current_position)
[19.696s]          ^
[19.697s] SyntaxError: '(' was never closed
[19.700s] 
[19.702s] running install_egg_info
[19.716s] removing '/home/r1/r1_ws/install/control/lib/python3.10/site-packages/control-1.0.0-py3.10.egg-info' (and everything under it)
[19.721s] Copying ../../build/control/control.egg-info to /home/r1/r1_ws/install/control/lib/python3.10/site-packages/control-1.0.0-py3.10.egg-info
[19.760s] running install_scripts
[20.061s] Installing arms_sub script to /home/r1/r1_ws/install/control/lib/control
[20.071s] Installing base_sub script to /home/r1/r1_ws/install/control/lib/control
[20.078s] Installing eyes_sub script to /home/r1/r1_ws/install/control/lib/control
[20.094s] Installing head_sub script to /home/r1/r1_ws/install/control/lib/control
[20.097s] Installing ir_left_pub script to /home/r1/r1_ws/install/control/lib/control
[20.099s] Installing ir_right_pub script to /home/r1/r1_ws/install/control/lib/control
[20.164s] Installing left_hand_sub script to /home/r1/r1_ws/install/control/lib/control
[20.168s] Installing right_hand_sub script to /home/r1/r1_ws/install/control/lib/control
[20.170s] Installing sensors_sub script to /home/r1/r1_ws/install/control/lib/control
[20.174s] Installing us_pub script to /home/r1/r1_ws/install/control/lib/control
[20.177s] writing list of installed files to '/home/r1/r1_ws/build/control/install.log'
[20.704s] Invoked command in '/home/r1/r1_ws/src/control' returned '0': PYTHONPATH=/home/r1/r1_ws/build/control/prefix_override:/home/r1/r1_ws/install/control/lib/python3.10/site-packages:${PYTHONPATH} /usr/bin/python3 setup.py egg_info --egg-base ../../build/control build --build-base /home/r1/r1_ws/build/control/build install --record /home/r1/r1_ws/build/control/install.log --single-version-externally-managed
