[11.025s] Invoking command in '/home/r1/r1_ws/src/camera': PYTHONPATH=/home/r1/r1_ws/build/camera/prefix_override:/home/r1/r1_ws/install/camera/lib/python3.10/site-packages:${PYTHONPATH} /usr/bin/python3 setup.py egg_info --egg-base ../../build/camera build --build-base /home/r1/r1_ws/build/camera/build install --record /home/r1/r1_ws/build/camera/install.log --single-version-externally-managed
[13.689s] running egg_info
[13.693s] writing ../../build/camera/camera.egg-info/PKG-INFO
[13.698s] writing dependency_links to ../../build/camera/camera.egg-info/dependency_links.txt
[13.699s] writing entry points to ../../build/camera/camera.egg-info/entry_points.txt
[13.699s] writing requirements to ../../build/camera/camera.egg-info/requires.txt
[13.700s] writing top-level names to ../../build/camera/camera.egg-info/top_level.txt
[13.707s] reading manifest file '../../build/camera/camera.egg-info/SOURCES.txt'
[13.712s] writing manifest file '../../build/camera/camera.egg-info/SOURCES.txt'
[13.714s] running build
[13.714s] running build_py
[13.718s] running install
[13.719s] /usr/lib/python3/dist-packages/setuptools/command/install.py:34: SetuptoolsDeprecationWarning: setup.py install is deprecated. Use build and pip and other standards-based tools.
[13.722s]   warnings.warn(
[13.723s] running install_lib
[13.738s] running install_data
[13.738s] running install_egg_info
[13.744s] removing '/home/r1/r1_ws/install/camera/lib/python3.10/site-packages/camera-0.0.0-py3.10.egg-info' (and everything under it)
[13.749s] Copying ../../build/camera/camera.egg-info to /home/r1/r1_ws/install/camera/lib/python3.10/site-packages/camera-0.0.0-py3.10.egg-info
[13.756s] running install_scripts
[13.884s] Installing frames_sub script to /home/r1/r1_ws/install/camera/lib/camera
[13.885s] Installing img_pub script to /home/r1/r1_ws/install/camera/lib/camera
[13.888s] writing list of installed files to '/home/r1/r1_ws/build/camera/install.log'
[14.096s] Invoked command in '/home/r1/r1_ws/src/camera' returned '0': PYTHONPATH=/home/r1/r1_ws/build/camera/prefix_override:/home/r1/r1_ws/install/camera/lib/python3.10/site-packages:${PYTHONPATH} /usr/bin/python3 setup.py egg_info --egg-base ../../build/camera build --build-base /home/r1/r1_ws/build/camera/build install --record /home/r1/r1_ws/build/camera/install.log --single-version-externally-managed
