[6.965s] Invoking command in '/home/r1/r1_ws/build/control': PYTHONPATH=/home/r1/r1_ws/build/control/prefix_override:/home/r1/r1_ws/install/control/lib/python3.10/site-packages:${PYTHONPATH} /usr/bin/python3 setup.py develop --uninstall --editable --build-directory /home/r1/r1_ws/build/control/build
[8.879s] running develop
[8.880s] /usr/lib/python3/dist-packages/setuptools/command/easy_install.py:158: EasyInstallDeprecationWarning: easy_install command is deprecated. Use build and pip and other standards-based tools.
[8.880s]   warnings.warn(
[8.891s] /usr/lib/python3/dist-packages/setuptools/command/install.py:34: SetuptoolsDeprecationWarning: setup.py install is deprecated. Use build and pip and other standards-based tools.
[8.894s]   warnings.warn(
[9.302s] /usr/lib/python3/dist-packages/pkg_resources/__init__.py:116: PkgResourcesDeprecationWarning: 1.1build1 is an invalid version and will not be supported in a future release
[9.304s]   warnings.warn(
[9.312s] /usr/lib/python3/dist-packages/pkg_resources/__init__.py:116: PkgResourcesDeprecationWarning: 0.1.43ubuntu1 is an invalid version and will not be supported in a future release
[9.315s]   warnings.warn(
[10.566s] Invoked command in '/home/r1/r1_ws/build/control' returned '0': PYTHONPATH=/home/r1/r1_ws/build/control/prefix_override:/home/r1/r1_ws/install/control/lib/python3.10/site-packages:${PYTHONPATH} /usr/bin/python3 setup.py develop --uninstall --editable --build-directory /home/r1/r1_ws/build/control/build
[10.581s] Invoking command in '/home/r1/r1_ws/src/control': PYTHONPATH=/home/r1/r1_ws/build/control/prefix_override:/home/r1/r1_ws/install/control/lib/python3.10/site-packages:${PYTHONPATH} /usr/bin/python3 setup.py egg_info --egg-base ../../build/control build --build-base /home/r1/r1_ws/build/control/build install --record /home/r1/r1_ws/build/control/install.log --single-version-externally-managed
[12.561s] running egg_info
[12.564s] writing ../../build/control/control.egg-info/PKG-INFO
[12.568s] writing dependency_links to ../../build/control/control.egg-info/dependency_links.txt
[12.570s] writing entry points to ../../build/control/control.egg-info/entry_points.txt
[12.570s] writing requirements to ../../build/control/control.egg-info/requires.txt
[12.570s] writing top-level names to ../../build/control/control.egg-info/top_level.txt
[12.577s] reading manifest file '../../build/control/control.egg-info/SOURCES.txt'
[12.583s] writing manifest file '../../build/control/control.egg-info/SOURCES.txt'
[12.584s] running build
[12.586s] running build_py
[12.590s] running install
[12.597s] /usr/lib/python3/dist-packages/setuptools/command/install.py:34: SetuptoolsDeprecationWarning: setup.py install is deprecated. Use build and pip and other standards-based tools.
[12.600s]   warnings.warn(
[12.600s] running install_lib
[12.603s] running install_data
[12.606s] running install_egg_info
[12.613s] removing '/home/r1/r1_ws/install/control/lib/python3.10/site-packages/control-1.0.0-py3.10.egg-info' (and everything under it)
[12.615s] Copying ../../build/control/control.egg-info to /home/r1/r1_ws/install/control/lib/python3.10/site-packages/control-1.0.0-py3.10.egg-info
[12.621s] running install_scripts
[12.707s] Installing arms_sub script to /home/r1/r1_ws/install/control/lib/control
[12.708s] Installing base_sub script to /home/r1/r1_ws/install/control/lib/control
[12.709s] Installing eyes_sub script to /home/r1/r1_ws/install/control/lib/control
[12.710s] Installing head_sub script to /home/r1/r1_ws/install/control/lib/control
[12.711s] Installing ir_left_pub script to /home/r1/r1_ws/install/control/lib/control
[12.712s] Installing ir_right_pub script to /home/r1/r1_ws/install/control/lib/control
[12.713s] Installing left_hand_sub script to /home/r1/r1_ws/install/control/lib/control
[12.714s] Installing right_hand_sub script to /home/r1/r1_ws/install/control/lib/control
[12.715s] Installing sensors_sub script to /home/r1/r1_ws/install/control/lib/control
[12.716s] Installing us_pub script to /home/r1/r1_ws/install/control/lib/control
[12.718s] writing list of installed files to '/home/r1/r1_ws/build/control/install.log'
[12.859s] Invoked command in '/home/r1/r1_ws/src/control' returned '0': PYTHONPATH=/home/r1/r1_ws/build/control/prefix_override:/home/r1/r1_ws/install/control/lib/python3.10/site-packages:${PYTHONPATH} /usr/bin/python3 setup.py egg_info --egg-base ../../build/control build --build-base /home/r1/r1_ws/build/control/build install --record /home/r1/r1_ws/build/control/install.log --single-version-externally-managed
