[4.566s] Invoking command in '/home/r1/r1_ws/src/control': PYTHONPATH=/home/r1/r1_ws/src/build/control/prefix_override:/home/r1/r1_ws/src/install/control/lib/python3.10/site-packages:${PYTHONPATH} /usr/bin/python3 setup.py egg_info --egg-base ../build/control build --build-base /home/r1/r1_ws/src/build/control/build install --record /home/r1/r1_ws/src/build/control/install.log --single-version-externally-managed
[5.832s] running egg_info
[5.835s] writing ../build/control/control.egg-info/PKG-INFO
[5.836s] writing dependency_links to ../build/control/control.egg-info/dependency_links.txt
[5.837s] writing entry points to ../build/control/control.egg-info/entry_points.txt
[5.839s] writing requirements to ../build/control/control.egg-info/requires.txt
[5.839s] writing top-level names to ../build/control/control.egg-info/top_level.txt
[5.849s] reading manifest file '../build/control/control.egg-info/SOURCES.txt'
[5.854s] writing manifest file '../build/control/control.egg-info/SOURCES.txt'
[5.855s] running build
[5.855s] running build_py
[5.856s] running install
[5.857s] /usr/lib/python3/dist-packages/setuptools/command/install.py:34: SetuptoolsDeprecationWarning: setup.py install is deprecated. Use build and pip and other standards-based tools.
[5.858s]   warnings.warn(
[5.859s] running install_lib
[5.866s] running install_data
[5.868s] running install_egg_info
[5.875s] removing '/home/r1/r1_ws/src/install/control/lib/python3.10/site-packages/control-0.0.0-py3.10.egg-info' (and everything under it)
[5.877s] Copying ../build/control/control.egg-info to /home/r1/r1_ws/src/install/control/lib/python3.10/site-packages/control-0.0.0-py3.10.egg-info
[5.884s] running install_scripts
[5.977s] writing list of installed files to '/home/r1/r1_ws/src/build/control/install.log'
[6.180s] Invoked command in '/home/r1/r1_ws/src/control' returned '0': PYTHONPATH=/home/r1/r1_ws/src/build/control/prefix_override:/home/r1/r1_ws/src/install/control/lib/python3.10/site-packages:${PYTHONPATH} /usr/bin/python3 setup.py egg_info --egg-base ../build/control build --build-base /home/r1/r1_ws/src/build/control/build install --record /home/r1/r1_ws/src/build/control/install.log --single-version-externally-managed
