[6.911s] Invoking command in '/home/r1/r1_ws/src/control': PYTHONPATH=/home/r1/r1_ws/build/control/prefix_override:/home/r1/r1_ws/install/control/lib/python3.10/site-packages:${PYTHONPATH} /usr/bin/python3 setup.py egg_info --egg-base ../../build/control build --build-base /home/r1/r1_ws/build/control/build install --record /home/r1/r1_ws/build/control/install.log --single-version-externally-managed
[8.455s] running egg_info
[8.459s] writing ../../build/control/control.egg-info/PKG-INFO
[8.461s] writing dependency_links to ../../build/control/control.egg-info/dependency_links.txt
[8.462s] writing entry points to ../../build/control/control.egg-info/entry_points.txt
[8.463s] writing requirements to ../../build/control/control.egg-info/requires.txt
[8.465s] writing top-level names to ../../build/control/control.egg-info/top_level.txt
[8.474s] reading manifest file '../../build/control/control.egg-info/SOURCES.txt'
[8.482s] writing manifest file '../../build/control/control.egg-info/SOURCES.txt'
[8.484s] running build
[8.485s] running build_py
[8.489s] running install
[8.491s] /usr/lib/python3/dist-packages/setuptools/command/install.py:34: SetuptoolsDeprecationWarning: setup.py install is deprecated. Use build and pip and other standards-based tools.
[8.491s]   warnings.warn(
[8.493s] running install_lib
[8.503s] running install_data
[8.506s] running install_egg_info
[8.517s] removing '/home/r1/r1_ws/install/control/lib/python3.10/site-packages/control-0.0.0-py3.10.egg-info' (and everything under it)
[8.525s] Copying ../../build/control/control.egg-info to /home/r1/r1_ws/install/control/lib/python3.10/site-packages/control-0.0.0-py3.10.egg-info
[8.548s] running install_scripts
[8.675s] Installing ir_left_pub script to /home/r1/r1_ws/install/control/lib/control
[8.676s] Installing ir_right_pub script to /home/r1/r1_ws/install/control/lib/control
[8.678s] Installing sensors_sub script to /home/r1/r1_ws/install/control/lib/control
[8.680s] Installing us_pub script to /home/r1/r1_ws/install/control/lib/control
[8.684s] writing list of installed files to '/home/r1/r1_ws/build/control/install.log'
[9.026s] Invoked command in '/home/r1/r1_ws/src/control' returned '0': PYTHONPATH=/home/r1/r1_ws/build/control/prefix_override:/home/r1/r1_ws/install/control/lib/python3.10/site-packages:${PYTHONPATH} /usr/bin/python3 setup.py egg_info --egg-base ../../build/control build --build-base /home/r1/r1_ws/build/control/build install --record /home/r1/r1_ws/build/control/install.log --single-version-externally-managed
