/home/r1/r1_ws/install/control/lib/python3.10/site-packages/control/ultrasonic.py
/home/r1/r1_ws/install/control/lib/python3.10/site-packages/control/sensors.py
/home/r1/r1_ws/install/control/lib/python3.10/site-packages/control/new_base.py
/home/r1/r1_ws/install/control/lib/python3.10/site-packages/control/__init__.py
/home/r1/r1_ws/install/control/lib/python3.10/site-packages/control/arms.py
/home/r1/r1_ws/install/control/lib/python3.10/site-packages/control/eyes.py
/home/r1/r1_ws/install/control/lib/python3.10/site-packages/control/head.py
/home/r1/r1_ws/install/control/lib/python3.10/site-packages/control/right_hand_sub.py
/home/r1/r1_ws/install/control/lib/python3.10/site-packages/control/left_hand_sub.py
/home/r1/r1_ws/install/control/lib/python3.10/site-packages/control/base.py
/home/r1/r1_ws/install/control/lib/python3.10/site-packages/control/servos.py
/home/r1/r1_ws/install/control/lib/python3.10/site-packages/control/infrared_right.py
/home/r1/r1_ws/install/control/lib/python3.10/site-packages/control/infrared_left.py
/home/r1/r1_ws/install/control/lib/python3.10/site-packages/control/head1.0.py
/home/r1/r1_ws/install/control/lib/python3.10/site-packages/control/__pycache__/ultrasonic.cpython-310.pyc
/home/r1/r1_ws/install/control/lib/python3.10/site-packages/control/__pycache__/sensors.cpython-310.pyc
/home/r1/r1_ws/install/control/lib/python3.10/site-packages/control/__pycache__/new_base.cpython-310.pyc
/home/r1/r1_ws/install/control/lib/python3.10/site-packages/control/__pycache__/__init__.cpython-310.pyc
/home/r1/r1_ws/install/control/lib/python3.10/site-packages/control/__pycache__/arms.cpython-310.pyc
/home/r1/r1_ws/install/control/lib/python3.10/site-packages/control/__pycache__/eyes.cpython-310.pyc
/home/r1/r1_ws/install/control/lib/python3.10/site-packages/control/__pycache__/head.cpython-310.pyc
/home/r1/r1_ws/install/control/lib/python3.10/site-packages/control/__pycache__/right_hand_sub.cpython-310.pyc
/home/r1/r1_ws/install/control/lib/python3.10/site-packages/control/__pycache__/left_hand_sub.cpython-310.pyc
/home/r1/r1_ws/install/control/lib/python3.10/site-packages/control/__pycache__/base.cpython-310.pyc
/home/r1/r1_ws/install/control/lib/python3.10/site-packages/control/__pycache__/servos.cpython-310.pyc
/home/r1/r1_ws/install/control/lib/python3.10/site-packages/control/__pycache__/infrared_right.cpython-310.pyc
/home/r1/r1_ws/install/control/lib/python3.10/site-packages/control/__pycache__/infrared_left.cpython-310.pyc
/home/r1/r1_ws/install/control/lib/python3.10/site-packages/control/__pycache__/head1.0.cpython-310.pyc
/home/r1/r1_ws/install/control/share/ament_index/resource_index/packages/control
/home/r1/r1_ws/install/control/share/control/package.xml
/home/r1/r1_ws/install/control/lib/python3.10/site-packages/control-1.0.0-py3.10.egg-info/requires.txt
/home/r1/r1_ws/install/control/lib/python3.10/site-packages/control-1.0.0-py3.10.egg-info/dependency_links.txt
/home/r1/r1_ws/install/control/lib/python3.10/site-packages/control-1.0.0-py3.10.egg-info/zip-safe
/home/r1/r1_ws/install/control/lib/python3.10/site-packages/control-1.0.0-py3.10.egg-info/top_level.txt
/home/r1/r1_ws/install/control/lib/python3.10/site-packages/control-1.0.0-py3.10.egg-info/entry_points.txt
/home/r1/r1_ws/install/control/lib/python3.10/site-packages/control-1.0.0-py3.10.egg-info/SOURCES.txt
/home/r1/r1_ws/install/control/lib/python3.10/site-packages/control-1.0.0-py3.10.egg-info/PKG-INFO
/home/r1/r1_ws/install/control/lib/control/arms_sub
/home/r1/r1_ws/install/control/lib/control/base_sub
/home/r1/r1_ws/install/control/lib/control/eyes_sub
/home/r1/r1_ws/install/control/lib/control/head_sub
/home/r1/r1_ws/install/control/lib/control/ir_left_pub
/home/r1/r1_ws/install/control/lib/control/ir_right_pub
/home/r1/r1_ws/install/control/lib/control/left_hand_sub
/home/r1/r1_ws/install/control/lib/control/right_hand_sub
/home/r1/r1_ws/install/control/lib/control/sensors_sub
/home/r1/r1_ws/install/control/lib/control/us_pub
