[9.097s] Invoking command in '/home/r1/r1_ws/build/control': PYTHONPATH=/home/r1/r1_ws/build/control/prefix_override:/home/r1/r1_ws/install/control/lib/python3.10/site-packages:${PYTHONPATH} /usr/bin/python3 setup.py develop --uninstall --editable --build-directory /home/r1/r1_ws/build/control/build
[12.793s] running develop
[12.797s] /usr/lib/python3/dist-packages/setuptools/command/easy_install.py:158: EasyInstallDeprecationWarning: easy_install command is deprecated. Use build and pip and other standards-based tools.
[12.798s]   warnings.warn(
[12.807s] /usr/lib/python3/dist-packages/setuptools/command/install.py:34: SetuptoolsDeprecationWarning: setup.py install is deprecated. Use build and pip and other standards-based tools.
[12.808s]   warnings.warn(
[13.617s] /usr/lib/python3/dist-packages/pkg_resources/__init__.py:116: PkgResourcesDeprecationWarning: 1.1build1 is an invalid version and will not be supported in a future release
[13.619s]   warnings.warn(
[13.626s] /usr/lib/python3/dist-packages/pkg_resources/__init__.py:116: PkgResourcesDeprecationWarning: 0.1.43ubuntu1 is an invalid version and will not be supported in a future release
[13.628s]   warnings.warn(
[15.243s] Invoked command in '/home/r1/r1_ws/build/control' returned '0': PYTHONPATH=/home/r1/r1_ws/build/control/prefix_override:/home/r1/r1_ws/install/control/lib/python3.10/site-packages:${PYTHONPATH} /usr/bin/python3 setup.py develop --uninstall --editable --build-directory /home/r1/r1_ws/build/control/build
[15.247s] Invoking command in '/home/r1/r1_ws/src/control': PYTHONPATH=/home/r1/r1_ws/build/control/prefix_override:/home/r1/r1_ws/install/control/lib/python3.10/site-packages:${PYTHONPATH} /usr/bin/python3 setup.py egg_info --egg-base ../../build/control build --build-base /home/r1/r1_ws/build/control/build install --record /home/r1/r1_ws/build/control/install.log --single-version-externally-managed
[18.329s] running egg_info
[18.335s] writing ../../build/control/control.egg-info/PKG-INFO
[18.338s] writing dependency_links to ../../build/control/control.egg-info/dependency_links.txt
[18.342s] writing entry points to ../../build/control/control.egg-info/entry_points.txt
[18.345s] writing requirements to ../../build/control/control.egg-info/requires.txt
[18.348s] writing top-level names to ../../build/control/control.egg-info/top_level.txt
[18.362s] reading manifest file '../../build/control/control.egg-info/SOURCES.txt'
[18.370s] writing manifest file '../../build/control/control.egg-info/SOURCES.txt'
[18.371s] running build
[18.372s] running build_py
[18.377s] running install
[18.377s] /usr/lib/python3/dist-packages/setuptools/command/install.py:34: SetuptoolsDeprecationWarning: setup.py install is deprecated. Use build and pip and other standards-based tools.
[18.378s]   warnings.warn(
[18.379s] running install_lib
[18.394s] running install_data
[18.398s] running install_egg_info
[18.406s] removing '/home/r1/r1_ws/install/control/lib/python3.10/site-packages/control-1.0.0-py3.10.egg-info' (and everything under it)
[18.409s] Copying ../../build/control/control.egg-info to /home/r1/r1_ws/install/control/lib/python3.10/site-packages/control-1.0.0-py3.10.egg-info
[18.419s] running install_scripts
[18.538s] Installing arms_sub script to /home/r1/r1_ws/install/control/lib/control
[18.541s] Installing base_sub script to /home/r1/r1_ws/install/control/lib/control
[18.545s] Installing eyes_sub script to /home/r1/r1_ws/install/control/lib/control
[18.546s] Installing head_sub script to /home/r1/r1_ws/install/control/lib/control
[18.546s] Installing ir_left_pub script to /home/r1/r1_ws/install/control/lib/control
[18.547s] Installing ir_right_pub script to /home/r1/r1_ws/install/control/lib/control
[18.548s] Installing left_hand_sub script to /home/r1/r1_ws/install/control/lib/control
[18.549s] Installing right_hand_sub script to /home/r1/r1_ws/install/control/lib/control
[18.550s] Installing sensors_sub script to /home/r1/r1_ws/install/control/lib/control
[18.551s] Installing us_pub script to /home/r1/r1_ws/install/control/lib/control
[18.556s] writing list of installed files to '/home/r1/r1_ws/build/control/install.log'
