[35m[1mConsolidate compiler generated dependencies of target theora_image_transport__rosidl_generator_c[0m
[  2%] Built target theora_image_transport__cpp
[ 10%] Built target theora_image_transport__rosidl_generator_c
[35m[1mConsolidate compiler generated dependencies of target theora_image_transport__rosidl_typesupport_fastrtps_cpp[0m
[ 18%] Built target theora_image_transport__rosidl_typesupport_fastrtps_cpp
[ 18%] Built target ament_cmake_python_copy_theora_image_transport
[35m[1mConsolidate compiler generated dependencies of target theora_image_transport__rosidl_typesupport_introspection_cpp[0m
[35m[1mConsolidate compiler generated dependencies of target theora_image_transport__rosidl_typesupport_fastrtps_c[0m
[ 27%] Built target theora_image_transport__rosidl_typesupport_introspection_cpp
[ 35%] Built target theora_image_transport__rosidl_typesupport_fastrtps_c
[35m[1mConsolidate compiler generated dependencies of target theora_image_transport__rosidl_typesupport_introspection_c[0m
[35m[1mConsolidate compiler generated dependencies of target theora_image_transport__rosidl_typesupport_c[0m
[ 43%] Built target theora_image_transport__rosidl_typesupport_introspection_c
[ 51%] Built target theora_image_transport__rosidl_typesupport_c
[35m[1mConsolidate compiler generated dependencies of target theora_image_transport__rosidl_typesupport_cpp[0m
[ 59%] Built target theora_image_transport__rosidl_typesupport_cpp
running egg_info
writing theora_image_transport.egg-info/PKG-INFO
writing dependency_links to theora_image_transport.egg-info/dependency_links.txt
writing top-level names to theora_image_transport.egg-info/top_level.txt
reading manifest file 'theora_image_transport.egg-info/SOURCES.txt'
writing manifest file 'theora_image_transport.egg-info/SOURCES.txt'
[ 59%] Built target ament_cmake_python_build_theora_image_transport_egg
[35m[1mConsolidate compiler generated dependencies of target ogg_saver[0m
[ 64%] Built target ogg_saver
[35m[1mConsolidate compiler generated dependencies of target theora_image_transport_component[0m
[ 67%] [32mBuilding CXX object CMakeFiles/theora_image_transport_component.dir/src/theora_publisher.cpp.o[0m
