[5.503s] Invoking command in '/home/r1/r1_ws/build/control': PYTHONPATH=/home/r1/r1_ws/build/control/prefix_override:/home/r1/r1_ws/install/control/lib/python3.10/site-packages:${PYTHONPATH} /usr/bin/python3 setup.py develop --uninstall --editable --build-directory /home/r1/r1_ws/build/control/build
[7.931s] running develop
[7.934s] /usr/lib/python3/dist-packages/setuptools/command/easy_install.py:158: EasyInstallDeprecationWarning: easy_install command is deprecated. Use build and pip and other standards-based tools.
[7.934s]   warnings.warn(
[7.963s] /usr/lib/python3/dist-packages/setuptools/command/install.py:34: SetuptoolsDeprecationWarning: setup.py install is deprecated. Use build and pip and other standards-based tools.
[7.966s]   warnings.warn(
[8.460s] /usr/lib/python3/dist-packages/pkg_resources/__init__.py:116: PkgResourcesDeprecationWarning: 1.1build1 is an invalid version and will not be supported in a future release
[8.460s]   warnings.warn(
[8.464s] /usr/lib/python3/dist-packages/pkg_resources/__init__.py:116: PkgResourcesDeprecationWarning: 0.1.43ubuntu1 is an invalid version and will not be supported in a future release
[8.465s]   warnings.warn(
[9.630s] Invoked command in '/home/r1/r1_ws/build/control' returned '0': PYTHONPATH=/home/r1/r1_ws/build/control/prefix_override:/home/r1/r1_ws/install/control/lib/python3.10/site-packages:${PYTHONPATH} /usr/bin/python3 setup.py develop --uninstall --editable --build-directory /home/r1/r1_ws/build/control/build
[9.645s] Invoking command in '/home/r1/r1_ws/src/control': PYTHONPATH=/home/r1/r1_ws/build/control/prefix_override:/home/r1/r1_ws/install/control/lib/python3.10/site-packages:${PYTHONPATH} /usr/bin/python3 setup.py egg_info --egg-base ../../build/control build --build-base /home/r1/r1_ws/build/control/build install --record /home/r1/r1_ws/build/control/install.log --single-version-externally-managed
[11.924s] running egg_info
[11.927s] writing ../../build/control/control.egg-info/PKG-INFO
[11.932s] writing dependency_links to ../../build/control/control.egg-info/dependency_links.txt
[11.933s] writing entry points to ../../build/control/control.egg-info/entry_points.txt
[11.933s] writing requirements to ../../build/control/control.egg-info/requires.txt
[11.934s] writing top-level names to ../../build/control/control.egg-info/top_level.txt
[11.941s] reading manifest file '../../build/control/control.egg-info/SOURCES.txt'
[11.947s] writing manifest file '../../build/control/control.egg-info/SOURCES.txt'
[11.947s] running build
[11.948s] running build_py
[11.949s] copying control/head.py -> /home/r1/r1_ws/build/control/build/lib/control
[11.953s] copying control/right_hand_sub.py -> /home/r1/r1_ws/build/control/build/lib/control
[11.954s] copying control/left_hand_sub.py -> /home/r1/r1_ws/build/control/build/lib/control
[11.962s] running install
[11.962s] /usr/lib/python3/dist-packages/setuptools/command/install.py:34: SetuptoolsDeprecationWarning: setup.py install is deprecated. Use build and pip and other standards-based tools.
[11.963s]   warnings.warn(
[11.963s] running install_lib
[11.978s] copying /home/r1/r1_ws/build/control/build/lib/control/head.py -> /home/r1/r1_ws/install/control/lib/python3.10/site-packages/control
[11.978s] copying /home/r1/r1_ws/build/control/build/lib/control/right_hand_sub.py -> /home/r1/r1_ws/install/control/lib/python3.10/site-packages/control
[11.979s] copying /home/r1/r1_ws/build/control/build/lib/control/left_hand_sub.py -> /home/r1/r1_ws/install/control/lib/python3.10/site-packages/control
[11.979s] byte-compiling /home/r1/r1_ws/install/control/lib/python3.10/site-packages/control/head.py to head.cpython-310.pyc
[11.980s] byte-compiling /home/r1/r1_ws/install/control/lib/python3.10/site-packages/control/right_hand_sub.py to right_hand_sub.cpython-310.pyc
[11.980s] byte-compiling /home/r1/r1_ws/install/control/lib/python3.10/site-packages/control/left_hand_sub.py to left_hand_sub.cpython-310.pyc
[11.981s] running install_data
[11.988s] running install_egg_info
[11.997s] removing '/home/r1/r1_ws/install/control/lib/python3.10/site-packages/control-0.0.0-py3.10.egg-info' (and everything under it)
[12.002s] Copying ../../build/control/control.egg-info to /home/r1/r1_ws/install/control/lib/python3.10/site-packages/control-0.0.0-py3.10.egg-info
[12.007s] running install_scripts
[12.145s] Installing base_sub script to /home/r1/r1_ws/install/control/lib/control
[12.145s] Installing eyes_sub script to /home/r1/r1_ws/install/control/lib/control
[12.147s] Installing head_sub script to /home/r1/r1_ws/install/control/lib/control
[12.149s] Installing ir_left_pub script to /home/r1/r1_ws/install/control/lib/control
[12.151s] Installing ir_right_pub script to /home/r1/r1_ws/install/control/lib/control
[12.155s] Installing left_hand_sub script to /home/r1/r1_ws/install/control/lib/control
[12.157s] Installing right_hand_sub script to /home/r1/r1_ws/install/control/lib/control
[12.160s] Installing sensors_sub script to /home/r1/r1_ws/install/control/lib/control
[12.165s] Installing us_pub script to /home/r1/r1_ws/install/control/lib/control
[12.169s] writing list of installed files to '/home/r1/r1_ws/build/control/install.log'
[12.383s] Invoked command in '/home/r1/r1_ws/src/control' returned '0': PYTHONPATH=/home/r1/r1_ws/build/control/prefix_override:/home/r1/r1_ws/install/control/lib/python3.10/site-packages:${PYTHONPATH} /usr/bin/python3 setup.py egg_info --egg-base ../../build/control build --build-base /home/r1/r1_ws/build/control/build install --record /home/r1/r1_ws/build/control/install.log --single-version-externally-managed
