[3.582s] Invoking command in '/home/r1/r1_ws/build/control': PYTHONPATH=/home/r1/r1_ws/build/control/prefix_override:/home/r1/r1_ws/install/control/lib/python3.10/site-packages:${PYTHONPATH} /usr/bin/python3 setup.py develop --uninstall --editable --build-directory /home/r1/r1_ws/build/control/build
[5.111s] running develop
[5.123s] /usr/lib/python3/dist-packages/setuptools/command/easy_install.py:158: EasyInstallDeprecationWarning: easy_install command is deprecated. Use build and pip and other standards-based tools.
[5.124s]   warnings.warn(
[5.135s] /usr/lib/python3/dist-packages/setuptools/command/install.py:34: SetuptoolsDeprecationWarning: setup.py install is deprecated. Use build and pip and other standards-based tools.
[5.136s]   warnings.warn(
[5.507s] /usr/lib/python3/dist-packages/pkg_resources/__init__.py:116: PkgResourcesDeprecationWarning: 1.1build1 is an invalid version and will not be supported in a future release
[5.507s]   warnings.warn(
[5.508s] /usr/lib/python3/dist-packages/pkg_resources/__init__.py:116: PkgResourcesDeprecationWarning: 0.1.43ubuntu1 is an invalid version and will not be supported in a future release
[5.509s]   warnings.warn(
[6.362s] Invoked command in '/home/r1/r1_ws/build/control' returned '0': PYTHONPATH=/home/r1/r1_ws/build/control/prefix_override:/home/r1/r1_ws/install/control/lib/python3.10/site-packages:${PYTHONPATH} /usr/bin/python3 setup.py develop --uninstall --editable --build-directory /home/r1/r1_ws/build/control/build
[6.370s] Invoking command in '/home/r1/r1_ws/src/control': PYTHONPATH=/home/r1/r1_ws/build/control/prefix_override:/home/r1/r1_ws/install/control/lib/python3.10/site-packages:${PYTHONPATH} /usr/bin/python3 setup.py egg_info --egg-base ../../build/control build --build-base /home/r1/r1_ws/build/control/build install --record /home/r1/r1_ws/build/control/install.log --single-version-externally-managed
[7.762s] running egg_info
[7.765s] writing ../../build/control/control.egg-info/PKG-INFO
[7.766s] writing dependency_links to ../../build/control/control.egg-info/dependency_links.txt
[7.767s] writing entry points to ../../build/control/control.egg-info/entry_points.txt
[7.768s] writing requirements to ../../build/control/control.egg-info/requires.txt
[7.769s] writing top-level names to ../../build/control/control.egg-info/top_level.txt
[7.779s] reading manifest file '../../build/control/control.egg-info/SOURCES.txt'
[7.783s] writing manifest file '../../build/control/control.egg-info/SOURCES.txt'
[7.784s] running build
[7.784s] running build_py
[7.786s] copying control/head.py -> /home/r1/r1_ws/build/control/build/lib/control
[7.787s] copying control/right_hand_sub.py -> /home/r1/r1_ws/build/control/build/lib/control
[7.788s] copying control/left_hand_sub.py -> /home/r1/r1_ws/build/control/build/lib/control
[7.789s] copying control/base.py -> /home/r1/r1_ws/build/control/build/lib/control
[7.791s] running install
[7.792s] /usr/lib/python3/dist-packages/setuptools/command/install.py:34: SetuptoolsDeprecationWarning: setup.py install is deprecated. Use build and pip and other standards-based tools.
[7.792s]   warnings.warn(
[7.793s] running install_lib
[7.799s] copying /home/r1/r1_ws/build/control/build/lib/control/head.py -> /home/r1/r1_ws/install/control/lib/python3.10/site-packages/control
[7.800s] copying /home/r1/r1_ws/build/control/build/lib/control/right_hand_sub.py -> /home/r1/r1_ws/install/control/lib/python3.10/site-packages/control
[7.801s] copying /home/r1/r1_ws/build/control/build/lib/control/left_hand_sub.py -> /home/r1/r1_ws/install/control/lib/python3.10/site-packages/control
[7.802s] copying /home/r1/r1_ws/build/control/build/lib/control/base.py -> /home/r1/r1_ws/install/control/lib/python3.10/site-packages/control
[7.806s] byte-compiling /home/r1/r1_ws/install/control/lib/python3.10/site-packages/control/head.py to head.cpython-310.pyc
[7.809s] byte-compiling /home/r1/r1_ws/install/control/lib/python3.10/site-packages/control/right_hand_sub.py to right_hand_sub.cpython-310.pyc
[7.812s] byte-compiling /home/r1/r1_ws/install/control/lib/python3.10/site-packages/control/left_hand_sub.py to left_hand_sub.cpython-310.pyc
[7.814s] byte-compiling /home/r1/r1_ws/install/control/lib/python3.10/site-packages/control/base.py to base.cpython-310.pyc
[7.819s] running install_data
[7.821s] running install_egg_info
[7.828s] removing '/home/r1/r1_ws/install/control/lib/python3.10/site-packages/control-1.0.0-py3.10.egg-info' (and everything under it)
[7.829s] Copying ../../build/control/control.egg-info to /home/r1/r1_ws/install/control/lib/python3.10/site-packages/control-1.0.0-py3.10.egg-info
[7.836s] running install_scripts
[7.921s] Installing arms_sub script to /home/r1/r1_ws/install/control/lib/control
[7.922s] Installing base_sub script to /home/r1/r1_ws/install/control/lib/control
[7.922s] Installing eyes_sub script to /home/r1/r1_ws/install/control/lib/control
[7.923s] Installing head_sub script to /home/r1/r1_ws/install/control/lib/control
[7.924s] Installing ir_left_pub script to /home/r1/r1_ws/install/control/lib/control
[7.925s] Installing ir_right_pub script to /home/r1/r1_ws/install/control/lib/control
[7.926s] Installing left_hand_sub script to /home/r1/r1_ws/install/control/lib/control
[7.927s] Installing right_hand_sub script to /home/r1/r1_ws/install/control/lib/control
[7.928s] Installing sensors_sub script to /home/r1/r1_ws/install/control/lib/control
[7.928s] Installing us_pub script to /home/r1/r1_ws/install/control/lib/control
[7.931s] writing list of installed files to '/home/r1/r1_ws/build/control/install.log'
[8.053s] Invoked command in '/home/r1/r1_ws/src/control' returned '0': PYTHONPATH=/home/r1/r1_ws/build/control/prefix_override:/home/r1/r1_ws/install/control/lib/python3.10/site-packages:${PYTHONPATH} /usr/bin/python3 setup.py egg_info --egg-base ../../build/control build --build-base /home/r1/r1_ws/build/control/build install --record /home/r1/r1_ws/build/control/install.log --single-version-externally-managed
