[6.409s] Invoking command in '/home/r1/r1_ws/src/voice': PYTHONPATH=/home/r1/r1_ws/build/voice/prefix_override:/home/r1/r1_ws/install/voice/lib/python3.10/site-packages:${PYTHONPATH} /usr/bin/python3 setup.py egg_info --egg-base ../../build/voice build --build-base /home/r1/r1_ws/build/voice/build install --record /home/r1/r1_ws/build/voice/install.log --single-version-externally-managed
[7.883s] running egg_info
[7.886s] writing ../../build/voice/voice.egg-info/PKG-INFO
[7.888s] writing dependency_links to ../../build/voice/voice.egg-info/dependency_links.txt
[7.895s] writing entry points to ../../build/voice/voice.egg-info/entry_points.txt
[7.895s] writing requirements to ../../build/voice/voice.egg-info/requires.txt
[7.896s] writing top-level names to ../../build/voice/voice.egg-info/top_level.txt
[7.901s] reading manifest file '../../build/voice/voice.egg-info/SOURCES.txt'
[7.907s] writing manifest file '../../build/voice/voice.egg-info/SOURCES.txt'
[7.907s] running build
[7.908s] running build_py
[7.914s] running install
[7.916s] /usr/lib/python3/dist-packages/setuptools/command/install.py:34: SetuptoolsDeprecationWarning: setup.py install is deprecated. Use build and pip and other standards-based tools.
[7.917s]   warnings.warn(
[7.918s] running install_lib
[7.927s] running install_data
[7.929s] running install_egg_info
[7.942s] removing '/home/r1/r1_ws/install/voice/lib/python3.10/site-packages/voice-0.0.0-py3.10.egg-info' (and everything under it)
[7.945s] Copying ../../build/voice/voice.egg-info to /home/r1/r1_ws/install/voice/lib/python3.10/site-packages/voice-0.0.0-py3.10.egg-info
[7.949s] running install_scripts
[8.138s] Installing voice_sub script to /home/r1/r1_ws/install/voice/lib/voice
[8.173s] writing list of installed files to '/home/r1/r1_ws/build/voice/install.log'
[8.455s] Invoked command in '/home/r1/r1_ws/src/voice' returned '0': PYTHONPATH=/home/r1/r1_ws/build/voice/prefix_override:/home/r1/r1_ws/install/voice/lib/python3.10/site-packages:${PYTHONPATH} /usr/bin/python3 setup.py egg_info --egg-base ../../build/voice build --build-base /home/r1/r1_ws/build/voice/build install --record /home/r1/r1_ws/build/voice/install.log --single-version-externally-managed
