[7.622s] Invoking command in '/home/r1/r1_ws/src/camera': PYTHONPATH=/home/r1/r1_ws/build/camera/prefix_override:/home/r1/r1_ws/install/camera/lib/python3.10/site-packages:${PYTHONPATH} /usr/bin/python3 setup.py egg_info --egg-base ../../build/camera build --build-base /home/r1/r1_ws/build/camera/build install --record /home/r1/r1_ws/build/camera/install.log --single-version-externally-managed
[9.906s] running egg_info
[9.910s] writing ../../build/camera/camera.egg-info/PKG-INFO
[9.916s] writing dependency_links to ../../build/camera/camera.egg-info/dependency_links.txt
[9.917s] writing entry points to ../../build/camera/camera.egg-info/entry_points.txt
[9.918s] writing requirements to ../../build/camera/camera.egg-info/requires.txt
[9.919s] writing top-level names to ../../build/camera/camera.egg-info/top_level.txt
[9.925s] reading manifest file '../../build/camera/camera.egg-info/SOURCES.txt'
[9.931s] writing manifest file '../../build/camera/camera.egg-info/SOURCES.txt'
[9.932s] running build
[9.932s] running build_py
[9.935s] running install
[9.936s] /usr/lib/python3/dist-packages/setuptools/command/install.py:34: SetuptoolsDeprecationWarning: setup.py install is deprecated. Use build and pip and other standards-based tools.
[9.936s]   warnings.warn(
[9.937s] running install_lib
[9.945s] running install_data
[9.950s] running install_egg_info
[9.956s] removing '/home/r1/r1_ws/install/camera/lib/python3.10/site-packages/camera-0.0.0-py3.10.egg-info' (and everything under it)
[9.961s] Copying ../../build/camera/camera.egg-info to /home/r1/r1_ws/install/camera/lib/python3.10/site-packages/camera-0.0.0-py3.10.egg-info
[9.966s] running install_scripts
[10.081s] Installing frames_sub script to /home/r1/r1_ws/install/camera/lib/camera
[10.084s] Installing img_pub script to /home/r1/r1_ws/install/camera/lib/camera
[10.086s] writing list of installed files to '/home/r1/r1_ws/build/camera/install.log'
[10.346s] Invoked command in '/home/r1/r1_ws/src/camera' returned '0': PYTHONPATH=/home/r1/r1_ws/build/camera/prefix_override:/home/r1/r1_ws/install/camera/lib/python3.10/site-packages:${PYTHONPATH} /usr/bin/python3 setup.py egg_info --egg-base ../../build/camera build --build-base /home/r1/r1_ws/build/camera/build install --record /home/r1/r1_ws/build/camera/install.log --single-version-externally-managed
