[0.170s] Invoking command in '/home/r1/r1_ws/build/lex_common_msgs': CMAKE_PREFIX_PATH=${CMAKE_PREFIX_PATH}:/home/r1/r1_ws/install/voice:/home/r1/r1_ws/install/cv_basics:/home/r1/r1_ws/install/camera:/home/r1/r1_ws/install/control:/opt/ros/humble /usr/bin/cmake /home/r1/r1_ws/src/lex-ros2/lex_common_msgs -DCMAKE_INSTALL_PREFIX=/home/r1/r1_ws/install/lex_common_msgs
[3.176s] -- The C compiler identification is GNU 11.3.0
[5.498s] -- The CXX compiler identification is GNU 11.3.0
[5.567s] -- Detecting C compiler ABI info
[6.044s] -- Detecting C compiler ABI info - done
[6.077s] -- Check for working C compiler: /usr/bin/cc - skipped
[6.084s] -- Detecting C compile features
[6.087s] -- Detecting C compile features - done
[6.111s] -- Detecting CXX compiler ABI info
[6.597s] -- Detecting CXX compiler ABI info - done
[6.640s] -- Check for working CXX compiler: /usr/bin/c++ - skipped
[6.642s] -- Detecting CXX compile features
[6.645s] -- Detecting CXX compile features - done
[6.736s] -- Found ament_cmake: 1.3.4 (/opt/ros/humble/share/ament_cmake/cmake)
[7.903s] -- Found Python3: /usr/bin/python3.10 (found version "3.10.6") found components: Interpreter 
[8.668s] -- Found builtin_interfaces: 1.2.1 (/opt/ros/humble/share/builtin_interfaces/cmake)
[9.085s] -- Found rosidl_generator_c: 3.1.4 (/opt/ros/humble/share/rosidl_generator_c/cmake)
[9.157s] -- Found rosidl_adapter: 3.1.4 (/opt/ros/humble/share/rosidl_adapter/cmake)
[9.262s] -- Found rosidl_generator_cpp: 3.1.4 (/opt/ros/humble/share/rosidl_generator_cpp/cmake)
[9.384s] -- Using all available rosidl_typesupport_c: rosidl_typesupport_fastrtps_c;rosidl_typesupport_introspection_c
[9.566s] -- Using all available rosidl_typesupport_cpp: rosidl_typesupport_fastrtps_cpp;rosidl_typesupport_introspection_cpp
[9.726s] -- Found rosidl_default_generators: 1.2.0 (/opt/ros/humble/share/rosidl_default_generators/cmake)
[11.115s] -- Found ament_cmake_ros: 0.10.0 (/opt/ros/humble/share/ament_cmake_ros/cmake)
[12.775s] -- Using all available rosidl_typesupport_c: rosidl_typesupport_fastrtps_c;rosidl_typesupport_introspection_c
[13.396s] -- Using all available rosidl_typesupport_cpp: rosidl_typesupport_fastrtps_cpp;rosidl_typesupport_introspection_cpp
[13.531s] -- Found PythonInterp: /usr/bin/python3 (found suitable version "3.10.6", minimum required is "3.6") 
[13.561s] -- Found python_cmake_module: 0.10.0 (/opt/ros/humble/share/python_cmake_module/cmake)
[13.708s] -- Found PythonLibs: /usr/lib/aarch64-linux-gnu/libpython3.10.so (found suitable version "3.10.6", minimum required is "3.5") 
[13.710s] -- Using PYTHON_EXECUTABLE: /usr/bin/python3
[13.710s] -- Using PYTHON_INCLUDE_DIRS: /usr/include/python3.10
[13.710s] -- Using PYTHON_LIBRARIES: /usr/lib/aarch64-linux-gnu/libpython3.10.so
[13.827s] -- Found PythonExtra: .so  
[14.037s] -- Found ament_lint_auto: 0.12.6 (/opt/ros/humble/share/ament_lint_auto/cmake)
[14.362s] -- Added test 'copyright' to check source files copyright and LICENSE
[14.383s] -- Added test 'lint_cmake' to check CMake code style
[14.395s] -- Added test 'xmllint' to check XML markup files
[14.417s] -- Configuring done
[14.587s] -- Generating done
[14.601s] -- Build files have been written to: /home/r1/r1_ws/build/lex_common_msgs
