[6.849s] Invoking command in '/home/r1/r1_ws/build/camera': PYTHONPATH=/home/r1/r1_ws/build/camera/prefix_override:/home/r1/r1_ws/install/camera/lib/python3.10/site-packages:${PYTHONPATH} /usr/bin/python3 setup.py develop --uninstall --editable --build-directory /home/r1/r1_ws/build/camera/build
[8.865s] running develop
[8.867s] /usr/lib/python3/dist-packages/setuptools/command/easy_install.py:158: EasyInstallDeprecationWarning: easy_install command is deprecated. Use build and pip and other standards-based tools.
[8.868s]   warnings.warn(
[8.874s] /usr/lib/python3/dist-packages/setuptools/command/install.py:34: SetuptoolsDeprecationWarning: setup.py install is deprecated. Use build and pip and other standards-based tools.
[8.876s]   warnings.warn(
[9.279s] /usr/lib/python3/dist-packages/pkg_resources/__init__.py:116: PkgResourcesDeprecationWarning: 1.1build1 is an invalid version and will not be supported in a future release
[9.281s]   warnings.warn(
[9.282s] /usr/lib/python3/dist-packages/pkg_resources/__init__.py:116: PkgResourcesDeprecationWarning: 0.1.43ubuntu1 is an invalid version and will not be supported in a future release
[9.284s]   warnings.warn(
[10.263s] Invoked command in '/home/r1/r1_ws/build/camera' returned '0': PYTHONPATH=/home/r1/r1_ws/build/camera/prefix_override:/home/r1/r1_ws/install/camera/lib/python3.10/site-packages:${PYTHONPATH} /usr/bin/python3 setup.py develop --uninstall --editable --build-directory /home/r1/r1_ws/build/camera/build
[10.265s] Invoking command in '/home/r1/r1_ws/src/camera': PYTHONPATH=/home/r1/r1_ws/build/camera/prefix_override:/home/r1/r1_ws/install/camera/lib/python3.10/site-packages:${PYTHONPATH} /usr/bin/python3 setup.py egg_info --egg-base ../../build/camera build --build-base /home/r1/r1_ws/build/camera/build install --record /home/r1/r1_ws/build/camera/install.log --single-version-externally-managed
[12.095s] running egg_info
[12.099s] writing ../../build/camera/camera.egg-info/PKG-INFO
[12.103s] writing dependency_links to ../../build/camera/camera.egg-info/dependency_links.txt
[12.107s] writing entry points to ../../build/camera/camera.egg-info/entry_points.txt
[12.107s] writing requirements to ../../build/camera/camera.egg-info/requires.txt
[12.108s] writing top-level names to ../../build/camera/camera.egg-info/top_level.txt
[12.117s] reading manifest file '../../build/camera/camera.egg-info/SOURCES.txt'
[12.122s] writing manifest file '../../build/camera/camera.egg-info/SOURCES.txt'
[12.124s] running build
[12.124s] running build_py
[12.127s] running install
[12.129s] /usr/lib/python3/dist-packages/setuptools/command/install.py:34: SetuptoolsDeprecationWarning: setup.py install is deprecated. Use build and pip and other standards-based tools.
[12.131s]   warnings.warn(
[12.131s] running install_lib
[12.139s] running install_data
[12.143s] running install_egg_info
[12.151s] removing '/home/r1/r1_ws/install/camera/lib/python3.10/site-packages/camera-0.0.0-py3.10.egg-info' (and everything under it)
[12.157s] Copying ../../build/camera/camera.egg-info to /home/r1/r1_ws/install/camera/lib/python3.10/site-packages/camera-0.0.0-py3.10.egg-info
[12.162s] running install_scripts
[12.267s] Installing frames_sub script to /home/r1/r1_ws/install/camera/lib/camera
[12.269s] Installing img_pub script to /home/r1/r1_ws/install/camera/lib/camera
[12.272s] writing list of installed files to '/home/r1/r1_ws/build/camera/install.log'
[12.688s] Invoked command in '/home/r1/r1_ws/src/camera' returned '0': PYTHONPATH=/home/r1/r1_ws/build/camera/prefix_override:/home/r1/r1_ws/install/camera/lib/python3.10/site-packages:${PYTHONPATH} /usr/bin/python3 setup.py egg_info --egg-base ../../build/camera build --build-base /home/r1/r1_ws/build/camera/build install --record /home/r1/r1_ws/build/camera/install.log --single-version-externally-managed
