[1.523s] DEBUG:colcon:Command line arguments: ['/usr/bin/colcon', 'build']
[1.523s] DEBUG:colcon:Parsed command line arguments: Namespace(log_base=None, log_level=None, verb_name='build', build_base='build', install_base='install', merge_install=False, symlink_install=False, test_result_base=None, continue_on_error=False, executor='parallel', parallel_workers=4, event_handlers=None, ignore_user_meta=False, metas=['./colcon.meta'], base_paths=['.'], packages_ignore=None, packages_ignore_regex=None, paths=None, packages_up_to=None, packages_up_to_regex=None, packages_above=None, packages_above_and_dependencies=None, packages_above_depth=None, packages_select_by_dep=None, packages_skip_by_dep=None, packages_skip_up_to=None, packages_select_build_failed=False, packages_skip_build_finished=False, packages_select_test_failures=False, packages_skip_test_passed=False, packages_select=None, packages_skip=None, packages_select_regex=None, packages_skip_regex=None, packages_start=None, packages_end=None, allow_overriding=[], cmake_args=None, cmake_target=None, cmake_target_skip_unavailable=False, cmake_clean_cache=False, cmake_clean_first=False, cmake_force_configure=False, ament_cmake_args=None, catkin_cmake_args=None, catkin_skip_building_tests=False, verb_parser=<colcon_defaults.argument_parser.defaults.DefaultArgumentsDecorator object at 0xffffb10f1750>, verb_extension=<colcon_core.verb.build.BuildVerb object at 0xffffb18e1030>, main=<bound method BuildVerb.main of <colcon_core.verb.build.BuildVerb object at 0xffffb18e1030>>)
[1.661s] Level 1:colcon.colcon_core.package_discovery:discover_packages(colcon_meta) check parameters
[1.661s] Level 1:colcon.colcon_core.package_discovery:discover_packages(recursive) check parameters
[1.662s] Level 1:colcon.colcon_core.package_discovery:discover_packages(ignore) check parameters
[1.662s] Level 1:colcon.colcon_core.package_discovery:discover_packages(path) check parameters
[1.662s] Level 1:colcon.colcon_core.package_discovery:discover_packages(colcon_meta) discover
[1.662s] Level 1:colcon.colcon_core.package_discovery:discover_packages(recursive) discover
[1.662s] INFO:colcon.colcon_core.package_discovery:Crawling recursively for packages in '/home/r1/r1_ws'
[1.663s] Level 1:colcon.colcon_core.package_identification:_identify(.) by extensions ['ignore', 'ignore_ament_install']
[1.663s] Level 1:colcon.colcon_core.package_identification:_identify(.) by extension 'ignore'
[1.663s] Level 1:colcon.colcon_core.package_identification:_identify(.) by extension 'ignore_ament_install'
[1.664s] Level 1:colcon.colcon_core.package_identification:_identify(.) by extensions ['colcon_pkg']
[1.664s] Level 1:colcon.colcon_core.package_identification:_identify(.) by extension 'colcon_pkg'
[1.664s] Level 1:colcon.colcon_core.package_identification:_identify(.) by extensions ['colcon_meta']
[1.664s] Level 1:colcon.colcon_core.package_identification:_identify(.) by extension 'colcon_meta'
[1.664s] Level 1:colcon.colcon_core.package_identification:_identify(.) by extensions ['ros']
[1.664s] Level 1:colcon.colcon_core.package_identification:_identify(.) by extension 'ros'
[1.711s] Level 1:colcon.colcon_core.package_identification:_identify(.) by extensions ['cmake', 'python']
[1.712s] Level 1:colcon.colcon_core.package_identification:_identify(.) by extension 'cmake'
[1.712s] Level 1:colcon.colcon_core.package_identification:_identify(.) by extension 'python'
[1.712s] Level 1:colcon.colcon_core.package_identification:_identify(.) by extensions ['python_setup_py']
[1.712s] Level 1:colcon.colcon_core.package_identification:_identify(.) by extension 'python_setup_py'
[1.713s] Level 1:colcon.colcon_core.package_identification:_identify(build) by extensions ['ignore', 'ignore_ament_install']
[1.713s] Level 1:colcon.colcon_core.package_identification:_identify(build) by extension 'ignore'
[1.714s] Level 1:colcon.colcon_core.package_identification:_identify(build) ignored
[1.714s] Level 1:colcon.colcon_core.package_identification:_identify(install) by extensions ['ignore', 'ignore_ament_install']
[1.715s] Level 1:colcon.colcon_core.package_identification:_identify(install) by extension 'ignore'
[1.715s] Level 1:colcon.colcon_core.package_identification:_identify(install) ignored
[1.717s] Level 1:colcon.colcon_core.package_identification:_identify(log) by extensions ['ignore', 'ignore_ament_install']
[1.718s] Level 1:colcon.colcon_core.package_identification:_identify(log) by extension 'ignore'
[1.718s] Level 1:colcon.colcon_core.package_identification:_identify(log) ignored
[1.718s] Level 1:colcon.colcon_core.package_identification:_identify(src) by extensions ['ignore', 'ignore_ament_install']
[1.719s] Level 1:colcon.colcon_core.package_identification:_identify(src) by extension 'ignore'
[1.719s] Level 1:colcon.colcon_core.package_identification:_identify(src) by extension 'ignore_ament_install'
[1.719s] Level 1:colcon.colcon_core.package_identification:_identify(src) by extensions ['colcon_pkg']
[1.719s] Level 1:colcon.colcon_core.package_identification:_identify(src) by extension 'colcon_pkg'
[1.719s] Level 1:colcon.colcon_core.package_identification:_identify(src) by extensions ['colcon_meta']
[1.719s] Level 1:colcon.colcon_core.package_identification:_identify(src) by extension 'colcon_meta'
[1.720s] Level 1:colcon.colcon_core.package_identification:_identify(src) by extensions ['ros']
[1.720s] Level 1:colcon.colcon_core.package_identification:_identify(src) by extension 'ros'
[1.720s] Level 1:colcon.colcon_core.package_identification:_identify(src) by extensions ['cmake', 'python']
[1.720s] Level 1:colcon.colcon_core.package_identification:_identify(src) by extension 'cmake'
[1.720s] Level 1:colcon.colcon_core.package_identification:_identify(src) by extension 'python'
[1.721s] Level 1:colcon.colcon_core.package_identification:_identify(src) by extensions ['python_setup_py']
[1.721s] Level 1:colcon.colcon_core.package_identification:_identify(src) by extension 'python_setup_py'
[1.721s] Level 1:colcon.colcon_core.package_identification:_identify(src/build) by extensions ['ignore', 'ignore_ament_install']
[1.722s] Level 1:colcon.colcon_core.package_identification:_identify(src/build) by extension 'ignore'
[1.722s] Level 1:colcon.colcon_core.package_identification:_identify(src/build) ignored
[1.722s] Level 1:colcon.colcon_core.package_identification:_identify(src/camera) by extensions ['ignore', 'ignore_ament_install']
[1.722s] Level 1:colcon.colcon_core.package_identification:_identify(src/camera) by extension 'ignore'
[1.723s] Level 1:colcon.colcon_core.package_identification:_identify(src/camera) by extension 'ignore_ament_install'
[1.723s] Level 1:colcon.colcon_core.package_identification:_identify(src/camera) by extensions ['colcon_pkg']
[1.723s] Level 1:colcon.colcon_core.package_identification:_identify(src/camera) by extension 'colcon_pkg'
[1.723s] Level 1:colcon.colcon_core.package_identification:_identify(src/camera) by extensions ['colcon_meta']
[1.723s] Level 1:colcon.colcon_core.package_identification:_identify(src/camera) by extension 'colcon_meta'
[1.724s] Level 1:colcon.colcon_core.package_identification:_identify(src/camera) by extensions ['ros']
[1.724s] Level 1:colcon.colcon_core.package_identification:_identify(src/camera) by extension 'ros'
[1.733s] DEBUG:colcon.colcon_core.package_identification:Package 'src/camera' with type 'ros.ament_python' and name 'camera'
[1.734s] Level 1:colcon.colcon_core.package_identification:_identify(src/control) by extensions ['ignore', 'ignore_ament_install']
[1.735s] Level 1:colcon.colcon_core.package_identification:_identify(src/control) by extension 'ignore'
[1.735s] Level 1:colcon.colcon_core.package_identification:_identify(src/control) by extension 'ignore_ament_install'
[1.735s] Level 1:colcon.colcon_core.package_identification:_identify(src/control) by extensions ['colcon_pkg']
[1.735s] Level 1:colcon.colcon_core.package_identification:_identify(src/control) by extension 'colcon_pkg'
[1.735s] Level 1:colcon.colcon_core.package_identification:_identify(src/control) by extensions ['colcon_meta']
[1.736s] Level 1:colcon.colcon_core.package_identification:_identify(src/control) by extension 'colcon_meta'
[1.736s] Level 1:colcon.colcon_core.package_identification:_identify(src/control) by extensions ['ros']
[1.736s] Level 1:colcon.colcon_core.package_identification:_identify(src/control) by extension 'ros'
[1.738s] DEBUG:colcon.colcon_core.package_identification:Package 'src/control' with type 'ros.ament_python' and name 'control'
[1.739s] Level 1:colcon.colcon_core.package_identification:_identify(src/install) by extensions ['ignore', 'ignore_ament_install']
[1.739s] Level 1:colcon.colcon_core.package_identification:_identify(src/install) by extension 'ignore'
[1.739s] Level 1:colcon.colcon_core.package_identification:_identify(src/install) ignored
[1.740s] Level 1:colcon.colcon_core.package_identification:_identify(src/launch) by extensions ['ignore', 'ignore_ament_install']
[1.740s] Level 1:colcon.colcon_core.package_identification:_identify(src/launch) by extension 'ignore'
[1.740s] Level 1:colcon.colcon_core.package_identification:_identify(src/launch) by extension 'ignore_ament_install'
[1.740s] Level 1:colcon.colcon_core.package_identification:_identify(src/launch) by extensions ['colcon_pkg']
[1.741s] Level 1:colcon.colcon_core.package_identification:_identify(src/launch) by extension 'colcon_pkg'
[1.741s] Level 1:colcon.colcon_core.package_identification:_identify(src/launch) by extensions ['colcon_meta']
[1.741s] Level 1:colcon.colcon_core.package_identification:_identify(src/launch) by extension 'colcon_meta'
[1.741s] Level 1:colcon.colcon_core.package_identification:_identify(src/launch) by extensions ['ros']
[1.741s] Level 1:colcon.colcon_core.package_identification:_identify(src/launch) by extension 'ros'
[1.742s] Level 1:colcon.colcon_core.package_identification:_identify(src/launch) by extensions ['cmake', 'python']
[1.742s] Level 1:colcon.colcon_core.package_identification:_identify(src/launch) by extension 'cmake'
[1.742s] Level 1:colcon.colcon_core.package_identification:_identify(src/launch) by extension 'python'
[1.742s] Level 1:colcon.colcon_core.package_identification:_identify(src/launch) by extensions ['python_setup_py']
[1.742s] Level 1:colcon.colcon_core.package_identification:_identify(src/launch) by extension 'python_setup_py'
[1.743s] Level 1:colcon.colcon_core.package_identification:_identify(src/launch/__pycache__) by extensions ['ignore', 'ignore_ament_install']
[1.743s] Level 1:colcon.colcon_core.package_identification:_identify(src/launch/__pycache__) by extension 'ignore'
[1.743s] Level 1:colcon.colcon_core.package_identification:_identify(src/launch/__pycache__) by extension 'ignore_ament_install'
[1.744s] Level 1:colcon.colcon_core.package_identification:_identify(src/launch/__pycache__) by extensions ['colcon_pkg']
[1.744s] Level 1:colcon.colcon_core.package_identification:_identify(src/launch/__pycache__) by extension 'colcon_pkg'
[1.744s] Level 1:colcon.colcon_core.package_identification:_identify(src/launch/__pycache__) by extensions ['colcon_meta']
[1.744s] Level 1:colcon.colcon_core.package_identification:_identify(src/launch/__pycache__) by extension 'colcon_meta'
[1.744s] Level 1:colcon.colcon_core.package_identification:_identify(src/launch/__pycache__) by extensions ['ros']
[1.744s] Level 1:colcon.colcon_core.package_identification:_identify(src/launch/__pycache__) by extension 'ros'
[1.745s] Level 1:colcon.colcon_core.package_identification:_identify(src/launch/__pycache__) by extensions ['cmake', 'python']
[1.745s] Level 1:colcon.colcon_core.package_identification:_identify(src/launch/__pycache__) by extension 'cmake'
[1.745s] Level 1:colcon.colcon_core.package_identification:_identify(src/launch/__pycache__) by extension 'python'
[1.745s] Level 1:colcon.colcon_core.package_identification:_identify(src/launch/__pycache__) by extensions ['python_setup_py']
[1.745s] Level 1:colcon.colcon_core.package_identification:_identify(src/launch/__pycache__) by extension 'python_setup_py'
[1.746s] Level 1:colcon.colcon_core.package_identification:_identify(src/log) by extensions ['ignore', 'ignore_ament_install']
[1.746s] Level 1:colcon.colcon_core.package_identification:_identify(src/log) by extension 'ignore'
[1.746s] Level 1:colcon.colcon_core.package_identification:_identify(src/log) ignored
[1.747s] Level 1:colcon.colcon_core.package_identification:_identify(src/voice) by extensions ['ignore', 'ignore_ament_install']
[1.747s] Level 1:colcon.colcon_core.package_identification:_identify(src/voice) by extension 'ignore'
[1.747s] Level 1:colcon.colcon_core.package_identification:_identify(src/voice) by extension 'ignore_ament_install'
[1.748s] Level 1:colcon.colcon_core.package_identification:_identify(src/voice) by extensions ['colcon_pkg']
[1.748s] Level 1:colcon.colcon_core.package_identification:_identify(src/voice) by extension 'colcon_pkg'
[1.748s] Level 1:colcon.colcon_core.package_identification:_identify(src/voice) by extensions ['colcon_meta']
[1.748s] Level 1:colcon.colcon_core.package_identification:_identify(src/voice) by extension 'colcon_meta'
[1.748s] Level 1:colcon.colcon_core.package_identification:_identify(src/voice) by extensions ['ros']
[1.748s] Level 1:colcon.colcon_core.package_identification:_identify(src/voice) by extension 'ros'
[1.750s] DEBUG:colcon.colcon_core.package_identification:Package 'src/voice' with type 'ros.ament_python' and name 'voice'
[1.751s] Level 1:colcon.colcon_core.package_identification:_identify(video_streaming) by extensions ['ignore', 'ignore_ament_install']
[1.751s] Level 1:colcon.colcon_core.package_identification:_identify(video_streaming) by extension 'ignore'
[1.751s] Level 1:colcon.colcon_core.package_identification:_identify(video_streaming) by extension 'ignore_ament_install'
[1.752s] Level 1:colcon.colcon_core.package_identification:_identify(video_streaming) by extensions ['colcon_pkg']
[1.752s] Level 1:colcon.colcon_core.package_identification:_identify(video_streaming) by extension 'colcon_pkg'
[1.752s] Level 1:colcon.colcon_core.package_identification:_identify(video_streaming) by extensions ['colcon_meta']
[1.752s] Level 1:colcon.colcon_core.package_identification:_identify(video_streaming) by extension 'colcon_meta'
[1.752s] Level 1:colcon.colcon_core.package_identification:_identify(video_streaming) by extensions ['ros']
[1.752s] Level 1:colcon.colcon_core.package_identification:_identify(video_streaming) by extension 'ros'
[1.753s] Level 1:colcon.colcon_core.package_identification:_identify(video_streaming) by extensions ['cmake', 'python']
[1.753s] Level 1:colcon.colcon_core.package_identification:_identify(video_streaming) by extension 'cmake'
[1.753s] Level 1:colcon.colcon_core.package_identification:_identify(video_streaming) by extension 'python'
[1.753s] Level 1:colcon.colcon_core.package_identification:_identify(video_streaming) by extensions ['python_setup_py']
[1.753s] Level 1:colcon.colcon_core.package_identification:_identify(video_streaming) by extension 'python_setup_py'
[1.754s] Level 1:colcon.colcon_core.package_identification:_identify(video_streaming/pyimagesearch) by extensions ['ignore', 'ignore_ament_install']
[1.754s] Level 1:colcon.colcon_core.package_identification:_identify(video_streaming/pyimagesearch) by extension 'ignore'
[1.754s] Level 1:colcon.colcon_core.package_identification:_identify(video_streaming/pyimagesearch) by extension 'ignore_ament_install'
[1.755s] Level 1:colcon.colcon_core.package_identification:_identify(video_streaming/pyimagesearch) by extensions ['colcon_pkg']
[1.755s] Level 1:colcon.colcon_core.package_identification:_identify(video_streaming/pyimagesearch) by extension 'colcon_pkg'
[1.755s] Level 1:colcon.colcon_core.package_identification:_identify(video_streaming/pyimagesearch) by extensions ['colcon_meta']
[1.755s] Level 1:colcon.colcon_core.package_identification:_identify(video_streaming/pyimagesearch) by extension 'colcon_meta'
[1.755s] Level 1:colcon.colcon_core.package_identification:_identify(video_streaming/pyimagesearch) by extensions ['ros']
[1.756s] Level 1:colcon.colcon_core.package_identification:_identify(video_streaming/pyimagesearch) by extension 'ros'
[1.756s] Level 1:colcon.colcon_core.package_identification:_identify(video_streaming/pyimagesearch) by extensions ['cmake', 'python']
[1.756s] Level 1:colcon.colcon_core.package_identification:_identify(video_streaming/pyimagesearch) by extension 'cmake'
[1.756s] Level 1:colcon.colcon_core.package_identification:_identify(video_streaming/pyimagesearch) by extension 'python'
[1.756s] Level 1:colcon.colcon_core.package_identification:_identify(video_streaming/pyimagesearch) by extensions ['python_setup_py']
[1.757s] Level 1:colcon.colcon_core.package_identification:_identify(video_streaming/pyimagesearch) by extension 'python_setup_py'
[1.757s] Level 1:colcon.colcon_core.package_identification:_identify(video_streaming/pyimagesearch/motion_detection) by extensions ['ignore', 'ignore_ament_install']
[1.757s] Level 1:colcon.colcon_core.package_identification:_identify(video_streaming/pyimagesearch/motion_detection) by extension 'ignore'
[1.758s] Level 1:colcon.colcon_core.package_identification:_identify(video_streaming/pyimagesearch/motion_detection) by extension 'ignore_ament_install'
[1.758s] Level 1:colcon.colcon_core.package_identification:_identify(video_streaming/pyimagesearch/motion_detection) by extensions ['colcon_pkg']
[1.758s] Level 1:colcon.colcon_core.package_identification:_identify(video_streaming/pyimagesearch/motion_detection) by extension 'colcon_pkg'
[1.758s] Level 1:colcon.colcon_core.package_identification:_identify(video_streaming/pyimagesearch/motion_detection) by extensions ['colcon_meta']
[1.758s] Level 1:colcon.colcon_core.package_identification:_identify(video_streaming/pyimagesearch/motion_detection) by extension 'colcon_meta'
[1.759s] Level 1:colcon.colcon_core.package_identification:_identify(video_streaming/pyimagesearch/motion_detection) by extensions ['ros']
[1.759s] Level 1:colcon.colcon_core.package_identification:_identify(video_streaming/pyimagesearch/motion_detection) by extension 'ros'
[1.759s] Level 1:colcon.colcon_core.package_identification:_identify(video_streaming/pyimagesearch/motion_detection) by extensions ['cmake', 'python']
[1.759s] Level 1:colcon.colcon_core.package_identification:_identify(video_streaming/pyimagesearch/motion_detection) by extension 'cmake'
[1.759s] Level 1:colcon.colcon_core.package_identification:_identify(video_streaming/pyimagesearch/motion_detection) by extension 'python'
[1.760s] Level 1:colcon.colcon_core.package_identification:_identify(video_streaming/pyimagesearch/motion_detection) by extensions ['python_setup_py']
[1.760s] Level 1:colcon.colcon_core.package_identification:_identify(video_streaming/pyimagesearch/motion_detection) by extension 'python_setup_py'
[1.760s] Level 1:colcon.colcon_core.package_identification:_identify(video_streaming/templates) by extensions ['ignore', 'ignore_ament_install']
[1.760s] Level 1:colcon.colcon_core.package_identification:_identify(video_streaming/templates) by extension 'ignore'
[1.761s] Level 1:colcon.colcon_core.package_identification:_identify(video_streaming/templates) by extension 'ignore_ament_install'
[1.761s] Level 1:colcon.colcon_core.package_identification:_identify(video_streaming/templates) by extensions ['colcon_pkg']
[1.761s] Level 1:colcon.colcon_core.package_identification:_identify(video_streaming/templates) by extension 'colcon_pkg'
[1.761s] Level 1:colcon.colcon_core.package_identification:_identify(video_streaming/templates) by extensions ['colcon_meta']
[1.761s] Level 1:colcon.colcon_core.package_identification:_identify(video_streaming/templates) by extension 'colcon_meta'
[1.762s] Level 1:colcon.colcon_core.package_identification:_identify(video_streaming/templates) by extensions ['ros']
[1.762s] Level 1:colcon.colcon_core.package_identification:_identify(video_streaming/templates) by extension 'ros'
[1.762s] Level 1:colcon.colcon_core.package_identification:_identify(video_streaming/templates) by extensions ['cmake', 'python']
[1.762s] Level 1:colcon.colcon_core.package_identification:_identify(video_streaming/templates) by extension 'cmake'
[1.762s] Level 1:colcon.colcon_core.package_identification:_identify(video_streaming/templates) by extension 'python'
[1.762s] Level 1:colcon.colcon_core.package_identification:_identify(video_streaming/templates) by extensions ['python_setup_py']
[1.763s] Level 1:colcon.colcon_core.package_identification:_identify(video_streaming/templates) by extension 'python_setup_py'
[1.763s] Level 1:colcon.colcon_core.package_identification:_identify(voice_testing) by extensions ['ignore', 'ignore_ament_install']
[1.763s] Level 1:colcon.colcon_core.package_identification:_identify(voice_testing) by extension 'ignore'
[1.764s] Level 1:colcon.colcon_core.package_identification:_identify(voice_testing) by extension 'ignore_ament_install'
[1.764s] Level 1:colcon.colcon_core.package_identification:_identify(voice_testing) by extensions ['colcon_pkg']
[1.764s] Level 1:colcon.colcon_core.package_identification:_identify(voice_testing) by extension 'colcon_pkg'
[1.764s] Level 1:colcon.colcon_core.package_identification:_identify(voice_testing) by extensions ['colcon_meta']
[1.764s] Level 1:colcon.colcon_core.package_identification:_identify(voice_testing) by extension 'colcon_meta'
[1.764s] Level 1:colcon.colcon_core.package_identification:_identify(voice_testing) by extensions ['ros']
[1.765s] Level 1:colcon.colcon_core.package_identification:_identify(voice_testing) by extension 'ros'
[1.765s] Level 1:colcon.colcon_core.package_identification:_identify(voice_testing) by extensions ['cmake', 'python']
[1.765s] Level 1:colcon.colcon_core.package_identification:_identify(voice_testing) by extension 'cmake'
[1.765s] Level 1:colcon.colcon_core.package_identification:_identify(voice_testing) by extension 'python'
[1.765s] Level 1:colcon.colcon_core.package_identification:_identify(voice_testing) by extensions ['python_setup_py']
[1.765s] Level 1:colcon.colcon_core.package_identification:_identify(voice_testing) by extension 'python_setup_py'
[1.766s] Level 1:colcon.colcon_core.package_discovery:discover_packages(recursive) using defaults
[1.766s] Level 1:colcon.colcon_core.package_discovery:discover_packages(ignore) discover
[1.766s] Level 1:colcon.colcon_core.package_discovery:discover_packages(ignore) using defaults
[1.766s] Level 1:colcon.colcon_core.package_discovery:discover_packages(path) discover
[1.766s] Level 1:colcon.colcon_core.package_discovery:discover_packages(path) using defaults
[1.863s] Level 1:colcon.colcon_core.package_discovery:discover_packages(prefix_path) check parameters
[1.863s] Level 1:colcon.colcon_core.package_discovery:discover_packages(prefix_path) discover
[1.876s] DEBUG:colcon.colcon_installed_package_information.package_discovery:Found 4 installed packages in /home/r1/r1_ws/install
[1.884s] DEBUG:colcon.colcon_installed_package_information.package_discovery:Found 183 installed packages in /opt/ros/humble
[1.889s] Level 1:colcon.colcon_core.package_discovery:discover_packages(prefix_path) using defaults
[2.057s] Level 5:colcon.colcon_core.verb:set package 'camera' build argument 'cmake_args' from command line to 'None'
[2.057s] Level 5:colcon.colcon_core.verb:set package 'camera' build argument 'cmake_target' from command line to 'None'
[2.057s] Level 5:colcon.colcon_core.verb:set package 'camera' build argument 'cmake_target_skip_unavailable' from command line to 'False'
[2.057s] Level 5:colcon.colcon_core.verb:set package 'camera' build argument 'cmake_clean_cache' from command line to 'False'
[2.057s] Level 5:colcon.colcon_core.verb:set package 'camera' build argument 'cmake_clean_first' from command line to 'False'
[2.057s] Level 5:colcon.colcon_core.verb:set package 'camera' build argument 'cmake_force_configure' from command line to 'False'
[2.058s] Level 5:colcon.colcon_core.verb:set package 'camera' build argument 'ament_cmake_args' from command line to 'None'
[2.058s] Level 5:colcon.colcon_core.verb:set package 'camera' build argument 'catkin_cmake_args' from command line to 'None'
[2.058s] Level 5:colcon.colcon_core.verb:set package 'camera' build argument 'catkin_skip_building_tests' from command line to 'False'
[2.058s] DEBUG:colcon.colcon_core.verb:Building package 'camera' with the following arguments: {'ament_cmake_args': None, 'build_base': '/home/r1/r1_ws/build/camera', 'catkin_cmake_args': None, 'catkin_skip_building_tests': False, 'cmake_args': None, 'cmake_clean_cache': False, 'cmake_clean_first': False, 'cmake_force_configure': False, 'cmake_target': None, 'cmake_target_skip_unavailable': False, 'install_base': '/home/r1/r1_ws/install/camera', 'merge_install': False, 'path': '/home/r1/r1_ws/src/camera', 'symlink_install': False, 'test_result_base': None}
[2.062s] Level 5:colcon.colcon_core.verb:set package 'control' build argument 'cmake_args' from command line to 'None'
[2.062s] Level 5:colcon.colcon_core.verb:set package 'control' build argument 'cmake_target' from command line to 'None'
[2.062s] Level 5:colcon.colcon_core.verb:set package 'control' build argument 'cmake_target_skip_unavailable' from command line to 'False'
[2.063s] Level 5:colcon.colcon_core.verb:set package 'control' build argument 'cmake_clean_cache' from command line to 'False'
[2.063s] Level 5:colcon.colcon_core.verb:set package 'control' build argument 'cmake_clean_first' from command line to 'False'
[2.063s] Level 5:colcon.colcon_core.verb:set package 'control' build argument 'cmake_force_configure' from command line to 'False'
[2.063s] Level 5:colcon.colcon_core.verb:set package 'control' build argument 'ament_cmake_args' from command line to 'None'
[2.063s] Level 5:colcon.colcon_core.verb:set package 'control' build argument 'catkin_cmake_args' from command line to 'None'
[2.063s] Level 5:colcon.colcon_core.verb:set package 'control' build argument 'catkin_skip_building_tests' from command line to 'False'
[2.063s] DEBUG:colcon.colcon_core.verb:Building package 'control' with the following arguments: {'ament_cmake_args': None, 'build_base': '/home/r1/r1_ws/build/control', 'catkin_cmake_args': None, 'catkin_skip_building_tests': False, 'cmake_args': None, 'cmake_clean_cache': False, 'cmake_clean_first': False, 'cmake_force_configure': False, 'cmake_target': None, 'cmake_target_skip_unavailable': False, 'install_base': '/home/r1/r1_ws/install/control', 'merge_install': False, 'path': '/home/r1/r1_ws/src/control', 'symlink_install': False, 'test_result_base': None}
[2.067s] Level 5:colcon.colcon_core.verb:set package 'voice' build argument 'cmake_args' from command line to 'None'
[2.068s] Level 5:colcon.colcon_core.verb:set package 'voice' build argument 'cmake_target' from command line to 'None'
[2.068s] Level 5:colcon.colcon_core.verb:set package 'voice' build argument 'cmake_target_skip_unavailable' from command line to 'False'
[2.068s] Level 5:colcon.colcon_core.verb:set package 'voice' build argument 'cmake_clean_cache' from command line to 'False'
[2.068s] Level 5:colcon.colcon_core.verb:set package 'voice' build argument 'cmake_clean_first' from command line to 'False'
[2.068s] Level 5:colcon.colcon_core.verb:set package 'voice' build argument 'cmake_force_configure' from command line to 'False'
[2.068s] Level 5:colcon.colcon_core.verb:set package 'voice' build argument 'ament_cmake_args' from command line to 'None'
[2.068s] Level 5:colcon.colcon_core.verb:set package 'voice' build argument 'catkin_cmake_args' from command line to 'None'
[2.068s] Level 5:colcon.colcon_core.verb:set package 'voice' build argument 'catkin_skip_building_tests' from command line to 'False'
[2.068s] DEBUG:colcon.colcon_core.verb:Building package 'voice' with the following arguments: {'ament_cmake_args': None, 'build_base': '/home/r1/r1_ws/build/voice', 'catkin_cmake_args': None, 'catkin_skip_building_tests': False, 'cmake_args': None, 'cmake_clean_cache': False, 'cmake_clean_first': False, 'cmake_force_configure': False, 'cmake_target': None, 'cmake_target_skip_unavailable': False, 'install_base': '/home/r1/r1_ws/install/voice', 'merge_install': False, 'path': '/home/r1/r1_ws/src/voice', 'symlink_install': False, 'test_result_base': None}
[2.071s] INFO:colcon.colcon_core.executor:Executing jobs using 'parallel' executor
[2.083s] DEBUG:colcon.colcon_parallel_executor.executor.parallel:run_until_complete
[2.085s] INFO:colcon.colcon_ros.task.ament_python.build:Building ROS package in '/home/r1/r1_ws/src/camera' with build type 'ament_python'
[2.085s] Level 1:colcon.colcon_core.shell:create_environment_hook('camera', 'ament_prefix_path')
[2.108s] INFO:colcon.colcon_core.plugin_system:Skipping extension 'colcon_core.shell.bat': Not used on non-Windows systems
[2.109s] INFO:colcon.colcon_core.shell:Creating environment hook '/home/r1/r1_ws/install/camera/share/camera/hook/ament_prefix_path.ps1'
[2.112s] INFO:colcon.colcon_core.shell:Creating environment descriptor '/home/r1/r1_ws/install/camera/share/camera/hook/ament_prefix_path.dsv'
[2.114s] INFO:colcon.colcon_core.shell:Creating environment hook '/home/r1/r1_ws/install/camera/share/camera/hook/ament_prefix_path.sh'
[2.121s] INFO:colcon.colcon_core.shell:Skip shell extension 'powershell' for command environment: Not usable outside of PowerShell
[2.121s] DEBUG:colcon.colcon_core.shell:Skip shell extension 'dsv' for command environment
[2.143s] INFO:colcon.colcon_ros.task.ament_python.build:Building ROS package in '/home/r1/r1_ws/src/control' with build type 'ament_python'
[2.144s] Level 1:colcon.colcon_core.shell:create_environment_hook('control', 'ament_prefix_path')
[2.151s] INFO:colcon.colcon_core.shell:Creating environment hook '/home/r1/r1_ws/install/control/share/control/hook/ament_prefix_path.ps1'
[2.154s] INFO:colcon.colcon_core.shell:Creating environment descriptor '/home/r1/r1_ws/install/control/share/control/hook/ament_prefix_path.dsv'
[2.156s] INFO:colcon.colcon_core.shell:Creating environment hook '/home/r1/r1_ws/install/control/share/control/hook/ament_prefix_path.sh'
[2.164s] INFO:colcon.colcon_core.shell:Skip shell extension 'powershell' for command environment: Not usable outside of PowerShell
[2.164s] DEBUG:colcon.colcon_core.shell:Skip shell extension 'dsv' for command environment
[2.186s] INFO:colcon.colcon_ros.task.ament_python.build:Building ROS package in '/home/r1/r1_ws/src/voice' with build type 'ament_python'
[2.187s] Level 1:colcon.colcon_core.shell:create_environment_hook('voice', 'ament_prefix_path')
[2.194s] INFO:colcon.colcon_core.shell:Creating environment hook '/home/r1/r1_ws/install/voice/share/voice/hook/ament_prefix_path.ps1'
[2.197s] INFO:colcon.colcon_core.shell:Creating environment descriptor '/home/r1/r1_ws/install/voice/share/voice/hook/ament_prefix_path.dsv'
[2.199s] INFO:colcon.colcon_core.shell:Creating environment hook '/home/r1/r1_ws/install/voice/share/voice/hook/ament_prefix_path.sh'
[2.206s] INFO:colcon.colcon_core.shell:Skip shell extension 'powershell' for command environment: Not usable outside of PowerShell
[2.206s] DEBUG:colcon.colcon_core.shell:Skip shell extension 'dsv' for command environment
[3.540s] INFO:colcon.colcon_core.task.python.build:Building Python package in '/home/r1/r1_ws/src/camera'
[3.546s] INFO:colcon.colcon_core.shell:Skip shell extension 'powershell' for command environment: Not usable outside of PowerShell
[3.546s] DEBUG:colcon.colcon_core.shell:Skip shell extension 'dsv' for command environment
[4.846s] INFO:colcon.colcon_core.task.python.build:Building Python package in '/home/r1/r1_ws/src/control'
[4.851s] INFO:colcon.colcon_core.shell:Skip shell extension 'powershell' for command environment: Not usable outside of PowerShell
[4.851s] DEBUG:colcon.colcon_core.shell:Skip shell extension 'dsv' for command environment
[6.147s] INFO:colcon.colcon_core.task.python.build:Building Python package in '/home/r1/r1_ws/src/voice'
[6.152s] INFO:colcon.colcon_core.shell:Skip shell extension 'powershell' for command environment: Not usable outside of PowerShell
[6.152s] DEBUG:colcon.colcon_core.shell:Skip shell extension 'dsv' for command environment
[11.035s] DEBUG:colcon.colcon_core.event_handler.log_command:Invoking command in '/home/r1/r1_ws/build/camera': PYTHONPATH=/home/r1/r1_ws/build/camera/prefix_override:/home/r1/r1_ws/install/camera/lib/python3.10/site-packages:${PYTHONPATH} /usr/bin/python3 setup.py develop --uninstall --editable --build-directory /home/r1/r1_ws/build/camera/build
[11.361s] DEBUG:colcon.colcon_core.event_handler.log_command:Invoking command in '/home/r1/r1_ws/build/voice': PYTHONPATH=/home/r1/r1_ws/build/voice/prefix_override:/home/r1/r1_ws/install/voice/lib/python3.10/site-packages:${PYTHONPATH} /usr/bin/python3 setup.py develop --uninstall --editable --build-directory /home/r1/r1_ws/build/voice/build
[11.480s] DEBUG:colcon.colcon_core.event_handler.log_command:Invoking command in '/home/r1/r1_ws/build/control': PYTHONPATH=/home/r1/r1_ws/build/control/prefix_override:/home/r1/r1_ws/install/control/lib/python3.10/site-packages:${PYTHONPATH} /usr/bin/python3 setup.py develop --uninstall --editable --build-directory /home/r1/r1_ws/build/control/build
[17.828s] DEBUG:colcon.colcon_core.event_handler.log_command:Invoked command in '/home/r1/r1_ws/build/camera' returned '0': PYTHONPATH=/home/r1/r1_ws/build/camera/prefix_override:/home/r1/r1_ws/install/camera/lib/python3.10/site-packages:${PYTHONPATH} /usr/bin/python3 setup.py develop --uninstall --editable --build-directory /home/r1/r1_ws/build/camera/build
[17.832s] DEBUG:colcon.colcon_core.event_handler.log_command:Invoking command in '/home/r1/r1_ws/src/camera': PYTHONPATH=/home/r1/r1_ws/build/camera/prefix_override:/home/r1/r1_ws/install/camera/lib/python3.10/site-packages:${PYTHONPATH} /usr/bin/python3 setup.py egg_info --egg-base ../../build/camera build --build-base /home/r1/r1_ws/build/camera/build install --record /home/r1/r1_ws/build/camera/install.log --single-version-externally-managed
[18.253s] DEBUG:colcon.colcon_core.event_handler.log_command:Invoked command in '/home/r1/r1_ws/build/control' returned '0': PYTHONPATH=/home/r1/r1_ws/build/control/prefix_override:/home/r1/r1_ws/install/control/lib/python3.10/site-packages:${PYTHONPATH} /usr/bin/python3 setup.py develop --uninstall --editable --build-directory /home/r1/r1_ws/build/control/build
[18.264s] DEBUG:colcon.colcon_core.event_handler.log_command:Invoking command in '/home/r1/r1_ws/src/control': PYTHONPATH=/home/r1/r1_ws/build/control/prefix_override:/home/r1/r1_ws/install/control/lib/python3.10/site-packages:${PYTHONPATH} /usr/bin/python3 setup.py egg_info --egg-base ../../build/control build --build-base /home/r1/r1_ws/build/control/build install --record /home/r1/r1_ws/build/control/install.log --single-version-externally-managed
[18.300s] DEBUG:colcon.colcon_core.event_handler.log_command:Invoked command in '/home/r1/r1_ws/build/voice' returned '0': PYTHONPATH=/home/r1/r1_ws/build/voice/prefix_override:/home/r1/r1_ws/install/voice/lib/python3.10/site-packages:${PYTHONPATH} /usr/bin/python3 setup.py develop --uninstall --editable --build-directory /home/r1/r1_ws/build/voice/build
[18.309s] DEBUG:colcon.colcon_core.event_handler.log_command:Invoking command in '/home/r1/r1_ws/src/voice': PYTHONPATH=/home/r1/r1_ws/build/voice/prefix_override:/home/r1/r1_ws/install/voice/lib/python3.10/site-packages:${PYTHONPATH} /usr/bin/python3 setup.py egg_info --egg-base ../../build/voice build --build-base /home/r1/r1_ws/build/voice/build install --record /home/r1/r1_ws/build/voice/install.log --single-version-externally-managed
[22.214s] DEBUG:colcon.colcon_core.event_handler.log_command:Invoked command in '/home/r1/r1_ws/src/camera' returned '0': PYTHONPATH=/home/r1/r1_ws/build/camera/prefix_override:/home/r1/r1_ws/install/camera/lib/python3.10/site-packages:${PYTHONPATH} /usr/bin/python3 setup.py egg_info --egg-base ../../build/camera build --build-base /home/r1/r1_ws/build/camera/build install --record /home/r1/r1_ws/build/camera/install.log --single-version-externally-managed
[22.338s] Level 1:colcon.colcon_core.environment:checking '/home/r1/r1_ws/install/camera' for CMake module files
[22.347s] Level 1:colcon.colcon_core.environment:checking '/home/r1/r1_ws/install/camera' for CMake config files
[22.372s] Level 1:colcon.colcon_core.environment:checking '/home/r1/r1_ws/install/camera/lib'
[22.376s] Level 1:colcon.colcon_core.environment:checking '/home/r1/r1_ws/install/camera/bin'
[22.379s] Level 1:colcon.colcon_core.environment:checking '/home/r1/r1_ws/install/camera/lib/pkgconfig/camera.pc'
[22.384s] Level 1:colcon.colcon_core.environment:checking '/home/r1/r1_ws/install/camera/lib/python3.10/site-packages'
[22.386s] Level 1:colcon.colcon_core.shell:create_environment_hook('camera', 'pythonpath')
[22.409s] INFO:colcon.colcon_core.shell:Creating environment hook '/home/r1/r1_ws/install/camera/share/camera/hook/pythonpath.ps1'
[22.417s] INFO:colcon.colcon_core.shell:Creating environment descriptor '/home/r1/r1_ws/install/camera/share/camera/hook/pythonpath.dsv'
[22.424s] INFO:colcon.colcon_core.shell:Creating environment hook '/home/r1/r1_ws/install/camera/share/camera/hook/pythonpath.sh'
[22.434s] Level 1:colcon.colcon_core.environment:checking '/home/r1/r1_ws/install/camera/bin'
[22.436s] Level 1:colcon.colcon_core.environment:create_environment_scripts_only(camera)
[22.455s] INFO:colcon.colcon_core.shell:Creating package script '/home/r1/r1_ws/install/camera/share/camera/package.ps1'
[22.468s] INFO:colcon.colcon_core.shell:Creating package descriptor '/home/r1/r1_ws/install/camera/share/camera/package.dsv'
[22.478s] INFO:colcon.colcon_core.shell:Creating package script '/home/r1/r1_ws/install/camera/share/camera/package.sh'
[22.494s] INFO:colcon.colcon_core.shell:Creating package script '/home/r1/r1_ws/install/camera/share/camera/package.bash'
[22.509s] INFO:colcon.colcon_core.shell:Creating package script '/home/r1/r1_ws/install/camera/share/camera/package.zsh'
[22.540s] Level 1:colcon.colcon_core.environment:create_file_with_runtime_dependencies(/home/r1/r1_ws/install/camera/share/colcon-core/packages/camera)
[22.862s] DEBUG:colcon.colcon_core.event_handler.log_command:Invoked command in '/home/r1/r1_ws/src/control' returned '0': PYTHONPATH=/home/r1/r1_ws/build/control/prefix_override:/home/r1/r1_ws/install/control/lib/python3.10/site-packages:${PYTHONPATH} /usr/bin/python3 setup.py egg_info --egg-base ../../build/control build --build-base /home/r1/r1_ws/build/control/build install --record /home/r1/r1_ws/build/control/install.log --single-version-externally-managed
[22.872s] Level 1:colcon.colcon_core.environment:checking '/home/r1/r1_ws/install/control' for CMake module files
[22.881s] Level 1:colcon.colcon_core.environment:checking '/home/r1/r1_ws/install/control' for CMake config files
[22.893s] Level 1:colcon.colcon_core.environment:checking '/home/r1/r1_ws/install/control/lib'
[22.894s] Level 1:colcon.colcon_core.environment:checking '/home/r1/r1_ws/install/control/bin'
[22.894s] Level 1:colcon.colcon_core.environment:checking '/home/r1/r1_ws/install/control/lib/pkgconfig/control.pc'
[22.897s] Level 1:colcon.colcon_core.environment:checking '/home/r1/r1_ws/install/control/lib/python3.10/site-packages'
[22.897s] Level 1:colcon.colcon_core.shell:create_environment_hook('control', 'pythonpath')
[22.911s] INFO:colcon.colcon_core.shell:Creating environment hook '/home/r1/r1_ws/install/control/share/control/hook/pythonpath.ps1'
[22.917s] INFO:colcon.colcon_core.shell:Creating environment descriptor '/home/r1/r1_ws/install/control/share/control/hook/pythonpath.dsv'
[22.921s] INFO:colcon.colcon_core.shell:Creating environment hook '/home/r1/r1_ws/install/control/share/control/hook/pythonpath.sh'
[22.928s] Level 1:colcon.colcon_core.environment:checking '/home/r1/r1_ws/install/control/bin'
[22.929s] Level 1:colcon.colcon_core.environment:create_environment_scripts_only(control)
[22.943s] INFO:colcon.colcon_core.shell:Creating package script '/home/r1/r1_ws/install/control/share/control/package.ps1'
[22.949s] INFO:colcon.colcon_core.shell:Creating package descriptor '/home/r1/r1_ws/install/control/share/control/package.dsv'
[22.954s] INFO:colcon.colcon_core.shell:Creating package script '/home/r1/r1_ws/install/control/share/control/package.sh'
[22.959s] INFO:colcon.colcon_core.shell:Creating package script '/home/r1/r1_ws/install/control/share/control/package.bash'
[22.963s] INFO:colcon.colcon_core.shell:Creating package script '/home/r1/r1_ws/install/control/share/control/package.zsh'
[22.967s] Level 1:colcon.colcon_core.environment:create_file_with_runtime_dependencies(/home/r1/r1_ws/install/control/share/colcon-core/packages/control)
[22.996s] Level 1:colcon.colcon_core.environment:checking '/home/r1/r1_ws/install/voice' for CMake module files
[23.002s] DEBUG:colcon.colcon_core.event_handler.log_command:Invoked command in '/home/r1/r1_ws/src/voice' returned '0': PYTHONPATH=/home/r1/r1_ws/build/voice/prefix_override:/home/r1/r1_ws/install/voice/lib/python3.10/site-packages:${PYTHONPATH} /usr/bin/python3 setup.py egg_info --egg-base ../../build/voice build --build-base /home/r1/r1_ws/build/voice/build install --record /home/r1/r1_ws/build/voice/install.log --single-version-externally-managed
[23.006s] Level 1:colcon.colcon_core.environment:checking '/home/r1/r1_ws/install/voice' for CMake config files
[23.009s] Level 1:colcon.colcon_core.environment:checking '/home/r1/r1_ws/install/voice/lib'
[23.010s] Level 1:colcon.colcon_core.environment:checking '/home/r1/r1_ws/install/voice/bin'
[23.010s] Level 1:colcon.colcon_core.environment:checking '/home/r1/r1_ws/install/voice/lib/pkgconfig/voice.pc'
[23.011s] Level 1:colcon.colcon_core.environment:checking '/home/r1/r1_ws/install/voice/lib/python3.10/site-packages'
[23.011s] Level 1:colcon.colcon_core.shell:create_environment_hook('voice', 'pythonpath')
[23.017s] INFO:colcon.colcon_core.shell:Creating environment hook '/home/r1/r1_ws/install/voice/share/voice/hook/pythonpath.ps1'
[23.019s] INFO:colcon.colcon_core.shell:Creating environment descriptor '/home/r1/r1_ws/install/voice/share/voice/hook/pythonpath.dsv'
[23.021s] INFO:colcon.colcon_core.shell:Creating environment hook '/home/r1/r1_ws/install/voice/share/voice/hook/pythonpath.sh'
[23.024s] Level 1:colcon.colcon_core.environment:checking '/home/r1/r1_ws/install/voice/bin'
[23.024s] Level 1:colcon.colcon_core.environment:create_environment_scripts_only(voice)
[23.030s] INFO:colcon.colcon_core.shell:Creating package script '/home/r1/r1_ws/install/voice/share/voice/package.ps1'
[23.032s] INFO:colcon.colcon_core.shell:Creating package descriptor '/home/r1/r1_ws/install/voice/share/voice/package.dsv'
[23.034s] INFO:colcon.colcon_core.shell:Creating package script '/home/r1/r1_ws/install/voice/share/voice/package.sh'
[23.036s] INFO:colcon.colcon_core.shell:Creating package script '/home/r1/r1_ws/install/voice/share/voice/package.bash'
[23.038s] INFO:colcon.colcon_core.shell:Creating package script '/home/r1/r1_ws/install/voice/share/voice/package.zsh'
[23.040s] Level 1:colcon.colcon_core.environment:create_file_with_runtime_dependencies(/home/r1/r1_ws/install/voice/share/colcon-core/packages/voice)
[23.041s] DEBUG:colcon.colcon_parallel_executor.executor.parallel:closing loop
[23.042s] DEBUG:colcon.colcon_parallel_executor.executor.parallel:loop closed
[23.043s] DEBUG:colcon.colcon_parallel_executor.executor.parallel:run_until_complete finished with '0'
[23.043s] DEBUG:colcon.colcon_core.event_reactor:joining thread
[23.066s] INFO:colcon.colcon_core.plugin_system:Skipping extension 'colcon_notification.desktop_notification.terminal_notifier': Not used on non-Darwin systems
[23.067s] INFO:colcon.colcon_core.plugin_system:Skipping extension 'colcon_notification.desktop_notification.win32': Not used on non-Windows systems
[23.067s] INFO:colcon.colcon_notification.desktop_notification:Sending desktop notification using 'notify2'
[48.094s] DEBUG:colcon.colcon_notification.desktop_notification.notify2:Failed to initialize notify2: org.freedesktop.DBus.Error.NoReply: Did not receive a reply. Possible causes include: the remote application did not send a reply, the message bus security policy blocked the reply, the reply timeout expired, or the network connection was broken.
[48.095s] DEBUG:colcon.colcon_core.event_reactor:joined thread
[48.110s] INFO:colcon.colcon_core.shell:Creating prefix script '/home/r1/r1_ws/install/local_setup.ps1'
[48.113s] INFO:colcon.colcon_core.shell:Creating prefix util module '/home/r1/r1_ws/install/_local_setup_util_ps1.py'
[48.119s] INFO:colcon.colcon_core.shell:Creating prefix chain script '/home/r1/r1_ws/install/setup.ps1'
[48.126s] INFO:colcon.colcon_core.shell:Creating prefix script '/home/r1/r1_ws/install/local_setup.sh'
[48.128s] INFO:colcon.colcon_core.shell:Creating prefix util module '/home/r1/r1_ws/install/_local_setup_util_sh.py'
[48.131s] INFO:colcon.colcon_core.shell:Creating prefix chain script '/home/r1/r1_ws/install/setup.sh'
[48.137s] INFO:colcon.colcon_core.shell:Creating prefix script '/home/r1/r1_ws/install/local_setup.bash'
[48.140s] INFO:colcon.colcon_core.shell:Creating prefix chain script '/home/r1/r1_ws/install/setup.bash'
[48.146s] INFO:colcon.colcon_core.shell:Creating prefix script '/home/r1/r1_ws/install/local_setup.zsh'
[48.149s] INFO:colcon.colcon_core.shell:Creating prefix chain script '/home/r1/r1_ws/install/setup.zsh'
