[6.383s] Invoking command in '/home/r1/r1_ws/src/control': PYTHONPATH=/home/r1/r1_ws/build/control/prefix_override:/home/r1/r1_ws/install/control/lib/python3.10/site-packages:${PYTHONPATH} /usr/bin/python3 setup.py egg_info --egg-base ../../build/control build --build-base /home/r1/r1_ws/build/control/build install --record /home/r1/r1_ws/build/control/install.log --single-version-externally-managed
[7.951s] running egg_info
[7.957s] writing ../../build/control/control.egg-info/PKG-INFO
[7.964s] writing dependency_links to ../../build/control/control.egg-info/dependency_links.txt
[7.965s] writing entry points to ../../build/control/control.egg-info/entry_points.txt
[7.978s] writing requirements to ../../build/control/control.egg-info/requires.txt
[7.978s] writing top-level names to ../../build/control/control.egg-info/top_level.txt
[7.990s] reading manifest file '../../build/control/control.egg-info/SOURCES.txt'
[7.991s] writing manifest file '../../build/control/control.egg-info/SOURCES.txt'
[7.996s] running build
[7.997s] running build_py
[7.997s] copying control/sensors.py -> /home/r1/r1_ws/build/control/build/lib/control
[8.006s] copying control/base.py -> /home/r1/r1_ws/build/control/build/lib/control
[8.006s] running install
[8.007s] /usr/lib/python3/dist-packages/setuptools/command/install.py:34: SetuptoolsDeprecationWarning: setup.py install is deprecated. Use build and pip and other standards-based tools.
[8.007s]   warnings.warn(
[8.008s] running install_lib
[8.010s] copying /home/r1/r1_ws/build/control/build/lib/control/sensors.py -> /home/r1/r1_ws/install/control/lib/python3.10/site-packages/control
[8.010s] copying /home/r1/r1_ws/build/control/build/lib/control/base.py -> /home/r1/r1_ws/install/control/lib/python3.10/site-packages/control
[8.011s] byte-compiling /home/r1/r1_ws/install/control/lib/python3.10/site-packages/control/sensors.py to sensors.cpython-310.pyc
[8.017s] byte-compiling /home/r1/r1_ws/install/control/lib/python3.10/site-packages/control/base.py to base.cpython-310.pyc
[8.018s] running install_data
[8.018s] running install_egg_info
[8.024s] removing '/home/r1/r1_ws/install/control/lib/python3.10/site-packages/control-0.0.0-py3.10.egg-info' (and everything under it)
[8.026s] Copying ../../build/control/control.egg-info to /home/r1/r1_ws/install/control/lib/python3.10/site-packages/control-0.0.0-py3.10.egg-info
[8.035s] running install_scripts
[8.197s] Installing ir_left_pub script to /home/r1/r1_ws/install/control/lib/control
[8.202s] Installing ir_right_pub script to /home/r1/r1_ws/install/control/lib/control
[8.209s] Installing sensors_sub script to /home/r1/r1_ws/install/control/lib/control
[8.216s] Installing us_pub script to /home/r1/r1_ws/install/control/lib/control
[8.222s] writing list of installed files to '/home/r1/r1_ws/build/control/install.log'
[8.529s] Invoked command in '/home/r1/r1_ws/src/control' returned '0': PYTHONPATH=/home/r1/r1_ws/build/control/prefix_override:/home/r1/r1_ws/install/control/lib/python3.10/site-packages:${PYTHONPATH} /usr/bin/python3 setup.py egg_info --egg-base ../../build/control build --build-base /home/r1/r1_ws/build/control/build install --record /home/r1/r1_ws/build/control/install.log --single-version-externally-managed
