[5.110s] Invoking command in '/home/r1/r1_ws/build/control': PYTHONPATH=/home/r1/r1_ws/build/control/prefix_override:/home/r1/r1_ws/install/control/lib/python3.10/site-packages:${PYTHONPATH} /usr/bin/python3 setup.py develop --uninstall --editable --build-directory /home/r1/r1_ws/build/control/build
[10.841s] running develop
[10.867s] /usr/lib/python3/dist-packages/setuptools/command/easy_install.py:158: EasyInstallDeprecationWarning: easy_install command is deprecated. Use build and pip and other standards-based tools.
[10.867s]   warnings.warn(
[10.891s] /usr/lib/python3/dist-packages/setuptools/command/install.py:34: SetuptoolsDeprecationWarning: setup.py install is deprecated. Use build and pip and other standards-based tools.
[10.893s]   warnings.warn(
[12.665s] /usr/lib/python3/dist-packages/pkg_resources/__init__.py:116: PkgResourcesDeprecationWarning: 1.1build1 is an invalid version and will not be supported in a future release
[12.666s]   warnings.warn(
[12.669s] /usr/lib/python3/dist-packages/pkg_resources/__init__.py:116: PkgResourcesDeprecationWarning: 0.1.43ubuntu1 is an invalid version and will not be supported in a future release
[12.671s]   warnings.warn(
[17.094s] Invoked command in '/home/r1/r1_ws/build/control' returned '0': PYTHONPATH=/home/r1/r1_ws/build/control/prefix_override:/home/r1/r1_ws/install/control/lib/python3.10/site-packages:${PYTHONPATH} /usr/bin/python3 setup.py develop --uninstall --editable --build-directory /home/r1/r1_ws/build/control/build
[17.116s] Invoking command in '/home/r1/r1_ws/src/control': PYTHONPATH=/home/r1/r1_ws/build/control/prefix_override:/home/r1/r1_ws/install/control/lib/python3.10/site-packages:${PYTHONPATH} /usr/bin/python3 setup.py egg_info --egg-base ../../build/control build --build-base /home/r1/r1_ws/build/control/build install --record /home/r1/r1_ws/build/control/install.log --single-version-externally-managed
[23.346s] running egg_info
[23.360s] writing ../../build/control/control.egg-info/PKG-INFO
[23.375s] writing dependency_links to ../../build/control/control.egg-info/dependency_links.txt
[23.379s] writing entry points to ../../build/control/control.egg-info/entry_points.txt
[23.383s] writing requirements to ../../build/control/control.egg-info/requires.txt
[23.387s] writing top-level names to ../../build/control/control.egg-info/top_level.txt
[23.417s] reading manifest file '../../build/control/control.egg-info/SOURCES.txt'
[23.443s] writing manifest file '../../build/control/control.egg-info/SOURCES.txt'
[23.445s] running build
[23.447s] running build_py
[23.459s] running install
[23.461s] /usr/lib/python3/dist-packages/setuptools/command/install.py:34: SetuptoolsDeprecationWarning: setup.py install is deprecated. Use build and pip and other standards-based tools.
[23.463s]   warnings.warn(
[23.464s] running install_lib
[23.539s] running install_data
[23.542s] running install_egg_info
[23.576s] removing '/home/r1/r1_ws/install/control/lib/python3.10/site-packages/control-1.0.0-py3.10.egg-info' (and everything under it)
[23.578s] Copying ../../build/control/control.egg-info to /home/r1/r1_ws/install/control/lib/python3.10/site-packages/control-1.0.0-py3.10.egg-info
[23.605s] running install_scripts
[23.824s] Installing arms_sub script to /home/r1/r1_ws/install/control/lib/control
[23.840s] Installing base_sub script to /home/r1/r1_ws/install/control/lib/control
[23.845s] Installing eyes_sub script to /home/r1/r1_ws/install/control/lib/control
[23.848s] Installing head_sub script to /home/r1/r1_ws/install/control/lib/control
[23.849s] Installing ir_left_pub script to /home/r1/r1_ws/install/control/lib/control
[23.850s] Installing ir_right_pub script to /home/r1/r1_ws/install/control/lib/control
[23.851s] Installing left_hand_sub script to /home/r1/r1_ws/install/control/lib/control
[23.853s] Installing right_hand_sub script to /home/r1/r1_ws/install/control/lib/control
[23.854s] Installing sensors_sub script to /home/r1/r1_ws/install/control/lib/control
[23.855s] Installing us_pub script to /home/r1/r1_ws/install/control/lib/control
[23.859s] writing list of installed files to '/home/r1/r1_ws/build/control/install.log'
[24.108s] Invoked command in '/home/r1/r1_ws/src/control' returned '0': PYTHONPATH=/home/r1/r1_ws/build/control/prefix_override:/home/r1/r1_ws/install/control/lib/python3.10/site-packages:${PYTHONPATH} /usr/bin/python3 setup.py egg_info --egg-base ../../build/control build --build-base /home/r1/r1_ws/build/control/build install --record /home/r1/r1_ws/build/control/install.log --single-version-externally-managed
