[4.549s] Invoking command in '/home/r1/r1_ws/src/camera': PYTHONPATH=/home/r1/r1_ws/build/camera/prefix_override:/home/r1/r1_ws/install/camera/lib/python3.10/site-packages:${PYTHONPATH} /usr/bin/python3 setup.py egg_info --egg-base ../../build/camera build --build-base /home/r1/r1_ws/build/camera/build install --record /home/r1/r1_ws/build/camera/install.log --single-version-externally-managed
[5.815s] running egg_info
[5.818s] writing ../../build/camera/camera.egg-info/PKG-INFO
[5.820s] writing dependency_links to ../../build/camera/camera.egg-info/dependency_links.txt
[5.828s] writing entry points to ../../build/camera/camera.egg-info/entry_points.txt
[5.830s] writing requirements to ../../build/camera/camera.egg-info/requires.txt
[5.831s] writing top-level names to ../../build/camera/camera.egg-info/top_level.txt
[5.839s] reading manifest file '../../build/camera/camera.egg-info/SOURCES.txt'
[5.844s] writing manifest file '../../build/camera/camera.egg-info/SOURCES.txt'
[5.856s] running build
[5.857s] running build_py
[5.861s] running install
[5.862s] /usr/lib/python3/dist-packages/setuptools/command/install.py:34: SetuptoolsDeprecationWarning: setup.py install is deprecated. Use build and pip and other standards-based tools.
[5.863s]   warnings.warn(
[5.864s] running install_lib
[5.875s] running install_data
[5.878s] running install_egg_info
[5.891s] removing '/home/r1/r1_ws/install/camera/lib/python3.10/site-packages/camera-0.0.0-py3.10.egg-info' (and everything under it)
[5.893s] Copying ../../build/camera/camera.egg-info to /home/r1/r1_ws/install/camera/lib/python3.10/site-packages/camera-0.0.0-py3.10.egg-info
[5.895s] running install_scripts
[5.988s] Installing detection_sub script to /home/r1/r1_ws/install/camera/lib/camera
[5.989s] Installing frames_sub script to /home/r1/r1_ws/install/camera/lib/camera
[5.990s] Installing img_pub script to /home/r1/r1_ws/install/camera/lib/camera
[5.993s] writing list of installed files to '/home/r1/r1_ws/build/camera/install.log'
[6.187s] Invoked command in '/home/r1/r1_ws/src/camera' returned '0': PYTHONPATH=/home/r1/r1_ws/build/camera/prefix_override:/home/r1/r1_ws/install/camera/lib/python3.10/site-packages:${PYTHONPATH} /usr/bin/python3 setup.py egg_info --egg-base ../../build/camera build --build-base /home/r1/r1_ws/build/camera/build install --record /home/r1/r1_ws/build/camera/install.log --single-version-externally-managed
