/home/r1/r1_ws/install/camera/lib/python3.10/site-packages/camera/Server.py
/home/r1/r1_ws/install/camera/lib/python3.10/site-packages/camera/__init__.py
/home/r1/r1_ws/install/camera/lib/python3.10/site-packages/camera/Client.py
/home/r1/r1_ws/install/camera/lib/python3.10/site-packages/camera/frame_subscriber.py
/home/r1/r1_ws/install/camera/lib/python3.10/site-packages/camera/voice.py
/home/r1/r1_ws/install/camera/lib/python3.10/site-packages/camera/camera_node.py
/home/r1/r1_ws/install/camera/lib/python3.10/site-packages/camera/camera_publisher.py
/home/r1/r1_ws/install/camera/lib/python3.10/site-packages/camera/path_planning.py
/home/r1/r1_ws/install/camera/lib/python3.10/site-packages/camera/__pycache__/Server.cpython-310.pyc
/home/r1/r1_ws/install/camera/lib/python3.10/site-packages/camera/__pycache__/__init__.cpython-310.pyc
/home/r1/r1_ws/install/camera/lib/python3.10/site-packages/camera/__pycache__/Client.cpython-310.pyc
/home/r1/r1_ws/install/camera/lib/python3.10/site-packages/camera/__pycache__/frame_subscriber.cpython-310.pyc
/home/r1/r1_ws/install/camera/lib/python3.10/site-packages/camera/__pycache__/voice.cpython-310.pyc
/home/r1/r1_ws/install/camera/lib/python3.10/site-packages/camera/__pycache__/camera_node.cpython-310.pyc
/home/r1/r1_ws/install/camera/lib/python3.10/site-packages/camera/__pycache__/camera_publisher.cpython-310.pyc
/home/r1/r1_ws/install/camera/lib/python3.10/site-packages/camera/__pycache__/path_planning.cpython-310.pyc
/home/r1/r1_ws/install/camera/share/ament_index/resource_index/packages/camera
/home/r1/r1_ws/install/camera/share/camera/package.xml
/home/r1/r1_ws/install/camera/lib/python3.10/site-packages/camera-0.0.0-py3.10.egg-info/requires.txt
/home/r1/r1_ws/install/camera/lib/python3.10/site-packages/camera-0.0.0-py3.10.egg-info/dependency_links.txt
/home/r1/r1_ws/install/camera/lib/python3.10/site-packages/camera-0.0.0-py3.10.egg-info/zip-safe
/home/r1/r1_ws/install/camera/lib/python3.10/site-packages/camera-0.0.0-py3.10.egg-info/top_level.txt
/home/r1/r1_ws/install/camera/lib/python3.10/site-packages/camera-0.0.0-py3.10.egg-info/entry_points.txt
/home/r1/r1_ws/install/camera/lib/python3.10/site-packages/camera-0.0.0-py3.10.egg-info/SOURCES.txt
/home/r1/r1_ws/install/camera/lib/python3.10/site-packages/camera-0.0.0-py3.10.egg-info/PKG-INFO
/home/r1/r1_ws/install/camera/lib/camera/camera_node
/home/r1/r1_ws/install/camera/lib/camera/frames_sub
/home/r1/r1_ws/install/camera/lib/camera/img_pub
/home/r1/r1_ws/install/camera/lib/camera/path_planning_node
