[0.111s] Invoking command in '/home/r1/r1_ws/build/v4l2_camera': AMENT_PREFIX_PATH=/home/r1/r1_ws/install/camera_info_manager:/home/r1/r1_ws/install/image_transport:/home/r1/r1_ws/install/cv_bridge:/home/r1/r1_ws/install/camera_calibration_parsers:${AMENT_PREFIX_PATH} CMAKE_PREFIX_PATH=/home/r1/r1_ws/install/camera_info_manager:/home/r1/r1_ws/install/image_transport:/home/r1/r1_ws/install/cv_bridge:/home/r1/r1_ws/install/camera_calibration_parsers:/home/r1/r1_ws/install/v4l2_camera:/home/r1/r1_ws/install/turtlesim:/home/r1/r1_ws/install/voice:/home/r1/r1_ws/install/control:/home/r1/r1_ws/install/camera:/opt/ros/humble LD_LIBRARY_PATH=/home/r1/r1_ws/install/camera_info_manager/lib:/home/r1/r1_ws/install/image_transport/lib:/home/r1/r1_ws/install/cv_bridge/lib:/home/r1/r1_ws/install/camera_calibration_parsers/lib:${LD_LIBRARY_PATH} PYTHONPATH=/home/r1/r1_ws/install/cv_bridge/local/lib/python3.10/dist-packages:${PYTHONPATH} /usr/bin/cmake --build /home/r1/r1_ws/build/v4l2_camera -- -j4 -l4
[0.530s] [35m[1mConsolidate compiler generated dependencies of target v4l2_camera[0m
[0.756s] [ 50%] Built target v4l2_camera
[0.872s] [35m[1mConsolidate compiler generated dependencies of target v4l2_camera_node[0m
[0.886s] [35m[1mConsolidate compiler generated dependencies of target v4l2_camera_compose_test[0m
[1.004s] [ 75%] Built target v4l2_camera_node
[1.020s] [100%] Built target v4l2_camera_compose_test
[1.119s] Invoked command in '/home/r1/r1_ws/build/v4l2_camera' returned '0': AMENT_PREFIX_PATH=/home/r1/r1_ws/install/camera_info_manager:/home/r1/r1_ws/install/image_transport:/home/r1/r1_ws/install/cv_bridge:/home/r1/r1_ws/install/camera_calibration_parsers:${AMENT_PREFIX_PATH} CMAKE_PREFIX_PATH=/home/r1/r1_ws/install/camera_info_manager:/home/r1/r1_ws/install/image_transport:/home/r1/r1_ws/install/cv_bridge:/home/r1/r1_ws/install/camera_calibration_parsers:/home/r1/r1_ws/install/v4l2_camera:/home/r1/r1_ws/install/turtlesim:/home/r1/r1_ws/install/voice:/home/r1/r1_ws/install/control:/home/r1/r1_ws/install/camera:/opt/ros/humble LD_LIBRARY_PATH=/home/r1/r1_ws/install/camera_info_manager/lib:/home/r1/r1_ws/install/image_transport/lib:/home/r1/r1_ws/install/cv_bridge/lib:/home/r1/r1_ws/install/camera_calibration_parsers/lib:${LD_LIBRARY_PATH} PYTHONPATH=/home/r1/r1_ws/install/cv_bridge/local/lib/python3.10/dist-packages:${PYTHONPATH} /usr/bin/cmake --build /home/r1/r1_ws/build/v4l2_camera -- -j4 -l4
[1.427s] Invoking command in '/home/r1/r1_ws/build/v4l2_camera': AMENT_PREFIX_PATH=/home/r1/r1_ws/install/camera_info_manager:/home/r1/r1_ws/install/image_transport:/home/r1/r1_ws/install/cv_bridge:/home/r1/r1_ws/install/camera_calibration_parsers:${AMENT_PREFIX_PATH} CMAKE_PREFIX_PATH=/home/r1/r1_ws/install/camera_info_manager:/home/r1/r1_ws/install/image_transport:/home/r1/r1_ws/install/cv_bridge:/home/r1/r1_ws/install/camera_calibration_parsers:/home/r1/r1_ws/install/v4l2_camera:/home/r1/r1_ws/install/turtlesim:/home/r1/r1_ws/install/voice:/home/r1/r1_ws/install/control:/home/r1/r1_ws/install/camera:/opt/ros/humble LD_LIBRARY_PATH=/home/r1/r1_ws/install/camera_info_manager/lib:/home/r1/r1_ws/install/image_transport/lib:/home/r1/r1_ws/install/cv_bridge/lib:/home/r1/r1_ws/install/camera_calibration_parsers/lib:${LD_LIBRARY_PATH} PYTHONPATH=/home/r1/r1_ws/install/cv_bridge/local/lib/python3.10/dist-packages:${PYTHONPATH} /usr/bin/cmake --install /home/r1/r1_ws/build/v4l2_camera
[1.483s] -- Install configuration: ""
[1.484s] -- Up-to-date: /home/r1/r1_ws/install/v4l2_camera/include
[1.486s] -- Up-to-date: /home/r1/r1_ws/install/v4l2_camera/include/v4l2_camera
[1.488s] -- Up-to-date: /home/r1/r1_ws/install/v4l2_camera/include/v4l2_camera/pixel_format.hpp
[1.489s] -- Up-to-date: /home/r1/r1_ws/install/v4l2_camera/include/v4l2_camera/v4l2_camera.hpp
[1.490s] -- Up-to-date: /home/r1/r1_ws/install/v4l2_camera/include/v4l2_camera/parameters.hpp
[1.490s] -- Up-to-date: /home/r1/r1_ws/install/v4l2_camera/include/v4l2_camera/v4l2_camera_device.hpp
[1.491s] -- Up-to-date: /home/r1/r1_ws/install/v4l2_camera/include/v4l2_camera/image_format.hpp
[1.492s] -- Up-to-date: /home/r1/r1_ws/install/v4l2_camera/include/v4l2_camera/visibility_control.h
[1.492s] -- Up-to-date: /home/r1/r1_ws/install/v4l2_camera/include/v4l2_camera/control.hpp
[1.493s] -- Up-to-date: /home/r1/r1_ws/install/v4l2_camera/include/v4l2_camera/fourcc.hpp
[1.495s] -- Up-to-date: /home/r1/r1_ws/install/v4l2_camera/lib/libv4l2_camera.so
[1.499s] -- Up-to-date: /home/r1/r1_ws/install/v4l2_camera/lib/v4l2_camera/v4l2_camera_node
[1.507s] -- Up-to-date: /home/r1/r1_ws/install/v4l2_camera/lib/v4l2_camera/v4l2_camera_compose_test
[1.511s] -- Up-to-date: /home/r1/r1_ws/install/v4l2_camera/share/v4l2_camera/environment/library_path.sh
[1.513s] -- Up-to-date: /home/r1/r1_ws/install/v4l2_camera/share/v4l2_camera/environment/library_path.dsv
[1.515s] -- Up-to-date: /home/r1/r1_ws/install/v4l2_camera/share/ament_index/resource_index/package_run_dependencies/v4l2_camera
[1.517s] -- Up-to-date: /home/r1/r1_ws/install/v4l2_camera/share/ament_index/resource_index/parent_prefix_path/v4l2_camera
[1.519s] -- Up-to-date: /home/r1/r1_ws/install/v4l2_camera/share/v4l2_camera/environment/ament_prefix_path.sh
[1.521s] -- Up-to-date: /home/r1/r1_ws/install/v4l2_camera/share/v4l2_camera/environment/ament_prefix_path.dsv
[1.524s] -- Up-to-date: /home/r1/r1_ws/install/v4l2_camera/share/v4l2_camera/environment/path.sh
[1.529s] -- Up-to-date: /home/r1/r1_ws/install/v4l2_camera/share/v4l2_camera/environment/path.dsv
[1.529s] -- Up-to-date: /home/r1/r1_ws/install/v4l2_camera/share/v4l2_camera/local_setup.bash
[1.531s] -- Up-to-date: /home/r1/r1_ws/install/v4l2_camera/share/v4l2_camera/local_setup.sh
[1.531s] -- Up-to-date: /home/r1/r1_ws/install/v4l2_camera/share/v4l2_camera/local_setup.zsh
[1.532s] -- Up-to-date: /home/r1/r1_ws/install/v4l2_camera/share/v4l2_camera/local_setup.dsv
[1.532s] -- Installing: /home/r1/r1_ws/install/v4l2_camera/share/v4l2_camera/package.dsv
[1.533s] -- Up-to-date: /home/r1/r1_ws/install/v4l2_camera/share/ament_index/resource_index/packages/v4l2_camera
[1.534s] -- Up-to-date: /home/r1/r1_ws/install/v4l2_camera/share/ament_index/resource_index/rclcpp_components/v4l2_camera
[1.539s] -- Up-to-date: /home/r1/r1_ws/install/v4l2_camera/share/v4l2_camera/cmake/export_v4l2_cameraExport.cmake
[1.547s] -- Up-to-date: /home/r1/r1_ws/install/v4l2_camera/share/v4l2_camera/cmake/export_v4l2_cameraExport-noconfig.cmake
[1.547s] -- Up-to-date: /home/r1/r1_ws/install/v4l2_camera/share/v4l2_camera/cmake/ament_cmake_export_include_directories-extras.cmake
[1.548s] -- Up-to-date: /home/r1/r1_ws/install/v4l2_camera/share/v4l2_camera/cmake/ament_cmake_export_targets-extras.cmake
[1.548s] -- Up-to-date: /home/r1/r1_ws/install/v4l2_camera/share/v4l2_camera/cmake/ament_cmake_export_libraries-extras.cmake
[1.549s] -- Up-to-date: /home/r1/r1_ws/install/v4l2_camera/share/v4l2_camera/cmake/ament_cmake_export_dependencies-extras.cmake
[1.549s] -- Up-to-date: /home/r1/r1_ws/install/v4l2_camera/share/v4l2_camera/cmake/v4l2_cameraConfig.cmake
[1.551s] -- Up-to-date: /home/r1/r1_ws/install/v4l2_camera/share/v4l2_camera/cmake/v4l2_cameraConfig-version.cmake
[1.552s] -- Up-to-date: /home/r1/r1_ws/install/v4l2_camera/share/v4l2_camera/package.xml
[1.572s] Invoked command in '/home/r1/r1_ws/build/v4l2_camera' returned '0': AMENT_PREFIX_PATH=/home/r1/r1_ws/install/camera_info_manager:/home/r1/r1_ws/install/image_transport:/home/r1/r1_ws/install/cv_bridge:/home/r1/r1_ws/install/camera_calibration_parsers:${AMENT_PREFIX_PATH} CMAKE_PREFIX_PATH=/home/r1/r1_ws/install/camera_info_manager:/home/r1/r1_ws/install/image_transport:/home/r1/r1_ws/install/cv_bridge:/home/r1/r1_ws/install/camera_calibration_parsers:/home/r1/r1_ws/install/v4l2_camera:/home/r1/r1_ws/install/turtlesim:/home/r1/r1_ws/install/voice:/home/r1/r1_ws/install/control:/home/r1/r1_ws/install/camera:/opt/ros/humble LD_LIBRARY_PATH=/home/r1/r1_ws/install/camera_info_manager/lib:/home/r1/r1_ws/install/image_transport/lib:/home/r1/r1_ws/install/cv_bridge/lib:/home/r1/r1_ws/install/camera_calibration_parsers/lib:${LD_LIBRARY_PATH} PYTHONPATH=/home/r1/r1_ws/install/cv_bridge/local/lib/python3.10/dist-packages:${PYTHONPATH} /usr/bin/cmake --install /home/r1/r1_ws/build/v4l2_camera
