[9.742s] Invoking command in '/home/r1/r1_ws/src/control': PYTHONPATH=/home/r1/r1_ws/build/control/prefix_override:/home/r1/r1_ws/install/control/lib/python3.10/site-packages:${PYTHONPATH} /usr/bin/python3 setup.py egg_info --egg-base ../../build/control build --build-base /home/r1/r1_ws/build/control/build install --record /home/r1/r1_ws/build/control/install.log --single-version-externally-managed
[12.252s] running egg_info
[12.255s] writing ../../build/control/control.egg-info/PKG-INFO
[12.258s] writing dependency_links to ../../build/control/control.egg-info/dependency_links.txt
[12.259s] writing entry points to ../../build/control/control.egg-info/entry_points.txt
[12.267s] writing requirements to ../../build/control/control.egg-info/requires.txt
[12.268s] writing top-level names to ../../build/control/control.egg-info/top_level.txt
[12.274s] reading manifest file '../../build/control/control.egg-info/SOURCES.txt'
[12.281s] writing manifest file '../../build/control/control.egg-info/SOURCES.txt'
[12.282s] running build
[12.282s] running build_py
[12.283s] copying control/sensors.py -> /home/r1/r1_ws/build/control/build/lib/control
[12.286s] running install
[12.287s] /usr/lib/python3/dist-packages/setuptools/command/install.py:34: SetuptoolsDeprecationWarning: setup.py install is deprecated. Use build and pip and other standards-based tools.
[12.287s]   warnings.warn(
[12.288s] running install_lib
[12.292s] copying /home/r1/r1_ws/build/control/build/lib/control/sensors.py -> /home/r1/r1_ws/install/control/lib/python3.10/site-packages/control
[12.296s] byte-compiling /home/r1/r1_ws/install/control/lib/python3.10/site-packages/control/sensors.py to sensors.cpython-310.pyc
[12.301s] running install_data
[12.303s] running install_egg_info
[12.310s] removing '/home/r1/r1_ws/install/control/lib/python3.10/site-packages/control-0.0.0-py3.10.egg-info' (and everything under it)
[12.311s] Copying ../../build/control/control.egg-info to /home/r1/r1_ws/install/control/lib/python3.10/site-packages/control-0.0.0-py3.10.egg-info
[12.318s] running install_scripts
[12.419s] Installing ir_left_pub script to /home/r1/r1_ws/install/control/lib/control
[12.423s] Installing ir_right_pub script to /home/r1/r1_ws/install/control/lib/control
[12.425s] Installing sensors_sub script to /home/r1/r1_ws/install/control/lib/control
[12.425s] Installing us_pub script to /home/r1/r1_ws/install/control/lib/control
[12.426s] writing list of installed files to '/home/r1/r1_ws/build/control/install.log'
[12.602s] Invoked command in '/home/r1/r1_ws/src/control' returned '0': PYTHONPATH=/home/r1/r1_ws/build/control/prefix_override:/home/r1/r1_ws/install/control/lib/python3.10/site-packages:${PYTHONPATH} /usr/bin/python3 setup.py egg_info --egg-base ../../build/control build --build-base /home/r1/r1_ws/build/control/build install --record /home/r1/r1_ws/build/control/install.log --single-version-externally-managed
