[3.148s] Invoking command in '/home/r1/r1_ws/build/control': PYTHONPATH=/home/r1/r1_ws/build/control/prefix_override:/home/r1/r1_ws/install/control/lib/python3.10/site-packages:${PYTHONPATH} /usr/bin/python3 setup.py develop --uninstall --editable --build-directory /home/r1/r1_ws/build/control/build
[4.458s] running develop
[4.459s] /usr/lib/python3/dist-packages/setuptools/command/easy_install.py:158: EasyInstallDeprecationWarning: easy_install command is deprecated. Use build and pip and other standards-based tools.
[4.460s]   warnings.warn(
[4.465s] /usr/lib/python3/dist-packages/setuptools/command/install.py:34: SetuptoolsDeprecationWarning: setup.py install is deprecated. Use build and pip and other standards-based tools.
[4.465s]   warnings.warn(
[4.757s] /usr/lib/python3/dist-packages/pkg_resources/__init__.py:116: PkgResourcesDeprecationWarning: 1.1build1 is an invalid version and will not be supported in a future release
[4.757s]   warnings.warn(
[4.758s] /usr/lib/python3/dist-packages/pkg_resources/__init__.py:116: PkgResourcesDeprecationWarning: 0.1.43ubuntu1 is an invalid version and will not be supported in a future release
[4.758s]   warnings.warn(
[5.419s] Invoked command in '/home/r1/r1_ws/build/control' returned '0': PYTHONPATH=/home/r1/r1_ws/build/control/prefix_override:/home/r1/r1_ws/install/control/lib/python3.10/site-packages:${PYTHONPATH} /usr/bin/python3 setup.py develop --uninstall --editable --build-directory /home/r1/r1_ws/build/control/build
[5.428s] Invoking command in '/home/r1/r1_ws/src/control': PYTHONPATH=/home/r1/r1_ws/build/control/prefix_override:/home/r1/r1_ws/install/control/lib/python3.10/site-packages:${PYTHONPATH} /usr/bin/python3 setup.py egg_info --egg-base ../../build/control build --build-base /home/r1/r1_ws/build/control/build install --record /home/r1/r1_ws/build/control/install.log --single-version-externally-managed
[6.622s] running egg_info
[6.625s] writing ../../build/control/control.egg-info/PKG-INFO
[6.626s] writing dependency_links to ../../build/control/control.egg-info/dependency_links.txt
[6.628s] writing entry points to ../../build/control/control.egg-info/entry_points.txt
[6.629s] writing requirements to ../../build/control/control.egg-info/requires.txt
[6.629s] writing top-level names to ../../build/control/control.egg-info/top_level.txt
[6.638s] reading manifest file '../../build/control/control.egg-info/SOURCES.txt'
[6.642s] writing manifest file '../../build/control/control.egg-info/SOURCES.txt'
[6.643s] running build
[6.644s] running build_py
[6.645s] copying control/right_hand_sub.py -> /home/r1/r1_ws/build/control/build/lib/control
[6.646s] copying control/left_hand_sub.py -> /home/r1/r1_ws/build/control/build/lib/control
[6.650s] running install
[6.651s] /usr/lib/python3/dist-packages/setuptools/command/install.py:34: SetuptoolsDeprecationWarning: setup.py install is deprecated. Use build and pip and other standards-based tools.
[6.651s]   warnings.warn(
[6.652s] running install_lib
[6.656s] copying /home/r1/r1_ws/build/control/build/lib/control/right_hand_sub.py -> /home/r1/r1_ws/install/control/lib/python3.10/site-packages/control
[6.657s] copying /home/r1/r1_ws/build/control/build/lib/control/left_hand_sub.py -> /home/r1/r1_ws/install/control/lib/python3.10/site-packages/control
[6.661s] byte-compiling /home/r1/r1_ws/install/control/lib/python3.10/site-packages/control/right_hand_sub.py to right_hand_sub.cpython-310.pyc
[6.664s] byte-compiling /home/r1/r1_ws/install/control/lib/python3.10/site-packages/control/left_hand_sub.py to left_hand_sub.cpython-310.pyc
[6.667s] running install_data
[6.670s] running install_egg_info
[6.676s] removing '/home/r1/r1_ws/install/control/lib/python3.10/site-packages/control-0.0.0-py3.10.egg-info' (and everything under it)
[6.678s] Copying ../../build/control/control.egg-info to /home/r1/r1_ws/install/control/lib/python3.10/site-packages/control-0.0.0-py3.10.egg-info
[6.685s] running install_scripts
[6.766s] Installing base_sub script to /home/r1/r1_ws/install/control/lib/control
[6.767s] Installing ir_left_pub script to /home/r1/r1_ws/install/control/lib/control
[6.768s] Installing ir_right_pub script to /home/r1/r1_ws/install/control/lib/control
[6.769s] Installing left_hand_sub = control.left_hand_sub:mainright_hand_sub script to /home/r1/r1_ws/install/control/lib/control
[6.770s] Installing sensors_sub script to /home/r1/r1_ws/install/control/lib/control
[6.770s] Installing us_pub script to /home/r1/r1_ws/install/control/lib/control
[6.773s] writing list of installed files to '/home/r1/r1_ws/build/control/install.log'
[6.896s] Invoked command in '/home/r1/r1_ws/src/control' returned '0': PYTHONPATH=/home/r1/r1_ws/build/control/prefix_override:/home/r1/r1_ws/install/control/lib/python3.10/site-packages:${PYTHONPATH} /usr/bin/python3 setup.py egg_info --egg-base ../../build/control build --build-base /home/r1/r1_ws/build/control/build install --record /home/r1/r1_ws/build/control/install.log --single-version-externally-managed
