[5.168s] Invoking command in '/home/r1/r1_ws/src/camera': PYTHONPATH=/home/r1/r1_ws/build/camera/prefix_override:/home/r1/r1_ws/install/camera/lib/python3.10/site-packages:${PYTHONPATH} /usr/bin/python3 setup.py egg_info --egg-base ../../build/camera build --build-base /home/r1/r1_ws/build/camera/build install --record /home/r1/r1_ws/build/camera/install.log --single-version-externally-managed
[6.581s] running egg_info
[6.584s] writing ../../build/camera/camera.egg-info/PKG-INFO
[6.586s] writing dependency_links to ../../build/camera/camera.egg-info/dependency_links.txt
[6.588s] writing entry points to ../../build/camera/camera.egg-info/entry_points.txt
[6.589s] writing requirements to ../../build/camera/camera.egg-info/requires.txt
[6.590s] writing top-level names to ../../build/camera/camera.egg-info/top_level.txt
[6.599s] reading manifest file '../../build/camera/camera.egg-info/SOURCES.txt'
[6.604s] writing manifest file '../../build/camera/camera.egg-info/SOURCES.txt'
[6.604s] running build
[6.605s] running build_py
[6.608s] running install
[6.609s] /usr/lib/python3/dist-packages/setuptools/command/install.py:34: SetuptoolsDeprecationWarning: setup.py install is deprecated. Use build and pip and other standards-based tools.
[6.609s]   warnings.warn(
[6.617s] running install_lib
[6.619s] running install_data
[6.621s] running install_egg_info
[6.628s] removing '/home/r1/r1_ws/install/camera/lib/python3.10/site-packages/camera-0.0.0-py3.10.egg-info' (and everything under it)
[6.631s] Copying ../../build/camera/camera.egg-info to /home/r1/r1_ws/install/camera/lib/python3.10/site-packages/camera-0.0.0-py3.10.egg-info
[6.638s] running install_scripts
[6.746s] Installing detection_sub script to /home/r1/r1_ws/install/camera/lib/camera
[6.746s] Installing frames_sub script to /home/r1/r1_ws/install/camera/lib/camera
[6.747s] Installing img_pub script to /home/r1/r1_ws/install/camera/lib/camera
[6.751s] writing list of installed files to '/home/r1/r1_ws/build/camera/install.log'
[7.025s] Invoked command in '/home/r1/r1_ws/src/camera' returned '0': PYTHONPATH=/home/r1/r1_ws/build/camera/prefix_override:/home/r1/r1_ws/install/camera/lib/python3.10/site-packages:${PYTHONPATH} /usr/bin/python3 setup.py egg_info --egg-base ../../build/camera build --build-base /home/r1/r1_ws/build/camera/build install --record /home/r1/r1_ws/build/camera/install.log --single-version-externally-managed
