[4.966s] Invoking command in '/home/r1/r1_ws/src/camera': PYTHONPATH=/home/r1/r1_ws/build/camera/prefix_override:/home/r1/r1_ws/install/camera/lib/python3.10/site-packages:${PYTHONPATH} /usr/bin/python3 setup.py egg_info --egg-base ../../build/camera build --build-base /home/r1/r1_ws/build/camera/build install --record /home/r1/r1_ws/build/camera/install.log --single-version-externally-managed
[6.219s] running egg_info
[6.222s] writing ../../build/camera/camera.egg-info/PKG-INFO
[6.224s] writing dependency_links to ../../build/camera/camera.egg-info/dependency_links.txt
[6.225s] writing entry points to ../../build/camera/camera.egg-info/entry_points.txt
[6.226s] writing requirements to ../../build/camera/camera.egg-info/requires.txt
[6.227s] writing top-level names to ../../build/camera/camera.egg-info/top_level.txt
[6.235s] reading manifest file '../../build/camera/camera.egg-info/SOURCES.txt'
[6.239s] writing manifest file '../../build/camera/camera.egg-info/SOURCES.txt'
[6.240s] running build
[6.240s] running build_py
[6.241s] copying camera/camera_publisher.py -> /home/r1/r1_ws/build/camera/build/lib/camera
[6.243s] running install
[6.244s] /usr/lib/python3/dist-packages/setuptools/command/install.py:34: SetuptoolsDeprecationWarning: setup.py install is deprecated. Use build and pip and other standards-based tools.
[6.245s]   warnings.warn(
[6.246s] running install_lib
[6.250s] copying /home/r1/r1_ws/build/camera/build/lib/camera/camera_publisher.py -> /home/r1/r1_ws/install/camera/lib/python3.10/site-packages/camera
[6.255s] byte-compiling /home/r1/r1_ws/install/camera/lib/python3.10/site-packages/camera/camera_publisher.py to camera_publisher.cpython-310.pyc
[6.257s] running install_data
[6.260s] running install_egg_info
[6.266s] removing '/home/r1/r1_ws/install/camera/lib/python3.10/site-packages/camera-0.0.0-py3.10.egg-info' (and everything under it)
[6.268s] Copying ../../build/camera/camera.egg-info to /home/r1/r1_ws/install/camera/lib/python3.10/site-packages/camera-0.0.0-py3.10.egg-info
[6.276s] running install_scripts
[6.367s] Installing img_pub script to /home/r1/r1_ws/install/camera/lib/camera
[6.368s] Installing img_sub script to /home/r1/r1_ws/install/camera/lib/camera
[6.371s] writing list of installed files to '/home/r1/r1_ws/build/camera/install.log'
[6.558s] Invoked command in '/home/r1/r1_ws/src/camera' returned '0': PYTHONPATH=/home/r1/r1_ws/build/camera/prefix_override:/home/r1/r1_ws/install/camera/lib/python3.10/site-packages:${PYTHONPATH} /usr/bin/python3 setup.py egg_info --egg-base ../../build/camera build --build-base /home/r1/r1_ws/build/camera/build install --record /home/r1/r1_ws/build/camera/install.log --single-version-externally-managed
