[8.853s] Invoking command in '/home/r1/r1_ws/src/voice': PYTHONPATH=/home/r1/r1_ws/build/voice/prefix_override:/home/r1/r1_ws/install/voice/lib/python3.10/site-packages:${PYTHONPATH} /usr/bin/python3 setup.py egg_info --egg-base ../../build/voice build --build-base /home/r1/r1_ws/build/voice/build install --record /home/r1/r1_ws/build/voice/install.log --single-version-externally-managed
[10.899s] running egg_info
[10.901s] writing ../../build/voice/voice.egg-info/PKG-INFO
[10.905s] writing dependency_links to ../../build/voice/voice.egg-info/dependency_links.txt
[10.905s] writing entry points to ../../build/voice/voice.egg-info/entry_points.txt
[10.908s] writing requirements to ../../build/voice/voice.egg-info/requires.txt
[10.909s] writing top-level names to ../../build/voice/voice.egg-info/top_level.txt
[10.922s] reading manifest file '../../build/voice/voice.egg-info/SOURCES.txt'
[10.930s] writing manifest file '../../build/voice/voice.egg-info/SOURCES.txt'
[10.930s] running build
[10.932s] running build_py
[10.933s] copying voice/detection_subscriber.py -> /home/r1/r1_ws/build/voice/build/lib/voice
[10.936s] running install
[10.937s] /usr/lib/python3/dist-packages/setuptools/command/install.py:34: SetuptoolsDeprecationWarning: setup.py install is deprecated. Use build and pip and other standards-based tools.
[10.938s]   warnings.warn(
[10.938s] running install_lib
[10.944s] copying /home/r1/r1_ws/build/voice/build/lib/voice/detection_subscriber.py -> /home/r1/r1_ws/install/voice/lib/python3.10/site-packages/voice
[10.948s] byte-compiling /home/r1/r1_ws/install/voice/lib/python3.10/site-packages/voice/detection_subscriber.py to detection_subscriber.cpython-310.pyc
[10.953s] running install_data
[10.954s] running install_egg_info
[10.959s] removing '/home/r1/r1_ws/install/voice/lib/python3.10/site-packages/voice-0.0.0-py3.10.egg-info' (and everything under it)
[10.961s] Copying ../../build/voice/voice.egg-info to /home/r1/r1_ws/install/voice/lib/python3.10/site-packages/voice-0.0.0-py3.10.egg-info
[10.968s] running install_scripts
[11.085s] Installing voice_sub script to /home/r1/r1_ws/install/voice/lib/voice
[11.091s] writing list of installed files to '/home/r1/r1_ws/build/voice/install.log'
[11.352s] Invoked command in '/home/r1/r1_ws/src/voice' returned '0': PYTHONPATH=/home/r1/r1_ws/build/voice/prefix_override:/home/r1/r1_ws/install/voice/lib/python3.10/site-packages:${PYTHONPATH} /usr/bin/python3 setup.py egg_info --egg-base ../../build/voice build --build-base /home/r1/r1_ws/build/voice/build install --record /home/r1/r1_ws/build/voice/install.log --single-version-externally-managed
