[6.858s] Invoking command in '/home/r1/r1_ws/src/voice': PYTHONPATH=/home/r1/r1_ws/build/voice/prefix_override:/home/r1/r1_ws/install/voice/lib/python3.10/site-packages:${PYTHONPATH} /usr/bin/python3 setup.py egg_info --egg-base ../../build/voice build --build-base /home/r1/r1_ws/build/voice/build install --record /home/r1/r1_ws/build/voice/install.log --single-version-externally-managed
[8.449s] running egg_info
[8.456s] writing ../../build/voice/voice.egg-info/PKG-INFO
[8.459s] writing dependency_links to ../../build/voice/voice.egg-info/dependency_links.txt
[8.460s] writing entry points to ../../build/voice/voice.egg-info/entry_points.txt
[8.461s] writing requirements to ../../build/voice/voice.egg-info/requires.txt
[8.463s] writing top-level names to ../../build/voice/voice.egg-info/top_level.txt
[8.475s] reading manifest file '../../build/voice/voice.egg-info/SOURCES.txt'
[8.481s] writing manifest file '../../build/voice/voice.egg-info/SOURCES.txt'
[8.483s] running build
[8.483s] running build_py
[8.487s] running install
[8.489s] /usr/lib/python3/dist-packages/setuptools/command/install.py:34: SetuptoolsDeprecationWarning: setup.py install is deprecated. Use build and pip and other standards-based tools.
[8.491s]   warnings.warn(
[8.492s] running install_lib
[8.509s] running install_data
[8.509s] running install_egg_info
[8.512s] removing '/home/r1/r1_ws/install/voice/lib/python3.10/site-packages/voice-0.0.0-py3.10.egg-info' (and everything under it)
[8.513s] Copying ../../build/voice/voice.egg-info to /home/r1/r1_ws/install/voice/lib/python3.10/site-packages/voice-0.0.0-py3.10.egg-info
[8.514s] running install_scripts
[8.632s] Installing voice_sub script to /home/r1/r1_ws/install/voice/lib/voice
[8.642s] writing list of installed files to '/home/r1/r1_ws/build/voice/install.log'
[9.027s] Invoked command in '/home/r1/r1_ws/src/voice' returned '0': PYTHONPATH=/home/r1/r1_ws/build/voice/prefix_override:/home/r1/r1_ws/install/voice/lib/python3.10/site-packages:${PYTHONPATH} /usr/bin/python3 setup.py egg_info --egg-base ../../build/voice build --build-base /home/r1/r1_ws/build/voice/build install --record /home/r1/r1_ws/build/voice/install.log --single-version-externally-managed
