[6.732s] Invoking command in '/home/r1/r1_ws/src/voice': PYTHONPATH=/home/r1/r1_ws/build/voice/prefix_override:/home/r1/r1_ws/install/voice/lib/python3.10/site-packages:${PYTHONPATH} /usr/bin/python3 setup.py egg_info --egg-base ../../build/voice build --build-base /home/r1/r1_ws/build/voice/build install --record /home/r1/r1_ws/build/voice/install.log --single-version-externally-managed
[8.367s] running egg_info
[8.369s] writing ../../build/voice/voice.egg-info/PKG-INFO
[8.371s] writing dependency_links to ../../build/voice/voice.egg-info/dependency_links.txt
[8.372s] writing entry points to ../../build/voice/voice.egg-info/entry_points.txt
[8.372s] writing requirements to ../../build/voice/voice.egg-info/requires.txt
[8.373s] writing top-level names to ../../build/voice/voice.egg-info/top_level.txt
[8.393s] reading manifest file '../../build/voice/voice.egg-info/SOURCES.txt'
[8.406s] writing manifest file '../../build/voice/voice.egg-info/SOURCES.txt'
[8.407s] running build
[8.408s] running build_py
[8.409s] running install
[8.410s] running install_lib
[8.411s] /usr/lib/python3/dist-packages/setuptools/command/install.py:34: SetuptoolsDeprecationWarning: setup.py install is deprecated. Use build and pip and other standards-based tools.
[8.411s]   warnings.warn(
[8.413s] running install_data
[8.413s] running install_egg_info
[8.422s] removing '/home/r1/r1_ws/install/voice/lib/python3.10/site-packages/voice-0.0.0-py3.10.egg-info' (and everything under it)
[8.423s] Copying ../../build/voice/voice.egg-info to /home/r1/r1_ws/install/voice/lib/python3.10/site-packages/voice-0.0.0-py3.10.egg-info
[8.424s] running install_scripts
[8.566s] Installing voice_sub script to /home/r1/r1_ws/install/voice/lib/voice
[8.576s] writing list of installed files to '/home/r1/r1_ws/build/voice/install.log'
[9.038s] Invoked command in '/home/r1/r1_ws/src/voice' returned '0': PYTHONPATH=/home/r1/r1_ws/build/voice/prefix_override:/home/r1/r1_ws/install/voice/lib/python3.10/site-packages:${PYTHONPATH} /usr/bin/python3 setup.py egg_info --egg-base ../../build/voice build --build-base /home/r1/r1_ws/build/voice/build install --record /home/r1/r1_ws/build/voice/install.log --single-version-externally-managed
