[5.600s] Invoking command in '/home/r1/r1_ws/src/control': PYTHONPATH=/home/r1/r1_ws/build/control/prefix_override:/home/r1/r1_ws/install/control/lib/python3.10/site-packages:${PYTHONPATH} /usr/bin/python3 setup.py egg_info --egg-base ../../build/control build --build-base /home/r1/r1_ws/build/control/build install --record /home/r1/r1_ws/build/control/install.log --single-version-externally-managed
[7.379s] running egg_info
[7.382s] writing ../../build/control/control.egg-info/PKG-INFO
[7.386s] writing dependency_links to ../../build/control/control.egg-info/dependency_links.txt
[7.388s] writing entry points to ../../build/control/control.egg-info/entry_points.txt
[7.389s] writing requirements to ../../build/control/control.egg-info/requires.txt
[7.389s] writing top-level names to ../../build/control/control.egg-info/top_level.txt
[7.396s] reading manifest file '../../build/control/control.egg-info/SOURCES.txt'
[7.401s] writing manifest file '../../build/control/control.egg-info/SOURCES.txt'
[7.402s] running build
[7.405s] running build_py
[7.407s] running install
[7.408s] /usr/lib/python3/dist-packages/setuptools/command/install.py:34: SetuptoolsDeprecationWarning: setup.py install is deprecated. Use build and pip and other standards-based tools.
[7.409s]   warnings.warn(
[7.410s] running install_lib
[7.427s] running install_data
[7.433s] running install_egg_info
[7.454s] removing '/home/r1/r1_ws/install/control/lib/python3.10/site-packages/control-0.0.0-py3.10.egg-info' (and everything under it)
[7.455s] Copying ../../build/control/control.egg-info to /home/r1/r1_ws/install/control/lib/python3.10/site-packages/control-0.0.0-py3.10.egg-info
[7.466s] running install_scripts
[7.698s] writing list of installed files to '/home/r1/r1_ws/build/control/install.log'
[7.969s] Invoked command in '/home/r1/r1_ws/src/control' returned '0': PYTHONPATH=/home/r1/r1_ws/build/control/prefix_override:/home/r1/r1_ws/install/control/lib/python3.10/site-packages:${PYTHONPATH} /usr/bin/python3 setup.py egg_info --egg-base ../../build/control build --build-base /home/r1/r1_ws/build/control/build install --record /home/r1/r1_ws/build/control/install.log --single-version-externally-managed
