[5.450s] Invoking command in '/home/r1/r1_ws/src/camera': PYTHONPATH=/home/r1/r1_ws/src/build/camera/prefix_override:/home/r1/r1_ws/src/install/camera/lib/python3.10/site-packages:${PYTHONPATH} /usr/bin/python3 setup.py egg_info --egg-base ../build/camera build --build-base /home/r1/r1_ws/src/build/camera/build install --record /home/r1/r1_ws/src/build/camera/install.log --single-version-externally-managed
[7.051s] running egg_info
[7.056s] writing ../build/camera/camera.egg-info/PKG-INFO
[7.058s] writing dependency_links to ../build/camera/camera.egg-info/dependency_links.txt
[7.060s] writing entry points to ../build/camera/camera.egg-info/entry_points.txt
[7.065s] writing requirements to ../build/camera/camera.egg-info/requires.txt
[7.066s] writing top-level names to ../build/camera/camera.egg-info/top_level.txt
[7.076s] reading manifest file '../build/camera/camera.egg-info/SOURCES.txt'
[7.096s] writing manifest file '../build/camera/camera.egg-info/SOURCES.txt'
[7.098s] running build
[7.099s] running build_py
[7.101s] copying camera/camera_subscriber.py -> /home/r1/r1_ws/src/build/camera/build/lib/camera
[7.101s] running install
[7.102s] /usr/lib/python3/dist-packages/setuptools/command/install.py:34: SetuptoolsDeprecationWarning: setup.py install is deprecated. Use build and pip and other standards-based tools.
[7.103s]   warnings.warn(
[7.104s] running install_lib
[7.106s] copying /home/r1/r1_ws/src/build/camera/build/lib/camera/camera_subscriber.py -> /home/r1/r1_ws/src/install/camera/lib/python3.10/site-packages/camera
[7.107s] byte-compiling /home/r1/r1_ws/src/install/camera/lib/python3.10/site-packages/camera/camera_subscriber.py to camera_subscriber.cpython-310.pyc
[7.112s] running install_data
[7.115s] running install_egg_info
[7.124s] removing '/home/r1/r1_ws/src/install/camera/lib/python3.10/site-packages/camera-0.0.0-py3.10.egg-info' (and everything under it)
[7.126s] Copying ../build/camera/camera.egg-info to /home/r1/r1_ws/src/install/camera/lib/python3.10/site-packages/camera-0.0.0-py3.10.egg-info
[7.169s] running install_scripts
[7.265s] Installing img_pub script to /home/r1/r1_ws/src/install/camera/lib/camera
[7.272s] Installing img_sub script to /home/r1/r1_ws/src/install/camera/lib/camera
[7.275s] writing list of installed files to '/home/r1/r1_ws/src/build/camera/install.log'
[7.397s] Invoked command in '/home/r1/r1_ws/src/camera' returned '0': PYTHONPATH=/home/r1/r1_ws/src/build/camera/prefix_override:/home/r1/r1_ws/src/install/camera/lib/python3.10/site-packages:${PYTHONPATH} /usr/bin/python3 setup.py egg_info --egg-base ../build/camera build --build-base /home/r1/r1_ws/src/build/camera/build install --record /home/r1/r1_ws/src/build/camera/install.log --single-version-externally-managed
