[5.178s] Invoking command in '/home/r1/r1_ws/src/camera': PYTHONPATH=/home/r1/r1_ws/build/camera/prefix_override:/home/r1/r1_ws/install/camera/lib/python3.10/site-packages:${PYTHONPATH} /usr/bin/python3 setup.py egg_info --egg-base ../../build/camera build --build-base /home/r1/r1_ws/build/camera/build install --record /home/r1/r1_ws/build/camera/install.log --single-version-externally-managed
[6.491s] running egg_info
[6.493s] writing ../../build/camera/camera.egg-info/PKG-INFO
[6.495s] writing dependency_links to ../../build/camera/camera.egg-info/dependency_links.txt
[6.496s] writing entry points to ../../build/camera/camera.egg-info/entry_points.txt
[6.498s] writing requirements to ../../build/camera/camera.egg-info/requires.txt
[6.499s] writing top-level names to ../../build/camera/camera.egg-info/top_level.txt
[6.507s] reading manifest file '../../build/camera/camera.egg-info/SOURCES.txt'
[6.512s] writing manifest file '../../build/camera/camera.egg-info/SOURCES.txt'
[6.513s] running build
[6.515s] running build_py
[6.515s] copying camera/test.py -> /home/r1/r1_ws/build/camera/build/lib/camera
[6.516s] running install
[6.519s] /usr/lib/python3/dist-packages/setuptools/command/install.py:34: SetuptoolsDeprecationWarning: setup.py install is deprecated. Use build and pip and other standards-based tools.
[6.519s]   warnings.warn(
[6.521s] running install_lib
[6.524s] copying /home/r1/r1_ws/build/camera/build/lib/camera/test.py -> /home/r1/r1_ws/install/camera/lib/python3.10/site-packages/camera
[6.528s] byte-compiling /home/r1/r1_ws/install/camera/lib/python3.10/site-packages/camera/test.py to test.cpython-310.pyc
[6.530s] running install_data
[6.533s] running install_egg_info
[6.540s] removing '/home/r1/r1_ws/install/camera/lib/python3.10/site-packages/camera-0.0.0-py3.10.egg-info' (and everything under it)
[6.542s] Copying ../../build/camera/camera.egg-info to /home/r1/r1_ws/install/camera/lib/python3.10/site-packages/camera-0.0.0-py3.10.egg-info
[6.550s] running install_scripts
[6.648s] Installing img_publisher script to /home/r1/r1_ws/install/camera/lib/camera
[6.650s] Installing img_subscriber script to /home/r1/r1_ws/install/camera/lib/camera
[6.654s] writing list of installed files to '/home/r1/r1_ws/build/camera/install.log'
[6.945s] Invoked command in '/home/r1/r1_ws/src/camera' returned '0': PYTHONPATH=/home/r1/r1_ws/build/camera/prefix_override:/home/r1/r1_ws/install/camera/lib/python3.10/site-packages:${PYTHONPATH} /usr/bin/python3 setup.py egg_info --egg-base ../../build/camera build --build-base /home/r1/r1_ws/build/camera/build install --record /home/r1/r1_ws/build/camera/install.log --single-version-externally-managed
