running egg_info
creating ../../build/camera/camera.egg-info
writing ../../build/camera/camera.egg-info/PKG-INFO
writing dependency_links to ../../build/camera/camera.egg-info/dependency_links.txt
writing entry points to ../../build/camera/camera.egg-info/entry_points.txt
writing requirements to ../../build/camera/camera.egg-info/requires.txt
writing top-level names to ../../build/camera/camera.egg-info/top_level.txt
writing manifest file '../../build/camera/camera.egg-info/SOURCES.txt'
reading manifest file '../../build/camera/camera.egg-info/SOURCES.txt'
writing manifest file '../../build/camera/camera.egg-info/SOURCES.txt'
running build
running build_py
creating /home/r1/r1_ws/build/camera/build
creating /home/r1/r1_ws/build/camera/build/lib
creating /home/r1/r1_ws/build/camera/build/lib/camera
copying camera/camera_subscriber.py -> /home/r1/r1_ws/build/camera/build/lib/camera
copying camera/test_camera.py -> /home/r1/r1_ws/build/camera/build/lib/camera
copying camera/__init__.py -> /home/r1/r1_ws/build/camera/build/lib/camera
copying camera/camera_publisher.py -> /home/r1/r1_ws/build/camera/build/lib/camera
running install
running install_lib
creating /home/r1/r1_ws/install/camera/lib/python3.10/site-packages/camera
copying /home/r1/r1_ws/build/camera/build/lib/camera/camera_subscriber.py -> /home/r1/r1_ws/install/camera/lib/python3.10/site-packages/camera
copying /home/r1/r1_ws/build/camera/build/lib/camera/test_camera.py -> /home/r1/r1_ws/install/camera/lib/python3.10/site-packages/camera
copying /home/r1/r1_ws/build/camera/build/lib/camera/__init__.py -> /home/r1/r1_ws/install/camera/lib/python3.10/site-packages/camera
copying /home/r1/r1_ws/build/camera/build/lib/camera/camera_publisher.py -> /home/r1/r1_ws/install/camera/lib/python3.10/site-packages/camera
byte-compiling /home/r1/r1_ws/install/camera/lib/python3.10/site-packages/camera/camera_subscriber.py to camera_subscriber.cpython-310.pyc
byte-compiling /home/r1/r1_ws/install/camera/lib/python3.10/site-packages/camera/test_camera.py to test_camera.cpython-310.pyc
byte-compiling /home/r1/r1_ws/install/camera/lib/python3.10/site-packages/camera/__init__.py to __init__.cpython-310.pyc
byte-compiling /home/r1/r1_ws/install/camera/lib/python3.10/site-packages/camera/camera_publisher.py to camera_publisher.cpython-310.pyc
running install_data
creating /home/r1/r1_ws/install/camera/share/ament_index
creating /home/r1/r1_ws/install/camera/share/ament_index/resource_index
creating /home/r1/r1_ws/install/camera/share/ament_index/resource_index/packages
copying resource/camera -> /home/r1/r1_ws/install/camera/share/ament_index/resource_index/packages
copying package.xml -> /home/r1/r1_ws/install/camera/share/camera
running install_egg_info
Copying ../../build/camera/camera.egg-info to /home/r1/r1_ws/install/camera/lib/python3.10/site-packages/camera-0.0.0-py3.10.egg-info
running install_scripts
Installing img_publisher = camera.camera_publisher:mainimg_subscriber script to /home/r1/r1_ws/install/camera/lib/camera
writing list of installed files to '/home/r1/r1_ws/build/camera/install.log'
