[12.290s] Invoking command in '/home/r1/r1_ws/build/control': PYTHONPATH=/home/r1/r1_ws/build/control/prefix_override:/home/r1/r1_ws/install/control/lib/python3.10/site-packages:${PYTHONPATH} /usr/bin/python3 setup.py develop --uninstall --editable --build-directory /home/r1/r1_ws/build/control/build
[15.969s] running develop
[15.973s] /usr/lib/python3/dist-packages/setuptools/command/easy_install.py:158: EasyInstallDeprecationWarning: easy_install command is deprecated. Use build and pip and other standards-based tools.
[15.974s]   warnings.warn(
[15.987s] /usr/lib/python3/dist-packages/setuptools/command/install.py:34: SetuptoolsDeprecationWarning: setup.py install is deprecated. Use build and pip and other standards-based tools.
[15.988s]   warnings.warn(
[16.923s] /usr/lib/python3/dist-packages/pkg_resources/__init__.py:116: PkgResourcesDeprecationWarning: 1.1build1 is an invalid version and will not be supported in a future release
[16.924s]   warnings.warn(
[16.930s] /usr/lib/python3/dist-packages/pkg_resources/__init__.py:116: PkgResourcesDeprecationWarning: 0.1.43ubuntu1 is an invalid version and will not be supported in a future release
[16.931s]   warnings.warn(
[19.102s] Invoked command in '/home/r1/r1_ws/build/control' returned '0': PYTHONPATH=/home/r1/r1_ws/build/control/prefix_override:/home/r1/r1_ws/install/control/lib/python3.10/site-packages:${PYTHONPATH} /usr/bin/python3 setup.py develop --uninstall --editable --build-directory /home/r1/r1_ws/build/control/build
[19.117s] Invoking command in '/home/r1/r1_ws/src/control': PYTHONPATH=/home/r1/r1_ws/build/control/prefix_override:/home/r1/r1_ws/install/control/lib/python3.10/site-packages:${PYTHONPATH} /usr/bin/python3 setup.py egg_info --egg-base ../../build/control build --build-base /home/r1/r1_ws/build/control/build install --record /home/r1/r1_ws/build/control/install.log --single-version-externally-managed
[22.615s] running egg_info
[22.618s] writing ../../build/control/control.egg-info/PKG-INFO
[22.621s] writing dependency_links to ../../build/control/control.egg-info/dependency_links.txt
[22.623s] writing entry points to ../../build/control/control.egg-info/entry_points.txt
[22.624s] writing requirements to ../../build/control/control.egg-info/requires.txt
[22.626s] writing top-level names to ../../build/control/control.egg-info/top_level.txt
[22.651s] reading manifest file '../../build/control/control.egg-info/SOURCES.txt'
[22.664s] writing manifest file '../../build/control/control.egg-info/SOURCES.txt'
[22.666s] running build
[22.667s] running build_py
[22.685s] running install
[22.691s] /usr/lib/python3/dist-packages/setuptools/command/install.py:34: SetuptoolsDeprecationWarning: setup.py install is deprecated. Use build and pip and other standards-based tools.
[22.698s]   warnings.warn(
[22.700s] running install_lib
[22.743s] running install_data
[22.759s] running install_egg_info
[22.792s] Copying ../../build/control/control.egg-info to /home/r1/r1_ws/install/control/lib/python3.10/site-packages/control-1.0.0-py3.10.egg-info
[22.826s] running install_scripts
[23.099s] Installing base_sub script to /home/r1/r1_ws/install/control/lib/control
[23.100s] Installing eyes_sub script to /home/r1/r1_ws/install/control/lib/control
[23.103s] Installing head_sub script to /home/r1/r1_ws/install/control/lib/control
[23.105s] Installing ir_left_pub script to /home/r1/r1_ws/install/control/lib/control
[23.109s] Installing ir_right_pub script to /home/r1/r1_ws/install/control/lib/control
[23.112s] Installing left_hand_sub script to /home/r1/r1_ws/install/control/lib/control
[23.113s] Installing right_hand_sub script to /home/r1/r1_ws/install/control/lib/control
[23.114s] Installing sensors_sub script to /home/r1/r1_ws/install/control/lib/control
[23.116s] Installing us_pub script to /home/r1/r1_ws/install/control/lib/control
[23.118s] writing list of installed files to '/home/r1/r1_ws/build/control/install.log'
[23.440s] Invoked command in '/home/r1/r1_ws/src/control' returned '0': PYTHONPATH=/home/r1/r1_ws/build/control/prefix_override:/home/r1/r1_ws/install/control/lib/python3.10/site-packages:${PYTHONPATH} /usr/bin/python3 setup.py egg_info --egg-base ../../build/control build --build-base /home/r1/r1_ws/build/control/build install --record /home/r1/r1_ws/build/control/install.log --single-version-externally-managed
