[5.073s] Invoking command in '/home/r1/r1_ws/src/control': PYTHONPATH=/home/r1/r1_ws/build/control/prefix_override:/home/r1/r1_ws/install/control/lib/python3.10/site-packages:${PYTHONPATH} /usr/bin/python3 setup.py egg_info --egg-base ../../build/control build --build-base /home/r1/r1_ws/build/control/build install --record /home/r1/r1_ws/build/control/install.log --single-version-externally-managed
[6.445s] running egg_info
[6.449s] writing ../../build/control/control.egg-info/PKG-INFO
[6.451s] writing dependency_links to ../../build/control/control.egg-info/dependency_links.txt
[6.453s] writing entry points to ../../build/control/control.egg-info/entry_points.txt
[6.454s] writing requirements to ../../build/control/control.egg-info/requires.txt
[6.456s] writing top-level names to ../../build/control/control.egg-info/top_level.txt
[6.470s] reading manifest file '../../build/control/control.egg-info/SOURCES.txt'
[6.476s] writing manifest file '../../build/control/control.egg-info/SOURCES.txt'
[6.479s] running build
[6.482s] running build_py
[6.486s] copying control/sensors.py -> /home/r1/r1_ws/build/control/build/lib/control
[6.493s] running install
[6.495s] /usr/lib/python3/dist-packages/setuptools/command/install.py:34: SetuptoolsDeprecationWarning: setup.py install is deprecated. Use build and pip and other standards-based tools.
[6.497s]   warnings.warn(
[6.501s] running install_lib
[6.507s] copying /home/r1/r1_ws/build/control/build/lib/control/sensors.py -> /home/r1/r1_ws/install/control/lib/python3.10/site-packages/control
[6.514s] byte-compiling /home/r1/r1_ws/install/control/lib/python3.10/site-packages/control/sensors.py to sensors.cpython-310.pyc
[6.536s] running install_data
[6.537s] running install_egg_info
[6.546s] removing '/home/r1/r1_ws/install/control/lib/python3.10/site-packages/control-0.0.0-py3.10.egg-info' (and everything under it)
[6.553s] Copying ../../build/control/control.egg-info to /home/r1/r1_ws/install/control/lib/python3.10/site-packages/control-0.0.0-py3.10.egg-info
[6.563s] running install_scripts
[6.700s] Installing ir_left_pub script to /home/r1/r1_ws/install/control/lib/control
[6.707s] Installing ir_right_pub script to /home/r1/r1_ws/install/control/lib/control
[6.712s] Installing sensors_sub script to /home/r1/r1_ws/install/control/lib/control
[6.725s] Installing us_pub script to /home/r1/r1_ws/install/control/lib/control
[6.733s] writing list of installed files to '/home/r1/r1_ws/build/control/install.log'
[7.083s] Invoked command in '/home/r1/r1_ws/src/control' returned '0': PYTHONPATH=/home/r1/r1_ws/build/control/prefix_override:/home/r1/r1_ws/install/control/lib/python3.10/site-packages:${PYTHONPATH} /usr/bin/python3 setup.py egg_info --egg-base ../../build/control build --build-base /home/r1/r1_ws/build/control/build install --record /home/r1/r1_ws/build/control/install.log --single-version-externally-managed
