[6.874s] Invoking command in '/home/r1/r1_ws/build/camera': PYTHONPATH=/home/r1/r1_ws/build/camera/prefix_override:/home/r1/r1_ws/install/camera/lib/python3.10/site-packages:${PYTHONPATH} /usr/bin/python3 setup.py develop --uninstall --editable --build-directory /home/r1/r1_ws/build/camera/build
[8.779s] running develop
[8.783s] /usr/lib/python3/dist-packages/setuptools/command/easy_install.py:158: EasyInstallDeprecationWarning: easy_install command is deprecated. Use build and pip and other standards-based tools.
[8.787s]   warnings.warn(
[8.789s] /usr/lib/python3/dist-packages/setuptools/command/install.py:34: SetuptoolsDeprecationWarning: setup.py install is deprecated. Use build and pip and other standards-based tools.
[8.789s]   warnings.warn(
[9.204s] /usr/lib/python3/dist-packages/pkg_resources/__init__.py:116: PkgResourcesDeprecationWarning: 1.1build1 is an invalid version and will not be supported in a future release
[9.206s]   warnings.warn(
[9.207s] /usr/lib/python3/dist-packages/pkg_resources/__init__.py:116: PkgResourcesDeprecationWarning: 0.1.43ubuntu1 is an invalid version and will not be supported in a future release
[9.207s]   warnings.warn(
[10.261s] Invoked command in '/home/r1/r1_ws/build/camera' returned '0': PYTHONPATH=/home/r1/r1_ws/build/camera/prefix_override:/home/r1/r1_ws/install/camera/lib/python3.10/site-packages:${PYTHONPATH} /usr/bin/python3 setup.py develop --uninstall --editable --build-directory /home/r1/r1_ws/build/camera/build
[10.263s] Invoking command in '/home/r1/r1_ws/src/camera': PYTHONPATH=/home/r1/r1_ws/build/camera/prefix_override:/home/r1/r1_ws/install/camera/lib/python3.10/site-packages:${PYTHONPATH} /usr/bin/python3 setup.py egg_info --egg-base ../../build/camera build --build-base /home/r1/r1_ws/build/camera/build install --record /home/r1/r1_ws/build/camera/install.log --single-version-externally-managed
[11.998s] running egg_info
[12.002s] writing ../../build/camera/camera.egg-info/PKG-INFO
[12.003s] writing dependency_links to ../../build/camera/camera.egg-info/dependency_links.txt
[12.005s] writing entry points to ../../build/camera/camera.egg-info/entry_points.txt
[12.007s] writing requirements to ../../build/camera/camera.egg-info/requires.txt
[12.008s] writing top-level names to ../../build/camera/camera.egg-info/top_level.txt
[12.019s] reading manifest file '../../build/camera/camera.egg-info/SOURCES.txt'
[12.024s] writing manifest file '../../build/camera/camera.egg-info/SOURCES.txt'
[12.025s] running build
[12.026s] running build_py
[12.030s] running install
[12.031s] /usr/lib/python3/dist-packages/setuptools/command/install.py:34: SetuptoolsDeprecationWarning: setup.py install is deprecated. Use build and pip and other standards-based tools.
[12.031s]   warnings.warn(
[12.033s] running install_lib
[12.044s] running install_data
[12.048s] running install_egg_info
[12.057s] removing '/home/r1/r1_ws/install/camera/lib/python3.10/site-packages/camera-0.0.0-py3.10.egg-info' (and everything under it)
[12.063s] Copying ../../build/camera/camera.egg-info to /home/r1/r1_ws/install/camera/lib/python3.10/site-packages/camera-0.0.0-py3.10.egg-info
[12.067s] running install_scripts
[12.214s] Installing frames_sub script to /home/r1/r1_ws/install/camera/lib/camera
[12.217s] Installing img_pub script to /home/r1/r1_ws/install/camera/lib/camera
[12.229s] writing list of installed files to '/home/r1/r1_ws/build/camera/install.log'
[12.512s] Invoked command in '/home/r1/r1_ws/src/camera' returned '0': PYTHONPATH=/home/r1/r1_ws/build/camera/prefix_override:/home/r1/r1_ws/install/camera/lib/python3.10/site-packages:${PYTHONPATH} /usr/bin/python3 setup.py egg_info --egg-base ../../build/camera build --build-base /home/r1/r1_ws/build/camera/build install --record /home/r1/r1_ws/build/camera/install.log --single-version-externally-managed
